45.0 APEX_CODE,FINEST;APEX_PROFILING,NONE;CALLOUT,NONE;DB,INFO;NBA,NONE;SYSTEM,NONE;VALIDATION,NONE;VISUALFORCE,NONE;WAVE,NONE;WORKFLOW,NONE
10:38:21.0 (554262)|USER_INFO|[EXTERNAL]|0052v00000fQDGY|api@naturalchemist.com.au.sand1|(GMT+11:00) Australian Eastern Daylight Time (Australia/Sydney)|GMT+11:00
10:38:21.0 (645314)|EXECUTION_STARTED
10:38:21.0 (658768)|CODE_UNIT_STARTED|[EXTERNAL]|01p2v00000SpN2U|CustomersFromBigCommerceBatch
	10:38:21.0 (4126393)|SYSTEM_METHOD_ENTRY|[15]|BatchableContextImpl.BatchableContextImpl()
	10:38:21.0 (4174410)|SYSTEM_METHOD_EXIT|[15]|BatchableContextImpl
	10:38:21.0 (4208653)|VARIABLE_SCOPE_BEGIN|[31]|this|Database.BatchableContextImpl|true|false
	10:38:21.0 (4717871)|VARIABLE_ASSIGNMENT|[31]|this|{}|0x4a8493ad
	10:38:21.0 (4731926)|VARIABLE_SCOPE_BEGIN|[31]|jobId|Id|false|false
	10:38:21.0 (4872443)|VARIABLE_ASSIGNMENT|[31]|jobId|"7071y00000J9F7ZAAV"
	10:38:21.0 (4882973)|VARIABLE_SCOPE_BEGIN|[31]|childJobId|Id|false|false
	10:38:21.0 (4898378)|VARIABLE_ASSIGNMENT|[31]|childJobId|null
	10:38:21.0 (21753011)|METHOD_ENTRY|[1]|01p2v00000SpN2U|CustomersFromBigCommerceBatch.CustomersFromBigCommerceBatch()
	10:38:21.0 (21787228)|METHOD_EXIT|[1]|CustomersFromBigCommerceBatch
	10:38:21.0 (21818851)|VARIABLE_SCOPE_BEGIN|[97]|this|CustomersFromBigCommerceBatch|true|false
	10:38:21.0 (21904913)|VARIABLE_ASSIGNMENT|[97]|this|{"batchScheduleName":"67112","isManual":false}|0x58656ba4
	10:38:21.0 (21913432)|VARIABLE_SCOPE_BEGIN|[97]|context|Database.BatchableContext|true|false
	10:38:21.0 (22012561)|VARIABLE_ASSIGNMENT|[97]|context|{"jobId":"7071y00000J9F7ZAAV"}|0x4a8493ad
	10:38:21.0 (22217780)|CONSTRUCTOR_ENTRY|[100]|01p2v00000SpN2U|<init>(Integer)|CustomersFromBigCommerceBatch
	10:38:21.0 (22235717)|VARIABLE_SCOPE_BEGIN|[8]|this|CustomersFromBigCommerceBatch|true|false
	10:38:21.0 (22257123)|VARIABLE_ASSIGNMENT|[8]|this|{}|0x1ab03dcf
	10:38:21.0 (22265519)|VARIABLE_SCOPE_BEGIN|[8]|conditionalBatchNameNumber|Integer|false|false
	10:38:21.0 (22278711)|VARIABLE_ASSIGNMENT|[8]|conditionalBatchNameNumber|67112
	10:38:21.0 (22340436)|VARIABLE_ASSIGNMENT|[12]|conditionalBatchNameNumber|67113
	10:38:21.0 (22396120)|VARIABLE_ASSIGNMENT|[13]|this.batchScheduleName|"67113"|0x1ab03dcf
	10:38:21.0 (22425501)|VARIABLE_ASSIGNMENT|[14]|this.isManual|false|0x1ab03dcf
	10:38:21.0 (22435171)|CONSTRUCTOR_EXIT|[100]|01p2v00000SpN2U|<init>(Integer)|CustomersFromBigCommerceBatch
	10:38:21.0 (22442283)|VARIABLE_SCOPE_BEGIN|[100]|newBatch|CustomersFromBigCommerceBatch|true|false
	10:38:21.0 (22465883)|VARIABLE_ASSIGNMENT|[100]|newBatch|{"batchScheduleName":"67113","isManual":false}|0x1ab03dcf
	10:38:21.0 (22780273)|SYSTEM_METHOD_ENTRY|[14]|ScheduledBatch.ScheduledBatch()
	10:38:21.0 (22793202)|SYSTEM_METHOD_EXIT|[14]|ScheduledBatch
	10:38:21.0 (22811409)|VARIABLE_SCOPE_BEGIN|[27]|this|System.ScheduledBatch|true|false
	10:38:21.0 (22834785)|VARIABLE_ASSIGNMENT|[27]|this|{}|0xe4fcb3a
	10:38:21.0 (22841424)|VARIABLE_SCOPE_BEGIN|[27]|batchObj|Object|false|false
	10:38:21.0 (22861051)|VARIABLE_ASSIGNMENT|[27]|batchObj|{"batchScheduleName":"67113","isManual":false}
	10:38:21.0 (22866636)|VARIABLE_SCOPE_BEGIN|[27]|scope|Integer|false|false
	10:38:21.0 (22875945)|VARIABLE_ASSIGNMENT|[27]|scope|null
	10:38:21.0 (59122172)|SYSTEM_METHOD_ENTRY|[1]|Test.Test()
	10:38:21.0 (59141388)|SYSTEM_METHOD_EXIT|[1]|Test
	10:38:21.0 (59179096)|METHOD_ENTRY|[109]||System.Test.isRunningTest()
	10:38:21.0 (59235059)|METHOD_EXIT|[109]||System.Test.isRunningTest()
	10:38:21.0 (59939616)|METHOD_ENTRY|[1]|01p2v00000Tr0KR|ProductsFromBCBatch.ProductsFromBCBatch()
	10:38:21.0 (59960464)|METHOD_EXIT|[1]|ProductsFromBCBatch
	10:38:21.0 (59995506)|CONSTRUCTOR_ENTRY|[110]|01p2v00000Tr0KR|<init>()|ProductsFromBCBatch
	10:38:21.0 (60028728)|VARIABLE_SCOPE_BEGIN|[6]|this|ProductsFromBCBatch|true|false
	10:38:21.0 (60081507)|VARIABLE_ASSIGNMENT|[6]|this|{}|0x1ab984db
	10:38:21.0 (60150924)|VARIABLE_ASSIGNMENT|[7]|this.updateFromProductQuickAction|false|0x1ab984db
	10:38:21.0 (60159461)|CONSTRUCTOR_EXIT|[110]|01p2v00000Tr0KR|<init>()|ProductsFromBCBatch
	10:38:21.0 (60167384)|VARIABLE_SCOPE_BEGIN|[110]|productBatch|ProductsFromBCBatch|true|false
	10:38:21.0 (60191688)|VARIABLE_ASSIGNMENT|[110]|productBatch|{"updateFromProductQuickAction":false}|0x1ab984db
10:38:21.0 (97362503)|CODE_UNIT_FINISHED|CustomersFromBigCommerceBatch
10:38:21.0 (97385134)|EXECUTION_FINISHED
