45.0 APEX_CODE,FINEST;APEX_PROFILING,NONE;CALLOUT,NONE;DB,INFO;NBA,NONE;SYSTEM,NONE;VALIDATION,NONE;VISUALFORCE,NONE;WAVE,NONE;WORKFLOW,NONE
10:53:34.0 (184847)|USER_INFO|[EXTERNAL]|0052v00000fQDGY|api@naturalchemist.com.au.sand1|(GMT+11:00) Australian Eastern Daylight Time (Australia/Sydney)|GMT+11:00
10:53:34.0 (232468)|EXECUTION_STARTED
10:53:34.0 (237910)|CODE_UNIT_STARTED|[EXTERNAL]|01p2v00000Tr0KM|OrdersFromBigCommerceBatch
	10:53:34.0 (2462977)|SYSTEM_METHOD_ENTRY|[15]|BatchableContextImpl.BatchableContextImpl()
	10:53:34.0 (2486580)|SYSTEM_METHOD_EXIT|[15]|BatchableContextImpl
	10:53:34.0 (2519703)|VARIABLE_SCOPE_BEGIN|[31]|this|Database.BatchableContextImpl|true|false
	10:53:34.0 (2606549)|VARIABLE_ASSIGNMENT|[31]|this|{}|0x2e8ff0c9
	10:53:34.0 (2618450)|VARIABLE_SCOPE_BEGIN|[31]|jobId|Id|false|false
	10:53:34.0 (2743723)|VARIABLE_ASSIGNMENT|[31]|jobId|"7071y00000J9FZPAA3"
	10:53:34.0 (2753254)|VARIABLE_SCOPE_BEGIN|[31]|childJobId|Id|false|false
	10:53:34.0 (2767073)|VARIABLE_ASSIGNMENT|[31]|childJobId|null
	10:53:34.0 (13683782)|METHOD_ENTRY|[1]|01p2v00000Tr0KM|OrdersFromBigCommerceBatch.OrdersFromBigCommerceBatch()
	10:53:34.0 (13710770)|METHOD_EXIT|[1]|OrdersFromBigCommerceBatch
	10:53:34.0 (13735157)|VARIABLE_SCOPE_BEGIN|[253]|this|OrdersFromBigCommerceBatch|true|false
	10:53:34.0 (13791020)|VARIABLE_ASSIGNMENT|[253]|this|{"isManual":false}|0xf84c41c
	10:53:34.0 (13802081)|VARIABLE_SCOPE_BEGIN|[253]|context|Database.BatchableContext|true|false
	10:53:34.0 (13905643)|VARIABLE_ASSIGNMENT|[253]|context|{"jobId":"7071y00000J9FZPAA3"}|0x2e8ff0c9
10:53:34.0 (23973441)|CODE_UNIT_FINISHED|OrdersFromBigCommerceBatch
10:53:34.0 (23988918)|EXECUTION_FINISHED
