45.0 APEX_CODE,FINEST;APEX_PROFILING,INFO;CALLOUT,INFO;DB,INFO;NBA,INFO;SYSTEM,DEBUG;VALIDATION,INFO;VISUALFORCE,INFO;WAVE,INFO;WORKFLOW,INFO
06:04:31.0 (249431)|USER_INFO|[EXTERNAL]|0052v00000fQDGY|api@naturalchemist.com.au.sand1|(GMT+11:00) Australian Eastern Daylight Time (Australia/Sydney)|GMT+11:00
06:04:31.0 (304957)|EXECUTION_STARTED
06:04:31.0 (314429)|CODE_UNIT_STARTED|[EXTERNAL]|01p2v00000Tr0KR|ProductsFromBCBatch
	06:04:31.0 (3115430)|SYSTEM_METHOD_ENTRY|[15]|BatchableContextImpl.BatchableContextImpl()
	06:04:31.0 (3134586)|SYSTEM_METHOD_EXIT|[15]|BatchableContextImpl
	06:04:31.0 (3157185)|VARIABLE_SCOPE_BEGIN|[31]|this|Database.BatchableContextImpl|true|false
	06:04:31.0 (3229795)|VARIABLE_ASSIGNMENT|[31]|this|{}|0x66154c3f
	06:04:31.0 (3240941)|VARIABLE_SCOPE_BEGIN|[31]|jobId|Id|false|false
	06:04:31.0 (3357351)|VARIABLE_ASSIGNMENT|[31]|jobId|"7071y00000J99fyAAB"
	06:04:31.0 (3365934)|VARIABLE_SCOPE_BEGIN|[31]|childJobId|Id|false|false
	06:04:31.0 (3381707)|VARIABLE_ASSIGNMENT|[31]|childJobId|null
	06:04:31.0 (15492688)|METHOD_ENTRY|[1]|01p2v00000Tr0KR|ProductsFromBCBatch.ProductsFromBCBatch()
	06:04:31.0 (15520684)|METHOD_EXIT|[1]|ProductsFromBCBatch
	06:04:31.0 (15544350)|VARIABLE_SCOPE_BEGIN|[314]|this|ProductsFromBCBatch|true|false
	06:04:31.0 (15597219)|VARIABLE_ASSIGNMENT|[314]|this|{"updateFromProductQuickAction":false}|0x7dc99340
	06:04:31.0 (15610180)|VARIABLE_SCOPE_BEGIN|[314]|context|Database.BatchableContext|true|false
	06:04:31.0 (15690547)|VARIABLE_ASSIGNMENT|[314]|context|{"jobId":"7071y00000J99fyAAB"}|0x66154c3f
	06:04:31.0 (15785905)|SYSTEM_METHOD_ENTRY|[1]|Test.Test()
	06:04:31.0 (15799452)|SYSTEM_METHOD_EXIT|[1]|Test
	06:04:31.0 (15816820)|METHOD_ENTRY|[315]||System.Test.isRunningTest()
	06:04:31.0 (15860994)|METHOD_EXIT|[315]||System.Test.isRunningTest()
	06:04:31.0 (16543791)|METHOD_ENTRY|[1]|01p2v00000Tr0KM|OrdersFromBigCommerceBatch.OrdersFromBigCommerceBatch()
	06:04:31.0 (16561534)|METHOD_EXIT|[1]|OrdersFromBigCommerceBatch
	06:04:31.0 (16600791)|CONSTRUCTOR_ENTRY|[316]|01p2v00000Tr0KM|<init>()|OrdersFromBigCommerceBatch
	06:04:31.0 (16626939)|VARIABLE_SCOPE_BEGIN|[8]|this|OrdersFromBigCommerceBatch|true|false
	06:04:31.0 (16666992)|VARIABLE_ASSIGNMENT|[8]|this|{}|0x34bf5b20
	06:04:31.0 (16744909)|VARIABLE_ASSIGNMENT|[9]|this.isManual|false|0x34bf5b20
	06:04:31.0 (16756886)|CONSTRUCTOR_EXIT|[316]|01p2v00000Tr0KM|<init>()|OrdersFromBigCommerceBatch
	06:04:31.0 (16768172)|VARIABLE_SCOPE_BEGIN|[316]|orderBatch|OrdersFromBigCommerceBatch|true|false
	06:04:31.0 (16794276)|VARIABLE_ASSIGNMENT|[316]|orderBatch|{"isManual":false}|0x34bf5b20
	06:04:31.72 (72388871)|CUMULATIVE_LIMIT_USAGE
	06:04:31.72 (72388871)|LIMIT_USAGE_FOR_NS|(default)|
	  Number of SOQL queries: 0 out of 200
	  Number of query rows: 0 out of 50000
	  Number of SOSL queries: 0 out of 20
	  Number of DML statements: 0 out of 150
	  Number of Publish Immediate DML: 0 out of 150
	  Number of DML rows: 0 out of 10000
	  Maximum CPU time: 0 out of 60000
	  Maximum heap size: 0 out of 12000000
	  Number of callouts: 0 out of 0
	  Number of Email Invocations: 0 out of 10
	  Number of future calls: 0 out of 0
	  Number of queueable jobs added to the queue: 0 out of 1
	  Number of Mobile Apex push calls: 0 out of 10
	
	06:04:31.72 (72388871)|CUMULATIVE_LIMIT_USAGE_END
	
06:04:31.0 (72437178)|CODE_UNIT_FINISHED|ProductsFromBCBatch
06:04:31.0 (72454650)|EXECUTION_FINISHED
