45.0 APEX_CODE,FINEST;APEX_PROFILING,NONE;CALLOUT,NONE;DB,INFO;NBA,NONE;SYSTEM,NONE;VALIDATION,NONE;VISUALFORCE,NONE;WAVE,NONE;WORKFLOW,NONE
10:33:12.0 (185655)|USER_INFO|[EXTERNAL]|0052v00000fQDGY|api@naturalchemist.com.au.sand1|(GMT+11:00) Australian Eastern Daylight Time (Australia/Sydney)|GMT+11:00
10:33:12.0 (235489)|EXECUTION_STARTED
10:33:12.0 (241801)|CODE_UNIT_STARTED|[EXTERNAL]|01p2v00000Tr0KR|ProductsFromBCBatch
	10:33:12.0 (2661041)|SYSTEM_METHOD_ENTRY|[15]|BatchableContextImpl.BatchableContextImpl()
	10:33:12.0 (2686587)|SYSTEM_METHOD_EXIT|[15]|BatchableContextImpl
	10:33:12.0 (2712641)|VARIABLE_SCOPE_BEGIN|[31]|this|Database.BatchableContextImpl|true|false
	10:33:12.0 (2784442)|VARIABLE_ASSIGNMENT|[31]|this|{}|0x37f0a9ad
	10:33:12.0 (2794353)|VARIABLE_SCOPE_BEGIN|[31]|jobId|Id|false|false
	10:33:12.0 (2927333)|VARIABLE_ASSIGNMENT|[31]|jobId|"7071y00000J9FAZAA3"
	10:33:12.0 (2937880)|VARIABLE_SCOPE_BEGIN|[31]|childJobId|Id|false|false
	10:33:12.0 (2951243)|VARIABLE_ASSIGNMENT|[31]|childJobId|null
	10:33:12.0 (13669896)|METHOD_ENTRY|[1]|01p2v00000Tr0KR|ProductsFromBCBatch.ProductsFromBCBatch()
	10:33:12.0 (13696116)|METHOD_EXIT|[1]|ProductsFromBCBatch
	10:33:12.0 (13716464)|VARIABLE_SCOPE_BEGIN|[314]|this|ProductsFromBCBatch|true|false
	10:33:12.0 (13766524)|VARIABLE_ASSIGNMENT|[314]|this|{"updateFromProductQuickAction":false}|0x34f7c033
	10:33:12.0 (13773661)|VARIABLE_SCOPE_BEGIN|[314]|context|Database.BatchableContext|true|false
	10:33:12.0 (13857556)|VARIABLE_ASSIGNMENT|[314]|context|{"jobId":"7071y00000J9FAZAA3"}|0x37f0a9ad
	10:33:12.0 (13954050)|SYSTEM_METHOD_ENTRY|[1]|Test.Test()
	10:33:12.0 (13965678)|SYSTEM_METHOD_EXIT|[1]|Test
	10:33:12.0 (13983745)|METHOD_ENTRY|[315]||System.Test.isRunningTest()
	10:33:12.0 (14035526)|METHOD_EXIT|[315]||System.Test.isRunningTest()
	10:33:12.0 (14171212)|METHOD_ENTRY|[1]|01p2v00000Tr0KM|OrdersFromBigCommerceBatch.OrdersFromBigCommerceBatch()
	10:33:12.0 (14183748)|METHOD_EXIT|[1]|OrdersFromBigCommerceBatch
	10:33:12.0 (14211520)|CONSTRUCTOR_ENTRY|[316]|01p2v00000Tr0KM|<init>()|OrdersFromBigCommerceBatch
	10:33:12.0 (14236650)|VARIABLE_SCOPE_BEGIN|[8]|this|OrdersFromBigCommerceBatch|true|false
	10:33:12.0 (14261980)|VARIABLE_ASSIGNMENT|[8]|this|{}|0x4d7fab7c
	10:33:12.0 (14330674)|VARIABLE_ASSIGNMENT|[9]|this.isManual|false|0x4d7fab7c
	10:33:12.0 (14340951)|CONSTRUCTOR_EXIT|[316]|01p2v00000Tr0KM|<init>()|OrdersFromBigCommerceBatch
	10:33:12.0 (14348316)|VARIABLE_SCOPE_BEGIN|[316]|orderBatch|OrdersFromBigCommerceBatch|true|false
	10:33:12.0 (14366272)|VARIABLE_ASSIGNMENT|[316]|orderBatch|{"isManual":false}|0x4d7fab7c
10:33:12.0 (82292473)|CODE_UNIT_FINISHED|ProductsFromBCBatch
10:33:12.0 (82309972)|EXECUTION_FINISHED
