45.0 APEX_CODE,FINEST;APEX_PROFILING,NONE;CALLOUT,NONE;DB,INFO;NBA,NONE;SYSTEM,NONE;VALIDATION,NONE;VISUALFORCE,NONE;WAVE,NONE;WORKFLOW,NONE
01:06:05.0 (177033)|USER_INFO|[EXTERNAL]|0052v00000fQDGY|api@naturalchemist.com.au.sand1|(GMT+11:00) Australian Eastern Daylight Time (Australia/Sydney)|GMT+11:00
01:06:05.0 (228472)|EXECUTION_STARTED
01:06:05.0 (237560)|CODE_UNIT_STARTED|[EXTERNAL]|01p2v00000Tr0KM|OrdersFromBigCommerceBatch
	01:06:05.0 (2298743)|SYSTEM_METHOD_ENTRY|[15]|BatchableContextImpl.BatchableContextImpl()
	01:06:05.0 (2314347)|SYSTEM_METHOD_EXIT|[15]|BatchableContextImpl
	01:06:05.0 (2333064)|VARIABLE_SCOPE_BEGIN|[31]|this|Database.BatchableContextImpl|true|false
	01:06:05.0 (2400001)|VARIABLE_ASSIGNMENT|[31]|this|{}|0x17c3296c
	01:06:05.0 (2407608)|VARIABLE_SCOPE_BEGIN|[31]|jobId|Id|false|false
	01:06:05.0 (2510475)|VARIABLE_ASSIGNMENT|[31]|jobId|"7071y00000MBBEEAA5"
	01:06:05.0 (2516837)|VARIABLE_SCOPE_BEGIN|[31]|childJobId|Id|false|false
	01:06:05.0 (2526778)|VARIABLE_ASSIGNMENT|[31]|childJobId|null
	01:06:05.0 (12735110)|METHOD_ENTRY|[1]|01p2v00000Tr0KM|OrdersFromBigCommerceBatch.OrdersFromBigCommerceBatch()
	01:06:05.0 (12756040)|METHOD_EXIT|[1]|OrdersFromBigCommerceBatch
	01:06:05.0 (12775120)|VARIABLE_SCOPE_BEGIN|[253]|this|OrdersFromBigCommerceBatch|true|false
	01:06:05.0 (12819753)|VARIABLE_ASSIGNMENT|[253]|this|{"isManual":false}|0x650227af
	01:06:05.0 (12827208)|VARIABLE_SCOPE_BEGIN|[253]|context|Database.BatchableContext|true|false
	01:06:05.0 (12902516)|VARIABLE_ASSIGNMENT|[253]|context|{"jobId":"7071y00000MBBEEAA5"}|0x17c3296c
01:06:05.0 (22344131)|CODE_UNIT_FINISHED|OrdersFromBigCommerceBatch
01:06:05.0 (22358880)|EXECUTION_FINISHED
