45.0 APEX_CODE,FINEST;APEX_PROFILING,INFO;CALLOUT,INFO;DB,INFO;NBA,INFO;SYSTEM,DEBUG;VALIDATION,INFO;VISUALFORCE,INFO;WAVE,INFO;WORKFLOW,INFO
07:58:15.0 (207805)|USER_INFO|[EXTERNAL]|0052v00000fQDGY|api@naturalchemist.com.au.sand1|(GMT+11:00) Australian Eastern Daylight Time (Australia/Sydney)|GMT+11:00
07:58:15.0 (267518)|EXECUTION_STARTED
07:58:15.0 (275704)|CODE_UNIT_STARTED|[EXTERNAL]|01p2v00000Tr0KM|OrdersFromBigCommerceBatch
	07:58:15.0 (2401764)|SYSTEM_METHOD_ENTRY|[15]|BatchableContextImpl.BatchableContextImpl()
	07:58:15.0 (2420860)|SYSTEM_METHOD_EXIT|[15]|BatchableContextImpl
	07:58:15.0 (2446516)|VARIABLE_SCOPE_BEGIN|[31]|this|Database.BatchableContextImpl|true|false
	07:58:15.0 (2529395)|VARIABLE_ASSIGNMENT|[31]|this|{}|0x2f328f30
	07:58:15.0 (2543111)|VARIABLE_SCOPE_BEGIN|[31]|jobId|Id|false|false
	07:58:15.0 (2665879)|VARIABLE_ASSIGNMENT|[31]|jobId|"7071y00000J9Bd7AAF"
	07:58:15.0 (2675591)|VARIABLE_SCOPE_BEGIN|[31]|childJobId|Id|false|false
	07:58:15.0 (2696009)|VARIABLE_ASSIGNMENT|[31]|childJobId|null
	07:58:15.0 (12688413)|METHOD_ENTRY|[1]|01p2v00000Tr0KM|OrdersFromBigCommerceBatch.OrdersFromBigCommerceBatch()
	07:58:15.0 (12715328)|METHOD_EXIT|[1]|OrdersFromBigCommerceBatch
	07:58:15.0 (12745334)|VARIABLE_SCOPE_BEGIN|[253]|this|OrdersFromBigCommerceBatch|true|false
	07:58:15.0 (12826428)|VARIABLE_ASSIGNMENT|[253]|this|{"isManual":false}|0x5774762d
	07:58:15.0 (12840824)|VARIABLE_SCOPE_BEGIN|[253]|context|Database.BatchableContext|true|false
	07:58:15.0 (12934712)|VARIABLE_ASSIGNMENT|[253]|context|{"jobId":"7071y00000J9Bd7AAF"}|0x2f328f30
	07:58:15.24 (24786684)|CUMULATIVE_LIMIT_USAGE
	07:58:15.24 (24786684)|LIMIT_USAGE_FOR_NS|(default)|
	  Number of SOQL queries: 0 out of 200
	  Number of query rows: 0 out of 50000
	  Number of SOSL queries: 0 out of 20
	  Number of DML statements: 0 out of 150
	  Number of Publish Immediate DML: 0 out of 150
	  Number of DML rows: 0 out of 10000
	  Maximum CPU time: 0 out of 60000
	  Maximum heap size: 0 out of 12000000
	  Number of callouts: 0 out of 0
	  Number of Email Invocations: 0 out of 10
	  Number of future calls: 0 out of 0
	  Number of queueable jobs added to the queue: 0 out of 1
	  Number of Mobile Apex push calls: 0 out of 10
	
	07:58:15.24 (24786684)|CUMULATIVE_LIMIT_USAGE_END
	
07:58:15.0 (24857222)|CODE_UNIT_FINISHED|OrdersFromBigCommerceBatch
07:58:15.0 (24872785)|EXECUTION_FINISHED
