45.0 APEX_CODE,FINEST;APEX_PROFILING,INFO;CALLOUT,INFO;DB,INFO;NBA,INFO;SYSTEM,DEBUG;VALIDATION,INFO;VISUALFORCE,INFO;WAVE,INFO;WORKFLOW,INFO
08:09:01.0 (513059)|USER_INFO|[EXTERNAL]|0052v00000fQDGY|api@naturalchemist.com.au.sand1|(GMT+11:00) Australian Eastern Daylight Time (Australia/Sydney)|GMT+11:00
08:09:01.0 (631380)|EXECUTION_STARTED
08:09:01.0 (640870)|CODE_UNIT_STARTED|[EXTERNAL]|01p2v00000SpN2U|CustomersFromBigCommerceBatch
	08:09:01.0 (3244033)|SYSTEM_METHOD_ENTRY|[15]|BatchableContextImpl.BatchableContextImpl()
	08:09:01.0 (3269689)|SYSTEM_METHOD_EXIT|[15]|BatchableContextImpl
	08:09:01.0 (3305174)|VARIABLE_SCOPE_BEGIN|[31]|this|Database.BatchableContextImpl|true|false
	08:09:01.0 (3498681)|VARIABLE_ASSIGNMENT|[31]|this|{}|0x197d26b0
	08:09:01.0 (3512676)|VARIABLE_SCOPE_BEGIN|[31]|jobId|Id|false|false
	08:09:01.0 (3732093)|VARIABLE_ASSIGNMENT|[31]|jobId|"7071y00000J9CDpAAN"
	08:09:01.0 (3741595)|VARIABLE_SCOPE_BEGIN|[31]|childJobId|Id|false|false
	08:09:01.0 (3765042)|VARIABLE_ASSIGNMENT|[31]|childJobId|null
	08:09:01.0 (21087094)|METHOD_ENTRY|[1]|01p2v00000SpN2U|CustomersFromBigCommerceBatch.CustomersFromBigCommerceBatch()
	08:09:01.0 (21112290)|METHOD_EXIT|[1]|CustomersFromBigCommerceBatch
	08:09:01.0 (21138747)|VARIABLE_SCOPE_BEGIN|[97]|this|CustomersFromBigCommerceBatch|true|false
	08:09:01.0 (21206452)|VARIABLE_ASSIGNMENT|[97]|this|{"batchScheduleName":"67083","isManual":false}|0x4091d162
	08:09:01.0 (21217454)|VARIABLE_SCOPE_BEGIN|[97]|context|Database.BatchableContext|true|false
	08:09:01.0 (21328318)|VARIABLE_ASSIGNMENT|[97]|context|{"jobId":"7071y00000J9CDpAAN"}|0x197d26b0
	08:09:01.0 (21518224)|CONSTRUCTOR_ENTRY|[100]|01p2v00000SpN2U|<init>(Integer)|CustomersFromBigCommerceBatch
	08:09:01.0 (21539407)|VARIABLE_SCOPE_BEGIN|[8]|this|CustomersFromBigCommerceBatch|true|false
	08:09:01.0 (21564044)|VARIABLE_ASSIGNMENT|[8]|this|{}|0x26151cf
	08:09:01.0 (21574253)|VARIABLE_SCOPE_BEGIN|[8]|conditionalBatchNameNumber|Integer|false|false
	08:09:01.0 (21591133)|VARIABLE_ASSIGNMENT|[8]|conditionalBatchNameNumber|67083
	08:09:01.0 (21657383)|VARIABLE_ASSIGNMENT|[12]|conditionalBatchNameNumber|67084
	08:09:01.0 (21724821)|VARIABLE_ASSIGNMENT|[13]|this.batchScheduleName|"67084"|0x26151cf
	08:09:01.0 (21760810)|VARIABLE_ASSIGNMENT|[14]|this.isManual|false|0x26151cf
	08:09:01.0 (21778630)|CONSTRUCTOR_EXIT|[100]|01p2v00000SpN2U|<init>(Integer)|CustomersFromBigCommerceBatch
	08:09:01.0 (21787999)|VARIABLE_SCOPE_BEGIN|[100]|newBatch|CustomersFromBigCommerceBatch|true|false
	08:09:01.0 (21814774)|VARIABLE_ASSIGNMENT|[100]|newBatch|{"batchScheduleName":"67084","isManual":false}|0x26151cf
	08:09:01.0 (22131125)|SYSTEM_METHOD_ENTRY|[14]|ScheduledBatch.ScheduledBatch()
	08:09:01.0 (22144149)|SYSTEM_METHOD_EXIT|[14]|ScheduledBatch
	08:09:01.0 (22166818)|VARIABLE_SCOPE_BEGIN|[27]|this|System.ScheduledBatch|true|false
	08:09:01.0 (22213576)|VARIABLE_ASSIGNMENT|[27]|this|{}|0x5d67296d
	08:09:01.0 (22227547)|VARIABLE_SCOPE_BEGIN|[27]|batchObj|Object|false|false
	08:09:01.0 (22253134)|VARIABLE_ASSIGNMENT|[27]|batchObj|{"batchScheduleName":"67084","isManual":false}
	08:09:01.0 (22260683)|VARIABLE_SCOPE_BEGIN|[27]|scope|Integer|false|false
	08:09:01.0 (22275259)|VARIABLE_ASSIGNMENT|[27]|scope|null
	08:09:01.0 (49301371)|SYSTEM_METHOD_ENTRY|[1]|Test.Test()
	08:09:01.0 (49318813)|SYSTEM_METHOD_EXIT|[1]|Test
	08:09:01.0 (49345879)|METHOD_ENTRY|[109]||System.Test.isRunningTest()
	08:09:01.0 (49396020)|METHOD_EXIT|[109]||System.Test.isRunningTest()
	08:09:01.0 (50177114)|METHOD_ENTRY|[1]|01p2v00000Tr0KR|ProductsFromBCBatch.ProductsFromBCBatch()
	08:09:01.0 (50197508)|METHOD_EXIT|[1]|ProductsFromBCBatch
	08:09:01.0 (50228517)|CONSTRUCTOR_ENTRY|[110]|01p2v00000Tr0KR|<init>()|ProductsFromBCBatch
	08:09:01.0 (50261081)|VARIABLE_SCOPE_BEGIN|[6]|this|ProductsFromBCBatch|true|false
	08:09:01.0 (50309272)|VARIABLE_ASSIGNMENT|[6]|this|{}|0x4669b2b9
	08:09:01.0 (50376972)|VARIABLE_ASSIGNMENT|[7]|this.updateFromProductQuickAction|false|0x4669b2b9
	08:09:01.0 (50390451)|CONSTRUCTOR_EXIT|[110]|01p2v00000Tr0KR|<init>()|ProductsFromBCBatch
	08:09:01.0 (50401101)|VARIABLE_SCOPE_BEGIN|[110]|productBatch|ProductsFromBCBatch|true|false
	08:09:01.0 (50426310)|VARIABLE_ASSIGNMENT|[110]|productBatch|{"updateFromProductQuickAction":false}|0x4669b2b9
	08:09:01.82 (82850089)|CUMULATIVE_LIMIT_USAGE
	08:09:01.82 (82850089)|LIMIT_USAGE_FOR_NS|(default)|
	  Number of SOQL queries: 0 out of 200
	  Number of query rows: 0 out of 50000
	  Number of SOSL queries: 0 out of 20
	  Number of DML statements: 0 out of 150
	  Number of Publish Immediate DML: 0 out of 150
	  Number of DML rows: 0 out of 10000
	  Maximum CPU time: 0 out of 60000
	  Maximum heap size: 0 out of 12000000
	  Number of callouts: 0 out of 0
	  Number of Email Invocations: 0 out of 10
	  Number of future calls: 0 out of 0
	  Number of queueable jobs added to the queue: 0 out of 1
	  Number of Mobile Apex push calls: 0 out of 10
	
	08:09:01.82 (82850089)|CUMULATIVE_LIMIT_USAGE_END
	
08:09:01.0 (82973052)|CODE_UNIT_FINISHED|CustomersFromBigCommerceBatch
08:09:01.0 (82999511)|EXECUTION_FINISHED
