45.0 APEX_CODE,FINEST;APEX_PROFILING,NONE;CALLOUT,NONE;DB,INFO;NBA,NONE;SYSTEM,NONE;VALIDATION,NONE;VISUALFORCE,NONE;WAVE,NONE;WORKFLOW,NONE
10:38:23.0 (273322)|USER_INFO|[EXTERNAL]|0052v00000fQDGY|api@naturalchemist.com.au.sand1|(GMT+11:00) Australian Eastern Daylight Time (Australia/Sydney)|GMT+11:00
10:38:23.0 (344675)|EXECUTION_STARTED
10:38:23.0 (352843)|CODE_UNIT_STARTED|[EXTERNAL]|01p2v00000Tr0KM|OrdersFromBigCommerceBatch
	10:38:23.0 (2539233)|SYSTEM_METHOD_ENTRY|[15]|BatchableContextImpl.BatchableContextImpl()
	10:38:23.0 (2559974)|SYSTEM_METHOD_EXIT|[15]|BatchableContextImpl
	10:38:23.0 (2586718)|VARIABLE_SCOPE_BEGIN|[31]|this|Database.BatchableContextImpl|true|false
	10:38:23.0 (2667216)|VARIABLE_ASSIGNMENT|[31]|this|{}|0x5c910c9a
	10:38:23.0 (2678682)|VARIABLE_SCOPE_BEGIN|[31]|jobId|Id|false|false
	10:38:23.0 (2794490)|VARIABLE_ASSIGNMENT|[31]|jobId|"7071y00000J9FHQAA3"
	10:38:23.0 (2802760)|VARIABLE_SCOPE_BEGIN|[31]|childJobId|Id|false|false
	10:38:23.0 (2819462)|VARIABLE_ASSIGNMENT|[31]|childJobId|null
	10:38:23.0 (13578587)|METHOD_ENTRY|[1]|01p2v00000Tr0KM|OrdersFromBigCommerceBatch.OrdersFromBigCommerceBatch()
	10:38:23.0 (13620087)|METHOD_EXIT|[1]|OrdersFromBigCommerceBatch
	10:38:23.0 (13656309)|VARIABLE_SCOPE_BEGIN|[253]|this|OrdersFromBigCommerceBatch|true|false
	10:38:23.0 (13738255)|VARIABLE_ASSIGNMENT|[253]|this|{"isManual":false}|0x5f0a5729
	10:38:23.0 (13753399)|VARIABLE_SCOPE_BEGIN|[253]|context|Database.BatchableContext|true|false
	10:38:23.0 (13879647)|VARIABLE_ASSIGNMENT|[253]|context|{"jobId":"7071y00000J9FHQAA3"}|0x5c910c9a
10:38:23.0 (27550970)|CODE_UNIT_FINISHED|OrdersFromBigCommerceBatch
10:38:23.0 (27577572)|EXECUTION_FINISHED
