45.0 APEX_CODE,FINEST;APEX_PROFILING,NONE;CALLOUT,NONE;DB,INFO;NBA,NONE;SYSTEM,NONE;VALIDATION,NONE;VISUALFORCE,NONE;WAVE,NONE;WORKFLOW,NONE
10:33:11.0 (187716)|USER_INFO|[EXTERNAL]|0052v00000fQDGY|api@naturalchemist.com.au.sand1|(GMT+11:00) Australian Eastern Daylight Time (Australia/Sydney)|GMT+11:00
10:33:11.0 (241644)|EXECUTION_STARTED
10:33:11.0 (247725)|CODE_UNIT_STARTED|[EXTERNAL]|01p2v00000SpN2U|CustomersFromBigCommerceBatch
	10:33:11.0 (3175659)|SYSTEM_METHOD_ENTRY|[15]|BatchableContextImpl.BatchableContextImpl()
	10:33:11.0 (3193007)|SYSTEM_METHOD_EXIT|[15]|BatchableContextImpl
	10:33:11.0 (3216541)|VARIABLE_SCOPE_BEGIN|[31]|this|Database.BatchableContextImpl|true|false
	10:33:11.0 (3290963)|VARIABLE_ASSIGNMENT|[31]|this|{}|0x11524297
	10:33:11.0 (3302331)|VARIABLE_SCOPE_BEGIN|[31]|jobId|Id|false|false
	10:33:11.0 (3456626)|VARIABLE_ASSIGNMENT|[31]|jobId|"7071y00000J9FAUAA3"
	10:33:11.0 (3467099)|VARIABLE_SCOPE_BEGIN|[31]|childJobId|Id|false|false
	10:33:11.0 (3481458)|VARIABLE_ASSIGNMENT|[31]|childJobId|null
	10:33:11.0 (21975478)|METHOD_ENTRY|[1]|01p2v00000SpN2U|CustomersFromBigCommerceBatch.CustomersFromBigCommerceBatch()
	10:33:11.0 (22000625)|METHOD_EXIT|[1]|CustomersFromBigCommerceBatch
	10:33:11.0 (22051217)|VARIABLE_SCOPE_BEGIN|[97]|this|CustomersFromBigCommerceBatch|true|false
	10:33:11.0 (22138376)|VARIABLE_ASSIGNMENT|[97]|this|{"batchScheduleName":"67111","isManual":false}|0x7511027
	10:33:11.0 (22150922)|VARIABLE_SCOPE_BEGIN|[97]|context|Database.BatchableContext|true|false
	10:33:11.0 (22254370)|VARIABLE_ASSIGNMENT|[97]|context|{"jobId":"7071y00000J9FAUAA3"}|0x11524297
	10:33:11.0 (22433563)|CONSTRUCTOR_ENTRY|[100]|01p2v00000SpN2U|<init>(Integer)|CustomersFromBigCommerceBatch
	10:33:11.0 (22453709)|VARIABLE_SCOPE_BEGIN|[8]|this|CustomersFromBigCommerceBatch|true|false
	10:33:11.0 (22484275)|VARIABLE_ASSIGNMENT|[8]|this|{}|0x769991c5
	10:33:11.0 (22496140)|VARIABLE_SCOPE_BEGIN|[8]|conditionalBatchNameNumber|Integer|false|false
	10:33:11.0 (22514035)|VARIABLE_ASSIGNMENT|[8]|conditionalBatchNameNumber|67111
	10:33:11.0 (22579792)|VARIABLE_ASSIGNMENT|[12]|conditionalBatchNameNumber|67112
	10:33:11.0 (22646105)|VARIABLE_ASSIGNMENT|[13]|this.batchScheduleName|"67112"|0x769991c5
	10:33:11.0 (22679895)|VARIABLE_ASSIGNMENT|[14]|this.isManual|false|0x769991c5
	10:33:11.0 (22695255)|CONSTRUCTOR_EXIT|[100]|01p2v00000SpN2U|<init>(Integer)|CustomersFromBigCommerceBatch
	10:33:11.0 (22706380)|VARIABLE_SCOPE_BEGIN|[100]|newBatch|CustomersFromBigCommerceBatch|true|false
	10:33:11.0 (22734996)|VARIABLE_ASSIGNMENT|[100]|newBatch|{"batchScheduleName":"67112","isManual":false}|0x769991c5
	10:33:11.0 (22993716)|SYSTEM_METHOD_ENTRY|[14]|ScheduledBatch.ScheduledBatch()
	10:33:11.0 (23009059)|SYSTEM_METHOD_EXIT|[14]|ScheduledBatch
	10:33:11.0 (23037452)|VARIABLE_SCOPE_BEGIN|[27]|this|System.ScheduledBatch|true|false
	10:33:11.0 (23069330)|VARIABLE_ASSIGNMENT|[27]|this|{}|0x7f50022a
	10:33:11.0 (23079662)|VARIABLE_SCOPE_BEGIN|[27]|batchObj|Object|false|false
	10:33:11.0 (23103484)|VARIABLE_ASSIGNMENT|[27]|batchObj|{"batchScheduleName":"67112","isManual":false}
	10:33:11.0 (23111105)|VARIABLE_SCOPE_BEGIN|[27]|scope|Integer|false|false
	10:33:11.0 (23125554)|VARIABLE_ASSIGNMENT|[27]|scope|null
	10:33:11.0 (55270019)|SYSTEM_METHOD_ENTRY|[1]|Test.Test()
	10:33:11.0 (55291071)|SYSTEM_METHOD_EXIT|[1]|Test
	10:33:11.0 (55311925)|METHOD_ENTRY|[109]||System.Test.isRunningTest()
	10:33:11.0 (55369411)|METHOD_EXIT|[109]||System.Test.isRunningTest()
	10:33:11.0 (55525512)|METHOD_ENTRY|[1]|01p2v00000Tr0KR|ProductsFromBCBatch.ProductsFromBCBatch()
	10:33:11.0 (55552429)|METHOD_EXIT|[1]|ProductsFromBCBatch
	10:33:11.0 (55587136)|CONSTRUCTOR_ENTRY|[110]|01p2v00000Tr0KR|<init>()|ProductsFromBCBatch
	10:33:11.0 (55617933)|VARIABLE_SCOPE_BEGIN|[6]|this|ProductsFromBCBatch|true|false
	10:33:11.0 (55672403)|VARIABLE_ASSIGNMENT|[6]|this|{}|0x2a6b4a92
	10:33:11.0 (55740531)|VARIABLE_ASSIGNMENT|[7]|this.updateFromProductQuickAction|false|0x2a6b4a92
	10:33:11.0 (55753344)|CONSTRUCTOR_EXIT|[110]|01p2v00000Tr0KR|<init>()|ProductsFromBCBatch
	10:33:11.0 (55764354)|VARIABLE_SCOPE_BEGIN|[110]|productBatch|ProductsFromBCBatch|true|false
	10:33:11.0 (55793763)|VARIABLE_ASSIGNMENT|[110]|productBatch|{"updateFromProductQuickAction":false}|0x2a6b4a92
10:33:11.0 (95679703)|CODE_UNIT_FINISHED|CustomersFromBigCommerceBatch
10:33:11.0 (95705950)|EXECUTION_FINISHED
