53.0 APEX_CODE,FINEST;APEX_PROFILING,INFO;CALLOUT,INFO;DB,INFO;NBA,INFO;SYSTEM,DEBUG;VALIDATION,INFO;VISUALFORCE,INFO;WAVE,INFO;WORKFLOW,INFO
Execute Anonymous: InvocableNotifyClinicNewOrder.sendEmailNotification(
Execute Anonymous:     new List<Id>{'8011y000000xCeHAAU'}
Execute Anonymous: );
Execute Anonymous: 
07:55:32.1 (1594026)|USER_INFO|[EXTERNAL]|0052v00000fQDGY|api@naturalchemist.com.au.sand1|(GMT+11:00) Australian Eastern Daylight Time (Australia/Sydney)|GMT+11:00
07:55:32.1 (1651951)|EXECUTION_STARTED
07:55:32.1 (1661193)|CODE_UNIT_STARTED|[EXTERNAL]|execute_anonymous_apex
	07:55:32.1 (2988659)|SYSTEM_MODE_ENTER|false
	07:55:32.1 (33657883)|METHOD_ENTRY|[1]|01p1y000003W5hZ|InvocableNotifyClinicNewOrder.InvocableNotifyClinicNewOrder()
	07:55:32.1 (33728825)|METHOD_EXIT|[1]|InvocableNotifyClinicNewOrder
	07:55:32.1 (33809602)|METHOD_ENTRY|[1]|01p1y000003W5hZ|InvocableNotifyClinicNewOrder.sendEmailNotification(List<Id>)
		07:55:32.1 (33877595)|VARIABLE_SCOPE_BEGIN|[4]|orderIds|List<Id>|true|false
		07:55:32.1 (34074082)|VARIABLE_ASSIGNMENT|[4]|orderIds|["8011y000000xCeHAAU"]|0x10b207f7
		07:55:32.1 (35200171)|METHOD_ENTRY|[1]|01p1y000002uJ67|NaturalChemistDebugging.NaturalChemistDebugging()
		07:55:32.1 (35232908)|METHOD_EXIT|[1]|NaturalChemistDebugging
		07:55:32.1 (35271228)|METHOD_ENTRY|[9]|01p1y000002uJ67|NaturalChemistDebugging.printDebug(String, Object)
			07:55:32.1 (35322770)|VARIABLE_SCOPE_BEGIN|[3]|name|String|false|false
			07:55:32.1 (35343472)|VARIABLE_ASSIGNMENT|[3]|name|"ordersIds from Invoc (24 more) ..."
			07:55:32.1 (35354040)|VARIABLE_SCOPE_BEGIN|[3]|element|Object|false|false
			07:55:32.1 (35369520)|VARIABLE_ASSIGNMENT|[3]|element|["8011y000000xCeHAAU"]
			07:55:32.1 (36388309)|VARIABLE_SCOPE_BEGIN|[5]|print|Boolean|false|false
			07:55:32.1 (36416640)|VARIABLE_ASSIGNMENT|[5]|print|true
			07:55:32.1 (36536523)|USER_DEBUG|[7]|DEBUG|NaturalChemistLog - ordersIds from InvocableNotifyClinicNewOrder : (8011y000000xCeHAAU)
		07:55:32.1 (36557121)|METHOD_EXIT|[9]|01p1y000002uJ67|NaturalChemistDebugging.printDebug(String, Object)
	07:55:32.1 (82401554)|METHOD_EXIT|[1]|01p1y000003W5hZ|InvocableNotifyClinicNewOrder.sendEmailNotification(List<Id>)
	07:55:32.1 (82432394)|SYSTEM_MODE_EXIT|false
	07:55:32.89 (89501454)|CUMULATIVE_LIMIT_USAGE
	07:55:32.89 (89501454)|LIMIT_USAGE_FOR_NS|(default)|
	  Number of SOQL queries: 0 out of 100
	  Number of query rows: 0 out of 50000
	  Number of SOSL queries: 0 out of 20
	  Number of DML statements: 0 out of 150
	  Number of Publish Immediate DML: 0 out of 150
	  Number of DML rows: 0 out of 10000
	  Maximum CPU time: 0 out of 10000
	  Maximum heap size: 0 out of 6000000
	  Number of callouts: 0 out of 100
	  Number of Email Invocations: 0 out of 10
	  Number of future calls: 1 out of 50
	  Number of queueable jobs added to the queue: 0 out of 50
	  Number of Mobile Apex push calls: 0 out of 10
	
	07:55:32.89 (89501454)|CUMULATIVE_LIMIT_USAGE_END
	
07:55:32.1 (89576971)|CODE_UNIT_FINISHED|execute_anonymous_apex
07:55:32.1 (89594452)|EXECUTION_FINISHED
