45.0 APEX_CODE,FINEST;APEX_PROFILING,NONE;CALLOUT,NONE;DB,INFO;NBA,NONE;SYSTEM,NONE;VALIDATION,NONE;VISUALFORCE,NONE;WAVE,NONE;WORKFLOW,NONE
10:48:30.0 (183840)|USER_INFO|[EXTERNAL]|0052v00000fQDGY|api@naturalchemist.com.au.sand1|(GMT+11:00) Australian Eastern Daylight Time (Australia/Sydney)|GMT+11:00
10:48:30.0 (237437)|EXECUTION_STARTED
10:48:30.0 (243224)|CODE_UNIT_STARTED|[EXTERNAL]|01p2v00000Tr0KR|ProductsFromBCBatch
	10:48:30.0 (2340272)|SYSTEM_METHOD_ENTRY|[15]|BatchableContextImpl.BatchableContextImpl()
	10:48:30.0 (2360662)|SYSTEM_METHOD_EXIT|[15]|BatchableContextImpl
	10:48:30.0 (2383502)|VARIABLE_SCOPE_BEGIN|[31]|this|Database.BatchableContextImpl|true|false
	10:48:30.0 (2464611)|VARIABLE_ASSIGNMENT|[31]|this|{}|0x4d697cd8
	10:48:30.0 (2476579)|VARIABLE_SCOPE_BEGIN|[31]|jobId|Id|false|false
	10:48:30.0 (2611815)|VARIABLE_ASSIGNMENT|[31]|jobId|"7071y00000J9FTNAA3"
	10:48:30.0 (2621043)|VARIABLE_SCOPE_BEGIN|[31]|childJobId|Id|false|false
	10:48:30.0 (2634850)|VARIABLE_ASSIGNMENT|[31]|childJobId|null
	10:48:30.0 (15389943)|METHOD_ENTRY|[1]|01p2v00000Tr0KR|ProductsFromBCBatch.ProductsFromBCBatch()
	10:48:30.0 (15419198)|METHOD_EXIT|[1]|ProductsFromBCBatch
	10:48:30.0 (15443277)|VARIABLE_SCOPE_BEGIN|[314]|this|ProductsFromBCBatch|true|false
	10:48:30.0 (15499335)|VARIABLE_ASSIGNMENT|[314]|this|{"updateFromProductQuickAction":false}|0x7f131017
	10:48:30.0 (15512297)|VARIABLE_SCOPE_BEGIN|[314]|context|Database.BatchableContext|true|false
	10:48:30.0 (15600400)|VARIABLE_ASSIGNMENT|[314]|context|{"jobId":"7071y00000J9FTNAA3"}|0x4d697cd8
	10:48:30.0 (15689448)|SYSTEM_METHOD_ENTRY|[1]|Test.Test()
	10:48:30.0 (15708408)|SYSTEM_METHOD_EXIT|[1]|Test
	10:48:30.0 (15725974)|METHOD_ENTRY|[315]||System.Test.isRunningTest()
	10:48:30.0 (15791625)|METHOD_EXIT|[315]||System.Test.isRunningTest()
	10:48:30.0 (16584904)|METHOD_ENTRY|[1]|01p2v00000Tr0KM|OrdersFromBigCommerceBatch.OrdersFromBigCommerceBatch()
	10:48:30.0 (16606594)|METHOD_EXIT|[1]|OrdersFromBigCommerceBatch
	10:48:30.0 (16643014)|CONSTRUCTOR_ENTRY|[316]|01p2v00000Tr0KM|<init>()|OrdersFromBigCommerceBatch
	10:48:30.0 (16678250)|VARIABLE_SCOPE_BEGIN|[8]|this|OrdersFromBigCommerceBatch|true|false
	10:48:30.0 (16723843)|VARIABLE_ASSIGNMENT|[8]|this|{}|0x1ed829e8
	10:48:30.0 (16801009)|VARIABLE_ASSIGNMENT|[9]|this.isManual|false|0x1ed829e8
	10:48:30.0 (16814806)|CONSTRUCTOR_EXIT|[316]|01p2v00000Tr0KM|<init>()|OrdersFromBigCommerceBatch
	10:48:30.0 (16826951)|VARIABLE_SCOPE_BEGIN|[316]|orderBatch|OrdersFromBigCommerceBatch|true|false
	10:48:30.0 (16852595)|VARIABLE_ASSIGNMENT|[316]|orderBatch|{"isManual":false}|0x1ed829e8
10:48:30.0 (77239738)|CODE_UNIT_FINISHED|ProductsFromBCBatch
10:48:30.0 (77256749)|EXECUTION_FINISHED
