45.0 APEX_CODE,FINEST;APEX_PROFILING,INFO;CALLOUT,INFO;DB,INFO;NBA,INFO;SYSTEM,DEBUG;VALIDATION,INFO;VISUALFORCE,INFO;WAVE,INFO;WORKFLOW,INFO
06:04:29.0 (530297)|USER_INFO|[EXTERNAL]|0052v00000fQDGY|api@naturalchemist.com.au.sand1|(GMT+11:00) Australian Eastern Daylight Time (Australia/Sydney)|GMT+11:00
06:04:29.0 (605079)|EXECUTION_STARTED
06:04:29.0 (614903)|CODE_UNIT_STARTED|[EXTERNAL]|01p2v00000SpN2U|CustomersFromBigCommerceBatch
	06:04:29.0 (3990974)|SYSTEM_METHOD_ENTRY|[15]|BatchableContextImpl.BatchableContextImpl()
	06:04:29.0 (4033903)|SYSTEM_METHOD_EXIT|[15]|BatchableContextImpl
	06:04:29.0 (4064760)|VARIABLE_SCOPE_BEGIN|[31]|this|Database.BatchableContextImpl|true|false
	06:04:29.0 (4238040)|VARIABLE_ASSIGNMENT|[31]|this|{}|0x18a289aa
	06:04:29.0 (4250716)|VARIABLE_SCOPE_BEGIN|[31]|jobId|Id|false|false
	06:04:29.0 (4506280)|VARIABLE_ASSIGNMENT|[31]|jobId|"7071y00000J99iLAAR"
	06:04:29.0 (4516807)|VARIABLE_SCOPE_BEGIN|[31]|childJobId|Id|false|false
	06:04:29.0 (4538797)|VARIABLE_ASSIGNMENT|[31]|childJobId|null
	06:04:29.0 (21118821)|METHOD_ENTRY|[1]|01p2v00000SpN2U|CustomersFromBigCommerceBatch.CustomersFromBigCommerceBatch()
	06:04:29.0 (21144245)|METHOD_EXIT|[1]|CustomersFromBigCommerceBatch
	06:04:29.0 (21168862)|VARIABLE_SCOPE_BEGIN|[97]|this|CustomersFromBigCommerceBatch|true|false
	06:04:29.0 (21256503)|VARIABLE_ASSIGNMENT|[97]|this|{"batchScheduleName":"67059","isManual":false}|0x7287256e
	06:04:29.0 (21269018)|VARIABLE_SCOPE_BEGIN|[97]|context|Database.BatchableContext|true|false
	06:04:29.0 (21393706)|VARIABLE_ASSIGNMENT|[97]|context|{"jobId":"7071y00000J99iLAAR"}|0x18a289aa
	06:04:29.0 (21598549)|CONSTRUCTOR_ENTRY|[100]|01p2v00000SpN2U|<init>(Integer)|CustomersFromBigCommerceBatch
	06:04:29.0 (21618276)|VARIABLE_SCOPE_BEGIN|[8]|this|CustomersFromBigCommerceBatch|true|false
	06:04:29.0 (21643905)|VARIABLE_ASSIGNMENT|[8]|this|{}|0x5db8ff40
	06:04:29.0 (21668104)|VARIABLE_SCOPE_BEGIN|[8]|conditionalBatchNameNumber|Integer|false|false
	06:04:29.0 (21685016)|VARIABLE_ASSIGNMENT|[8]|conditionalBatchNameNumber|67059
	06:04:29.0 (21753864)|VARIABLE_ASSIGNMENT|[12]|conditionalBatchNameNumber|67060
	06:04:29.0 (21818897)|VARIABLE_ASSIGNMENT|[13]|this.batchScheduleName|"67060"|0x5db8ff40
	06:04:29.0 (21852267)|VARIABLE_ASSIGNMENT|[14]|this.isManual|false|0x5db8ff40
	06:04:29.0 (21868896)|CONSTRUCTOR_EXIT|[100]|01p2v00000SpN2U|<init>(Integer)|CustomersFromBigCommerceBatch
	06:04:29.0 (21893331)|VARIABLE_SCOPE_BEGIN|[100]|newBatch|CustomersFromBigCommerceBatch|true|false
	06:04:29.0 (21932331)|VARIABLE_ASSIGNMENT|[100]|newBatch|{"batchScheduleName":"67060","isManual":false}|0x5db8ff40
	06:04:29.0 (22269397)|SYSTEM_METHOD_ENTRY|[14]|ScheduledBatch.ScheduledBatch()
	06:04:29.0 (22284281)|SYSTEM_METHOD_EXIT|[14]|ScheduledBatch
	06:04:29.0 (22306308)|VARIABLE_SCOPE_BEGIN|[27]|this|System.ScheduledBatch|true|false
	06:04:29.0 (22396608)|VARIABLE_ASSIGNMENT|[27]|this|{}|0x4ea97f3d
	06:04:29.0 (22407915)|VARIABLE_SCOPE_BEGIN|[27]|batchObj|Object|false|false
	06:04:29.0 (22435849)|VARIABLE_ASSIGNMENT|[27]|batchObj|{"batchScheduleName":"67060","isManual":false}
	06:04:29.0 (22443238)|VARIABLE_SCOPE_BEGIN|[27]|scope|Integer|false|false
	06:04:29.0 (22455549)|VARIABLE_ASSIGNMENT|[27]|scope|null
	06:04:29.0 (53445284)|SYSTEM_METHOD_ENTRY|[1]|Test.Test()
	06:04:29.0 (53461048)|SYSTEM_METHOD_EXIT|[1]|Test
	06:04:29.0 (53486327)|METHOD_ENTRY|[109]||System.Test.isRunningTest()
	06:04:29.0 (53540369)|METHOD_EXIT|[109]||System.Test.isRunningTest()
	06:04:29.0 (54405427)|METHOD_ENTRY|[1]|01p2v00000Tr0KR|ProductsFromBCBatch.ProductsFromBCBatch()
	06:04:29.0 (54434007)|METHOD_EXIT|[1]|ProductsFromBCBatch
	06:04:29.0 (54469438)|CONSTRUCTOR_ENTRY|[110]|01p2v00000Tr0KR|<init>()|ProductsFromBCBatch
	06:04:29.0 (54501452)|VARIABLE_SCOPE_BEGIN|[6]|this|ProductsFromBCBatch|true|false
	06:04:29.0 (54561467)|VARIABLE_ASSIGNMENT|[6]|this|{}|0x426ec5da
	06:04:29.0 (54630107)|VARIABLE_ASSIGNMENT|[7]|this.updateFromProductQuickAction|false|0x426ec5da
	06:04:29.0 (54643841)|CONSTRUCTOR_EXIT|[110]|01p2v00000Tr0KR|<init>()|ProductsFromBCBatch
	06:04:29.0 (54654909)|VARIABLE_SCOPE_BEGIN|[110]|productBatch|ProductsFromBCBatch|true|false
	06:04:29.0 (54684306)|VARIABLE_ASSIGNMENT|[110]|productBatch|{"updateFromProductQuickAction":false}|0x426ec5da
	06:04:29.97 (97857418)|CUMULATIVE_LIMIT_USAGE
	06:04:29.97 (97857418)|LIMIT_USAGE_FOR_NS|(default)|
	  Number of SOQL queries: 0 out of 200
	  Number of query rows: 0 out of 50000
	  Number of SOSL queries: 0 out of 20
	  Number of DML statements: 0 out of 150
	  Number of Publish Immediate DML: 0 out of 150
	  Number of DML rows: 0 out of 10000
	  Maximum CPU time: 0 out of 60000
	  Maximum heap size: 0 out of 12000000
	  Number of callouts: 0 out of 0
	  Number of Email Invocations: 0 out of 10
	  Number of future calls: 0 out of 0
	  Number of queueable jobs added to the queue: 0 out of 1
	  Number of Mobile Apex push calls: 0 out of 10
	
	06:04:29.97 (97857418)|CUMULATIVE_LIMIT_USAGE_END
	
06:04:29.0 (97945735)|CODE_UNIT_FINISHED|CustomersFromBigCommerceBatch
06:04:29.0 (97972143)|EXECUTION_FINISHED
