45.0 APEX_CODE,FINEST;APEX_PROFILING,INFO;CALLOUT,INFO;DB,INFO;NBA,INFO;SYSTEM,DEBUG;VALIDATION,INFO;VISUALFORCE,INFO;WAVE,INFO;WORKFLOW,INFO
08:03:14.0 (268737)|USER_INFO|[EXTERNAL]|0052v00000fQDGY|api@naturalchemist.com.au.sand1|(GMT+11:00) Australian Eastern Daylight Time (Australia/Sydney)|GMT+11:00
08:03:14.0 (335929)|EXECUTION_STARTED
08:03:14.0 (344650)|CODE_UNIT_STARTED|[EXTERNAL]|01p2v00000Tr0KR|ProductsFromBCBatch
	08:03:14.0 (2856843)|SYSTEM_METHOD_ENTRY|[15]|BatchableContextImpl.BatchableContextImpl()
	08:03:14.0 (2883343)|SYSTEM_METHOD_EXIT|[15]|BatchableContextImpl
	08:03:14.0 (2914658)|VARIABLE_SCOPE_BEGIN|[31]|this|Database.BatchableContextImpl|true|false
	08:03:14.0 (3014840)|VARIABLE_ASSIGNMENT|[31]|this|{}|0x19cde8a3
	08:03:14.0 (3035822)|VARIABLE_SCOPE_BEGIN|[31]|jobId|Id|false|false
	08:03:14.0 (3206126)|VARIABLE_ASSIGNMENT|[31]|jobId|"7071y00000J9Bl0AAF"
	08:03:14.0 (3221303)|VARIABLE_SCOPE_BEGIN|[31]|childJobId|Id|false|false
	08:03:14.0 (3244677)|VARIABLE_ASSIGNMENT|[31]|childJobId|null
	08:03:14.0 (13167580)|METHOD_ENTRY|[1]|01p2v00000Tr0KR|ProductsFromBCBatch.ProductsFromBCBatch()
	08:03:14.0 (13199838)|METHOD_EXIT|[1]|ProductsFromBCBatch
	08:03:14.0 (13222600)|VARIABLE_SCOPE_BEGIN|[314]|this|ProductsFromBCBatch|true|false
	08:03:14.0 (13284172)|VARIABLE_ASSIGNMENT|[314]|this|{"updateFromProductQuickAction":false}|0x3cf8393c
	08:03:14.0 (13295690)|VARIABLE_SCOPE_BEGIN|[314]|context|Database.BatchableContext|true|false
	08:03:14.0 (13384824)|VARIABLE_ASSIGNMENT|[314]|context|{"jobId":"7071y00000J9Bl0AAF"}|0x19cde8a3
	08:03:14.0 (13480673)|SYSTEM_METHOD_ENTRY|[1]|Test.Test()
	08:03:14.0 (13494134)|SYSTEM_METHOD_EXIT|[1]|Test
	08:03:14.0 (13513770)|METHOD_ENTRY|[315]||System.Test.isRunningTest()
	08:03:14.0 (13560803)|METHOD_EXIT|[315]||System.Test.isRunningTest()
	08:03:14.0 (18965602)|METHOD_ENTRY|[1]|01p2v00000Tr0KM|OrdersFromBigCommerceBatch.OrdersFromBigCommerceBatch()
	08:03:14.0 (18992912)|METHOD_EXIT|[1]|OrdersFromBigCommerceBatch
	08:03:14.0 (19031839)|CONSTRUCTOR_ENTRY|[316]|01p2v00000Tr0KM|<init>()|OrdersFromBigCommerceBatch
	08:03:14.0 (19076781)|VARIABLE_SCOPE_BEGIN|[8]|this|OrdersFromBigCommerceBatch|true|false
	08:03:14.0 (19132487)|VARIABLE_ASSIGNMENT|[8]|this|{}|0x35094c4c
	08:03:14.0 (19214413)|VARIABLE_ASSIGNMENT|[9]|this.isManual|false|0x35094c4c
	08:03:14.0 (19227200)|CONSTRUCTOR_EXIT|[316]|01p2v00000Tr0KM|<init>()|OrdersFromBigCommerceBatch
	08:03:14.0 (19238320)|VARIABLE_SCOPE_BEGIN|[316]|orderBatch|OrdersFromBigCommerceBatch|true|false
	08:03:14.0 (19266208)|VARIABLE_ASSIGNMENT|[316]|orderBatch|{"isManual":false}|0x35094c4c
	08:03:14.72 (72126415)|CUMULATIVE_LIMIT_USAGE
	08:03:14.72 (72126415)|LIMIT_USAGE_FOR_NS|(default)|
	  Number of SOQL queries: 0 out of 200
	  Number of query rows: 0 out of 50000
	  Number of SOSL queries: 0 out of 20
	  Number of DML statements: 0 out of 150
	  Number of Publish Immediate DML: 0 out of 150
	  Number of DML rows: 0 out of 10000
	  Maximum CPU time: 0 out of 60000
	  Maximum heap size: 0 out of 12000000
	  Number of callouts: 0 out of 0
	  Number of Email Invocations: 0 out of 10
	  Number of future calls: 0 out of 0
	  Number of queueable jobs added to the queue: 0 out of 1
	  Number of Mobile Apex push calls: 0 out of 10
	
	08:03:14.72 (72126415)|CUMULATIVE_LIMIT_USAGE_END
	
08:03:14.0 (72177246)|CODE_UNIT_FINISHED|ProductsFromBCBatch
08:03:14.0 (72195459)|EXECUTION_FINISHED
