45.0 APEX_CODE,FINEST;APEX_PROFILING,NONE;CALLOUT,NONE;DB,INFO;NBA,NONE;SYSTEM,NONE;VALIDATION,NONE;VISUALFORCE,NONE;WAVE,NONE;WORKFLOW,NONE
10:38:23.0 (797502)|USER_INFO|[EXTERNAL]|0052v00000fQDGY|api@naturalchemist.com.au.sand1|(GMT+11:00) Australian Eastern Daylight Time (Australia/Sydney)|GMT+11:00
10:38:23.0 (902561)|EXECUTION_STARTED
10:38:23.0 (930117)|CODE_UNIT_STARTED|[EXTERNAL]|01p2v00000Tr0KR|ProductsFromBCBatch
	10:38:23.0 (4977081)|SYSTEM_METHOD_ENTRY|[15]|BatchableContextImpl.BatchableContextImpl()
	10:38:23.0 (5022302)|SYSTEM_METHOD_EXIT|[15]|BatchableContextImpl
	10:38:23.0 (5056831)|VARIABLE_SCOPE_BEGIN|[31]|this|Database.BatchableContextImpl|true|false
	10:38:23.0 (5269032)|VARIABLE_ASSIGNMENT|[31]|this|{}|0x100b84ed
	10:38:23.0 (5278815)|VARIABLE_SCOPE_BEGIN|[31]|jobId|Id|false|false
	10:38:23.0 (5496403)|VARIABLE_ASSIGNMENT|[31]|jobId|"7071y00000J9FHMAA3"
	10:38:23.0 (5504743)|VARIABLE_SCOPE_BEGIN|[31]|childJobId|Id|false|false
	10:38:23.0 (5519069)|VARIABLE_ASSIGNMENT|[31]|childJobId|null
	10:38:23.0 (26571500)|METHOD_ENTRY|[1]|01p2v00000Tr0KR|ProductsFromBCBatch.ProductsFromBCBatch()
	10:38:23.0 (26602810)|METHOD_EXIT|[1]|ProductsFromBCBatch
	10:38:23.0 (26644060)|VARIABLE_SCOPE_BEGIN|[314]|this|ProductsFromBCBatch|true|false
	10:38:23.0 (27121290)|VARIABLE_ASSIGNMENT|[314]|this|{"updateFromProductQuickAction":false}|0x3b6328cc
	10:38:23.0 (27153168)|VARIABLE_SCOPE_BEGIN|[314]|context|Database.BatchableContext|true|false
	10:38:23.0 (27348820)|VARIABLE_ASSIGNMENT|[314]|context|{"jobId":"7071y00000J9FHMAA3"}|0x100b84ed
	10:38:23.0 (27493040)|SYSTEM_METHOD_ENTRY|[1]|Test.Test()
	10:38:23.0 (27513250)|SYSTEM_METHOD_EXIT|[1]|Test
	10:38:23.0 (27561292)|METHOD_ENTRY|[315]||System.Test.isRunningTest()
	10:38:23.0 (28019993)|METHOD_EXIT|[315]||System.Test.isRunningTest()
	10:38:23.0 (29093756)|METHOD_ENTRY|[1]|01p2v00000Tr0KM|OrdersFromBigCommerceBatch.OrdersFromBigCommerceBatch()
	10:38:23.0 (29114774)|METHOD_EXIT|[1]|OrdersFromBigCommerceBatch
	10:38:23.0 (29158647)|CONSTRUCTOR_ENTRY|[316]|01p2v00000Tr0KM|<init>()|OrdersFromBigCommerceBatch
	10:38:23.0 (29214973)|VARIABLE_SCOPE_BEGIN|[8]|this|OrdersFromBigCommerceBatch|true|false
	10:38:23.0 (29261338)|VARIABLE_ASSIGNMENT|[8]|this|{}|0x76904b68
	10:38:23.0 (29346474)|VARIABLE_ASSIGNMENT|[9]|this.isManual|false|0x76904b68
	10:38:23.0 (29360278)|CONSTRUCTOR_EXIT|[316]|01p2v00000Tr0KM|<init>()|OrdersFromBigCommerceBatch
	10:38:23.0 (29375522)|VARIABLE_SCOPE_BEGIN|[316]|orderBatch|OrdersFromBigCommerceBatch|true|false
	10:38:23.0 (29406298)|VARIABLE_ASSIGNMENT|[316]|orderBatch|{"isManual":false}|0x76904b68
10:38:23.0 (161754690)|CODE_UNIT_FINISHED|ProductsFromBCBatch
10:38:23.0 (161785386)|EXECUTION_FINISHED
