45.0 APEX_CODE,FINEST;APEX_PROFILING,INFO;CALLOUT,INFO;DB,INFO;NBA,INFO;SYSTEM,DEBUG;VALIDATION,INFO;VISUALFORCE,INFO;WAVE,INFO;WORKFLOW,INFO
08:14:10.0 (782730)|USER_INFO|[EXTERNAL]|0052v00000fQDGY|api@naturalchemist.com.au.sand1|(GMT+11:00) Australian Eastern Daylight Time (Australia/Sydney)|GMT+11:00
08:14:10.0 (951355)|EXECUTION_STARTED
08:14:10.0 (975792)|CODE_UNIT_STARTED|[EXTERNAL]|01p2v00000SpN2U|CustomersFromBigCommerceBatch
	08:14:10.0 (3697899)|SYSTEM_METHOD_ENTRY|[15]|BatchableContextImpl.BatchableContextImpl()
	08:14:10.0 (3733719)|SYSTEM_METHOD_EXIT|[15]|BatchableContextImpl
	08:14:10.0 (3764055)|VARIABLE_SCOPE_BEGIN|[31]|this|Database.BatchableContextImpl|true|false
	08:14:10.0 (3948966)|VARIABLE_ASSIGNMENT|[31]|this|{}|0x6c838b28
	08:14:10.0 (3961848)|VARIABLE_SCOPE_BEGIN|[31]|jobId|Id|false|false
	08:14:10.0 (4189516)|VARIABLE_ASSIGNMENT|[31]|jobId|"7071y00000J9CKvAAN"
	08:14:10.0 (4200167)|VARIABLE_SCOPE_BEGIN|[31]|childJobId|Id|false|false
	08:14:10.0 (4220009)|VARIABLE_ASSIGNMENT|[31]|childJobId|null
	08:14:10.0 (14580551)|METHOD_ENTRY|[1]|01p2v00000SpN2U|CustomersFromBigCommerceBatch.CustomersFromBigCommerceBatch()
	08:14:10.0 (14606446)|METHOD_EXIT|[1]|CustomersFromBigCommerceBatch
	08:14:10.0 (14639832)|VARIABLE_SCOPE_BEGIN|[97]|this|CustomersFromBigCommerceBatch|true|false
	08:14:10.0 (14728688)|VARIABLE_ASSIGNMENT|[97]|this|{"batchScheduleName":"67084","isManual":false}|0x12726487
	08:14:10.0 (14740931)|VARIABLE_SCOPE_BEGIN|[97]|context|Database.BatchableContext|true|false
	08:14:10.0 (14872265)|VARIABLE_ASSIGNMENT|[97]|context|{"jobId":"7071y00000J9CKvAAN"}|0x6c838b28
	08:14:10.0 (15092354)|CONSTRUCTOR_ENTRY|[100]|01p2v00000SpN2U|<init>(Integer)|CustomersFromBigCommerceBatch
	08:14:10.0 (15126296)|VARIABLE_SCOPE_BEGIN|[8]|this|CustomersFromBigCommerceBatch|true|false
	08:14:10.0 (15158584)|VARIABLE_ASSIGNMENT|[8]|this|{}|0x6e4d32d6
	08:14:10.0 (15173371)|VARIABLE_SCOPE_BEGIN|[8]|conditionalBatchNameNumber|Integer|false|false
	08:14:10.0 (15190594)|VARIABLE_ASSIGNMENT|[8]|conditionalBatchNameNumber|67084
	08:14:10.0 (15265463)|VARIABLE_ASSIGNMENT|[12]|conditionalBatchNameNumber|67085
	08:14:10.0 (15352583)|VARIABLE_ASSIGNMENT|[13]|this.batchScheduleName|"67085"|0x6e4d32d6
	08:14:10.0 (15386362)|VARIABLE_ASSIGNMENT|[14]|this.isManual|false|0x6e4d32d6
	08:14:10.0 (15407832)|CONSTRUCTOR_EXIT|[100]|01p2v00000SpN2U|<init>(Integer)|CustomersFromBigCommerceBatch
	08:14:10.0 (15419914)|VARIABLE_SCOPE_BEGIN|[100]|newBatch|CustomersFromBigCommerceBatch|true|false
	08:14:10.0 (15448531)|VARIABLE_ASSIGNMENT|[100]|newBatch|{"batchScheduleName":"67085","isManual":false}|0x6e4d32d6
	08:14:10.0 (15785317)|SYSTEM_METHOD_ENTRY|[14]|ScheduledBatch.ScheduledBatch()
	08:14:10.0 (15800729)|SYSTEM_METHOD_EXIT|[14]|ScheduledBatch
	08:14:10.0 (15823116)|VARIABLE_SCOPE_BEGIN|[27]|this|System.ScheduledBatch|true|false
	08:14:10.0 (15909509)|VARIABLE_ASSIGNMENT|[27]|this|{}|0x631e33f8
	08:14:10.0 (15924085)|VARIABLE_SCOPE_BEGIN|[27]|batchObj|Object|false|false
	08:14:10.0 (15950132)|VARIABLE_ASSIGNMENT|[27]|batchObj|{"batchScheduleName":"67085","isManual":false}
	08:14:10.0 (15957898)|VARIABLE_SCOPE_BEGIN|[27]|scope|Integer|false|false
	08:14:10.0 (15972177)|VARIABLE_ASSIGNMENT|[27]|scope|null
	08:14:10.0 (48747003)|SYSTEM_METHOD_ENTRY|[1]|Test.Test()
	08:14:10.0 (48766353)|SYSTEM_METHOD_EXIT|[1]|Test
	08:14:10.0 (48791732)|METHOD_ENTRY|[109]||System.Test.isRunningTest()
	08:14:10.0 (48849727)|METHOD_EXIT|[109]||System.Test.isRunningTest()
	08:14:10.0 (49654872)|METHOD_ENTRY|[1]|01p2v00000Tr0KR|ProductsFromBCBatch.ProductsFromBCBatch()
	08:14:10.0 (49682258)|METHOD_EXIT|[1]|ProductsFromBCBatch
	08:14:10.0 (49719254)|CONSTRUCTOR_ENTRY|[110]|01p2v00000Tr0KR|<init>()|ProductsFromBCBatch
	08:14:10.0 (49757997)|VARIABLE_SCOPE_BEGIN|[6]|this|ProductsFromBCBatch|true|false
	08:14:10.0 (49815790)|VARIABLE_ASSIGNMENT|[6]|this|{}|0x2a90e1b3
	08:14:10.0 (49892327)|VARIABLE_ASSIGNMENT|[7]|this.updateFromProductQuickAction|false|0x2a90e1b3
	08:14:10.0 (49907832)|CONSTRUCTOR_EXIT|[110]|01p2v00000Tr0KR|<init>()|ProductsFromBCBatch
	08:14:10.0 (49920071)|VARIABLE_SCOPE_BEGIN|[110]|productBatch|ProductsFromBCBatch|true|false
	08:14:10.0 (49957421)|VARIABLE_ASSIGNMENT|[110]|productBatch|{"updateFromProductQuickAction":false}|0x2a90e1b3
	08:14:10.91 (91291904)|CUMULATIVE_LIMIT_USAGE
	08:14:10.91 (91291904)|LIMIT_USAGE_FOR_NS|(default)|
	  Number of SOQL queries: 0 out of 200
	  Number of query rows: 0 out of 50000
	  Number of SOSL queries: 0 out of 20
	  Number of DML statements: 0 out of 150
	  Number of Publish Immediate DML: 0 out of 150
	  Number of DML rows: 0 out of 10000
	  Maximum CPU time: 0 out of 60000
	  Maximum heap size: 0 out of 12000000
	  Number of callouts: 0 out of 0
	  Number of Email Invocations: 0 out of 10
	  Number of future calls: 0 out of 0
	  Number of queueable jobs added to the queue: 0 out of 1
	  Number of Mobile Apex push calls: 0 out of 10
	
	08:14:10.91 (91291904)|CUMULATIVE_LIMIT_USAGE_END
	
08:14:10.0 (91398391)|CODE_UNIT_FINISHED|CustomersFromBigCommerceBatch
08:14:10.0 (91428302)|EXECUTION_FINISHED
