45.0 APEX_CODE,FINEST;APEX_PROFILING,NONE;CALLOUT,NONE;DB,INFO;NBA,NONE;SYSTEM,NONE;VALIDATION,NONE;VISUALFORCE,NONE;WAVE,NONE;WORKFLOW,NONE
10:53:31.0 (522037)|USER_INFO|[EXTERNAL]|0052v00000fQDGY|api@naturalchemist.com.au.sand1|(GMT+11:00) Australian Eastern Daylight Time (Australia/Sydney)|GMT+11:00
10:53:31.0 (605473)|EXECUTION_STARTED
10:53:31.0 (614590)|CODE_UNIT_STARTED|[EXTERNAL]|01p2v00000SpN2U|CustomersFromBigCommerceBatch
	10:53:31.0 (3157644)|SYSTEM_METHOD_ENTRY|[15]|BatchableContextImpl.BatchableContextImpl()
	10:53:31.0 (3186798)|SYSTEM_METHOD_EXIT|[15]|BatchableContextImpl
	10:53:31.0 (3217948)|VARIABLE_SCOPE_BEGIN|[31]|this|Database.BatchableContextImpl|true|false
	10:53:31.0 (3351128)|VARIABLE_ASSIGNMENT|[31]|this|{}|0x6cc568bc
	10:53:31.0 (3359025)|VARIABLE_SCOPE_BEGIN|[31]|jobId|Id|false|false
	10:53:31.0 (3525792)|VARIABLE_ASSIGNMENT|[31]|jobId|"7071y00000J9FV5AAN"
	10:53:31.0 (3532869)|VARIABLE_SCOPE_BEGIN|[31]|childJobId|Id|false|false
	10:53:31.0 (3552183)|VARIABLE_ASSIGNMENT|[31]|childJobId|null
	10:53:31.0 (20497691)|METHOD_ENTRY|[1]|01p2v00000SpN2U|CustomersFromBigCommerceBatch.CustomersFromBigCommerceBatch()
	10:53:31.0 (20520789)|METHOD_EXIT|[1]|CustomersFromBigCommerceBatch
	10:53:31.0 (20549826)|VARIABLE_SCOPE_BEGIN|[97]|this|CustomersFromBigCommerceBatch|true|false
	10:53:31.0 (20602880)|VARIABLE_ASSIGNMENT|[97]|this|{"batchScheduleName":"67115","isManual":false}|0x1cf083d1
	10:53:31.0 (20614553)|VARIABLE_SCOPE_BEGIN|[97]|context|Database.BatchableContext|true|false
	10:53:31.0 (20724756)|VARIABLE_ASSIGNMENT|[97]|context|{"jobId":"7071y00000J9FV5AAN"}|0x6cc568bc
	10:53:31.0 (20905039)|CONSTRUCTOR_ENTRY|[100]|01p2v00000SpN2U|<init>(Integer)|CustomersFromBigCommerceBatch
	10:53:31.0 (20915926)|VARIABLE_SCOPE_BEGIN|[8]|this|CustomersFromBigCommerceBatch|true|false
	10:53:31.0 (20937079)|VARIABLE_ASSIGNMENT|[8]|this|{}|0x1c5700de
	10:53:31.0 (20944261)|VARIABLE_SCOPE_BEGIN|[8]|conditionalBatchNameNumber|Integer|false|false
	10:53:31.0 (20955086)|VARIABLE_ASSIGNMENT|[8]|conditionalBatchNameNumber|67115
	10:53:31.0 (21030660)|VARIABLE_ASSIGNMENT|[12]|conditionalBatchNameNumber|67116
	10:53:31.0 (21091441)|VARIABLE_ASSIGNMENT|[13]|this.batchScheduleName|"67116"|0x1c5700de
	10:53:31.0 (21118731)|VARIABLE_ASSIGNMENT|[14]|this.isManual|false|0x1c5700de
	10:53:31.0 (21129557)|CONSTRUCTOR_EXIT|[100]|01p2v00000SpN2U|<init>(Integer)|CustomersFromBigCommerceBatch
	10:53:31.0 (21136822)|VARIABLE_SCOPE_BEGIN|[100]|newBatch|CustomersFromBigCommerceBatch|true|false
	10:53:31.0 (21160294)|VARIABLE_ASSIGNMENT|[100]|newBatch|{"batchScheduleName":"67116","isManual":false}|0x1c5700de
	10:53:31.0 (21383138)|SYSTEM_METHOD_ENTRY|[14]|ScheduledBatch.ScheduledBatch()
	10:53:31.0 (21395553)|SYSTEM_METHOD_EXIT|[14]|ScheduledBatch
	10:53:31.0 (21416026)|VARIABLE_SCOPE_BEGIN|[27]|this|System.ScheduledBatch|true|false
	10:53:31.0 (21440235)|VARIABLE_ASSIGNMENT|[27]|this|{}|0x38688ebd
	10:53:31.0 (21446530)|VARIABLE_SCOPE_BEGIN|[27]|batchObj|Object|false|false
	10:53:31.0 (21465918)|VARIABLE_ASSIGNMENT|[27]|batchObj|{"batchScheduleName":"67116","isManual":false}
	10:53:31.0 (21471268)|VARIABLE_SCOPE_BEGIN|[27]|scope|Integer|false|false
	10:53:31.0 (21479954)|VARIABLE_ASSIGNMENT|[27]|scope|null
	10:53:31.0 (53296746)|SYSTEM_METHOD_ENTRY|[1]|Test.Test()
	10:53:31.0 (53313517)|SYSTEM_METHOD_EXIT|[1]|Test
	10:53:31.0 (53338625)|METHOD_ENTRY|[109]||System.Test.isRunningTest()
	10:53:31.0 (53390780)|METHOD_EXIT|[109]||System.Test.isRunningTest()
	10:53:31.0 (54158293)|METHOD_ENTRY|[1]|01p2v00000Tr0KR|ProductsFromBCBatch.ProductsFromBCBatch()
	10:53:31.0 (54178071)|METHOD_EXIT|[1]|ProductsFromBCBatch
	10:53:31.0 (54209612)|CONSTRUCTOR_ENTRY|[110]|01p2v00000Tr0KR|<init>()|ProductsFromBCBatch
	10:53:31.0 (54233919)|VARIABLE_SCOPE_BEGIN|[6]|this|ProductsFromBCBatch|true|false
	10:53:31.0 (54279270)|VARIABLE_ASSIGNMENT|[6]|this|{}|0x64894feb
	10:53:31.0 (54338823)|VARIABLE_ASSIGNMENT|[7]|this.updateFromProductQuickAction|false|0x64894feb
	10:53:31.0 (54348538)|CONSTRUCTOR_EXIT|[110]|01p2v00000Tr0KR|<init>()|ProductsFromBCBatch
	10:53:31.0 (54356145)|VARIABLE_SCOPE_BEGIN|[110]|productBatch|ProductsFromBCBatch|true|false
	10:53:31.0 (54378454)|VARIABLE_ASSIGNMENT|[110]|productBatch|{"updateFromProductQuickAction":false}|0x64894feb
10:53:31.0 (88813687)|CODE_UNIT_FINISHED|CustomersFromBigCommerceBatch
10:53:31.0 (88834682)|EXECUTION_FINISHED
