45.0 APEX_CODE,FINEST;APEX_PROFILING,NONE;CALLOUT,NONE;DB,INFO;NBA,NONE;SYSTEM,NONE;VALIDATION,NONE;VISUALFORCE,NONE;WAVE,NONE;WORKFLOW,NONE
10:58:34.0 (208911)|USER_INFO|[EXTERNAL]|0052v00000fQDGY|api@naturalchemist.com.au.sand1|(GMT+11:00) Australian Eastern Daylight Time (Australia/Sydney)|GMT+11:00
10:58:34.0 (256187)|EXECUTION_STARTED
10:58:34.0 (264129)|CODE_UNIT_STARTED|[EXTERNAL]|01p2v00000Tr0KM|OrdersFromBigCommerceBatch
	10:58:34.0 (2112583)|SYSTEM_METHOD_ENTRY|[15]|BatchableContextImpl.BatchableContextImpl()
	10:58:34.0 (2128355)|SYSTEM_METHOD_EXIT|[15]|BatchableContextImpl
	10:58:34.0 (2148633)|VARIABLE_SCOPE_BEGIN|[31]|this|Database.BatchableContextImpl|true|false
	10:58:34.0 (2213840)|VARIABLE_ASSIGNMENT|[31]|this|{}|0x638dc802
	10:58:34.0 (2220787)|VARIABLE_SCOPE_BEGIN|[31]|jobId|Id|false|false
	10:58:34.0 (2332479)|VARIABLE_ASSIGNMENT|[31]|jobId|"7071y00000J9Fa1AAF"
	10:58:34.0 (2339032)|VARIABLE_SCOPE_BEGIN|[31]|childJobId|Id|false|false
	10:58:34.0 (2349411)|VARIABLE_ASSIGNMENT|[31]|childJobId|null
	10:58:34.0 (11391057)|METHOD_ENTRY|[1]|01p2v00000Tr0KM|OrdersFromBigCommerceBatch.OrdersFromBigCommerceBatch()
	10:58:34.0 (11412833)|METHOD_EXIT|[1]|OrdersFromBigCommerceBatch
	10:58:34.0 (11438325)|VARIABLE_SCOPE_BEGIN|[253]|this|OrdersFromBigCommerceBatch|true|false
	10:58:34.0 (11485553)|VARIABLE_ASSIGNMENT|[253]|this|{"isManual":false}|0x6a806c89
	10:58:34.0 (11493316)|VARIABLE_SCOPE_BEGIN|[253]|context|Database.BatchableContext|true|false
	10:58:34.0 (11568800)|VARIABLE_ASSIGNMENT|[253]|context|{"jobId":"7071y00000J9Fa1AAF"}|0x638dc802
10:58:34.0 (22053350)|CODE_UNIT_FINISHED|OrdersFromBigCommerceBatch
10:58:34.0 (22067116)|EXECUTION_FINISHED
