45.0 APEX_CODE,FINEST;APEX_PROFILING,INFO;CALLOUT,INFO;DB,INFO;NBA,INFO;SYSTEM,DEBUG;VALIDATION,INFO;VISUALFORCE,INFO;WAVE,INFO;WORKFLOW,INFO
08:09:03.0 (302130)|USER_INFO|[EXTERNAL]|0052v00000fQDGY|api@naturalchemist.com.au.sand1|(GMT+11:00) Australian Eastern Daylight Time (Australia/Sydney)|GMT+11:00
08:09:03.0 (566846)|EXECUTION_STARTED
08:09:03.0 (598885)|CODE_UNIT_STARTED|[EXTERNAL]|01p2v00000Tr0KR|ProductsFromBCBatch
	08:09:03.0 (3366440)|SYSTEM_METHOD_ENTRY|[15]|BatchableContextImpl.BatchableContextImpl()
	08:09:03.0 (3391233)|SYSTEM_METHOD_EXIT|[15]|BatchableContextImpl
	08:09:03.0 (3415512)|VARIABLE_SCOPE_BEGIN|[31]|this|Database.BatchableContextImpl|true|false
	08:09:03.0 (3597768)|VARIABLE_ASSIGNMENT|[31]|this|{}|0x67e891b
	08:09:03.0 (3609980)|VARIABLE_SCOPE_BEGIN|[31]|jobId|Id|false|false
	08:09:03.0 (3802910)|VARIABLE_ASSIGNMENT|[31]|jobId|"7071y00000J9CEFAA3"
	08:09:03.0 (3813695)|VARIABLE_SCOPE_BEGIN|[31]|childJobId|Id|false|false
	08:09:03.0 (3827221)|VARIABLE_ASSIGNMENT|[31]|childJobId|null
	08:09:03.0 (14299442)|METHOD_ENTRY|[1]|01p2v00000Tr0KR|ProductsFromBCBatch.ProductsFromBCBatch()
	08:09:03.0 (14337460)|METHOD_EXIT|[1]|ProductsFromBCBatch
	08:09:03.0 (14387542)|VARIABLE_SCOPE_BEGIN|[314]|this|ProductsFromBCBatch|true|false
	08:09:03.0 (14493960)|VARIABLE_ASSIGNMENT|[314]|this|{"updateFromProductQuickAction":false}|0x1b8e69eb
	08:09:03.0 (14513684)|VARIABLE_SCOPE_BEGIN|[314]|context|Database.BatchableContext|true|false
	08:09:03.0 (14640944)|VARIABLE_ASSIGNMENT|[314]|context|{"jobId":"7071y00000J9CEFAA3"}|0x67e891b
	08:09:03.0 (14728240)|SYSTEM_METHOD_ENTRY|[1]|Test.Test()
	08:09:03.0 (14742836)|SYSTEM_METHOD_EXIT|[1]|Test
	08:09:03.0 (14781743)|METHOD_ENTRY|[315]||System.Test.isRunningTest()
	08:09:03.0 (14833587)|METHOD_EXIT|[315]||System.Test.isRunningTest()
	08:09:03.0 (15597429)|METHOD_ENTRY|[1]|01p2v00000Tr0KM|OrdersFromBigCommerceBatch.OrdersFromBigCommerceBatch()
	08:09:03.0 (15615868)|METHOD_EXIT|[1]|OrdersFromBigCommerceBatch
	08:09:03.0 (15682588)|CONSTRUCTOR_ENTRY|[316]|01p2v00000Tr0KM|<init>()|OrdersFromBigCommerceBatch
	08:09:03.0 (15723594)|VARIABLE_SCOPE_BEGIN|[8]|this|OrdersFromBigCommerceBatch|true|false
	08:09:03.0 (15770292)|VARIABLE_ASSIGNMENT|[8]|this|{}|0x64fe68a1
	08:09:03.0 (15850029)|VARIABLE_ASSIGNMENT|[9]|this.isManual|false|0x64fe68a1
	08:09:03.0 (15870590)|CONSTRUCTOR_EXIT|[316]|01p2v00000Tr0KM|<init>()|OrdersFromBigCommerceBatch
	08:09:03.0 (15882280)|VARIABLE_SCOPE_BEGIN|[316]|orderBatch|OrdersFromBigCommerceBatch|true|false
	08:09:03.0 (15910651)|VARIABLE_ASSIGNMENT|[316]|orderBatch|{"isManual":false}|0x64fe68a1
	08:09:03.139 (139074439)|CUMULATIVE_LIMIT_USAGE
	08:09:03.139 (139074439)|LIMIT_USAGE_FOR_NS|(default)|
	  Number of SOQL queries: 0 out of 200
	  Number of query rows: 0 out of 50000
	  Number of SOSL queries: 0 out of 20
	  Number of DML statements: 0 out of 150
	  Number of Publish Immediate DML: 0 out of 150
	  Number of DML rows: 0 out of 10000
	  Maximum CPU time: 0 out of 60000
	  Maximum heap size: 0 out of 12000000
	  Number of callouts: 0 out of 0
	  Number of Email Invocations: 0 out of 10
	  Number of future calls: 0 out of 0
	  Number of queueable jobs added to the queue: 0 out of 1
	  Number of Mobile Apex push calls: 0 out of 10
	
	08:09:03.139 (139074439)|CUMULATIVE_LIMIT_USAGE_END
	
08:09:03.0 (139183767)|CODE_UNIT_FINISHED|ProductsFromBCBatch
08:09:03.0 (139208434)|EXECUTION_FINISHED
