45.0 APEX_CODE,FINEST;APEX_PROFILING,NONE;CALLOUT,NONE;DB,INFO;NBA,NONE;SYSTEM,NONE;VALIDATION,NONE;VISUALFORCE,NONE;WAVE,NONE;WORKFLOW,NONE
10:28:11.0 (155256)|USER_INFO|[EXTERNAL]|0052v00000fQDGY|api@naturalchemist.com.au.sand1|(GMT+11:00) Australian Eastern Daylight Time (Australia/Sydney)|GMT+11:00
10:28:11.0 (191321)|EXECUTION_STARTED
10:28:11.0 (197831)|CODE_UNIT_STARTED|[EXTERNAL]|01p2v00000Tr0KM|OrdersFromBigCommerceBatch
	10:28:11.0 (2244788)|SYSTEM_METHOD_ENTRY|[15]|BatchableContextImpl.BatchableContextImpl()
	10:28:11.0 (2261929)|SYSTEM_METHOD_EXIT|[15]|BatchableContextImpl
	10:28:11.0 (2280200)|VARIABLE_SCOPE_BEGIN|[31]|this|Database.BatchableContextImpl|true|false
	10:28:11.0 (2344515)|VARIABLE_ASSIGNMENT|[31]|this|{}|0x1ba57c2c
	10:28:11.0 (2351855)|VARIABLE_SCOPE_BEGIN|[31]|jobId|Id|false|false
	10:28:11.0 (2450355)|VARIABLE_ASSIGNMENT|[31]|jobId|"7071y00000J9EypAAF"
	10:28:11.0 (2457605)|VARIABLE_SCOPE_BEGIN|[31]|childJobId|Id|false|false
	10:28:11.0 (2467718)|VARIABLE_ASSIGNMENT|[31]|childJobId|null
	10:28:11.0 (12247611)|METHOD_ENTRY|[1]|01p2v00000Tr0KM|OrdersFromBigCommerceBatch.OrdersFromBigCommerceBatch()
	10:28:11.0 (12268696)|METHOD_EXIT|[1]|OrdersFromBigCommerceBatch
	10:28:11.0 (12288457)|VARIABLE_SCOPE_BEGIN|[253]|this|OrdersFromBigCommerceBatch|true|false
	10:28:11.0 (12337150)|VARIABLE_ASSIGNMENT|[253]|this|{"isManual":false}|0x7b15b1bc
	10:28:11.0 (12344693)|VARIABLE_SCOPE_BEGIN|[253]|context|Database.BatchableContext|true|false
	10:28:11.0 (12419450)|VARIABLE_ASSIGNMENT|[253]|context|{"jobId":"7071y00000J9EypAAF"}|0x1ba57c2c
10:28:11.0 (22083892)|CODE_UNIT_FINISHED|OrdersFromBigCommerceBatch
10:28:11.0 (22098151)|EXECUTION_FINISHED
