45.0 APEX_CODE,FINEST;APEX_PROFILING,INFO;CALLOUT,INFO;DB,INFO;NBA,INFO;SYSTEM,DEBUG;VALIDATION,INFO;VISUALFORCE,INFO;WAVE,INFO;WORKFLOW,INFO
08:03:12.0 (740708)|USER_INFO|[EXTERNAL]|0052v00000fQDGY|api@naturalchemist.com.au.sand1|(GMT+11:00) Australian Eastern Daylight Time (Australia/Sydney)|GMT+11:00
08:03:12.0 (864369)|EXECUTION_STARTED
08:03:12.0 (881386)|CODE_UNIT_STARTED|[EXTERNAL]|01p2v00000SpN2U|CustomersFromBigCommerceBatch
	08:03:12.0 (4075812)|SYSTEM_METHOD_ENTRY|[15]|BatchableContextImpl.BatchableContextImpl()
	08:03:12.0 (4129521)|SYSTEM_METHOD_EXIT|[15]|BatchableContextImpl
	08:03:12.0 (4169718)|VARIABLE_SCOPE_BEGIN|[31]|this|Database.BatchableContextImpl|true|false
	08:03:12.0 (4400295)|VARIABLE_ASSIGNMENT|[31]|this|{}|0x51c63d03
	08:03:12.0 (4416096)|VARIABLE_SCOPE_BEGIN|[31]|jobId|Id|false|false
	08:03:12.0 (4678544)|VARIABLE_ASSIGNMENT|[31]|jobId|"7071y00000J9BfCAAV"
	08:03:12.0 (4693543)|VARIABLE_SCOPE_BEGIN|[31]|childJobId|Id|false|false
	08:03:12.0 (4714760)|VARIABLE_ASSIGNMENT|[31]|childJobId|null
	08:03:12.0 (24223892)|METHOD_ENTRY|[1]|01p2v00000SpN2U|CustomersFromBigCommerceBatch.CustomersFromBigCommerceBatch()
	08:03:12.0 (24261028)|METHOD_EXIT|[1]|CustomersFromBigCommerceBatch
	08:03:12.0 (24286389)|VARIABLE_SCOPE_BEGIN|[97]|this|CustomersFromBigCommerceBatch|true|false
	08:03:12.0 (24390512)|VARIABLE_ASSIGNMENT|[97]|this|{"batchScheduleName":"67082","isManual":false}|0x74dfc0a2
	08:03:12.0 (24408085)|VARIABLE_SCOPE_BEGIN|[97]|context|Database.BatchableContext|true|false
	08:03:12.0 (24585081)|VARIABLE_ASSIGNMENT|[97]|context|{"jobId":"7071y00000J9BfCAAV"}|0x51c63d03
	08:03:12.0 (24871051)|CONSTRUCTOR_ENTRY|[100]|01p2v00000SpN2U|<init>(Integer)|CustomersFromBigCommerceBatch
	08:03:12.0 (24894952)|VARIABLE_SCOPE_BEGIN|[8]|this|CustomersFromBigCommerceBatch|true|false
	08:03:12.0 (24932764)|VARIABLE_ASSIGNMENT|[8]|this|{}|0x210f3c22
	08:03:12.0 (24944529)|VARIABLE_SCOPE_BEGIN|[8]|conditionalBatchNameNumber|Integer|false|false
	08:03:12.0 (24965915)|VARIABLE_ASSIGNMENT|[8]|conditionalBatchNameNumber|67082
	08:03:12.0 (25063196)|VARIABLE_ASSIGNMENT|[12]|conditionalBatchNameNumber|67083
	08:03:12.0 (25173119)|VARIABLE_ASSIGNMENT|[13]|this.batchScheduleName|"67083"|0x210f3c22
	08:03:12.0 (25206937)|VARIABLE_ASSIGNMENT|[14]|this.isManual|false|0x210f3c22
	08:03:12.0 (25225809)|CONSTRUCTOR_EXIT|[100]|01p2v00000SpN2U|<init>(Integer)|CustomersFromBigCommerceBatch
	08:03:12.0 (25238287)|VARIABLE_SCOPE_BEGIN|[100]|newBatch|CustomersFromBigCommerceBatch|true|false
	08:03:12.0 (25274469)|VARIABLE_ASSIGNMENT|[100]|newBatch|{"batchScheduleName":"67083","isManual":false}|0x210f3c22
	08:03:12.0 (25578901)|SYSTEM_METHOD_ENTRY|[14]|ScheduledBatch.ScheduledBatch()
	08:03:12.0 (25594944)|SYSTEM_METHOD_EXIT|[14]|ScheduledBatch
	08:03:12.0 (25619380)|VARIABLE_SCOPE_BEGIN|[27]|this|System.ScheduledBatch|true|false
	08:03:12.0 (25659658)|VARIABLE_ASSIGNMENT|[27]|this|{}|0x20ff2324
	08:03:12.0 (25674286)|VARIABLE_SCOPE_BEGIN|[27]|batchObj|Object|false|false
	08:03:12.0 (25714198)|VARIABLE_ASSIGNMENT|[27]|batchObj|{"batchScheduleName":"67083","isManual":false}
	08:03:12.0 (25724551)|VARIABLE_SCOPE_BEGIN|[27]|scope|Integer|false|false
	08:03:12.0 (25743619)|VARIABLE_ASSIGNMENT|[27]|scope|null
	08:03:12.0 (85720591)|SYSTEM_METHOD_ENTRY|[1]|Test.Test()
	08:03:12.0 (85744981)|SYSTEM_METHOD_EXIT|[1]|Test
	08:03:12.0 (85789395)|METHOD_ENTRY|[109]||System.Test.isRunningTest()
	08:03:12.0 (85857147)|METHOD_EXIT|[109]||System.Test.isRunningTest()
	08:03:12.0 (93915993)|METHOD_ENTRY|[1]|01p2v00000Tr0KR|ProductsFromBCBatch.ProductsFromBCBatch()
	08:03:12.0 (93967932)|METHOD_EXIT|[1]|ProductsFromBCBatch
	08:03:12.0 (94028798)|CONSTRUCTOR_ENTRY|[110]|01p2v00000Tr0KR|<init>()|ProductsFromBCBatch
	08:03:12.0 (94098930)|VARIABLE_SCOPE_BEGIN|[6]|this|ProductsFromBCBatch|true|false
	08:03:12.0 (94171060)|VARIABLE_ASSIGNMENT|[6]|this|{}|0x5e5eb901
	08:03:12.0 (94265096)|VARIABLE_ASSIGNMENT|[7]|this.updateFromProductQuickAction|false|0x5e5eb901
	08:03:12.0 (94285382)|CONSTRUCTOR_EXIT|[110]|01p2v00000Tr0KR|<init>()|ProductsFromBCBatch
	08:03:12.0 (94298085)|VARIABLE_SCOPE_BEGIN|[110]|productBatch|ProductsFromBCBatch|true|false
	08:03:12.0 (94331182)|VARIABLE_ASSIGNMENT|[110]|productBatch|{"updateFromProductQuickAction":false}|0x5e5eb901
	08:03:12.157 (157906096)|CUMULATIVE_LIMIT_USAGE
	08:03:12.157 (157906096)|LIMIT_USAGE_FOR_NS|(default)|
	  Number of SOQL queries: 0 out of 200
	  Number of query rows: 0 out of 50000
	  Number of SOSL queries: 0 out of 20
	  Number of DML statements: 0 out of 150
	  Number of Publish Immediate DML: 0 out of 150
	  Number of DML rows: 0 out of 10000
	  Maximum CPU time: 0 out of 60000
	  Maximum heap size: 0 out of 12000000
	  Number of callouts: 0 out of 0
	  Number of Email Invocations: 0 out of 10
	  Number of future calls: 0 out of 0
	  Number of queueable jobs added to the queue: 0 out of 1
	  Number of Mobile Apex push calls: 0 out of 10
	
	08:03:12.157 (157906096)|CUMULATIVE_LIMIT_USAGE_END
	
08:03:12.0 (157994833)|CODE_UNIT_FINISHED|CustomersFromBigCommerceBatch
08:03:12.0 (158027811)|EXECUTION_FINISHED
