45.0 APEX_CODE,FINEST;APEX_PROFILING,INFO;CALLOUT,INFO;DB,INFO;NBA,INFO;SYSTEM,DEBUG;VALIDATION,INFO;VISUALFORCE,INFO;WAVE,INFO;WORKFLOW,INFO
08:14:13.0 (221794)|USER_INFO|[EXTERNAL]|0052v00000fQDGY|api@naturalchemist.com.au.sand1|(GMT+11:00) Australian Eastern Daylight Time (Australia/Sydney)|GMT+11:00
08:14:13.0 (295411)|EXECUTION_STARTED
08:14:13.0 (304843)|CODE_UNIT_STARTED|[EXTERNAL]|01p2v00000Tr0KR|ProductsFromBCBatch
	08:14:13.0 (2379425)|SYSTEM_METHOD_ENTRY|[15]|BatchableContextImpl.BatchableContextImpl()
	08:14:13.0 (2398213)|SYSTEM_METHOD_EXIT|[15]|BatchableContextImpl
	08:14:13.0 (2426032)|VARIABLE_SCOPE_BEGIN|[31]|this|Database.BatchableContextImpl|true|false
	08:14:13.0 (2527246)|VARIABLE_ASSIGNMENT|[31]|this|{}|0xf3e98c4
	08:14:13.0 (2541363)|VARIABLE_SCOPE_BEGIN|[31]|jobId|Id|false|false
	08:14:13.0 (2661451)|VARIABLE_ASSIGNMENT|[31]|jobId|"7071y00000J9CKjAAN"
	08:14:13.0 (2671186)|VARIABLE_SCOPE_BEGIN|[31]|childJobId|Id|false|false
	08:14:13.0 (2688104)|VARIABLE_ASSIGNMENT|[31]|childJobId|null
	08:14:13.0 (20672053)|METHOD_ENTRY|[1]|01p2v00000Tr0KR|ProductsFromBCBatch.ProductsFromBCBatch()
	08:14:13.0 (20701062)|METHOD_EXIT|[1]|ProductsFromBCBatch
	08:14:13.0 (20724950)|VARIABLE_SCOPE_BEGIN|[314]|this|ProductsFromBCBatch|true|false
	08:14:13.0 (20784166)|VARIABLE_ASSIGNMENT|[314]|this|{"updateFromProductQuickAction":false}|0x1ea917c3
	08:14:13.0 (20796050)|VARIABLE_SCOPE_BEGIN|[314]|context|Database.BatchableContext|true|false
	08:14:13.0 (20892613)|VARIABLE_ASSIGNMENT|[314]|context|{"jobId":"7071y00000J9CKjAAN"}|0xf3e98c4
	08:14:13.0 (20998103)|SYSTEM_METHOD_ENTRY|[1]|Test.Test()
	08:14:13.0 (21012041)|SYSTEM_METHOD_EXIT|[1]|Test
	08:14:13.0 (21034319)|METHOD_ENTRY|[315]||System.Test.isRunningTest()
	08:14:13.0 (21082893)|METHOD_EXIT|[315]||System.Test.isRunningTest()
	08:14:13.0 (21833958)|METHOD_ENTRY|[1]|01p2v00000Tr0KM|OrdersFromBigCommerceBatch.OrdersFromBigCommerceBatch()
	08:14:13.0 (21856180)|METHOD_EXIT|[1]|OrdersFromBigCommerceBatch
	08:14:13.0 (21896101)|CONSTRUCTOR_ENTRY|[316]|01p2v00000Tr0KM|<init>()|OrdersFromBigCommerceBatch
	08:14:13.0 (21924435)|VARIABLE_SCOPE_BEGIN|[8]|this|OrdersFromBigCommerceBatch|true|false
	08:14:13.0 (21971630)|VARIABLE_ASSIGNMENT|[8]|this|{}|0x27de7cc1
	08:14:13.0 (22058894)|VARIABLE_ASSIGNMENT|[9]|this.isManual|false|0x27de7cc1
	08:14:13.0 (22076868)|CONSTRUCTOR_EXIT|[316]|01p2v00000Tr0KM|<init>()|OrdersFromBigCommerceBatch
	08:14:13.0 (22090743)|VARIABLE_SCOPE_BEGIN|[316]|orderBatch|OrdersFromBigCommerceBatch|true|false
	08:14:13.0 (22145176)|VARIABLE_ASSIGNMENT|[316]|orderBatch|{"isManual":false}|0x27de7cc1
	08:14:13.76 (76547346)|CUMULATIVE_LIMIT_USAGE
	08:14:13.76 (76547346)|LIMIT_USAGE_FOR_NS|(default)|
	  Number of SOQL queries: 0 out of 200
	  Number of query rows: 0 out of 50000
	  Number of SOSL queries: 0 out of 20
	  Number of DML statements: 0 out of 150
	  Number of Publish Immediate DML: 0 out of 150
	  Number of DML rows: 0 out of 10000
	  Maximum CPU time: 0 out of 60000
	  Maximum heap size: 0 out of 12000000
	  Number of callouts: 0 out of 0
	  Number of Email Invocations: 0 out of 10
	  Number of future calls: 0 out of 0
	  Number of queueable jobs added to the queue: 0 out of 1
	  Number of Mobile Apex push calls: 0 out of 10
	
	08:14:13.76 (76547346)|CUMULATIVE_LIMIT_USAGE_END
	
08:14:13.0 (76614263)|CODE_UNIT_FINISHED|ProductsFromBCBatch
08:14:13.0 (76646727)|EXECUTION_FINISHED
