45.0 APEX_CODE,FINEST;APEX_PROFILING,NONE;CALLOUT,NONE;DB,INFO;NBA,NONE;SYSTEM,NONE;VALIDATION,NONE;VISUALFORCE,NONE;WAVE,NONE;WORKFLOW,NONE
11:04:05.0 (507620)|USER_INFO|[EXTERNAL]|0052v00000fQDGY|api@naturalchemist.com.au.sand1|(GMT+11:00) Australian Eastern Daylight Time (Australia/Sydney)|GMT+11:00
11:04:05.0 (631249)|EXECUTION_STARTED
11:04:05.0 (640503)|CODE_UNIT_STARTED|[EXTERNAL]|01p2v00000Tr0KM|OrdersFromBigCommerceBatch
	11:04:05.0 (3224359)|SYSTEM_METHOD_ENTRY|[15]|BatchableContextImpl.BatchableContextImpl()
	11:04:05.0 (3249675)|SYSTEM_METHOD_EXIT|[15]|BatchableContextImpl
	11:04:05.0 (3268843)|VARIABLE_SCOPE_BEGIN|[31]|this|Database.BatchableContextImpl|true|false
	11:04:05.0 (3394937)|VARIABLE_ASSIGNMENT|[31]|this|{}|0x4a591dbf
	11:04:05.0 (3403093)|VARIABLE_SCOPE_BEGIN|[31]|jobId|Id|false|false
	11:04:05.0 (3631802)|VARIABLE_ASSIGNMENT|[31]|jobId|"7071y00000J9FppAAF"
	11:04:05.0 (3639588)|VARIABLE_SCOPE_BEGIN|[31]|childJobId|Id|false|false
	11:04:05.0 (3650376)|VARIABLE_ASSIGNMENT|[31]|childJobId|null
	11:04:05.0 (14442993)|METHOD_ENTRY|[1]|01p2v00000Tr0KM|OrdersFromBigCommerceBatch.OrdersFromBigCommerceBatch()
	11:04:05.0 (14464886)|METHOD_EXIT|[1]|OrdersFromBigCommerceBatch
	11:04:05.0 (14485205)|VARIABLE_SCOPE_BEGIN|[253]|this|OrdersFromBigCommerceBatch|true|false
	11:04:05.0 (14535917)|VARIABLE_ASSIGNMENT|[253]|this|{"isManual":false}|0x155807b0
	11:04:05.0 (14544532)|VARIABLE_SCOPE_BEGIN|[253]|context|Database.BatchableContext|true|false
	11:04:05.0 (14667283)|VARIABLE_ASSIGNMENT|[253]|context|{"jobId":"7071y00000J9FppAAF"}|0x4a591dbf
11:04:05.0 (23990105)|CODE_UNIT_FINISHED|OrdersFromBigCommerceBatch
11:04:05.0 (24007239)|EXECUTION_FINISHED
