45.0 APEX_CODE,FINEST;APEX_PROFILING,INFO;CALLOUT,INFO;DB,INFO;NBA,INFO;SYSTEM,DEBUG;VALIDATION,INFO;VISUALFORCE,INFO;WAVE,INFO;WORKFLOW,INFO
08:14:13.0 (224175)|USER_INFO|[EXTERNAL]|0052v00000fQDGY|api@naturalchemist.com.au.sand1|(GMT+11:00) Australian Eastern Daylight Time (Australia/Sydney)|GMT+11:00
08:14:13.0 (294611)|EXECUTION_STARTED
08:14:13.0 (303669)|CODE_UNIT_STARTED|[EXTERNAL]|01p2v00000Tr0KM|OrdersFromBigCommerceBatch
	08:14:13.0 (2536143)|SYSTEM_METHOD_ENTRY|[15]|BatchableContextImpl.BatchableContextImpl()
	08:14:13.0 (2575167)|SYSTEM_METHOD_EXIT|[15]|BatchableContextImpl
	08:14:13.0 (2612892)|VARIABLE_SCOPE_BEGIN|[31]|this|Database.BatchableContextImpl|true|false
	08:14:13.0 (2743190)|VARIABLE_ASSIGNMENT|[31]|this|{}|0x38404248
	08:14:13.0 (2758228)|VARIABLE_SCOPE_BEGIN|[31]|jobId|Id|false|false
	08:14:13.0 (2929007)|VARIABLE_ASSIGNMENT|[31]|jobId|"7071y00000J9CEKAA3"
	08:14:13.0 (2948759)|VARIABLE_SCOPE_BEGIN|[31]|childJobId|Id|false|false
	08:14:13.0 (2979179)|VARIABLE_ASSIGNMENT|[31]|childJobId|null
	08:14:13.0 (12715445)|METHOD_ENTRY|[1]|01p2v00000Tr0KM|OrdersFromBigCommerceBatch.OrdersFromBigCommerceBatch()
	08:14:13.0 (12739733)|METHOD_EXIT|[1]|OrdersFromBigCommerceBatch
	08:14:13.0 (12762962)|VARIABLE_SCOPE_BEGIN|[253]|this|OrdersFromBigCommerceBatch|true|false
	08:14:13.0 (12820048)|VARIABLE_ASSIGNMENT|[253]|this|{"isManual":false}|0x6d14fd2c
	08:14:13.0 (12830561)|VARIABLE_SCOPE_BEGIN|[253]|context|Database.BatchableContext|true|false
	08:14:13.0 (12920444)|VARIABLE_ASSIGNMENT|[253]|context|{"jobId":"7071y00000J9CEKAA3"}|0x38404248
	08:14:13.22 (22366070)|CUMULATIVE_LIMIT_USAGE
	08:14:13.22 (22366070)|LIMIT_USAGE_FOR_NS|(default)|
	  Number of SOQL queries: 0 out of 200
	  Number of query rows: 0 out of 50000
	  Number of SOSL queries: 0 out of 20
	  Number of DML statements: 0 out of 150
	  Number of Publish Immediate DML: 0 out of 150
	  Number of DML rows: 0 out of 10000
	  Maximum CPU time: 0 out of 60000
	  Maximum heap size: 0 out of 12000000
	  Number of callouts: 0 out of 0
	  Number of Email Invocations: 0 out of 10
	  Number of future calls: 0 out of 0
	  Number of queueable jobs added to the queue: 0 out of 1
	  Number of Mobile Apex push calls: 0 out of 10
	
	08:14:13.22 (22366070)|CUMULATIVE_LIMIT_USAGE_END
	
08:14:13.0 (22427718)|CODE_UNIT_FINISHED|OrdersFromBigCommerceBatch
08:14:13.0 (22453848)|EXECUTION_FINISHED
