45.0 APEX_CODE,FINEST;APEX_PROFILING,INFO;CALLOUT,INFO;DB,INFO;NBA,INFO;SYSTEM,DEBUG;VALIDATION,INFO;VISUALFORCE,INFO;WAVE,INFO;WORKFLOW,INFO
08:24:15.0 (186662)|USER_INFO|[EXTERNAL]|0052v00000fQDGY|api@naturalchemist.com.au.sand1|(GMT+11:00) Australian Eastern Daylight Time (Australia/Sydney)|GMT+11:00
08:24:15.0 (237651)|EXECUTION_STARTED
08:24:15.0 (243966)|CODE_UNIT_STARTED|[EXTERNAL]|01p2v00000Tr0KR|ProductsFromBCBatch
	08:24:15.0 (2628450)|SYSTEM_METHOD_ENTRY|[15]|BatchableContextImpl.BatchableContextImpl()
	08:24:15.0 (2653769)|SYSTEM_METHOD_EXIT|[15]|BatchableContextImpl
	08:24:15.0 (2686326)|VARIABLE_SCOPE_BEGIN|[31]|this|Database.BatchableContextImpl|true|false
	08:24:15.0 (2793831)|VARIABLE_ASSIGNMENT|[31]|this|{}|0x40e3df76
	08:24:15.0 (2817481)|VARIABLE_SCOPE_BEGIN|[31]|jobId|Id|false|false
	08:24:15.0 (2991545)|VARIABLE_ASSIGNMENT|[31]|jobId|"7071y00000J9CWIAA3"
	08:24:15.0 (3007028)|VARIABLE_SCOPE_BEGIN|[31]|childJobId|Id|false|false
	08:24:15.0 (3031591)|VARIABLE_ASSIGNMENT|[31]|childJobId|null
	08:24:15.0 (15793071)|METHOD_ENTRY|[1]|01p2v00000Tr0KR|ProductsFromBCBatch.ProductsFromBCBatch()
	08:24:15.0 (15828910)|METHOD_EXIT|[1]|ProductsFromBCBatch
	08:24:15.0 (15851692)|VARIABLE_SCOPE_BEGIN|[314]|this|ProductsFromBCBatch|true|false
	08:24:15.0 (15905995)|VARIABLE_ASSIGNMENT|[314]|this|{"updateFromProductQuickAction":false}|0x9cbc4d8
	08:24:15.0 (15917411)|VARIABLE_SCOPE_BEGIN|[314]|context|Database.BatchableContext|true|false
	08:24:15.0 (16010162)|VARIABLE_ASSIGNMENT|[314]|context|{"jobId":"7071y00000J9CWIAA3"}|0x40e3df76
	08:24:15.0 (16109314)|SYSTEM_METHOD_ENTRY|[1]|Test.Test()
	08:24:15.0 (16122228)|SYSTEM_METHOD_EXIT|[1]|Test
	08:24:15.0 (16140010)|METHOD_ENTRY|[315]||System.Test.isRunningTest()
	08:24:15.0 (16185759)|METHOD_EXIT|[315]||System.Test.isRunningTest()
	08:24:15.0 (16877636)|METHOD_ENTRY|[1]|01p2v00000Tr0KM|OrdersFromBigCommerceBatch.OrdersFromBigCommerceBatch()
	08:24:15.0 (16895280)|METHOD_EXIT|[1]|OrdersFromBigCommerceBatch
	08:24:15.0 (16934319)|CONSTRUCTOR_ENTRY|[316]|01p2v00000Tr0KM|<init>()|OrdersFromBigCommerceBatch
	08:24:15.0 (16963460)|VARIABLE_SCOPE_BEGIN|[8]|this|OrdersFromBigCommerceBatch|true|false
	08:24:15.0 (17004940)|VARIABLE_ASSIGNMENT|[8]|this|{}|0x4243e5a3
	08:24:15.0 (17091079)|VARIABLE_ASSIGNMENT|[9]|this.isManual|false|0x4243e5a3
	08:24:15.0 (17104059)|CONSTRUCTOR_EXIT|[316]|01p2v00000Tr0KM|<init>()|OrdersFromBigCommerceBatch
	08:24:15.0 (17115831)|VARIABLE_SCOPE_BEGIN|[316]|orderBatch|OrdersFromBigCommerceBatch|true|false
	08:24:15.0 (17142634)|VARIABLE_ASSIGNMENT|[316]|orderBatch|{"isManual":false}|0x4243e5a3
	08:24:15.68 (68820502)|CUMULATIVE_LIMIT_USAGE
	08:24:15.68 (68820502)|LIMIT_USAGE_FOR_NS|(default)|
	  Number of SOQL queries: 0 out of 200
	  Number of query rows: 0 out of 50000
	  Number of SOSL queries: 0 out of 20
	  Number of DML statements: 0 out of 150
	  Number of Publish Immediate DML: 0 out of 150
	  Number of DML rows: 0 out of 10000
	  Maximum CPU time: 0 out of 60000
	  Maximum heap size: 0 out of 12000000
	  Number of callouts: 0 out of 0
	  Number of Email Invocations: 0 out of 10
	  Number of future calls: 0 out of 0
	  Number of queueable jobs added to the queue: 0 out of 1
	  Number of Mobile Apex push calls: 0 out of 10
	
	08:24:15.68 (68820502)|CUMULATIVE_LIMIT_USAGE_END
	
08:24:15.0 (68871908)|CODE_UNIT_FINISHED|ProductsFromBCBatch
08:24:15.0 (68890271)|EXECUTION_FINISHED
