45.0 APEX_CODE,FINEST;APEX_PROFILING,NONE;CALLOUT,NONE;DB,INFO;NBA,NONE;SYSTEM,NONE;VALIDATION,NONE;VISUALFORCE,NONE;WAVE,NONE;WORKFLOW,NONE
10:28:11.0 (548255)|USER_INFO|[EXTERNAL]|0052v00000fQDGY|api@naturalchemist.com.au.sand1|(GMT+11:00) Australian Eastern Daylight Time (Australia/Sydney)|GMT+11:00
10:28:11.0 (631348)|EXECUTION_STARTED
10:28:11.0 (645680)|CODE_UNIT_STARTED|[EXTERNAL]|01p2v00000Tr0KR|ProductsFromBCBatch
	10:28:11.0 (3300106)|SYSTEM_METHOD_ENTRY|[15]|BatchableContextImpl.BatchableContextImpl()
	10:28:11.0 (3336563)|SYSTEM_METHOD_EXIT|[15]|BatchableContextImpl
	10:28:11.0 (3372532)|VARIABLE_SCOPE_BEGIN|[31]|this|Database.BatchableContextImpl|true|false
	10:28:11.0 (3519456)|VARIABLE_ASSIGNMENT|[31]|this|{}|0x7c15e505
	10:28:11.0 (3533504)|VARIABLE_SCOPE_BEGIN|[31]|jobId|Id|false|false
	10:28:11.0 (3718756)|VARIABLE_ASSIGNMENT|[31]|jobId|"7071y00000J9EztAAF"
	10:28:11.0 (3725847)|VARIABLE_SCOPE_BEGIN|[31]|childJobId|Id|false|false
	10:28:11.0 (3743853)|VARIABLE_ASSIGNMENT|[31]|childJobId|null
	10:28:11.0 (13547096)|METHOD_ENTRY|[1]|01p2v00000Tr0KR|ProductsFromBCBatch.ProductsFromBCBatch()
	10:28:11.0 (13573705)|METHOD_EXIT|[1]|ProductsFromBCBatch
	10:28:11.0 (13595227)|VARIABLE_SCOPE_BEGIN|[314]|this|ProductsFromBCBatch|true|false
	10:28:11.0 (13653162)|VARIABLE_ASSIGNMENT|[314]|this|{"updateFromProductQuickAction":false}|0x61f5d7f0
	10:28:11.0 (13660616)|VARIABLE_SCOPE_BEGIN|[314]|context|Database.BatchableContext|true|false
	10:28:11.0 (13765409)|VARIABLE_ASSIGNMENT|[314]|context|{"jobId":"7071y00000J9EztAAF"}|0x7c15e505
	10:28:11.0 (13841949)|SYSTEM_METHOD_ENTRY|[1]|Test.Test()
	10:28:11.0 (13853287)|SYSTEM_METHOD_EXIT|[1]|Test
	10:28:11.0 (13875259)|METHOD_ENTRY|[315]||System.Test.isRunningTest()
	10:28:11.0 (13931570)|METHOD_EXIT|[315]||System.Test.isRunningTest()
	10:28:11.0 (14754180)|METHOD_ENTRY|[1]|01p2v00000Tr0KM|OrdersFromBigCommerceBatch.OrdersFromBigCommerceBatch()
	10:28:11.0 (14770583)|METHOD_EXIT|[1]|OrdersFromBigCommerceBatch
	10:28:11.0 (14817226)|CONSTRUCTOR_ENTRY|[316]|01p2v00000Tr0KM|<init>()|OrdersFromBigCommerceBatch
	10:28:11.0 (14863375)|VARIABLE_SCOPE_BEGIN|[8]|this|OrdersFromBigCommerceBatch|true|false
	10:28:11.0 (14906530)|VARIABLE_ASSIGNMENT|[8]|this|{}|0x49e3230f
	10:28:11.0 (14998066)|VARIABLE_ASSIGNMENT|[9]|this.isManual|false|0x49e3230f
	10:28:11.0 (15008766)|CONSTRUCTOR_EXIT|[316]|01p2v00000Tr0KM|<init>()|OrdersFromBigCommerceBatch
	10:28:11.0 (15016815)|VARIABLE_SCOPE_BEGIN|[316]|orderBatch|OrdersFromBigCommerceBatch|true|false
	10:28:11.0 (15041022)|VARIABLE_ASSIGNMENT|[316]|orderBatch|{"isManual":false}|0x49e3230f
10:28:11.0 (75666379)|CODE_UNIT_FINISHED|ProductsFromBCBatch
10:28:11.0 (75690708)|EXECUTION_FINISHED
