45.0 APEX_CODE,FINEST;APEX_PROFILING,INFO;CALLOUT,INFO;DB,INFO;NBA,INFO;SYSTEM,DEBUG;VALIDATION,INFO;VISUALFORCE,INFO;WAVE,INFO;WORKFLOW,INFO
23:49:05.0 (177567)|USER_INFO|[EXTERNAL]|0052v00000fQDGY|api@naturalchemist.com.au.sand1|(GMT+11:00) Australian Eastern Daylight Time (Australia/Sydney)|GMT+11:00
23:49:05.0 (222788)|EXECUTION_STARTED
23:49:05.0 (230626)|CODE_UNIT_STARTED|[EXTERNAL]|01p2v00000Tr0KM|OrdersFromBigCommerceBatch
	23:49:05.0 (3241760)|SYSTEM_METHOD_ENTRY|[15]|BatchableContextImpl.BatchableContextImpl()
	23:49:05.0 (3260096)|SYSTEM_METHOD_EXIT|[15]|BatchableContextImpl
	23:49:05.0 (3284628)|VARIABLE_SCOPE_BEGIN|[31]|this|Database.BatchableContextImpl|true|false
	23:49:05.0 (3357196)|VARIABLE_ASSIGNMENT|[31]|this|{}|0x5fc4fa1f
	23:49:05.0 (3368580)|VARIABLE_SCOPE_BEGIN|[31]|jobId|Id|false|false
	23:49:05.0 (3490657)|VARIABLE_ASSIGNMENT|[31]|jobId|"7071y00000JM9HEAA1"
	23:49:05.0 (3499772)|VARIABLE_SCOPE_BEGIN|[31]|childJobId|Id|false|false
	23:49:05.0 (3514154)|VARIABLE_ASSIGNMENT|[31]|childJobId|null
	23:49:05.0 (16541576)|METHOD_ENTRY|[1]|01p2v00000Tr0KM|OrdersFromBigCommerceBatch.OrdersFromBigCommerceBatch()
	23:49:05.0 (16568950)|METHOD_EXIT|[1]|OrdersFromBigCommerceBatch
	23:49:05.0 (16594828)|VARIABLE_SCOPE_BEGIN|[253]|this|OrdersFromBigCommerceBatch|true|false
	23:49:05.0 (16650623)|VARIABLE_ASSIGNMENT|[253]|this|{"isManual":false}|0x3aad6ece
	23:49:05.0 (16667123)|VARIABLE_SCOPE_BEGIN|[253]|context|Database.BatchableContext|true|false
	23:49:05.0 (16765908)|VARIABLE_ASSIGNMENT|[253]|context|{"jobId":"7071y00000JM9HEAA1"}|0x5fc4fa1f
	23:49:05.35 (35038384)|CUMULATIVE_LIMIT_USAGE
	23:49:05.35 (35038384)|LIMIT_USAGE_FOR_NS|(default)|
	  Number of SOQL queries: 0 out of 200
	  Number of query rows: 0 out of 50000
	  Number of SOSL queries: 0 out of 20
	  Number of DML statements: 0 out of 150
	  Number of Publish Immediate DML: 0 out of 150
	  Number of DML rows: 0 out of 10000
	  Maximum CPU time: 0 out of 60000
	  Maximum heap size: 0 out of 12000000
	  Number of callouts: 0 out of 0
	  Number of Email Invocations: 0 out of 10
	  Number of future calls: 0 out of 0
	  Number of queueable jobs added to the queue: 0 out of 1
	  Number of Mobile Apex push calls: 0 out of 10
	
	23:49:05.35 (35038384)|CUMULATIVE_LIMIT_USAGE_END
	
23:49:05.0 (35081822)|CODE_UNIT_FINISHED|OrdersFromBigCommerceBatch
23:49:05.0 (35097478)|EXECUTION_FINISHED
