45.0 APEX_CODE,FINEST;APEX_PROFILING,INFO;CALLOUT,INFO;DB,INFO;NBA,INFO;SYSTEM,DEBUG;VALIDATION,INFO;VISUALFORCE,INFO;WAVE,INFO;WORKFLOW,INFO
07:58:11.0 (666463)|USER_INFO|[EXTERNAL]|0052v00000fQDGY|api@naturalchemist.com.au.sand1|(GMT+11:00) Australian Eastern Daylight Time (Australia/Sydney)|GMT+11:00
07:58:11.0 (816102)|EXECUTION_STARTED
07:58:11.0 (835235)|CODE_UNIT_STARTED|[EXTERNAL]|01p2v00000SpN2U|CustomersFromBigCommerceBatch
	07:58:11.0 (3844103)|SYSTEM_METHOD_ENTRY|[15]|BatchableContextImpl.BatchableContextImpl()
	07:58:11.0 (3874520)|SYSTEM_METHOD_EXIT|[15]|BatchableContextImpl
	07:58:11.0 (3912945)|VARIABLE_SCOPE_BEGIN|[31]|this|Database.BatchableContextImpl|true|false
	07:58:11.0 (4100370)|VARIABLE_ASSIGNMENT|[31]|this|{}|0x5f67e266
	07:58:11.0 (4115712)|VARIABLE_SCOPE_BEGIN|[31]|jobId|Id|false|false
	07:58:11.0 (4424342)|VARIABLE_ASSIGNMENT|[31]|jobId|"7071y00000J9BvXAAV"
	07:58:11.0 (4437031)|VARIABLE_SCOPE_BEGIN|[31]|childJobId|Id|false|false
	07:58:11.0 (4456892)|VARIABLE_ASSIGNMENT|[31]|childJobId|null
	07:58:11.0 (21117342)|METHOD_ENTRY|[1]|01p2v00000SpN2U|CustomersFromBigCommerceBatch.CustomersFromBigCommerceBatch()
	07:58:11.0 (21144853)|METHOD_EXIT|[1]|CustomersFromBigCommerceBatch
	07:58:11.0 (21175641)|VARIABLE_SCOPE_BEGIN|[97]|this|CustomersFromBigCommerceBatch|true|false
	07:58:11.0 (21328926)|VARIABLE_ASSIGNMENT|[97]|this|{"batchScheduleName":"67081","isManual":false}|0x722097f7
	07:58:11.0 (21341810)|VARIABLE_SCOPE_BEGIN|[97]|context|Database.BatchableContext|true|false
	07:58:11.0 (21477551)|VARIABLE_ASSIGNMENT|[97]|context|{"jobId":"7071y00000J9BvXAAV"}|0x5f67e266
	07:58:11.0 (21990286)|CONSTRUCTOR_ENTRY|[100]|01p2v00000SpN2U|<init>(Integer)|CustomersFromBigCommerceBatch
	07:58:11.0 (22015863)|VARIABLE_SCOPE_BEGIN|[8]|this|CustomersFromBigCommerceBatch|true|false
	07:58:11.0 (22047853)|VARIABLE_ASSIGNMENT|[8]|this|{}|0xa35fd21
	07:58:11.0 (22058644)|VARIABLE_SCOPE_BEGIN|[8]|conditionalBatchNameNumber|Integer|false|false
	07:58:11.0 (22081126)|VARIABLE_ASSIGNMENT|[8]|conditionalBatchNameNumber|67081
	07:58:11.0 (22157087)|VARIABLE_ASSIGNMENT|[12]|conditionalBatchNameNumber|67082
	07:58:11.0 (22237561)|VARIABLE_ASSIGNMENT|[13]|this.batchScheduleName|"67082"|0xa35fd21
	07:58:11.0 (22291096)|VARIABLE_ASSIGNMENT|[14]|this.isManual|false|0xa35fd21
	07:58:11.0 (22315727)|CONSTRUCTOR_EXIT|[100]|01p2v00000SpN2U|<init>(Integer)|CustomersFromBigCommerceBatch
	07:58:11.0 (22330069)|VARIABLE_SCOPE_BEGIN|[100]|newBatch|CustomersFromBigCommerceBatch|true|false
	07:58:11.0 (22374618)|VARIABLE_ASSIGNMENT|[100]|newBatch|{"batchScheduleName":"67082","isManual":false}|0xa35fd21
	07:58:11.0 (22675703)|SYSTEM_METHOD_ENTRY|[14]|ScheduledBatch.ScheduledBatch()
	07:58:11.0 (22690044)|SYSTEM_METHOD_EXIT|[14]|ScheduledBatch
	07:58:11.0 (22712224)|VARIABLE_SCOPE_BEGIN|[27]|this|System.ScheduledBatch|true|false
	07:58:11.0 (22743127)|VARIABLE_ASSIGNMENT|[27]|this|{}|0x19a4dc89
	07:58:11.0 (22753455)|VARIABLE_SCOPE_BEGIN|[27]|batchObj|Object|false|false
	07:58:11.0 (22777717)|VARIABLE_ASSIGNMENT|[27]|batchObj|{"batchScheduleName":"67082","isManual":false}
	07:58:11.0 (22784903)|VARIABLE_SCOPE_BEGIN|[27]|scope|Integer|false|false
	07:58:11.0 (22798143)|VARIABLE_ASSIGNMENT|[27]|scope|null
	07:58:11.0 (50427539)|SYSTEM_METHOD_ENTRY|[1]|Test.Test()
	07:58:11.0 (50448341)|SYSTEM_METHOD_EXIT|[1]|Test
	07:58:11.0 (50480652)|METHOD_ENTRY|[109]||System.Test.isRunningTest()
	07:58:11.0 (50540139)|METHOD_EXIT|[109]||System.Test.isRunningTest()
	07:58:11.0 (51363475)|METHOD_ENTRY|[1]|01p2v00000Tr0KR|ProductsFromBCBatch.ProductsFromBCBatch()
	07:58:11.0 (51384919)|METHOD_EXIT|[1]|ProductsFromBCBatch
	07:58:11.0 (51424459)|CONSTRUCTOR_ENTRY|[110]|01p2v00000Tr0KR|<init>()|ProductsFromBCBatch
	07:58:11.0 (51457793)|VARIABLE_SCOPE_BEGIN|[6]|this|ProductsFromBCBatch|true|false
	07:58:11.0 (51520491)|VARIABLE_ASSIGNMENT|[6]|this|{}|0x29566300
	07:58:11.0 (51597319)|VARIABLE_ASSIGNMENT|[7]|this.updateFromProductQuickAction|false|0x29566300
	07:58:11.0 (51609256)|CONSTRUCTOR_EXIT|[110]|01p2v00000Tr0KR|<init>()|ProductsFromBCBatch
	07:58:11.0 (51620124)|VARIABLE_SCOPE_BEGIN|[110]|productBatch|ProductsFromBCBatch|true|false
	07:58:11.0 (51654997)|VARIABLE_ASSIGNMENT|[110]|productBatch|{"updateFromProductQuickAction":false}|0x29566300
	07:58:11.87 (87507783)|CUMULATIVE_LIMIT_USAGE
	07:58:11.87 (87507783)|LIMIT_USAGE_FOR_NS|(default)|
	  Number of SOQL queries: 0 out of 200
	  Number of query rows: 0 out of 50000
	  Number of SOSL queries: 0 out of 20
	  Number of DML statements: 0 out of 150
	  Number of Publish Immediate DML: 0 out of 150
	  Number of DML rows: 0 out of 10000
	  Maximum CPU time: 0 out of 60000
	  Maximum heap size: 0 out of 12000000
	  Number of callouts: 0 out of 0
	  Number of Email Invocations: 0 out of 10
	  Number of future calls: 0 out of 0
	  Number of queueable jobs added to the queue: 0 out of 1
	  Number of Mobile Apex push calls: 0 out of 10
	
	07:58:11.87 (87507783)|CUMULATIVE_LIMIT_USAGE_END
	
07:58:11.0 (87605919)|CODE_UNIT_FINISHED|CustomersFromBigCommerceBatch
07:58:11.0 (87646494)|EXECUTION_FINISHED
