45.0 APEX_CODE,FINEST;APEX_PROFILING,NONE;CALLOUT,NONE;DB,INFO;NBA,NONE;SYSTEM,NONE;VALIDATION,NONE;VISUALFORCE,NONE;WAVE,NONE;WORKFLOW,NONE
10:43:24.0 (174596)|USER_INFO|[EXTERNAL]|0052v00000fQDGY|api@naturalchemist.com.au.sand1|(GMT+11:00) Australian Eastern Daylight Time (Australia/Sydney)|GMT+11:00
10:43:24.0 (216881)|EXECUTION_STARTED
10:43:24.0 (223410)|CODE_UNIT_STARTED|[EXTERNAL]|01p2v00000Tr0KR|ProductsFromBCBatch
	10:43:24.0 (2381755)|SYSTEM_METHOD_ENTRY|[15]|BatchableContextImpl.BatchableContextImpl()
	10:43:24.0 (2399485)|SYSTEM_METHOD_EXIT|[15]|BatchableContextImpl
	10:43:24.0 (2419461)|VARIABLE_SCOPE_BEGIN|[31]|this|Database.BatchableContextImpl|true|false
	10:43:24.0 (2496901)|VARIABLE_ASSIGNMENT|[31]|this|{}|0x15d867cc
	10:43:24.0 (2509769)|VARIABLE_SCOPE_BEGIN|[31]|jobId|Id|false|false
	10:43:24.0 (2660099)|VARIABLE_ASSIGNMENT|[31]|jobId|"7071y00000J9FMsAAN"
	10:43:24.0 (2668649)|VARIABLE_SCOPE_BEGIN|[31]|childJobId|Id|false|false
	10:43:24.0 (2679679)|VARIABLE_ASSIGNMENT|[31]|childJobId|null
	10:43:24.0 (14529386)|METHOD_ENTRY|[1]|01p2v00000Tr0KR|ProductsFromBCBatch.ProductsFromBCBatch()
	10:43:24.0 (14566923)|METHOD_EXIT|[1]|ProductsFromBCBatch
	10:43:24.0 (14587004)|VARIABLE_SCOPE_BEGIN|[314]|this|ProductsFromBCBatch|true|false
	10:43:24.0 (14640931)|VARIABLE_ASSIGNMENT|[314]|this|{"updateFromProductQuickAction":false}|0x293304f5
	10:43:24.0 (14648572)|VARIABLE_SCOPE_BEGIN|[314]|context|Database.BatchableContext|true|false
	10:43:24.0 (14742134)|VARIABLE_ASSIGNMENT|[314]|context|{"jobId":"7071y00000J9FMsAAN"}|0x15d867cc
	10:43:24.0 (14861756)|SYSTEM_METHOD_ENTRY|[1]|Test.Test()
	10:43:24.0 (14877781)|SYSTEM_METHOD_EXIT|[1]|Test
	10:43:24.0 (14897473)|METHOD_ENTRY|[315]||System.Test.isRunningTest()
	10:43:24.0 (14952784)|METHOD_EXIT|[315]||System.Test.isRunningTest()
	10:43:24.0 (19706069)|METHOD_ENTRY|[1]|01p2v00000Tr0KM|OrdersFromBigCommerceBatch.OrdersFromBigCommerceBatch()
	10:43:24.0 (19730118)|METHOD_EXIT|[1]|OrdersFromBigCommerceBatch
	10:43:24.0 (19777942)|CONSTRUCTOR_ENTRY|[316]|01p2v00000Tr0KM|<init>()|OrdersFromBigCommerceBatch
	10:43:24.0 (19820610)|VARIABLE_SCOPE_BEGIN|[8]|this|OrdersFromBigCommerceBatch|true|false
	10:43:24.0 (19872233)|VARIABLE_ASSIGNMENT|[8]|this|{}|0x24a03b87
	10:43:24.0 (19947791)|VARIABLE_ASSIGNMENT|[9]|this.isManual|false|0x24a03b87
	10:43:24.0 (19957862)|CONSTRUCTOR_EXIT|[316]|01p2v00000Tr0KM|<init>()|OrdersFromBigCommerceBatch
	10:43:24.0 (19965620)|VARIABLE_SCOPE_BEGIN|[316]|orderBatch|OrdersFromBigCommerceBatch|true|false
	10:43:24.0 (19987559)|VARIABLE_ASSIGNMENT|[316]|orderBatch|{"isManual":false}|0x24a03b87
10:43:24.0 (77028370)|CODE_UNIT_FINISHED|ProductsFromBCBatch
10:43:24.0 (77045952)|EXECUTION_FINISHED
