45.0 APEX_CODE,FINEST;APEX_PROFILING,INFO;CALLOUT,INFO;DB,INFO;NBA,INFO;SYSTEM,DEBUG;VALIDATION,INFO;VISUALFORCE,INFO;WAVE,INFO;WORKFLOW,INFO
08:19:12.0 (549627)|USER_INFO|[EXTERNAL]|0052v00000fQDGY|api@naturalchemist.com.au.sand1|(GMT+11:00) Australian Eastern Daylight Time (Australia/Sydney)|GMT+11:00
08:19:12.0 (643895)|EXECUTION_STARTED
08:19:12.0 (652927)|CODE_UNIT_STARTED|[EXTERNAL]|01p2v00000Tr0KR|ProductsFromBCBatch
	08:19:12.0 (3506015)|SYSTEM_METHOD_ENTRY|[15]|BatchableContextImpl.BatchableContextImpl()
	08:19:12.0 (3535655)|SYSTEM_METHOD_EXIT|[15]|BatchableContextImpl
	08:19:12.0 (3567369)|VARIABLE_SCOPE_BEGIN|[31]|this|Database.BatchableContextImpl|true|false
	08:19:12.0 (3702814)|VARIABLE_ASSIGNMENT|[31]|this|{}|0x4e1b3f83
	08:19:12.0 (3713914)|VARIABLE_SCOPE_BEGIN|[31]|jobId|Id|false|false
	08:19:12.0 (3968675)|VARIABLE_ASSIGNMENT|[31]|jobId|"7071y00000J9CQ7AAN"
	08:19:12.0 (3980375)|VARIABLE_SCOPE_BEGIN|[31]|childJobId|Id|false|false
	08:19:12.0 (3996073)|VARIABLE_ASSIGNMENT|[31]|childJobId|null
	08:19:12.0 (20625519)|METHOD_ENTRY|[1]|01p2v00000Tr0KR|ProductsFromBCBatch.ProductsFromBCBatch()
	08:19:12.0 (20657340)|METHOD_EXIT|[1]|ProductsFromBCBatch
	08:19:12.0 (20680938)|VARIABLE_SCOPE_BEGIN|[314]|this|ProductsFromBCBatch|true|false
	08:19:12.0 (20737849)|VARIABLE_ASSIGNMENT|[314]|this|{"updateFromProductQuickAction":false}|0x5d1d898
	08:19:12.0 (20749247)|VARIABLE_SCOPE_BEGIN|[314]|context|Database.BatchableContext|true|false
	08:19:12.0 (20890644)|VARIABLE_ASSIGNMENT|[314]|context|{"jobId":"7071y00000J9CQ7AAN"}|0x4e1b3f83
	08:19:12.0 (20983250)|SYSTEM_METHOD_ENTRY|[1]|Test.Test()
	08:19:12.0 (20996630)|SYSTEM_METHOD_EXIT|[1]|Test
	08:19:12.0 (21023537)|METHOD_ENTRY|[315]||System.Test.isRunningTest()
	08:19:12.0 (21088412)|METHOD_EXIT|[315]||System.Test.isRunningTest()
	08:19:12.0 (21762318)|METHOD_ENTRY|[1]|01p2v00000Tr0KM|OrdersFromBigCommerceBatch.OrdersFromBigCommerceBatch()
	08:19:12.0 (21782165)|METHOD_EXIT|[1]|OrdersFromBigCommerceBatch
	08:19:12.0 (21836316)|CONSTRUCTOR_ENTRY|[316]|01p2v00000Tr0KM|<init>()|OrdersFromBigCommerceBatch
	08:19:12.0 (21889854)|VARIABLE_SCOPE_BEGIN|[8]|this|OrdersFromBigCommerceBatch|true|false
	08:19:12.0 (21931086)|VARIABLE_ASSIGNMENT|[8]|this|{}|0x651c325d
	08:19:12.0 (22010187)|VARIABLE_ASSIGNMENT|[9]|this.isManual|false|0x651c325d
	08:19:12.0 (22024102)|CONSTRUCTOR_EXIT|[316]|01p2v00000Tr0KM|<init>()|OrdersFromBigCommerceBatch
	08:19:12.0 (22036131)|VARIABLE_SCOPE_BEGIN|[316]|orderBatch|OrdersFromBigCommerceBatch|true|false
	08:19:12.0 (22064770)|VARIABLE_ASSIGNMENT|[316]|orderBatch|{"isManual":false}|0x651c325d
	08:19:12.86 (86692111)|CUMULATIVE_LIMIT_USAGE
	08:19:12.86 (86692111)|LIMIT_USAGE_FOR_NS|(default)|
	  Number of SOQL queries: 0 out of 200
	  Number of query rows: 0 out of 50000
	  Number of SOSL queries: 0 out of 20
	  Number of DML statements: 0 out of 150
	  Number of Publish Immediate DML: 0 out of 150
	  Number of DML rows: 0 out of 10000
	  Maximum CPU time: 0 out of 60000
	  Maximum heap size: 0 out of 12000000
	  Number of callouts: 0 out of 0
	  Number of Email Invocations: 0 out of 10
	  Number of future calls: 0 out of 0
	  Number of queueable jobs added to the queue: 0 out of 1
	  Number of Mobile Apex push calls: 0 out of 10
	
	08:19:12.86 (86692111)|CUMULATIVE_LIMIT_USAGE_END
	
08:19:12.0 (86777903)|CODE_UNIT_FINISHED|ProductsFromBCBatch
08:19:12.0 (86804923)|EXECUTION_FINISHED
