45.0 APEX_CODE,FINEST;APEX_PROFILING,NONE;CALLOUT,NONE;DB,INFO;NBA,NONE;SYSTEM,NONE;VALIDATION,NONE;VISUALFORCE,NONE;WAVE,NONE;WORKFLOW,NONE
10:58:32.0 (561875)|USER_INFO|[EXTERNAL]|0052v00000fQDGY|api@naturalchemist.com.au.sand1|(GMT+11:00) Australian Eastern Daylight Time (Australia/Sydney)|GMT+11:00
10:58:32.0 (604993)|EXECUTION_STARTED
10:58:32.0 (612112)|CODE_UNIT_STARTED|[EXTERNAL]|01p2v00000SpN2U|CustomersFromBigCommerceBatch
	10:58:32.0 (3013409)|SYSTEM_METHOD_ENTRY|[15]|BatchableContextImpl.BatchableContextImpl()
	10:58:32.0 (3031320)|SYSTEM_METHOD_EXIT|[15]|BatchableContextImpl
	10:58:32.0 (3062825)|VARIABLE_SCOPE_BEGIN|[31]|this|Database.BatchableContextImpl|true|false
	10:58:32.0 (3214799)|VARIABLE_ASSIGNMENT|[31]|this|{}|0x46717722
	10:58:32.0 (3227708)|VARIABLE_SCOPE_BEGIN|[31]|jobId|Id|false|false
	10:58:32.0 (3492378)|VARIABLE_ASSIGNMENT|[31]|jobId|"7071y00000J9FVKAA3"
	10:58:32.0 (3503900)|VARIABLE_SCOPE_BEGIN|[31]|childJobId|Id|false|false
	10:58:32.0 (3519729)|VARIABLE_ASSIGNMENT|[31]|childJobId|null
	10:58:32.0 (18309354)|METHOD_ENTRY|[1]|01p2v00000SpN2U|CustomersFromBigCommerceBatch.CustomersFromBigCommerceBatch()
	10:58:32.0 (18331015)|METHOD_EXIT|[1]|CustomersFromBigCommerceBatch
	10:58:32.0 (18353374)|VARIABLE_SCOPE_BEGIN|[97]|this|CustomersFromBigCommerceBatch|true|false
	10:58:32.0 (18414099)|VARIABLE_ASSIGNMENT|[97]|this|{"batchScheduleName":"67116","isManual":false}|0x6060d456
	10:58:32.0 (18421702)|VARIABLE_SCOPE_BEGIN|[97]|context|Database.BatchableContext|true|false
	10:58:32.0 (18530251)|VARIABLE_ASSIGNMENT|[97]|context|{"jobId":"7071y00000J9FVKAA3"}|0x46717722
	10:58:32.0 (18688905)|CONSTRUCTOR_ENTRY|[100]|01p2v00000SpN2U|<init>(Integer)|CustomersFromBigCommerceBatch
	10:58:32.0 (18700333)|VARIABLE_SCOPE_BEGIN|[8]|this|CustomersFromBigCommerceBatch|true|false
	10:58:32.0 (18726032)|VARIABLE_ASSIGNMENT|[8]|this|{}|0x33c220fc
	10:58:32.0 (18733502)|VARIABLE_SCOPE_BEGIN|[8]|conditionalBatchNameNumber|Integer|false|false
	10:58:32.0 (18744678)|VARIABLE_ASSIGNMENT|[8]|conditionalBatchNameNumber|67116
	10:58:32.0 (18820367)|VARIABLE_ASSIGNMENT|[12]|conditionalBatchNameNumber|67117
	10:58:32.0 (18882102)|VARIABLE_ASSIGNMENT|[13]|this.batchScheduleName|"67117"|0x33c220fc
	10:58:32.0 (18907308)|VARIABLE_ASSIGNMENT|[14]|this.isManual|false|0x33c220fc
	10:58:32.0 (18918666)|CONSTRUCTOR_EXIT|[100]|01p2v00000SpN2U|<init>(Integer)|CustomersFromBigCommerceBatch
	10:58:32.0 (18926278)|VARIABLE_SCOPE_BEGIN|[100]|newBatch|CustomersFromBigCommerceBatch|true|false
	10:58:32.0 (18951237)|VARIABLE_ASSIGNMENT|[100]|newBatch|{"batchScheduleName":"67117","isManual":false}|0x33c220fc
	10:58:32.0 (19182992)|SYSTEM_METHOD_ENTRY|[14]|ScheduledBatch.ScheduledBatch()
	10:58:32.0 (19198364)|SYSTEM_METHOD_EXIT|[14]|ScheduledBatch
	10:58:32.0 (19219102)|VARIABLE_SCOPE_BEGIN|[27]|this|System.ScheduledBatch|true|false
	10:58:32.0 (19243996)|VARIABLE_ASSIGNMENT|[27]|this|{}|0x36b7269e
	10:58:32.0 (19250302)|VARIABLE_SCOPE_BEGIN|[27]|batchObj|Object|false|false
	10:58:32.0 (19270376)|VARIABLE_ASSIGNMENT|[27]|batchObj|{"batchScheduleName":"67117","isManual":false}
	10:58:32.0 (19276081)|VARIABLE_SCOPE_BEGIN|[27]|scope|Integer|false|false
	10:58:32.0 (19284650)|VARIABLE_ASSIGNMENT|[27]|scope|null
	10:58:32.0 (47260058)|SYSTEM_METHOD_ENTRY|[1]|Test.Test()
	10:58:32.0 (47278672)|SYSTEM_METHOD_EXIT|[1]|Test
	10:58:32.0 (47298953)|METHOD_ENTRY|[109]||System.Test.isRunningTest()
	10:58:32.0 (47350898)|METHOD_EXIT|[109]||System.Test.isRunningTest()
	10:58:32.0 (48046819)|METHOD_ENTRY|[1]|01p2v00000Tr0KR|ProductsFromBCBatch.ProductsFromBCBatch()
	10:58:32.0 (48066502)|METHOD_EXIT|[1]|ProductsFromBCBatch
	10:58:32.0 (48098392)|CONSTRUCTOR_ENTRY|[110]|01p2v00000Tr0KR|<init>()|ProductsFromBCBatch
	10:58:32.0 (48122647)|VARIABLE_SCOPE_BEGIN|[6]|this|ProductsFromBCBatch|true|false
	10:58:32.0 (48178684)|VARIABLE_ASSIGNMENT|[6]|this|{}|0xf5c9c76
	10:58:32.0 (48248277)|VARIABLE_ASSIGNMENT|[7]|this.updateFromProductQuickAction|false|0xf5c9c76
	10:58:32.0 (48258326)|CONSTRUCTOR_EXIT|[110]|01p2v00000Tr0KR|<init>()|ProductsFromBCBatch
	10:58:32.0 (48266635)|VARIABLE_SCOPE_BEGIN|[110]|productBatch|ProductsFromBCBatch|true|false
	10:58:32.0 (48290221)|VARIABLE_ASSIGNMENT|[110]|productBatch|{"updateFromProductQuickAction":false}|0xf5c9c76
10:58:32.0 (83338682)|CODE_UNIT_FINISHED|CustomersFromBigCommerceBatch
10:58:32.0 (83352968)|EXECUTION_FINISHED
