45.0 APEX_CODE,FINEST;APEX_PROFILING,NONE;CALLOUT,NONE;DB,INFO;NBA,NONE;SYSTEM,NONE;VALIDATION,NONE;VISUALFORCE,NONE;WAVE,NONE;WORKFLOW,NONE
10:28:09.1 (1156255)|USER_INFO|[EXTERNAL]|0052v00000fQDGY|api@naturalchemist.com.au.sand1|(GMT+11:00) Australian Eastern Daylight Time (Australia/Sydney)|GMT+11:00
10:28:09.1 (1257350)|EXECUTION_STARTED
10:28:09.1 (1271539)|CODE_UNIT_STARTED|[EXTERNAL]|01p2v00000SpN2U|CustomersFromBigCommerceBatch
	10:28:09.1 (7286312)|SYSTEM_METHOD_ENTRY|[15]|BatchableContextImpl.BatchableContextImpl()
	10:28:09.1 (7316599)|SYSTEM_METHOD_EXIT|[15]|BatchableContextImpl
	10:28:09.1 (7350666)|VARIABLE_SCOPE_BEGIN|[31]|this|Database.BatchableContextImpl|true|false
	10:28:09.1 (7495714)|VARIABLE_ASSIGNMENT|[31]|this|{}|0x33ce373
	10:28:09.1 (7504149)|VARIABLE_SCOPE_BEGIN|[31]|jobId|Id|false|false
	10:28:09.1 (7692516)|VARIABLE_ASSIGNMENT|[31]|jobId|"7071y00000J9F3OAAV"
	10:28:09.1 (7699635)|VARIABLE_SCOPE_BEGIN|[31]|childJobId|Id|false|false
	10:28:09.1 (7710297)|VARIABLE_ASSIGNMENT|[31]|childJobId|null
	10:28:09.1 (29163432)|METHOD_ENTRY|[1]|01p2v00000SpN2U|CustomersFromBigCommerceBatch.CustomersFromBigCommerceBatch()
	10:28:09.1 (29190601)|METHOD_EXIT|[1]|CustomersFromBigCommerceBatch
	10:28:09.1 (29229602)|VARIABLE_SCOPE_BEGIN|[97]|this|CustomersFromBigCommerceBatch|true|false
	10:28:09.1 (29309669)|VARIABLE_ASSIGNMENT|[97]|this|{"batchScheduleName":"67110","isManual":false}|0x40572fd2
	10:28:09.1 (29318193)|VARIABLE_SCOPE_BEGIN|[97]|context|Database.BatchableContext|true|false
	10:28:09.1 (29447294)|VARIABLE_ASSIGNMENT|[97]|context|{"jobId":"7071y00000J9F3OAAV"}|0x33ce373
	10:28:09.1 (29633291)|CONSTRUCTOR_ENTRY|[100]|01p2v00000SpN2U|<init>(Integer)|CustomersFromBigCommerceBatch
	10:28:09.1 (29650448)|VARIABLE_SCOPE_BEGIN|[8]|this|CustomersFromBigCommerceBatch|true|false
	10:28:09.1 (29672462)|VARIABLE_ASSIGNMENT|[8]|this|{}|0x2be25400
	10:28:09.1 (29690387)|VARIABLE_SCOPE_BEGIN|[8]|conditionalBatchNameNumber|Integer|false|false
	10:28:09.1 (29701943)|VARIABLE_ASSIGNMENT|[8]|conditionalBatchNameNumber|67110
	10:28:09.1 (29776482)|VARIABLE_ASSIGNMENT|[12]|conditionalBatchNameNumber|67111
	10:28:09.1 (29842278)|VARIABLE_ASSIGNMENT|[13]|this.batchScheduleName|"67111"|0x2be25400
	10:28:09.1 (29869978)|VARIABLE_ASSIGNMENT|[14]|this.isManual|false|0x2be25400
	10:28:09.1 (29880790)|CONSTRUCTOR_EXIT|[100]|01p2v00000SpN2U|<init>(Integer)|CustomersFromBigCommerceBatch
	10:28:09.1 (29888745)|VARIABLE_SCOPE_BEGIN|[100]|newBatch|CustomersFromBigCommerceBatch|true|false
	10:28:09.1 (29915180)|VARIABLE_ASSIGNMENT|[100]|newBatch|{"batchScheduleName":"67111","isManual":false}|0x2be25400
	10:28:09.1 (30148083)|SYSTEM_METHOD_ENTRY|[14]|ScheduledBatch.ScheduledBatch()
	10:28:09.1 (30160518)|SYSTEM_METHOD_EXIT|[14]|ScheduledBatch
	10:28:09.1 (30184700)|VARIABLE_SCOPE_BEGIN|[27]|this|System.ScheduledBatch|true|false
	10:28:09.1 (30290548)|VARIABLE_ASSIGNMENT|[27]|this|{}|0x6b4683f1
	10:28:09.1 (30300167)|VARIABLE_SCOPE_BEGIN|[27]|batchObj|Object|false|false
	10:28:09.1 (30323742)|VARIABLE_ASSIGNMENT|[27]|batchObj|{"batchScheduleName":"67111","isManual":false}
	10:28:09.1 (30329120)|VARIABLE_SCOPE_BEGIN|[27]|scope|Integer|false|false
	10:28:09.1 (30337946)|VARIABLE_ASSIGNMENT|[27]|scope|null
	10:28:09.1 (64567895)|SYSTEM_METHOD_ENTRY|[1]|Test.Test()
	10:28:09.1 (64586638)|SYSTEM_METHOD_EXIT|[1]|Test
	10:28:09.1 (64614425)|METHOD_ENTRY|[109]||System.Test.isRunningTest()
	10:28:09.1 (64670894)|METHOD_EXIT|[109]||System.Test.isRunningTest()
	10:28:09.1 (65409961)|METHOD_ENTRY|[1]|01p2v00000Tr0KR|ProductsFromBCBatch.ProductsFromBCBatch()
	10:28:09.1 (65432224)|METHOD_EXIT|[1]|ProductsFromBCBatch
	10:28:09.1 (65465604)|CONSTRUCTOR_ENTRY|[110]|01p2v00000Tr0KR|<init>()|ProductsFromBCBatch
	10:28:09.1 (65494791)|VARIABLE_SCOPE_BEGIN|[6]|this|ProductsFromBCBatch|true|false
	10:28:09.1 (65546257)|VARIABLE_ASSIGNMENT|[6]|this|{}|0x43deaa97
	10:28:09.1 (65612047)|VARIABLE_ASSIGNMENT|[7]|this.updateFromProductQuickAction|false|0x43deaa97
	10:28:09.1 (65621878)|CONSTRUCTOR_EXIT|[110]|01p2v00000Tr0KR|<init>()|ProductsFromBCBatch
	10:28:09.1 (65629695)|VARIABLE_SCOPE_BEGIN|[110]|productBatch|ProductsFromBCBatch|true|false
	10:28:09.1 (65656410)|VARIABLE_ASSIGNMENT|[110]|productBatch|{"updateFromProductQuickAction":false}|0x43deaa97
10:28:09.1 (104282335)|CODE_UNIT_FINISHED|CustomersFromBigCommerceBatch
10:28:09.1 (104302962)|EXECUTION_FINISHED
