45.0 APEX_CODE,FINEST;APEX_PROFILING,INFO;CALLOUT,INFO;DB,INFO;NBA,INFO;SYSTEM,DEBUG;VALIDATION,INFO;VISUALFORCE,INFO;WAVE,INFO;WORKFLOW,INFO
08:19:13.0 (184606)|USER_INFO|[EXTERNAL]|0052v00000fQDGY|api@naturalchemist.com.au.sand1|(GMT+11:00) Australian Eastern Daylight Time (Australia/Sydney)|GMT+11:00
08:19:13.0 (231315)|EXECUTION_STARTED
08:19:13.0 (237458)|CODE_UNIT_STARTED|[EXTERNAL]|01p2v00000Tr0KM|OrdersFromBigCommerceBatch
	08:19:13.0 (2374194)|SYSTEM_METHOD_ENTRY|[15]|BatchableContextImpl.BatchableContextImpl()
	08:19:13.0 (2390247)|SYSTEM_METHOD_EXIT|[15]|BatchableContextImpl
	08:19:13.0 (2416320)|VARIABLE_SCOPE_BEGIN|[31]|this|Database.BatchableContextImpl|true|false
	08:19:13.0 (2491858)|VARIABLE_ASSIGNMENT|[31]|this|{}|0x105304be
	08:19:13.0 (2503026)|VARIABLE_SCOPE_BEGIN|[31]|jobId|Id|false|false
	08:19:13.0 (2630427)|VARIABLE_ASSIGNMENT|[31]|jobId|"7071y00000J9CIyAAN"
	08:19:13.0 (2639236)|VARIABLE_SCOPE_BEGIN|[31]|childJobId|Id|false|false
	08:19:13.0 (2653865)|VARIABLE_ASSIGNMENT|[31]|childJobId|null
	08:19:13.0 (12620859)|METHOD_ENTRY|[1]|01p2v00000Tr0KM|OrdersFromBigCommerceBatch.OrdersFromBigCommerceBatch()
	08:19:13.0 (12643626)|METHOD_EXIT|[1]|OrdersFromBigCommerceBatch
	08:19:13.0 (12676752)|VARIABLE_SCOPE_BEGIN|[253]|this|OrdersFromBigCommerceBatch|true|false
	08:19:13.0 (12728889)|VARIABLE_ASSIGNMENT|[253]|this|{"isManual":false}|0x265fd4a9
	08:19:13.0 (12740600)|VARIABLE_SCOPE_BEGIN|[253]|context|Database.BatchableContext|true|false
	08:19:13.0 (12825155)|VARIABLE_ASSIGNMENT|[253]|context|{"jobId":"7071y00000J9CIyAAN"}|0x105304be
	08:19:13.24 (24040717)|CUMULATIVE_LIMIT_USAGE
	08:19:13.24 (24040717)|LIMIT_USAGE_FOR_NS|(default)|
	  Number of SOQL queries: 0 out of 200
	  Number of query rows: 0 out of 50000
	  Number of SOSL queries: 0 out of 20
	  Number of DML statements: 0 out of 150
	  Number of Publish Immediate DML: 0 out of 150
	  Number of DML rows: 0 out of 10000
	  Maximum CPU time: 0 out of 60000
	  Maximum heap size: 0 out of 12000000
	  Number of callouts: 0 out of 0
	  Number of Email Invocations: 0 out of 10
	  Number of future calls: 0 out of 0
	  Number of queueable jobs added to the queue: 0 out of 1
	  Number of Mobile Apex push calls: 0 out of 10
	
	08:19:13.24 (24040717)|CUMULATIVE_LIMIT_USAGE_END
	
08:19:13.0 (24084533)|CODE_UNIT_FINISHED|OrdersFromBigCommerceBatch
08:19:13.0 (24100809)|EXECUTION_FINISHED
