45.0 APEX_CODE,FINEST;APEX_PROFILING,INFO;CALLOUT,INFO;DB,INFO;NBA,INFO;SYSTEM,DEBUG;VALIDATION,INFO;VISUALFORCE,INFO;WAVE,INFO;WORKFLOW,INFO
08:24:16.0 (221540)|USER_INFO|[EXTERNAL]|0052v00000fQDGY|api@naturalchemist.com.au.sand1|(GMT+11:00) Australian Eastern Daylight Time (Australia/Sydney)|GMT+11:00
08:24:16.0 (283906)|EXECUTION_STARTED
08:24:16.0 (291318)|CODE_UNIT_STARTED|[EXTERNAL]|01p2v00000Tr0KM|OrdersFromBigCommerceBatch
	08:24:16.0 (2801977)|SYSTEM_METHOD_ENTRY|[15]|BatchableContextImpl.BatchableContextImpl()
	08:24:16.0 (2826175)|SYSTEM_METHOD_EXIT|[15]|BatchableContextImpl
	08:24:16.0 (2856910)|VARIABLE_SCOPE_BEGIN|[31]|this|Database.BatchableContextImpl|true|false
	08:24:16.0 (2954559)|VARIABLE_ASSIGNMENT|[31]|this|{}|0x589119c5
	08:24:16.0 (2967364)|VARIABLE_SCOPE_BEGIN|[31]|jobId|Id|false|false
	08:24:16.0 (3133065)|VARIABLE_ASSIGNMENT|[31]|jobId|"7071y00000J9CW9AAN"
	08:24:16.0 (3148901)|VARIABLE_SCOPE_BEGIN|[31]|childJobId|Id|false|false
	08:24:16.0 (3169079)|VARIABLE_ASSIGNMENT|[31]|childJobId|null
	08:24:16.0 (20394260)|METHOD_ENTRY|[1]|01p2v00000Tr0KM|OrdersFromBigCommerceBatch.OrdersFromBigCommerceBatch()
	08:24:16.0 (20424597)|METHOD_EXIT|[1]|OrdersFromBigCommerceBatch
	08:24:16.0 (20457200)|VARIABLE_SCOPE_BEGIN|[253]|this|OrdersFromBigCommerceBatch|true|false
	08:24:16.0 (20526573)|VARIABLE_ASSIGNMENT|[253]|this|{"isManual":false}|0x36a117fe
	08:24:16.0 (20539288)|VARIABLE_SCOPE_BEGIN|[253]|context|Database.BatchableContext|true|false
	08:24:16.0 (20664599)|VARIABLE_ASSIGNMENT|[253]|context|{"jobId":"7071y00000J9CW9AAN"}|0x589119c5
	08:24:16.33 (33648359)|CUMULATIVE_LIMIT_USAGE
	08:24:16.33 (33648359)|LIMIT_USAGE_FOR_NS|(default)|
	  Number of SOQL queries: 0 out of 200
	  Number of query rows: 0 out of 50000
	  Number of SOSL queries: 0 out of 20
	  Number of DML statements: 0 out of 150
	  Number of Publish Immediate DML: 0 out of 150
	  Number of DML rows: 0 out of 10000
	  Maximum CPU time: 0 out of 60000
	  Maximum heap size: 0 out of 12000000
	  Number of callouts: 0 out of 0
	  Number of Email Invocations: 0 out of 10
	  Number of future calls: 0 out of 0
	  Number of queueable jobs added to the queue: 0 out of 1
	  Number of Mobile Apex push calls: 0 out of 10
	
	08:24:16.33 (33648359)|CUMULATIVE_LIMIT_USAGE_END
	
08:24:16.0 (33696979)|CODE_UNIT_FINISHED|OrdersFromBigCommerceBatch
08:24:16.0 (33715549)|EXECUTION_FINISHED
