45.0 APEX_CODE,FINEST;APEX_PROFILING,INFO;CALLOUT,INFO;DB,INFO;NBA,INFO;SYSTEM,DEBUG;VALIDATION,INFO;VISUALFORCE,INFO;WAVE,INFO;WORKFLOW,INFO
07:58:14.0 (265405)|USER_INFO|[EXTERNAL]|0052v00000fQDGY|api@naturalchemist.com.au.sand1|(GMT+11:00) Australian Eastern Daylight Time (Australia/Sydney)|GMT+11:00
07:58:14.0 (328520)|EXECUTION_STARTED
07:58:14.0 (340484)|CODE_UNIT_STARTED|[EXTERNAL]|01p2v00000Tr0KR|ProductsFromBCBatch
	07:58:14.0 (2677652)|SYSTEM_METHOD_ENTRY|[15]|BatchableContextImpl.BatchableContextImpl()
	07:58:14.0 (2714992)|SYSTEM_METHOD_EXIT|[15]|BatchableContextImpl
	07:58:14.0 (2746783)|VARIABLE_SCOPE_BEGIN|[31]|this|Database.BatchableContextImpl|true|false
	07:58:14.0 (2838050)|VARIABLE_ASSIGNMENT|[31]|this|{}|0x1dd20687
	07:58:14.0 (2845450)|VARIABLE_SCOPE_BEGIN|[31]|jobId|Id|false|false
	07:58:14.0 (2974070)|VARIABLE_ASSIGNMENT|[31]|jobId|"7071y00000J9BxrAAF"
	07:58:14.0 (2983518)|VARIABLE_SCOPE_BEGIN|[31]|childJobId|Id|false|false
	07:58:14.0 (3003235)|VARIABLE_ASSIGNMENT|[31]|childJobId|null
	07:58:14.0 (15001013)|METHOD_ENTRY|[1]|01p2v00000Tr0KR|ProductsFromBCBatch.ProductsFromBCBatch()
	07:58:14.0 (15034253)|METHOD_EXIT|[1]|ProductsFromBCBatch
	07:58:14.0 (15062258)|VARIABLE_SCOPE_BEGIN|[314]|this|ProductsFromBCBatch|true|false
	07:58:14.0 (15125181)|VARIABLE_ASSIGNMENT|[314]|this|{"updateFromProductQuickAction":false}|0x487b7575
	07:58:14.0 (15138782)|VARIABLE_SCOPE_BEGIN|[314]|context|Database.BatchableContext|true|false
	07:58:14.0 (15238646)|VARIABLE_ASSIGNMENT|[314]|context|{"jobId":"7071y00000J9BxrAAF"}|0x1dd20687
	07:58:14.0 (15341960)|SYSTEM_METHOD_ENTRY|[1]|Test.Test()
	07:58:14.0 (15353924)|SYSTEM_METHOD_EXIT|[1]|Test
	07:58:14.0 (15375481)|METHOD_ENTRY|[315]||System.Test.isRunningTest()
	07:58:14.0 (15432252)|METHOD_EXIT|[315]||System.Test.isRunningTest()
	07:58:14.0 (16215650)|METHOD_ENTRY|[1]|01p2v00000Tr0KM|OrdersFromBigCommerceBatch.OrdersFromBigCommerceBatch()
	07:58:14.0 (16235072)|METHOD_EXIT|[1]|OrdersFromBigCommerceBatch
	07:58:14.0 (16280897)|CONSTRUCTOR_ENTRY|[316]|01p2v00000Tr0KM|<init>()|OrdersFromBigCommerceBatch
	07:58:14.0 (16313971)|VARIABLE_SCOPE_BEGIN|[8]|this|OrdersFromBigCommerceBatch|true|false
	07:58:14.0 (16363730)|VARIABLE_ASSIGNMENT|[8]|this|{}|0x624e4acb
	07:58:14.0 (16451991)|VARIABLE_ASSIGNMENT|[9]|this.isManual|false|0x624e4acb
	07:58:14.0 (16467668)|CONSTRUCTOR_EXIT|[316]|01p2v00000Tr0KM|<init>()|OrdersFromBigCommerceBatch
	07:58:14.0 (16482269)|VARIABLE_SCOPE_BEGIN|[316]|orderBatch|OrdersFromBigCommerceBatch|true|false
	07:58:14.0 (16518287)|VARIABLE_ASSIGNMENT|[316]|orderBatch|{"isManual":false}|0x624e4acb
	07:58:14.76 (76373713)|CUMULATIVE_LIMIT_USAGE
	07:58:14.76 (76373713)|LIMIT_USAGE_FOR_NS|(default)|
	  Number of SOQL queries: 0 out of 200
	  Number of query rows: 0 out of 50000
	  Number of SOSL queries: 0 out of 20
	  Number of DML statements: 0 out of 150
	  Number of Publish Immediate DML: 0 out of 150
	  Number of DML rows: 0 out of 10000
	  Maximum CPU time: 0 out of 60000
	  Maximum heap size: 0 out of 12000000
	  Number of callouts: 0 out of 0
	  Number of Email Invocations: 0 out of 10
	  Number of future calls: 0 out of 0
	  Number of queueable jobs added to the queue: 0 out of 1
	  Number of Mobile Apex push calls: 0 out of 10
	
	07:58:14.76 (76373713)|CUMULATIVE_LIMIT_USAGE_END
	
07:58:14.0 (76455095)|CODE_UNIT_FINISHED|ProductsFromBCBatch
07:58:14.0 (76476486)|EXECUTION_FINISHED
