45.0 APEX_CODE,FINEST;APEX_PROFILING,NONE;CALLOUT,NONE;DB,INFO;NBA,NONE;SYSTEM,NONE;VALIDATION,NONE;VISUALFORCE,NONE;WAVE,NONE;WORKFLOW,NONE
10:48:31.0 (247091)|USER_INFO|[EXTERNAL]|0052v00000fQDGY|api@naturalchemist.com.au.sand1|(GMT+11:00) Australian Eastern Daylight Time (Australia/Sydney)|GMT+11:00
10:48:31.0 (302820)|EXECUTION_STARTED
10:48:31.0 (310508)|CODE_UNIT_STARTED|[EXTERNAL]|01p2v00000Tr0KM|OrdersFromBigCommerceBatch
	10:48:31.0 (2585381)|SYSTEM_METHOD_ENTRY|[15]|BatchableContextImpl.BatchableContextImpl()
	10:48:31.0 (2605409)|SYSTEM_METHOD_EXIT|[15]|BatchableContextImpl
	10:48:31.0 (2628232)|VARIABLE_SCOPE_BEGIN|[31]|this|Database.BatchableContextImpl|true|false
	10:48:31.0 (2706522)|VARIABLE_ASSIGNMENT|[31]|this|{}|0xf6d6785
	10:48:31.0 (2716920)|VARIABLE_SCOPE_BEGIN|[31]|jobId|Id|false|false
	10:48:31.0 (2856322)|VARIABLE_ASSIGNMENT|[31]|jobId|"7071y00000J9FTTAA3"
	10:48:31.0 (2867680)|VARIABLE_SCOPE_BEGIN|[31]|childJobId|Id|false|false
	10:48:31.0 (2882825)|VARIABLE_ASSIGNMENT|[31]|childJobId|null
	10:48:31.0 (13676486)|METHOD_ENTRY|[1]|01p2v00000Tr0KM|OrdersFromBigCommerceBatch.OrdersFromBigCommerceBatch()
	10:48:31.0 (13701220)|METHOD_EXIT|[1]|OrdersFromBigCommerceBatch
	10:48:31.0 (13725654)|VARIABLE_SCOPE_BEGIN|[253]|this|OrdersFromBigCommerceBatch|true|false
	10:48:31.0 (13783338)|VARIABLE_ASSIGNMENT|[253]|this|{"isManual":false}|0x3905086a
	10:48:31.0 (13794460)|VARIABLE_SCOPE_BEGIN|[253]|context|Database.BatchableContext|true|false
	10:48:31.0 (13899352)|VARIABLE_ASSIGNMENT|[253]|context|{"jobId":"7071y00000J9FTTAA3"}|0xf6d6785
10:48:31.0 (26476756)|CODE_UNIT_FINISHED|OrdersFromBigCommerceBatch
10:48:31.0 (26492239)|EXECUTION_FINISHED
