45.0 APEX_CODE,FINEST;APEX_PROFILING,INFO;CALLOUT,INFO;DB,INFO;NBA,INFO;SYSTEM,DEBUG;VALIDATION,INFO;VISUALFORCE,INFO;WAVE,INFO;WORKFLOW,INFO
06:04:32.0 (190894)|USER_INFO|[EXTERNAL]|0052v00000fQDGY|api@naturalchemist.com.au.sand1|(GMT+11:00) Australian Eastern Daylight Time (Australia/Sydney)|GMT+11:00
06:04:32.0 (233903)|EXECUTION_STARTED
06:04:32.0 (239546)|CODE_UNIT_STARTED|[EXTERNAL]|01p2v00000Tr0KM|OrdersFromBigCommerceBatch
	06:04:32.0 (2140445)|SYSTEM_METHOD_ENTRY|[15]|BatchableContextImpl.BatchableContextImpl()
	06:04:32.0 (2156540)|SYSTEM_METHOD_EXIT|[15]|BatchableContextImpl
	06:04:32.0 (2177789)|VARIABLE_SCOPE_BEGIN|[31]|this|Database.BatchableContextImpl|true|false
	06:04:32.0 (2246179)|VARIABLE_ASSIGNMENT|[31]|this|{}|0x362abbc4
	06:04:32.0 (2257145)|VARIABLE_SCOPE_BEGIN|[31]|jobId|Id|false|false
	06:04:32.0 (2369960)|VARIABLE_ASSIGNMENT|[31]|jobId|"7071y00000J99iQAAR"
	06:04:32.0 (2378570)|VARIABLE_SCOPE_BEGIN|[31]|childJobId|Id|false|false
	06:04:32.0 (2392449)|VARIABLE_ASSIGNMENT|[31]|childJobId|null
	06:04:32.0 (12041503)|METHOD_ENTRY|[1]|01p2v00000Tr0KM|OrdersFromBigCommerceBatch.OrdersFromBigCommerceBatch()
	06:04:32.0 (12070529)|METHOD_EXIT|[1]|OrdersFromBigCommerceBatch
	06:04:32.0 (12099666)|VARIABLE_SCOPE_BEGIN|[253]|this|OrdersFromBigCommerceBatch|true|false
	06:04:32.0 (12160497)|VARIABLE_ASSIGNMENT|[253]|this|{"isManual":false}|0x14ac41b2
	06:04:32.0 (12172715)|VARIABLE_SCOPE_BEGIN|[253]|context|Database.BatchableContext|true|false
	06:04:32.0 (12249899)|VARIABLE_ASSIGNMENT|[253]|context|{"jobId":"7071y00000J99iQAAR"}|0x362abbc4
	06:04:32.21 (21333545)|CUMULATIVE_LIMIT_USAGE
	06:04:32.21 (21333545)|LIMIT_USAGE_FOR_NS|(default)|
	  Number of SOQL queries: 0 out of 200
	  Number of query rows: 0 out of 50000
	  Number of SOSL queries: 0 out of 20
	  Number of DML statements: 0 out of 150
	  Number of Publish Immediate DML: 0 out of 150
	  Number of DML rows: 0 out of 10000
	  Maximum CPU time: 0 out of 60000
	  Maximum heap size: 0 out of 12000000
	  Number of callouts: 0 out of 0
	  Number of Email Invocations: 0 out of 10
	  Number of future calls: 0 out of 0
	  Number of queueable jobs added to the queue: 0 out of 1
	  Number of Mobile Apex push calls: 0 out of 10
	
	06:04:32.21 (21333545)|CUMULATIVE_LIMIT_USAGE_END
	
06:04:32.0 (21372955)|CODE_UNIT_FINISHED|OrdersFromBigCommerceBatch
06:04:32.0 (21386502)|EXECUTION_FINISHED
