45.0 APEX_CODE,FINEST;APEX_PROFILING,INFO;CALLOUT,INFO;DB,INFO;NBA,INFO;SYSTEM,DEBUG;VALIDATION,INFO;VISUALFORCE,INFO;WAVE,INFO;WORKFLOW,INFO
08:24:12.0 (555006)|USER_INFO|[EXTERNAL]|0052v00000fQDGY|api@naturalchemist.com.au.sand1|(GMT+11:00) Australian Eastern Daylight Time (Australia/Sydney)|GMT+11:00
08:24:12.0 (646797)|EXECUTION_STARTED
08:24:12.0 (656051)|CODE_UNIT_STARTED|[EXTERNAL]|01p2v00000SpN2U|CustomersFromBigCommerceBatch
	08:24:12.0 (3551929)|SYSTEM_METHOD_ENTRY|[15]|BatchableContextImpl.BatchableContextImpl()
	08:24:12.0 (3584895)|SYSTEM_METHOD_EXIT|[15]|BatchableContextImpl
	08:24:12.0 (3613720)|VARIABLE_SCOPE_BEGIN|[31]|this|Database.BatchableContextImpl|true|false
	08:24:12.0 (3759459)|VARIABLE_ASSIGNMENT|[31]|this|{}|0x49ca5522
	08:24:12.0 (3770805)|VARIABLE_SCOPE_BEGIN|[31]|jobId|Id|false|false
	08:24:12.0 (4026272)|VARIABLE_ASSIGNMENT|[31]|jobId|"7071y00000J9CK6AAN"
	08:24:12.0 (4039411)|VARIABLE_SCOPE_BEGIN|[31]|childJobId|Id|false|false
	08:24:12.0 (4064147)|VARIABLE_ASSIGNMENT|[31]|childJobId|null
	08:24:12.0 (35231298)|METHOD_ENTRY|[1]|01p2v00000SpN2U|CustomersFromBigCommerceBatch.CustomersFromBigCommerceBatch()
	08:24:12.0 (35256940)|METHOD_EXIT|[1]|CustomersFromBigCommerceBatch
	08:24:12.0 (35282638)|VARIABLE_SCOPE_BEGIN|[97]|this|CustomersFromBigCommerceBatch|true|false
	08:24:12.0 (35367208)|VARIABLE_ASSIGNMENT|[97]|this|{"batchScheduleName":"67086","isManual":false}|0x68981036
	08:24:12.0 (35379146)|VARIABLE_SCOPE_BEGIN|[97]|context|Database.BatchableContext|true|false
	08:24:12.0 (35511638)|VARIABLE_ASSIGNMENT|[97]|context|{"jobId":"7071y00000J9CK6AAN"}|0x49ca5522
	08:24:12.0 (35732532)|CONSTRUCTOR_ENTRY|[100]|01p2v00000SpN2U|<init>(Integer)|CustomersFromBigCommerceBatch
	08:24:12.0 (35753692)|VARIABLE_SCOPE_BEGIN|[8]|this|CustomersFromBigCommerceBatch|true|false
	08:24:12.0 (35787087)|VARIABLE_ASSIGNMENT|[8]|this|{}|0x55d208e2
	08:24:12.0 (35799112)|VARIABLE_SCOPE_BEGIN|[8]|conditionalBatchNameNumber|Integer|false|false
	08:24:12.0 (35817328)|VARIABLE_ASSIGNMENT|[8]|conditionalBatchNameNumber|67086
	08:24:12.0 (35883387)|VARIABLE_ASSIGNMENT|[12]|conditionalBatchNameNumber|67087
	08:24:12.0 (35991093)|VARIABLE_ASSIGNMENT|[13]|this.batchScheduleName|"67087"|0x55d208e2
	08:24:12.0 (36027522)|VARIABLE_ASSIGNMENT|[14]|this.isManual|false|0x55d208e2
	08:24:12.0 (36041739)|CONSTRUCTOR_EXIT|[100]|01p2v00000SpN2U|<init>(Integer)|CustomersFromBigCommerceBatch
	08:24:12.0 (36053570)|VARIABLE_SCOPE_BEGIN|[100]|newBatch|CustomersFromBigCommerceBatch|true|false
	08:24:12.0 (36088979)|VARIABLE_ASSIGNMENT|[100]|newBatch|{"batchScheduleName":"67087","isManual":false}|0x55d208e2
	08:24:12.0 (36343397)|SYSTEM_METHOD_ENTRY|[14]|ScheduledBatch.ScheduledBatch()
	08:24:12.0 (36355243)|SYSTEM_METHOD_EXIT|[14]|ScheduledBatch
	08:24:12.0 (36381104)|VARIABLE_SCOPE_BEGIN|[27]|this|System.ScheduledBatch|true|false
	08:24:12.0 (36462836)|VARIABLE_ASSIGNMENT|[27]|this|{}|0x74852d2
	08:24:12.0 (36472466)|VARIABLE_SCOPE_BEGIN|[27]|batchObj|Object|false|false
	08:24:12.0 (36496848)|VARIABLE_ASSIGNMENT|[27]|batchObj|{"batchScheduleName":"67087","isManual":false}
	08:24:12.0 (36504358)|VARIABLE_SCOPE_BEGIN|[27]|scope|Integer|false|false
	08:24:12.0 (36518739)|VARIABLE_ASSIGNMENT|[27]|scope|null
	08:24:12.0 (65903961)|SYSTEM_METHOD_ENTRY|[1]|Test.Test()
	08:24:12.0 (65921395)|SYSTEM_METHOD_EXIT|[1]|Test
	08:24:12.0 (65945163)|METHOD_ENTRY|[109]||System.Test.isRunningTest()
	08:24:12.0 (66009665)|METHOD_EXIT|[109]||System.Test.isRunningTest()
	08:24:12.0 (66738240)|METHOD_ENTRY|[1]|01p2v00000Tr0KR|ProductsFromBCBatch.ProductsFromBCBatch()
	08:24:12.0 (66760890)|METHOD_EXIT|[1]|ProductsFromBCBatch
	08:24:12.0 (66793857)|CONSTRUCTOR_ENTRY|[110]|01p2v00000Tr0KR|<init>()|ProductsFromBCBatch
	08:24:12.0 (66828616)|VARIABLE_SCOPE_BEGIN|[6]|this|ProductsFromBCBatch|true|false
	08:24:12.0 (66877467)|VARIABLE_ASSIGNMENT|[6]|this|{}|0x3d708f42
	08:24:12.0 (66935230)|VARIABLE_ASSIGNMENT|[7]|this.updateFromProductQuickAction|false|0x3d708f42
	08:24:12.0 (66949309)|CONSTRUCTOR_EXIT|[110]|01p2v00000Tr0KR|<init>()|ProductsFromBCBatch
	08:24:12.0 (66966700)|VARIABLE_SCOPE_BEGIN|[110]|productBatch|ProductsFromBCBatch|true|false
	08:24:12.0 (67009078)|VARIABLE_ASSIGNMENT|[110]|productBatch|{"updateFromProductQuickAction":false}|0x3d708f42
	08:24:12.103 (103047475)|CUMULATIVE_LIMIT_USAGE
	08:24:12.103 (103047475)|LIMIT_USAGE_FOR_NS|(default)|
	  Number of SOQL queries: 0 out of 200
	  Number of query rows: 0 out of 50000
	  Number of SOSL queries: 0 out of 20
	  Number of DML statements: 0 out of 150
	  Number of Publish Immediate DML: 0 out of 150
	  Number of DML rows: 0 out of 10000
	  Maximum CPU time: 0 out of 60000
	  Maximum heap size: 0 out of 12000000
	  Number of callouts: 0 out of 0
	  Number of Email Invocations: 0 out of 10
	  Number of future calls: 0 out of 0
	  Number of queueable jobs added to the queue: 0 out of 1
	  Number of Mobile Apex push calls: 0 out of 10
	
	08:24:12.103 (103047475)|CUMULATIVE_LIMIT_USAGE_END
	
08:24:12.0 (103121463)|CODE_UNIT_FINISHED|CustomersFromBigCommerceBatch
08:24:12.0 (103146019)|EXECUTION_FINISHED
