45.0 APEX_CODE,FINEST;APEX_PROFILING,NONE;CALLOUT,NONE;DB,INFO;NBA,NONE;SYSTEM,NONE;VALIDATION,NONE;VISUALFORCE,NONE;WAVE,NONE;WORKFLOW,NONE
10:43:25.0 (177866)|USER_INFO|[EXTERNAL]|0052v00000fQDGY|api@naturalchemist.com.au.sand1|(GMT+11:00) Australian Eastern Daylight Time (Australia/Sydney)|GMT+11:00
10:43:25.0 (213096)|EXECUTION_STARTED
10:43:25.0 (218998)|CODE_UNIT_STARTED|[EXTERNAL]|01p2v00000Tr0KM|OrdersFromBigCommerceBatch
	10:43:25.0 (2149287)|SYSTEM_METHOD_ENTRY|[15]|BatchableContextImpl.BatchableContextImpl()
	10:43:25.0 (2168487)|SYSTEM_METHOD_EXIT|[15]|BatchableContextImpl
	10:43:25.0 (2192042)|VARIABLE_SCOPE_BEGIN|[31]|this|Database.BatchableContextImpl|true|false
	10:43:25.0 (2270668)|VARIABLE_ASSIGNMENT|[31]|this|{}|0x51110404
	10:43:25.0 (2280002)|VARIABLE_SCOPE_BEGIN|[31]|jobId|Id|false|false
	10:43:25.0 (2409302)|VARIABLE_ASSIGNMENT|[31]|jobId|"7071y00000J9FMYAA3"
	10:43:25.0 (2422490)|VARIABLE_SCOPE_BEGIN|[31]|childJobId|Id|false|false
	10:43:25.0 (2444030)|VARIABLE_ASSIGNMENT|[31]|childJobId|null
	10:43:25.0 (12231688)|METHOD_ENTRY|[1]|01p2v00000Tr0KM|OrdersFromBigCommerceBatch.OrdersFromBigCommerceBatch()
	10:43:25.0 (12257102)|METHOD_EXIT|[1]|OrdersFromBigCommerceBatch
	10:43:25.0 (12280958)|VARIABLE_SCOPE_BEGIN|[253]|this|OrdersFromBigCommerceBatch|true|false
	10:43:25.0 (12338438)|VARIABLE_ASSIGNMENT|[253]|this|{"isManual":false}|0x1afbc311
	10:43:25.0 (12347988)|VARIABLE_SCOPE_BEGIN|[253]|context|Database.BatchableContext|true|false
	10:43:25.0 (12440226)|VARIABLE_ASSIGNMENT|[253]|context|{"jobId":"7071y00000J9FMYAA3"}|0x51110404
10:43:25.0 (22521149)|CODE_UNIT_FINISHED|OrdersFromBigCommerceBatch
10:43:25.0 (22542477)|EXECUTION_FINISHED
