45.0 APEX_CODE,FINEST;APEX_PROFILING,NONE;CALLOUT,NONE;DB,INFO;NBA,NONE;SYSTEM,NONE;VALIDATION,NONE;VISUALFORCE,NONE;WAVE,NONE;WORKFLOW,NONE
11:04:04.0 (501123)|USER_INFO|[EXTERNAL]|0052v00000fQDGY|api@naturalchemist.com.au.sand1|(GMT+11:00) Australian Eastern Daylight Time (Australia/Sydney)|GMT+11:00
11:04:04.0 (596046)|EXECUTION_STARTED
11:04:04.0 (611504)|CODE_UNIT_STARTED|[EXTERNAL]|01p2v00000Tr0KR|ProductsFromBCBatch
	11:04:04.0 (3347930)|SYSTEM_METHOD_ENTRY|[15]|BatchableContextImpl.BatchableContextImpl()
	11:04:04.0 (3389619)|SYSTEM_METHOD_EXIT|[15]|BatchableContextImpl
	11:04:04.0 (3424735)|VARIABLE_SCOPE_BEGIN|[31]|this|Database.BatchableContextImpl|true|false
	11:04:04.0 (3627872)|VARIABLE_ASSIGNMENT|[31]|this|{}|0xc7377e2
	11:04:04.0 (3640190)|VARIABLE_SCOPE_BEGIN|[31]|jobId|Id|false|false
	11:04:04.0 (3800835)|VARIABLE_ASSIGNMENT|[31]|jobId|"7071y00000J9FptAAF"
	11:04:04.0 (3809761)|VARIABLE_SCOPE_BEGIN|[31]|childJobId|Id|false|false
	11:04:04.0 (3824311)|VARIABLE_ASSIGNMENT|[31]|childJobId|null
	11:04:04.0 (15971735)|METHOD_ENTRY|[1]|01p2v00000Tr0KR|ProductsFromBCBatch.ProductsFromBCBatch()
	11:04:04.0 (15997672)|METHOD_EXIT|[1]|ProductsFromBCBatch
	11:04:04.0 (16030492)|VARIABLE_SCOPE_BEGIN|[314]|this|ProductsFromBCBatch|true|false
	11:04:04.0 (16087899)|VARIABLE_ASSIGNMENT|[314]|this|{"updateFromProductQuickAction":false}|0x29dee17d
	11:04:04.0 (16097933)|VARIABLE_SCOPE_BEGIN|[314]|context|Database.BatchableContext|true|false
	11:04:04.0 (16241965)|VARIABLE_ASSIGNMENT|[314]|context|{"jobId":"7071y00000J9FptAAF"}|0xc7377e2
	11:04:04.0 (16342769)|SYSTEM_METHOD_ENTRY|[1]|Test.Test()
	11:04:04.0 (16362014)|SYSTEM_METHOD_EXIT|[1]|Test
	11:04:04.0 (16394885)|METHOD_ENTRY|[315]||System.Test.isRunningTest()
	11:04:04.0 (16468616)|METHOD_EXIT|[315]||System.Test.isRunningTest()
	11:04:04.0 (17016601)|METHOD_ENTRY|[1]|01p2v00000Tr0KM|OrdersFromBigCommerceBatch.OrdersFromBigCommerceBatch()
	11:04:04.0 (17036628)|METHOD_EXIT|[1]|OrdersFromBigCommerceBatch
	11:04:04.0 (17072336)|CONSTRUCTOR_ENTRY|[316]|01p2v00000Tr0KM|<init>()|OrdersFromBigCommerceBatch
	11:04:04.0 (17112772)|VARIABLE_SCOPE_BEGIN|[8]|this|OrdersFromBigCommerceBatch|true|false
	11:04:04.0 (17156113)|VARIABLE_ASSIGNMENT|[8]|this|{}|0x75c88646
	11:04:04.0 (17233141)|VARIABLE_ASSIGNMENT|[9]|this.isManual|false|0x75c88646
	11:04:04.0 (17246654)|CONSTRUCTOR_EXIT|[316]|01p2v00000Tr0KM|<init>()|OrdersFromBigCommerceBatch
	11:04:04.0 (17258477)|VARIABLE_SCOPE_BEGIN|[316]|orderBatch|OrdersFromBigCommerceBatch|true|false
	11:04:04.0 (17287364)|VARIABLE_ASSIGNMENT|[316]|orderBatch|{"isManual":false}|0x75c88646
11:04:04.0 (70536706)|CODE_UNIT_FINISHED|ProductsFromBCBatch
11:04:04.0 (70567318)|EXECUTION_FINISHED
