45.0 APEX_CODE,FINEST;APEX_PROFILING,INFO;CALLOUT,INFO;DB,INFO;NBA,INFO;SYSTEM,DEBUG;VALIDATION,INFO;VISUALFORCE,INFO;WAVE,INFO;WORKFLOW,INFO
06:03:45.0 (188659)|USER_INFO|[EXTERNAL]|0052v00000fQDGY|api@naturalchemist.com.au.sand1|(GMT+11:00) Australian Eastern Daylight Time (Australia/Sydney)|GMT+11:00
06:03:45.0 (237427)|EXECUTION_STARTED
06:03:45.0 (244168)|CODE_UNIT_STARTED|[EXTERNAL]|01p2v00000Tr0KM|OrdersFromBigCommerceBatch
	06:03:45.0 (2378531)|SYSTEM_METHOD_ENTRY|[15]|BatchableContextImpl.BatchableContextImpl()
	06:03:45.0 (2396334)|SYSTEM_METHOD_EXIT|[15]|BatchableContextImpl
	06:03:45.0 (2417753)|VARIABLE_SCOPE_BEGIN|[31]|this|Database.BatchableContextImpl|true|false
	06:03:45.0 (2484919)|VARIABLE_ASSIGNMENT|[31]|this|{}|0x1208829a
	06:03:45.0 (2496128)|VARIABLE_SCOPE_BEGIN|[31]|jobId|Id|false|false
	06:03:45.0 (2614897)|VARIABLE_ASSIGNMENT|[31]|jobId|"7071y00000J99T9AAJ"
	06:03:45.0 (2623368)|VARIABLE_SCOPE_BEGIN|[31]|childJobId|Id|false|false
	06:03:45.0 (2637633)|VARIABLE_ASSIGNMENT|[31]|childJobId|null
	06:03:45.0 (12858513)|METHOD_ENTRY|[1]|01p2v00000Tr0KM|OrdersFromBigCommerceBatch.OrdersFromBigCommerceBatch()
	06:03:45.0 (12889781)|METHOD_EXIT|[1]|OrdersFromBigCommerceBatch
	06:03:45.0 (12912010)|VARIABLE_SCOPE_BEGIN|[253]|this|OrdersFromBigCommerceBatch|true|false
	06:03:45.0 (12961146)|VARIABLE_ASSIGNMENT|[253]|this|{"isManual":false}|0xfa61b0a
	06:03:45.0 (12977565)|VARIABLE_SCOPE_BEGIN|[253]|context|Database.BatchableContext|true|false
	06:03:45.0 (13058660)|VARIABLE_ASSIGNMENT|[253]|context|{"jobId":"7071y00000J99T9AAJ"}|0x1208829a
	06:03:45.24 (24080991)|CUMULATIVE_LIMIT_USAGE
	06:03:45.24 (24080991)|LIMIT_USAGE_FOR_NS|(default)|
	  Number of SOQL queries: 0 out of 200
	  Number of query rows: 0 out of 50000
	  Number of SOSL queries: 0 out of 20
	  Number of DML statements: 0 out of 150
	  Number of Publish Immediate DML: 0 out of 150
	  Number of DML rows: 0 out of 10000
	  Maximum CPU time: 0 out of 60000
	  Maximum heap size: 0 out of 12000000
	  Number of callouts: 0 out of 0
	  Number of Email Invocations: 0 out of 10
	  Number of future calls: 0 out of 0
	  Number of queueable jobs added to the queue: 0 out of 1
	  Number of Mobile Apex push calls: 0 out of 10
	
	06:03:45.24 (24080991)|CUMULATIVE_LIMIT_USAGE_END
	
06:03:45.0 (24122418)|CODE_UNIT_FINISHED|OrdersFromBigCommerceBatch
06:03:45.0 (24138094)|EXECUTION_FINISHED
