45.0 APEX_CODE,FINEST;APEX_PROFILING,NONE;CALLOUT,NONE;DB,INFO;NBA,NONE;SYSTEM,NONE;VALIDATION,NONE;VISUALFORCE,NONE;WAVE,NONE;WORKFLOW,NONE
10:33:13.0 (189206)|USER_INFO|[EXTERNAL]|0052v00000fQDGY|api@naturalchemist.com.au.sand1|(GMT+11:00) Australian Eastern Daylight Time (Australia/Sydney)|GMT+11:00
10:33:13.0 (229847)|EXECUTION_STARTED
10:33:13.0 (235948)|CODE_UNIT_STARTED|[EXTERNAL]|01p2v00000Tr0KM|OrdersFromBigCommerceBatch
	10:33:13.0 (2332170)|SYSTEM_METHOD_ENTRY|[15]|BatchableContextImpl.BatchableContextImpl()
	10:33:13.0 (2350618)|SYSTEM_METHOD_EXIT|[15]|BatchableContextImpl
	10:33:13.0 (2373041)|VARIABLE_SCOPE_BEGIN|[31]|this|Database.BatchableContextImpl|true|false
	10:33:13.0 (2445102)|VARIABLE_ASSIGNMENT|[31]|this|{}|0x5539aab0
	10:33:13.0 (2456298)|VARIABLE_SCOPE_BEGIN|[31]|jobId|Id|false|false
	10:33:13.0 (2562727)|VARIABLE_ASSIGNMENT|[31]|jobId|"7071y00000J9FAeAAN"
	10:33:13.0 (2571687)|VARIABLE_SCOPE_BEGIN|[31]|childJobId|Id|false|false
	10:33:13.0 (2585662)|VARIABLE_ASSIGNMENT|[31]|childJobId|null
	10:33:13.0 (13854014)|METHOD_ENTRY|[1]|01p2v00000Tr0KM|OrdersFromBigCommerceBatch.OrdersFromBigCommerceBatch()
	10:33:13.0 (13878462)|METHOD_EXIT|[1]|OrdersFromBigCommerceBatch
	10:33:13.0 (13901876)|VARIABLE_SCOPE_BEGIN|[253]|this|OrdersFromBigCommerceBatch|true|false
	10:33:13.0 (13954561)|VARIABLE_ASSIGNMENT|[253]|this|{"isManual":false}|0x52ffab81
	10:33:13.0 (13965249)|VARIABLE_SCOPE_BEGIN|[253]|context|Database.BatchableContext|true|false
	10:33:13.0 (14067494)|VARIABLE_ASSIGNMENT|[253]|context|{"jobId":"7071y00000J9FAeAAN"}|0x5539aab0
10:33:13.0 (24557902)|CODE_UNIT_FINISHED|OrdersFromBigCommerceBatch
10:33:13.0 (24574164)|EXECUTION_FINISHED
