45.0 APEX_CODE,FINEST;APEX_PROFILING,NONE;CALLOUT,NONE;DB,INFO;NBA,NONE;SYSTEM,NONE;VALIDATION,NONE;VISUALFORCE,NONE;WAVE,NONE;WORKFLOW,NONE
10:58:34.0 (188875)|USER_INFO|[EXTERNAL]|0052v00000fQDGY|api@naturalchemist.com.au.sand1|(GMT+11:00) Australian Eastern Daylight Time (Australia/Sydney)|GMT+11:00
10:58:34.0 (225795)|EXECUTION_STARTED
10:58:34.0 (231691)|CODE_UNIT_STARTED|[EXTERNAL]|01p2v00000Tr0KR|ProductsFromBCBatch
	10:58:34.0 (2113903)|SYSTEM_METHOD_ENTRY|[15]|BatchableContextImpl.BatchableContextImpl()
	10:58:34.0 (2135397)|SYSTEM_METHOD_EXIT|[15]|BatchableContextImpl
	10:58:34.0 (2155324)|VARIABLE_SCOPE_BEGIN|[31]|this|Database.BatchableContextImpl|true|false
	10:58:34.0 (2226215)|VARIABLE_ASSIGNMENT|[31]|this|{}|0x3a0f82b9
	10:58:34.0 (2233369)|VARIABLE_SCOPE_BEGIN|[31]|jobId|Id|false|false
	10:58:34.0 (2346528)|VARIABLE_ASSIGNMENT|[31]|jobId|"7071y00000J9FebAAF"
	10:58:34.0 (2356312)|VARIABLE_SCOPE_BEGIN|[31]|childJobId|Id|false|false
	10:58:34.0 (2371263)|VARIABLE_ASSIGNMENT|[31]|childJobId|null
	10:58:34.0 (12659165)|METHOD_ENTRY|[1]|01p2v00000Tr0KR|ProductsFromBCBatch.ProductsFromBCBatch()
	10:58:34.0 (12683625)|METHOD_EXIT|[1]|ProductsFromBCBatch
	10:58:34.0 (12706691)|VARIABLE_SCOPE_BEGIN|[314]|this|ProductsFromBCBatch|true|false
	10:58:34.0 (12754538)|VARIABLE_ASSIGNMENT|[314]|this|{"updateFromProductQuickAction":false}|0x6e2c4b8f
	10:58:34.0 (12762054)|VARIABLE_SCOPE_BEGIN|[314]|context|Database.BatchableContext|true|false
	10:58:34.0 (12853684)|VARIABLE_ASSIGNMENT|[314]|context|{"jobId":"7071y00000J9FebAAF"}|0x3a0f82b9
	10:58:34.0 (12936569)|SYSTEM_METHOD_ENTRY|[1]|Test.Test()
	10:58:34.0 (12948337)|SYSTEM_METHOD_EXIT|[1]|Test
	10:58:34.0 (12964478)|METHOD_ENTRY|[315]||System.Test.isRunningTest()
	10:58:34.0 (13009742)|METHOD_EXIT|[315]||System.Test.isRunningTest()
	10:58:34.0 (13733676)|METHOD_ENTRY|[1]|01p2v00000Tr0KM|OrdersFromBigCommerceBatch.OrdersFromBigCommerceBatch()
	10:58:34.0 (13750086)|METHOD_EXIT|[1]|OrdersFromBigCommerceBatch
	10:58:34.0 (13781700)|CONSTRUCTOR_ENTRY|[316]|01p2v00000Tr0KM|<init>()|OrdersFromBigCommerceBatch
	10:58:34.0 (13811074)|VARIABLE_SCOPE_BEGIN|[8]|this|OrdersFromBigCommerceBatch|true|false
	10:58:34.0 (13846040)|VARIABLE_ASSIGNMENT|[8]|this|{}|0x2a3a0089
	10:58:34.0 (13912617)|VARIABLE_ASSIGNMENT|[9]|this.isManual|false|0x2a3a0089
	10:58:34.0 (13921872)|CONSTRUCTOR_EXIT|[316]|01p2v00000Tr0KM|<init>()|OrdersFromBigCommerceBatch
	10:58:34.0 (13930116)|VARIABLE_SCOPE_BEGIN|[316]|orderBatch|OrdersFromBigCommerceBatch|true|false
	10:58:34.0 (13949926)|VARIABLE_ASSIGNMENT|[316]|orderBatch|{"isManual":false}|0x2a3a0089
10:58:34.0 (53603003)|CODE_UNIT_FINISHED|ProductsFromBCBatch
10:58:34.0 (53620507)|EXECUTION_FINISHED
