45.0 APEX_CODE,FINEST;APEX_PROFILING,NONE;CALLOUT,NONE;DB,INFO;NBA,NONE;SYSTEM,NONE;VALIDATION,NONE;VISUALFORCE,NONE;WAVE,NONE;WORKFLOW,NONE
10:53:33.0 (433808)|USER_INFO|[EXTERNAL]|0052v00000fQDGY|api@naturalchemist.com.au.sand1|(GMT+11:00) Australian Eastern Daylight Time (Australia/Sydney)|GMT+11:00
10:53:33.0 (489946)|EXECUTION_STARTED
10:53:33.0 (499434)|CODE_UNIT_STARTED|[EXTERNAL]|01p2v00000Tr0KR|ProductsFromBCBatch
	10:53:33.0 (3543544)|SYSTEM_METHOD_ENTRY|[15]|BatchableContextImpl.BatchableContextImpl()
	10:53:33.0 (3570714)|SYSTEM_METHOD_EXIT|[15]|BatchableContextImpl
	10:53:33.0 (3604032)|VARIABLE_SCOPE_BEGIN|[31]|this|Database.BatchableContextImpl|true|false
	10:53:33.0 (3724039)|VARIABLE_ASSIGNMENT|[31]|this|{}|0x42ddb069
	10:53:33.0 (3739184)|VARIABLE_SCOPE_BEGIN|[31]|jobId|Id|false|false
	10:53:33.0 (3980035)|VARIABLE_ASSIGNMENT|[31]|jobId|"7071y00000J9EzxAAF"
	10:53:33.0 (3997671)|VARIABLE_SCOPE_BEGIN|[31]|childJobId|Id|false|false
	10:53:33.0 (4020080)|VARIABLE_ASSIGNMENT|[31]|childJobId|null
	10:53:33.0 (22624726)|METHOD_ENTRY|[1]|01p2v00000Tr0KR|ProductsFromBCBatch.ProductsFromBCBatch()
	10:53:33.0 (22658002)|METHOD_EXIT|[1]|ProductsFromBCBatch
	10:53:33.0 (22682943)|VARIABLE_SCOPE_BEGIN|[314]|this|ProductsFromBCBatch|true|false
	10:53:33.0 (22745874)|VARIABLE_ASSIGNMENT|[314]|this|{"updateFromProductQuickAction":false}|0x55c5eb8a
	10:53:33.0 (22762625)|VARIABLE_SCOPE_BEGIN|[314]|context|Database.BatchableContext|true|false
	10:53:33.0 (22890311)|VARIABLE_ASSIGNMENT|[314]|context|{"jobId":"7071y00000J9EzxAAF"}|0x42ddb069
	10:53:33.0 (23009913)|SYSTEM_METHOD_ENTRY|[1]|Test.Test()
	10:53:33.0 (23029310)|SYSTEM_METHOD_EXIT|[1]|Test
	10:53:33.0 (23061214)|METHOD_ENTRY|[315]||System.Test.isRunningTest()
	10:53:33.0 (23123543)|METHOD_EXIT|[315]||System.Test.isRunningTest()
	10:53:33.0 (23762270)|METHOD_ENTRY|[1]|01p2v00000Tr0KM|OrdersFromBigCommerceBatch.OrdersFromBigCommerceBatch()
	10:53:33.0 (23783920)|METHOD_EXIT|[1]|OrdersFromBigCommerceBatch
	10:53:33.0 (23821417)|CONSTRUCTOR_ENTRY|[316]|01p2v00000Tr0KM|<init>()|OrdersFromBigCommerceBatch
	10:53:33.0 (23851182)|VARIABLE_SCOPE_BEGIN|[8]|this|OrdersFromBigCommerceBatch|true|false
	10:53:33.0 (23899007)|VARIABLE_ASSIGNMENT|[8]|this|{}|0x25e51d84
	10:53:33.0 (23975353)|VARIABLE_ASSIGNMENT|[9]|this.isManual|false|0x25e51d84
	10:53:33.0 (23989189)|CONSTRUCTOR_EXIT|[316]|01p2v00000Tr0KM|<init>()|OrdersFromBigCommerceBatch
	10:53:33.0 (23999997)|VARIABLE_SCOPE_BEGIN|[316]|orderBatch|OrdersFromBigCommerceBatch|true|false
	10:53:33.0 (24025854)|VARIABLE_ASSIGNMENT|[316]|orderBatch|{"isManual":false}|0x25e51d84
10:53:33.0 (69732038)|CODE_UNIT_FINISHED|ProductsFromBCBatch
10:53:33.0 (69754921)|EXECUTION_FINISHED
