45.0 APEX_CODE,FINEST;APEX_PROFILING,NONE;CALLOUT,NONE;DB,INFO;NBA,NONE;SYSTEM,NONE;VALIDATION,NONE;VISUALFORCE,NONE;WAVE,NONE;WORKFLOW,NONE
01:11:01.0 (671436)|USER_INFO|[EXTERNAL]|0052v00000fQDGY|api@naturalchemist.com.au.sand1|(GMT+11:00) Australian Eastern Daylight Time (Australia/Sydney)|GMT+11:00
01:11:01.0 (763216)|EXECUTION_STARTED
01:11:01.0 (777551)|CODE_UNIT_STARTED|[EXTERNAL]|01p2v00000SpN2U|CustomersFromBigCommerceBatch
	01:11:01.0 (4804393)|SYSTEM_METHOD_ENTRY|[15]|BatchableContextImpl.BatchableContextImpl()
	01:11:01.0 (4839951)|SYSTEM_METHOD_EXIT|[15]|BatchableContextImpl
	01:11:01.0 (4884544)|VARIABLE_SCOPE_BEGIN|[31]|this|Database.BatchableContextImpl|true|false
	01:11:01.0 (5061758)|VARIABLE_ASSIGNMENT|[31]|this|{}|0x14fdbe51
	01:11:01.0 (5084194)|VARIABLE_SCOPE_BEGIN|[31]|jobId|Id|false|false
	01:11:01.0 (5313769)|VARIABLE_ASSIGNMENT|[31]|jobId|"7071y00000MBBMJAA5"
	01:11:01.0 (5325718)|VARIABLE_SCOPE_BEGIN|[31]|childJobId|Id|false|false
	01:11:01.0 (5356361)|VARIABLE_ASSIGNMENT|[31]|childJobId|null
	01:11:01.0 (27350706)|METHOD_ENTRY|[1]|01p2v00000SpN2U|CustomersFromBigCommerceBatch.CustomersFromBigCommerceBatch()
	01:11:01.0 (27386771)|METHOD_EXIT|[1]|CustomersFromBigCommerceBatch
	01:11:01.0 (27419736)|VARIABLE_SCOPE_BEGIN|[97]|this|CustomersFromBigCommerceBatch|true|false
	01:11:01.0 (27507760)|VARIABLE_ASSIGNMENT|[97]|this|{"batchScheduleName":"84520","isManual":false}|0x6be44f27
	01:11:01.0 (27520495)|VARIABLE_SCOPE_BEGIN|[97]|context|Database.BatchableContext|true|false
	01:11:01.0 (27687232)|VARIABLE_ASSIGNMENT|[97]|context|{"jobId":"7071y00000MBBMJAA5"}|0x14fdbe51
	01:11:01.0 (27978773)|CONSTRUCTOR_ENTRY|[100]|01p2v00000SpN2U|<init>(Integer)|CustomersFromBigCommerceBatch
	01:11:01.0 (28000096)|VARIABLE_SCOPE_BEGIN|[8]|this|CustomersFromBigCommerceBatch|true|false
	01:11:01.0 (28044878)|VARIABLE_ASSIGNMENT|[8]|this|{}|0x273160f5
	01:11:01.0 (28066252)|VARIABLE_SCOPE_BEGIN|[8]|conditionalBatchNameNumber|Integer|false|false
	01:11:01.0 (28087511)|VARIABLE_ASSIGNMENT|[8]|conditionalBatchNameNumber|84520
	01:11:01.0 (28187777)|VARIABLE_ASSIGNMENT|[12]|conditionalBatchNameNumber|84521
	01:11:01.0 (28296753)|VARIABLE_ASSIGNMENT|[13]|this.batchScheduleName|"84521"|0x273160f5
	01:11:01.0 (28344124)|VARIABLE_ASSIGNMENT|[14]|this.isManual|false|0x273160f5
	01:11:01.0 (28372356)|CONSTRUCTOR_EXIT|[100]|01p2v00000SpN2U|<init>(Integer)|CustomersFromBigCommerceBatch
	01:11:01.0 (28389876)|VARIABLE_SCOPE_BEGIN|[100]|newBatch|CustomersFromBigCommerceBatch|true|false
	01:11:01.0 (28435558)|VARIABLE_ASSIGNMENT|[100]|newBatch|{"batchScheduleName":"84521","isManual":false}|0x273160f5
	01:11:01.0 (28769347)|SYSTEM_METHOD_ENTRY|[14]|ScheduledBatch.ScheduledBatch()
	01:11:01.0 (28790415)|SYSTEM_METHOD_EXIT|[14]|ScheduledBatch
	01:11:01.0 (28813312)|VARIABLE_SCOPE_BEGIN|[27]|this|System.ScheduledBatch|true|false
	01:11:01.0 (28852537)|VARIABLE_ASSIGNMENT|[27]|this|{}|0x60e6aefc
	01:11:01.0 (28883423)|VARIABLE_SCOPE_BEGIN|[27]|batchObj|Object|false|false
	01:11:01.0 (28911407)|VARIABLE_ASSIGNMENT|[27]|batchObj|{"batchScheduleName":"84521","isManual":false}
	01:11:01.0 (28919135)|VARIABLE_SCOPE_BEGIN|[27]|scope|Integer|false|false
	01:11:01.0 (28933868)|VARIABLE_ASSIGNMENT|[27]|scope|null
	01:11:01.0 (66439615)|SYSTEM_METHOD_ENTRY|[1]|Test.Test()
	01:11:01.0 (66459080)|SYSTEM_METHOD_EXIT|[1]|Test
	01:11:01.0 (66480387)|METHOD_ENTRY|[109]||System.Test.isRunningTest()
	01:11:01.0 (66539005)|METHOD_EXIT|[109]||System.Test.isRunningTest()
	01:11:01.0 (67112949)|METHOD_ENTRY|[1]|01p2v00000Tr0KR|ProductsFromBCBatch.ProductsFromBCBatch()
	01:11:01.0 (67137380)|METHOD_EXIT|[1]|ProductsFromBCBatch
	01:11:01.0 (67173947)|CONSTRUCTOR_ENTRY|[110]|01p2v00000Tr0KR|<init>()|ProductsFromBCBatch
	01:11:01.0 (67201616)|VARIABLE_SCOPE_BEGIN|[6]|this|ProductsFromBCBatch|true|false
	01:11:01.0 (67254841)|VARIABLE_ASSIGNMENT|[6]|this|{}|0x3b386d57
	01:11:01.0 (67319655)|VARIABLE_ASSIGNMENT|[7]|this.updateFromProductQuickAction|false|0x3b386d57
	01:11:01.0 (67332584)|CONSTRUCTOR_EXIT|[110]|01p2v00000Tr0KR|<init>()|ProductsFromBCBatch
	01:11:01.0 (67341156)|VARIABLE_SCOPE_BEGIN|[110]|productBatch|ProductsFromBCBatch|true|false
	01:11:01.0 (67368238)|VARIABLE_ASSIGNMENT|[110]|productBatch|{"updateFromProductQuickAction":false}|0x3b386d57
01:11:01.0 (115708329)|CODE_UNIT_FINISHED|CustomersFromBigCommerceBatch
01:11:01.0 (115733112)|EXECUTION_FINISHED
