45.0 APEX_CODE,FINEST;APEX_PROFILING,NONE;CALLOUT,NONE;DB,INFO;NBA,NONE;SYSTEM,NONE;VALIDATION,NONE;VISUALFORCE,NONE;WAVE,NONE;WORKFLOW,NONE
10:43:22.0 (429997)|USER_INFO|[EXTERNAL]|0052v00000fQDGY|api@naturalchemist.com.au.sand1|(GMT+11:00) Australian Eastern Daylight Time (Australia/Sydney)|GMT+11:00
10:43:22.0 (4033461)|EXECUTION_STARTED
10:43:22.0 (4046295)|CODE_UNIT_STARTED|[EXTERNAL]|01p2v00000SpN2U|CustomersFromBigCommerceBatch
	10:43:22.0 (6498229)|SYSTEM_METHOD_ENTRY|[15]|BatchableContextImpl.BatchableContextImpl()
	10:43:22.0 (6525866)|SYSTEM_METHOD_EXIT|[15]|BatchableContextImpl
	10:43:22.0 (6546199)|VARIABLE_SCOPE_BEGIN|[31]|this|Database.BatchableContextImpl|true|false
	10:43:22.0 (6676595)|VARIABLE_ASSIGNMENT|[31]|this|{}|0x367c58
	10:43:22.0 (6685065)|VARIABLE_SCOPE_BEGIN|[31]|jobId|Id|false|false
	10:43:22.0 (6831928)|VARIABLE_ASSIGNMENT|[31]|jobId|"7071y00000J9FIaAAN"
	10:43:22.0 (6839287)|VARIABLE_SCOPE_BEGIN|[31]|childJobId|Id|false|false
	10:43:22.0 (6851486)|VARIABLE_ASSIGNMENT|[31]|childJobId|null
	10:43:22.0 (22093593)|METHOD_ENTRY|[1]|01p2v00000SpN2U|CustomersFromBigCommerceBatch.CustomersFromBigCommerceBatch()
	10:43:22.0 (22115827)|METHOD_EXIT|[1]|CustomersFromBigCommerceBatch
	10:43:22.0 (22139081)|VARIABLE_SCOPE_BEGIN|[97]|this|CustomersFromBigCommerceBatch|true|false
	10:43:22.0 (22194756)|VARIABLE_ASSIGNMENT|[97]|this|{"batchScheduleName":"67113","isManual":false}|0x3204c8d0
	10:43:22.0 (22202487)|VARIABLE_SCOPE_BEGIN|[97]|context|Database.BatchableContext|true|false
	10:43:22.0 (22298749)|VARIABLE_ASSIGNMENT|[97]|context|{"jobId":"7071y00000J9FIaAAN"}|0x367c58
	10:43:22.0 (22558750)|CONSTRUCTOR_ENTRY|[100]|01p2v00000SpN2U|<init>(Integer)|CustomersFromBigCommerceBatch
	10:43:22.0 (22574522)|VARIABLE_SCOPE_BEGIN|[8]|this|CustomersFromBigCommerceBatch|true|false
	10:43:22.0 (22596162)|VARIABLE_ASSIGNMENT|[8]|this|{}|0x29b41f56
	10:43:22.0 (22603490)|VARIABLE_SCOPE_BEGIN|[8]|conditionalBatchNameNumber|Integer|false|false
	10:43:22.0 (22614709)|VARIABLE_ASSIGNMENT|[8]|conditionalBatchNameNumber|67113
	10:43:22.0 (22676114)|VARIABLE_ASSIGNMENT|[12]|conditionalBatchNameNumber|67114
	10:43:22.0 (22734629)|VARIABLE_ASSIGNMENT|[13]|this.batchScheduleName|"67114"|0x29b41f56
	10:43:22.0 (22763042)|VARIABLE_ASSIGNMENT|[14]|this.isManual|false|0x29b41f56
	10:43:22.0 (22803656)|CONSTRUCTOR_EXIT|[100]|01p2v00000SpN2U|<init>(Integer)|CustomersFromBigCommerceBatch
	10:43:22.0 (22816208)|VARIABLE_SCOPE_BEGIN|[100]|newBatch|CustomersFromBigCommerceBatch|true|false
	10:43:22.0 (22840364)|VARIABLE_ASSIGNMENT|[100]|newBatch|{"batchScheduleName":"67114","isManual":false}|0x29b41f56
	10:43:22.0 (23065535)|SYSTEM_METHOD_ENTRY|[14]|ScheduledBatch.ScheduledBatch()
	10:43:22.0 (23077347)|SYSTEM_METHOD_EXIT|[14]|ScheduledBatch
	10:43:22.0 (23094642)|VARIABLE_SCOPE_BEGIN|[27]|this|System.ScheduledBatch|true|false
	10:43:22.0 (23132954)|VARIABLE_ASSIGNMENT|[27]|this|{}|0x56fa7a76
	10:43:22.0 (23139541)|VARIABLE_SCOPE_BEGIN|[27]|batchObj|Object|false|false
	10:43:22.0 (23158403)|VARIABLE_ASSIGNMENT|[27]|batchObj|{"batchScheduleName":"67114","isManual":false}
	10:43:22.0 (23163850)|VARIABLE_SCOPE_BEGIN|[27]|scope|Integer|false|false
	10:43:22.0 (23172710)|VARIABLE_ASSIGNMENT|[27]|scope|null
	10:43:22.0 (57550752)|SYSTEM_METHOD_ENTRY|[1]|Test.Test()
	10:43:22.0 (57570484)|SYSTEM_METHOD_EXIT|[1]|Test
	10:43:22.0 (57616445)|METHOD_ENTRY|[109]||System.Test.isRunningTest()
	10:43:22.0 (57688057)|METHOD_EXIT|[109]||System.Test.isRunningTest()
	10:43:22.0 (62789722)|METHOD_ENTRY|[1]|01p2v00000Tr0KR|ProductsFromBCBatch.ProductsFromBCBatch()
	10:43:22.0 (62819865)|METHOD_EXIT|[1]|ProductsFromBCBatch
	10:43:22.0 (62855193)|CONSTRUCTOR_ENTRY|[110]|01p2v00000Tr0KR|<init>()|ProductsFromBCBatch
	10:43:22.0 (62889944)|VARIABLE_SCOPE_BEGIN|[6]|this|ProductsFromBCBatch|true|false
	10:43:22.0 (62945015)|VARIABLE_ASSIGNMENT|[6]|this|{}|0x44c80e69
	10:43:22.0 (63014613)|VARIABLE_ASSIGNMENT|[7]|this.updateFromProductQuickAction|false|0x44c80e69
	10:43:22.0 (63024103)|CONSTRUCTOR_EXIT|[110]|01p2v00000Tr0KR|<init>()|ProductsFromBCBatch
	10:43:22.0 (63031566)|VARIABLE_SCOPE_BEGIN|[110]|productBatch|ProductsFromBCBatch|true|false
	10:43:22.0 (63053678)|VARIABLE_ASSIGNMENT|[110]|productBatch|{"updateFromProductQuickAction":false}|0x44c80e69
10:43:22.0 (103102926)|CODE_UNIT_FINISHED|CustomersFromBigCommerceBatch
10:43:22.0 (103119045)|EXECUTION_FINISHED
