45.0 APEX_CODE,FINEST;APEX_PROFILING,NONE;CALLOUT,NONE;DB,INFO;NBA,NONE;SYSTEM,NONE;VALIDATION,NONE;VISUALFORCE,NONE;WAVE,NONE;WORKFLOW,NONE
10:33:13.0 (183890)|USER_INFO|[EXTERNAL]|0052v00000fQDGY|api@naturalchemist.com.au.sand1|(GMT+11:00) Australian Eastern Daylight Time (Australia/Sydney)|GMT+11:00
10:33:13.0 (228794)|EXECUTION_STARTED
10:33:13.0 (234516)|CODE_UNIT_STARTED|[EXTERNAL]|01p2v00000Tr0KM|OrdersFromBigCommerceBatch
	10:33:13.0 (12126744)|SYSTEM_METHOD_ENTRY|[15]|BatchableContextImpl.BatchableContextImpl()
	10:33:13.0 (12146787)|SYSTEM_METHOD_EXIT|[15]|BatchableContextImpl
	10:33:13.0 (12170720)|VARIABLE_SCOPE_BEGIN|[31]|this|Database.BatchableContextImpl|true|false
	10:33:13.0 (12250459)|VARIABLE_ASSIGNMENT|[31]|this|{}|0x5d59eb13
	10:33:13.0 (12261431)|VARIABLE_SCOPE_BEGIN|[31]|jobId|Id|false|false
	10:33:13.0 (12381641)|VARIABLE_ASSIGNMENT|[31]|jobId|"7071y00000J9FAeAAN"
	10:33:13.0 (12406220)|VARIABLE_SCOPE_BEGIN|[31]|childJobId|Id|false|false
	10:33:13.0 (12422141)|VARIABLE_ASSIGNMENT|[31]|childJobId|null
	10:33:13.0 (15178498)|METHOD_ENTRY|[1]|01p2v00000Tr0KM|OrdersFromBigCommerceBatch.OrdersFromBigCommerceBatch()
	10:33:13.0 (15199249)|METHOD_EXIT|[1]|OrdersFromBigCommerceBatch
	10:33:13.0 (15222199)|VARIABLE_SCOPE_BEGIN|[24]|this|OrdersFromBigCommerceBatch|true|false
	10:33:13.0 (15266460)|VARIABLE_ASSIGNMENT|[24]|this|{"isManual":false}|0x35350934
	10:33:13.0 (15277602)|VARIABLE_SCOPE_BEGIN|[24]|context|Database.BatchableContext|true|false
	10:33:13.0 (15365319)|VARIABLE_ASSIGNMENT|[24]|context|{"jobId":"7071y00000J9FAeAAN"}|0x5d59eb13
	10:33:13.0 (15996420)|CONSTRUCTOR_ENTRY|[25]|01p2v00000Tr0Kf|<init>()|WSOrdersFromBigCommerce.Response
	10:33:13.0 (16037731)|VARIABLE_SCOPE_BEGIN|[83]|this|WSOrdersFromBigCommerce.Response|true|false
	10:33:13.0 (16167183)|VARIABLE_ASSIGNMENT|[83]|this|{}|0x16be0a81
	10:33:13.0 (16197856)|METHOD_ENTRY|[1]|01p2v00000SpN2i|WSResult.WSResult()
	10:33:13.0 (16222018)|METHOD_EXIT|[1]|WSResult
	10:33:13.0 (16234767)|CONSTRUCTOR_ENTRY|[EXTERNAL]|01p2v00000SpN2i|<init>()|WSResult
	10:33:13.0 (16257839)|VARIABLE_SCOPE_BEGIN|[1]|this|WSResult|true|false
	10:33:13.0 (16326058)|VARIABLE_ASSIGNMENT|[1]|this|{}|0x16be0a81
	10:33:13.0 (16406980)|CONSTRUCTOR_EXIT|[EXTERNAL]|01p2v00000SpN2i|<init>()|WSResult
	10:33:13.0 (16424859)|CONSTRUCTOR_EXIT|[25]|01p2v00000Tr0Kf|<init>()|WSOrdersFromBigCommerce.Response
	10:33:13.0 (16436838)|VARIABLE_SCOPE_BEGIN|[25]|response|WSOrdersFromBigCommerce.Response|true|false
	10:33:13.0 (16465996)|VARIABLE_ASSIGNMENT|[25]|response|{}|0x16be0a81
	10:33:13.0 (16821880)|VARIABLE_SCOPE_BEGIN|[4]|WSOrdersFromBigCommerce.SERVICE_CONFIG|Webservice_endpoint_setting__mdt|true|true
	10:33:13.0 (16868924)|METHOD_ENTRY|[1]|01p2v00000Tr0Kf|WSOrdersFromBigCommerce.WSOrdersFromBigCommerce()
		10:33:13.0 (16998599)|VARIABLE_SCOPE_BEGIN|[3]|GenericUtilsHelper.currentOrg|Organization|true|true
		10:33:13.0 (17017680)|VARIABLE_SCOPE_BEGIN|[101]|GenericUtilsHelper.mapRecordTypes|Map<String,RecordType>|true|true
		10:33:13.0 (17268560)|METHOD_ENTRY|[1]|01p2v00000SpN2Y|GenericUtilsHelper.GenericUtilsHelper()
			10:33:13.0 (17379275)|VARIABLE_ASSIGNMENT|[101]|GenericUtilsHelper.mapRecordTypes|{}|0x669c76a
		10:33:13.0 (17393086)|METHOD_EXIT|[1]|GenericUtilsHelper
		10:33:13.0 (17411701)|METHOD_ENTRY|[5]|01p2v00000SpN2Y|GenericUtilsHelper.getWebServiceConfig(String)
			10:33:13.0 (17437852)|VARIABLE_SCOPE_BEGIN|[86]|name|String|false|false
			10:33:13.0 (17458246)|VARIABLE_ASSIGNMENT|[86]|name|"SALESFORCE.BIGCOMMER (2 more) ..."
			10:33:13.0 (17480819)|METHOD_ENTRY|[87]|01p2v00000SpN2Y|GenericUtilsHelper.isSandboxEnviroment()
				10:33:13.0 (24070925)|SOQL_EXECUTE_BEGIN|[81]|Aggregations:0|SELECT Id, Name, IsSandbox FROM Organization LIMIT 1
				10:33:13.0 (26310864)|SOQL_EXECUTE_END|[81]|Rows:1
				10:33:13.0 (26602028)|VARIABLE_ASSIGNMENT|[81]|GenericUtilsHelper.currentOrg|{"Id":"00D1y0000008m7IEAQ","Name":"Natural Chemist","IsSandbox":true}|0x308503c7
			10:33:13.0 (26667282)|METHOD_EXIT|[87]|01p2v00000SpN2Y|GenericUtilsHelper.isSandboxEnviroment()
			10:33:13.0 (26686903)|VARIABLE_SCOPE_BEGIN|[87]|isProduction|Boolean|false|false
			10:33:13.0 (26716154)|VARIABLE_ASSIGNMENT|[87]|isProduction|false
			10:33:13.0 (27343341)|SOQL_EXECUTE_BEGIN|[88]|Aggregations:0|SELECT Id, URL__c, ClientId__c, ClientSecret__c, ActivateNatualScriptCallout__c, StoreHash__c, AppStoreUrl__c, AccessToken__c, ShipStation_Packing_UserId__c, ShipStation_Admin_UserId__c FROM Webservice_endpoint_setting__mdt WHERE (MasterLabel = :tmpVar1 AND Is_Production__c = :tmpVar2)
			10:33:13.0 (30681393)|SOQL_EXECUTE_END|[88]|Rows:1
			10:33:13.0 (30819092)|VARIABLE_SCOPE_BEGIN|[88]|result|List<Webservice_endpoint_setting__mdt>|true|false
			10:33:13.0 (30876357)|VARIABLE_ASSIGNMENT|[88]|result|[{"Id":"m002v000000yiYYAAY","URL__c":"https://api.bigcomme (26 more) ...","ClientId__c":"qgoe1p6a5xvhgkkvsiu5 (11 more) ...","ClientSecret__c":"d6631082dbbca140cafb (44 more) ...","ActivateNatualScriptCallout__c":false,"StoreHash__c":"n9dr7ak2qq","AppStoreUrl__c":"https://natural-chem (30 more) ...","AccessToken__c":"64so0mrm0qmlsrl3dl8l (11 more) ..."}]|0x60a86097
		10:33:13.0 (31006064)|METHOD_EXIT|[5]|01p2v00000SpN2Y|GenericUtilsHelper.getWebServiceConfig(String)
		10:33:13.0 (31044604)|VARIABLE_ASSIGNMENT|[4]|WSOrdersFromBigCommerce.SERVICE_CONFIG|{"Id":"m002v000000yiYYAAY","URL__c":"https://api.bigcomme (26 more) ...","ClientId__c":"qgoe1p6a5xvhgkkvsiu5 (11 more) ...","ClientSecret__c":"d6631082dbbca140cafb (44 more) ...","ActivateNatualScriptCallout__c":false,"StoreHash__c":"n9dr7ak2qq","AppStoreUrl__c":"https://natural-chem (30 more) ...","AccessToken__c":"64so0mrm0qmlsrl3dl8l (11 more) ..."}|0x7fe5435e
	10:33:13.0 (31069292)|METHOD_EXIT|[1]|WSOrdersFromBigCommerce
	10:33:13.0 (31087249)|METHOD_ENTRY|[34]|01p2v00000Tr0Kf|WSOrdersFromBigCommerce.getOrdersFromBigCommerce()
		10:33:13.0 (33229582)|SOQL_EXECUTE_BEGIN|[57]|Aggregations:0|SELECT Id, BC_Date_Modified__c FROM Order WHERE BC_Date_Modified__c != NULL ORDER BY BC_Date_Modified__c DESC NULLS FIRST LIMIT 1
		10:33:13.0 (59991596)|SOQL_EXECUTE_END|[57]|Rows:1
		10:33:13.0 (60205341)|VARIABLE_SCOPE_BEGIN|[57]|dateModifiedList|List<Order>|true|false
		10:33:13.0 (60265100)|VARIABLE_ASSIGNMENT|[57]|dateModifiedList|[{"Id":"8011y000000xCeHAAU","BC_Date_Modified__c":"2022-01-26T09:54:01.000Z"}]|0x5bd1848d
		10:33:13.0 (60663969)|VARIABLE_SCOPE_BEGIN|[65]|lastDateModified|String|false|false
		10:33:13.0 (60685419)|VARIABLE_ASSIGNMENT|[65]|lastDateModified|"2022-01-26 20:54:02"
		10:33:13.0 (60872520)|METHOD_ENTRY|[1]|01p2v00000SpN2a|RestWS.RestWS()
		10:33:13.0 (60901669)|METHOD_EXIT|[1]|RestWS
		10:33:13.0 (61213675)|CONSTRUCTOR_ENTRY|[71]|01p2v00000SpN2a|<init>(String,String,List<WSParameter>)|RestWS
		10:33:13.0 (61256642)|VARIABLE_SCOPE_BEGIN|[23]|this|RestWS|true|false
		10:33:13.0 (61315292)|VARIABLE_ASSIGNMENT|[23]|this|{}|0x4841fcca
		10:33:13.0 (61329205)|VARIABLE_SCOPE_BEGIN|[23]|endpoint|String|false|false
		10:33:13.0 (61352687)|VARIABLE_ASSIGNMENT|[23]|endpoint|"https://api.bigcomme (84 more) ..."
		10:33:13.0 (61361648)|VARIABLE_SCOPE_BEGIN|[23]|method|String|false|false
		10:33:13.0 (61380867)|VARIABLE_ASSIGNMENT|[23]|method|"GET"
		10:33:13.0 (61390160)|VARIABLE_SCOPE_BEGIN|[23]|urlParameters|List<WSParameter>|true|false
		10:33:13.0 (61409809)|VARIABLE_ASSIGNMENT|[23]|urlParameters|null|
		10:33:13.0 (61445899)|CONSTRUCTOR_ENTRY|[24]|01p2v00000SpN2a|<init>(String,String,List<WSParameter>,String)|RestWS
		10:33:13.0 (61475785)|VARIABLE_SCOPE_BEGIN|[19]|this|RestWS|true|false
		10:33:13.0 (61513133)|VARIABLE_ASSIGNMENT|[19]|this|{}|0x4841fcca
		10:33:13.0 (61526076)|VARIABLE_SCOPE_BEGIN|[19]|endpoint|String|false|false
		10:33:13.0 (61547998)|VARIABLE_ASSIGNMENT|[19]|endpoint|"https://api.bigcomme (84 more) ..."
		10:33:13.0 (61557436)|VARIABLE_SCOPE_BEGIN|[19]|method|String|false|false
		10:33:13.0 (61578544)|VARIABLE_ASSIGNMENT|[19]|method|"GET"
		10:33:13.0 (61589674)|VARIABLE_SCOPE_BEGIN|[19]|urlParameters|List<WSParameter>|true|false
		10:33:13.0 (61605996)|VARIABLE_ASSIGNMENT|[19]|urlParameters|null|
		10:33:13.0 (61614846)|VARIABLE_SCOPE_BEGIN|[19]|bodyParameter|String|false|false
		10:33:13.0 (61639452)|VARIABLE_ASSIGNMENT|[19]|bodyParameter|""
		10:33:13.0 (61689280)|METHOD_ENTRY|[1]|01p2v00000SpN2h|WSParameter.WSParameter()
		10:33:13.0 (61713128)|METHOD_EXIT|[1]|WSParameter
		10:33:13.0 (61756624)|CONSTRUCTOR_ENTRY|[20]|01p2v00000SpN2h|<init>(String,String,Boolean,Boolean)|WSParameter
		10:33:13.0 (61787938)|VARIABLE_SCOPE_BEGIN|[11]|this|WSParameter|true|false
		10:33:13.0 (61826189)|VARIABLE_ASSIGNMENT|[11]|this|{}|0x17d520d8
		10:33:13.0 (61836607)|VARIABLE_SCOPE_BEGIN|[11]|name|String|false|false
		10:33:13.0 (61856989)|VARIABLE_ASSIGNMENT|[11]|name|"body"
		10:33:13.0 (61866220)|VARIABLE_SCOPE_BEGIN|[11]|value|String|false|false
		10:33:13.0 (61884660)|VARIABLE_ASSIGNMENT|[11]|value|""
		10:33:13.0 (61900689)|VARIABLE_SCOPE_BEGIN|[11]|isRequired|Boolean|false|false
		10:33:13.0 (61919683)|VARIABLE_ASSIGNMENT|[11]|isRequired|false
		10:33:13.0 (61931465)|VARIABLE_SCOPE_BEGIN|[11]|urlEncoding|Boolean|false|false
		10:33:13.0 (61948244)|VARIABLE_ASSIGNMENT|[11]|urlEncoding|false
		10:33:13.0 (62024615)|VARIABLE_ASSIGNMENT|[12]|this.name|"body"|0x17d520d8
		10:33:13.0 (62057875)|VARIABLE_ASSIGNMENT|[13]|this.isRequired|false|0x17d520d8
		10:33:13.0 (62079830)|VARIABLE_ASSIGNMENT|[14]|this.value|""|0x17d520d8
		10:33:13.0 (62110565)|VARIABLE_ASSIGNMENT|[15]|this.urlEncoding|false|0x17d520d8
		10:33:13.0 (62133191)|CONSTRUCTOR_EXIT|[20]|01p2v00000SpN2h|<init>(String,String,Boolean,Boolean)|WSParameter
		10:33:13.0 (62158890)|CONSTRUCTOR_ENTRY|[20]|01p2v00000SpN2a|<init>(String,String,List<WSParameter>,WSParameter)|RestWS
		10:33:13.0 (62173979)|VARIABLE_SCOPE_BEGIN|[10]|this|RestWS|true|false
		10:33:13.0 (62209277)|VARIABLE_ASSIGNMENT|[10]|this|{}|0x4841fcca
		10:33:13.0 (62222383)|VARIABLE_SCOPE_BEGIN|[10]|endpoint|String|false|false
		10:33:13.0 (62243897)|VARIABLE_ASSIGNMENT|[10]|endpoint|"https://api.bigcomme (84 more) ..."
		10:33:13.0 (62255393)|VARIABLE_SCOPE_BEGIN|[10]|method|String|false|false
		10:33:13.0 (62272870)|VARIABLE_ASSIGNMENT|[10]|method|"GET"
		10:33:13.0 (62281835)|VARIABLE_SCOPE_BEGIN|[10]|urlParameters|List<WSParameter>|true|false
		10:33:13.0 (62301144)|VARIABLE_ASSIGNMENT|[10]|urlParameters|null|
		10:33:13.0 (62309990)|VARIABLE_SCOPE_BEGIN|[10]|bodyParameter|WSParameter|true|false
		10:33:13.0 (62346219)|VARIABLE_ASSIGNMENT|[10]|bodyParameter|{"isRequired":false,"name":"body","urlEncoding":false,"value":""}|0x17d520d8
		10:33:13.0 (62377809)|VARIABLE_ASSIGNMENT|[2]|this.endpoint|""|0x4841fcca
		10:33:13.0 (62421399)|VARIABLE_ASSIGNMENT|[7]|this.hasError|false|0x4841fcca
		10:33:13.0 (62439976)|VARIABLE_ASSIGNMENT|[8]|this.errorMessage|""|0x4841fcca
		10:33:13.0 (62645971)|VARIABLE_ASSIGNMENT|[11]|this.request|"System.HttpRequest[Endpoint=null, Method=null]"|0x4841fcca
		10:33:13.0 (62771755)|VARIABLE_ASSIGNMENT|[14]|this.bodyParameter|0x17d520d8|0x4841fcca
		10:33:13.0 (62796312)|VARIABLE_ASSIGNMENT|[15]|this.endpoint|"https://api.bigcomme (84 more) ..."|0x4841fcca
		10:33:13.0 (62818760)|VARIABLE_ASSIGNMENT|[16]|this.parameters|null|0x4841fcca
		10:33:13.0 (62842866)|CONSTRUCTOR_EXIT|[20]|01p2v00000SpN2a|<init>(String,String,List<WSParameter>,WSParameter)|RestWS
		10:33:13.0 (62866293)|CONSTRUCTOR_EXIT|[24]|01p2v00000SpN2a|<init>(String,String,List<WSParameter>,String)|RestWS
		10:33:13.0 (62887782)|CONSTRUCTOR_EXIT|[71]|01p2v00000SpN2a|<init>(String,String,List<WSParameter>)|RestWS
		10:33:13.0 (62902059)|VARIABLE_SCOPE_BEGIN|[71]|ws|RestWS|true|false
		10:33:13.0 (63041752)|VARIABLE_ASSIGNMENT|[71]|ws|{"bodyParameter":"0x17d520d8","endpoint":"https://api.bigcommerce.com/stores/n9dr7ak2qq/v2/orders?limit=250&min_date_modified=2022-01-26T20:54:02Z","errorMessage":"","hasError":false,"request":"System.HttpRequest[Endpoint=null, Method=GET]"}|0x4841fcca
		10:33:13.0 (63330365)|CONSTRUCTOR_ENTRY|[80]|01p2v00000Tr0Kf|<init>()|WSOrdersFromBigCommerce.Response
		10:33:13.0 (63353961)|VARIABLE_SCOPE_BEGIN|[83]|this|WSOrdersFromBigCommerce.Response|true|false
		10:33:13.0 (63398787)|VARIABLE_ASSIGNMENT|[83]|this|{}|0x6eb96be7
		10:33:13.0 (63415573)|CONSTRUCTOR_ENTRY|[EXTERNAL]|01p2v00000SpN2i|<init>()|WSResult
		10:33:13.0 (63428948)|VARIABLE_SCOPE_BEGIN|[1]|this|WSResult|true|false
		10:33:13.0 (63458202)|VARIABLE_ASSIGNMENT|[1]|this|{}|0x6eb96be7
		10:33:13.0 (63518757)|CONSTRUCTOR_EXIT|[EXTERNAL]|01p2v00000SpN2i|<init>()|WSResult
		10:33:13.0 (63541611)|CONSTRUCTOR_EXIT|[80]|01p2v00000Tr0Kf|<init>()|WSOrdersFromBigCommerce.Response
		10:33:13.0 (63571503)|METHOD_ENTRY|[80]|01p2v00000SpN2a|RestWS.invoke(WSResult)
			10:33:13.0 (63582685)|VARIABLE_SCOPE_BEGIN|[78]|this|RestWS|true|false
			10:33:13.0 (63707405)|VARIABLE_ASSIGNMENT|[78]|this|{"bodyParameter":"0x17d520d8","endpoint":"https://api.bigcommerce.com/stores/n9dr7ak2qq/v2/orders?limit=250&min_date_modified=2022-01-26T20:54:02Z","errorMessage":"","hasError":false,"request":"System.HttpRequest[Endpoint=null, Method=GET]"}|0x4841fcca
			10:33:13.0 (63725625)|VARIABLE_SCOPE_BEGIN|[78]|result|WSResult|true|false
			10:33:13.0 (63757562)|VARIABLE_ASSIGNMENT|[78]|result|{}|0x6eb96be7
			10:33:13.0 (63800262)|METHOD_ENTRY|[88]|01p2v00000SpN2a|RestWS.getMissingParametersMessage()
				10:33:13.0 (63825565)|VARIABLE_SCOPE_BEGIN|[27]|this|RestWS|true|false
				10:33:13.0 (63927493)|VARIABLE_ASSIGNMENT|[27]|this|{"bodyParameter":"0x17d520d8","endpoint":"https://api.bigcommerce.com/stores/n9dr7ak2qq/v2/orders?limit=250&min_date_modified=2022-01-26T20:54:02Z","errorMessage":"","hasError":false,"request":"System.HttpRequest[Endpoint=null, Method=GET]"}|0x4841fcca
				10:33:13.0 (64061392)|VARIABLE_SCOPE_BEGIN|[32]|parametersToCheck|List<WSParameter>|true|false
				10:33:13.0 (64114788)|VARIABLE_ASSIGNMENT|[32]|parametersToCheck|[]|0x500e8c9d
				10:33:13.0 (64247044)|VARIABLE_SCOPE_BEGIN|[40]|missingParms|List<String>|true|false
				10:33:13.0 (64295665)|VARIABLE_ASSIGNMENT|[40]|missingParms|[]|0x2903ac2f
				10:33:13.0 (64544334)|VARIABLE_SCOPE_BEGIN|[41]|parameter|WSParameter|true|false
				10:33:13.0 (64578974)|VARIABLE_ASSIGNMENT|[41]|parameter|{"isRequired":false,"name":"body","urlEncoding":false,"value":""}|0x17d520d8
				10:33:13.0 (64618151)|VARIABLE_ASSIGNMENT|[41]|parameter|null|
			10:33:13.0 (64659379)|METHOD_EXIT|[88]|01p2v00000SpN2a|RestWS.getMissingParametersMessage()
			10:33:13.0 (64667008)|VARIABLE_SCOPE_BEGIN|[88]|missingParamsMessage|String|false|false
			10:33:13.0 (64681525)|VARIABLE_ASSIGNMENT|[88]|missingParamsMessage|""
			10:33:13.0 (64745550)|METHOD_ENTRY|[96]|01p2v00000SpN2a|RestWS.formatEndpoint()
				10:33:13.0 (64766210)|VARIABLE_SCOPE_BEGIN|[58]|this|RestWS|true|false
				10:33:13.0 (64885518)|VARIABLE_ASSIGNMENT|[58]|this|{"bodyParameter":"0x17d520d8","endpoint":"https://api.bigcommerce.com/stores/n9dr7ak2qq/v2/orders?limit=250&min_date_modified=2022-01-26T20:54:02Z","errorMessage":"","hasError":false,"request":"System.HttpRequest[Endpoint=null, Method=GET]"}|0x4841fcca
			10:33:13.0 (64927633)|METHOD_EXIT|[96]|01p2v00000SpN2a|RestWS.formatEndpoint()
			10:33:13.0 (64981042)|METHOD_ENTRY|[97]|01p2v00000SpN2a|RestWS.getBody()
				10:33:13.0 (64999836)|VARIABLE_SCOPE_BEGIN|[69]|this|RestWS|true|false
				10:33:13.0 (65104983)|VARIABLE_ASSIGNMENT|[69]|this|{"bodyParameter":"0x17d520d8","endpoint":"https://api.bigcommerce.com/stores/n9dr7ak2qq/v2/orders?limit=250&min_date_modified=2022-01-26T20:54:02Z","errorMessage":"","hasError":false,"request":"System.HttpRequest[Endpoint=https://api.bigcommerce.com/stores/n9dr7ak2qq/v2/orders?limit=250&min_date_modified=2022-01-26T20:54:02Z, Method=GET]"}|0x4841fcca
			10:33:13.0 (65225330)|METHOD_EXIT|[97]|01p2v00000SpN2a|RestWS.getBody()
			10:33:13.0 (65239651)|VARIABLE_SCOPE_BEGIN|[97]|body|String|false|false
			10:33:13.0 (65260213)|VARIABLE_ASSIGNMENT|[97]|body|""
			10:33:13.0 (327870592)|VARIABLE_SCOPE_BEGIN|[104]|response|System.HttpResponse|true|false
			10:33:13.0 (327935695)|VARIABLE_ASSIGNMENT|[104]|response|"System.HttpResponse[Status=No Content, StatusCode=204]"|0x288e03ca
			10:33:13.0 (328181969)|USER_DEBUG|[107]|DEBUG|
			10:33:13.0 (328298356)|METHOD_ENTRY|[112]|01p2v00000Tr0Kf|WSOrdersFromBigCommerce.Response.processResponse(System.HttpResponse)
				10:33:13.0 (328340702)|VARIABLE_SCOPE_BEGIN|[86]|this|WSOrdersFromBigCommerce.Response|true|false
				10:33:13.0 (328468379)|VARIABLE_ASSIGNMENT|[86]|this|{"hasError":false,"request":"System.HttpRequest[Endpoint=https://api.bigcommerce.com/stores/n9dr7ak2qq/v2/orders?limit=250&min_date_modified=2022-01-26T20:54:02Z, Method=GET]","response":"System.HttpResponse[Status=No Content, StatusCode=204]"}|0x6eb96be7
				10:33:13.0 (328488869)|VARIABLE_SCOPE_BEGIN|[86]|response|System.HttpResponse|true|false
				10:33:13.0 (328529379)|VARIABLE_ASSIGNMENT|[86]|response|"System.HttpResponse[Status=No Content, StatusCode=204]"|0x288e03ca
				10:33:13.0 (328699484)|SYSTEM_METHOD_ENTRY|[1]|Type.Type()
				10:33:13.0 (328714343)|SYSTEM_METHOD_EXIT|[1]|Type
				10:33:13.0 (328755469)|VARIABLE_SCOPE_BEGIN|[4]|this|System.Type|true|false
				10:33:13.0 (328782454)|VARIABLE_ASSIGNMENT|[4]|this|{}|0x73938b62
				10:33:13.0 (328792092)|VARIABLE_SCOPE_BEGIN|[4]|apextype|java:common.apex.runtime.ApexObjectType|true|false
				10:33:13.0 (328845893)|VARIABLE_ASSIGNMENT|[4]|apextype|"List<OrdersFromBigCommerceResponse>"|0x2bdb4689
				10:33:13.0 (328933387)|SYSTEM_METHOD_ENTRY|[1]|JSON.JSON()
				10:33:13.0 (328944012)|SYSTEM_METHOD_EXIT|[1]|JSON
				10:33:13.0 (328956126)|METHOD_ENTRY|[88]||System.JSON.deserialize(String, System.Type)
				10:33:13.0 (329189659)|METHOD_EXIT|[88]||System.JSON.deserialize(String, System.Type)
			10:33:13.0 (329202868)|METHOD_EXIT|[112]|01p2v00000Tr0Kf|WSOrdersFromBigCommerce.Response.processResponse(System.HttpResponse)
			10:33:13.0 (329227424)|VARIABLE_SCOPE_BEGIN|[115]|ex|Exception|true|false
			10:33:13.0 (329280323)|VARIABLE_ASSIGNMENT|[115]|ex|"common.apex.runtime.impl.ExecutionException: No content to map to Object due to end of input"|0x6c95624
		10:33:13.0 (329361368)|METHOD_EXIT|[80]|01p2v00000SpN2a|RestWS.invoke(WSResult)
	10:33:13.0 (329374608)|METHOD_EXIT|[34]|01p2v00000Tr0Kf|WSOrdersFromBigCommerce.getOrdersFromBigCommerce()
	10:33:13.0 (329452635)|VARIABLE_ASSIGNMENT|[34]|response|{"hasError":true,"message":"No content to map to Object due to end of input","request":"System.HttpRequest[Endpoint=https://api.bigcommerce.com/stores/n9dr7ak2qq/v2/orders?limit=250&min_date_modified=2022-01-26T20:54:02Z, Method=GET]","response":"System.HttpResponse[Status=No Content, StatusCode=204]"}|0x6eb96be7
10:33:13.0 (347632016)|CODE_UNIT_FINISHED|OrdersFromBigCommerceBatch
10:33:13.0 (347647477)|EXECUTION_FINISHED
