45.0 APEX_CODE,FINEST;APEX_PROFILING,INFO;CALLOUT,INFO;DB,INFO;NBA,INFO;SYSTEM,DEBUG;VALIDATION,INFO;VISUALFORCE,INFO;WAVE,INFO;WORKFLOW,INFO
08:19:13.0 (226657)|USER_INFO|[EXTERNAL]|0052v00000fQDGY|api@naturalchemist.com.au.sand1|(GMT+11:00) Australian Eastern Daylight Time (Australia/Sydney)|GMT+11:00
08:19:13.0 (306508)|EXECUTION_STARTED
08:19:13.0 (317879)|CODE_UNIT_STARTED|[EXTERNAL]|01p2v00000Tr0KM|OrdersFromBigCommerceBatch
	08:19:13.0 (12891802)|SYSTEM_METHOD_ENTRY|[15]|BatchableContextImpl.BatchableContextImpl()
	08:19:13.0 (12918141)|SYSTEM_METHOD_EXIT|[15]|BatchableContextImpl
	08:19:13.0 (12943927)|VARIABLE_SCOPE_BEGIN|[31]|this|Database.BatchableContextImpl|true|false
	08:19:13.0 (13032777)|VARIABLE_ASSIGNMENT|[31]|this|{}|0x165767c0
	08:19:13.0 (13045368)|VARIABLE_SCOPE_BEGIN|[31]|jobId|Id|false|false
	08:19:13.0 (13228286)|VARIABLE_ASSIGNMENT|[31]|jobId|"7071y00000J9CIyAAN"
	08:19:13.0 (13238153)|VARIABLE_SCOPE_BEGIN|[31]|childJobId|Id|false|false
	08:19:13.0 (13256398)|VARIABLE_ASSIGNMENT|[31]|childJobId|null
	08:19:13.0 (15667064)|METHOD_ENTRY|[1]|01p2v00000Tr0KM|OrdersFromBigCommerceBatch.OrdersFromBigCommerceBatch()
	08:19:13.0 (15690872)|METHOD_EXIT|[1]|OrdersFromBigCommerceBatch
	08:19:13.0 (15711588)|VARIABLE_SCOPE_BEGIN|[24]|this|OrdersFromBigCommerceBatch|true|false
	08:19:13.0 (15757681)|VARIABLE_ASSIGNMENT|[24]|this|{"isManual":false}|0x70e0f1f0
	08:19:13.0 (15768770)|VARIABLE_SCOPE_BEGIN|[24]|context|Database.BatchableContext|true|false
	08:19:13.0 (15854952)|VARIABLE_ASSIGNMENT|[24]|context|{"jobId":"7071y00000J9CIyAAN"}|0x165767c0
	08:19:13.0 (16494855)|CONSTRUCTOR_ENTRY|[25]|01p2v00000Tr0Kf|<init>()|WSOrdersFromBigCommerce.Response
	08:19:13.0 (16526669)|VARIABLE_SCOPE_BEGIN|[83]|this|WSOrdersFromBigCommerce.Response|true|false
	08:19:13.0 (16568892)|VARIABLE_ASSIGNMENT|[83]|this|{}|0x55c6e018
	08:19:13.0 (16596463)|METHOD_ENTRY|[1]|01p2v00000SpN2i|WSResult.WSResult()
	08:19:13.0 (16616533)|METHOD_EXIT|[1]|WSResult
	08:19:13.0 (16625736)|CONSTRUCTOR_ENTRY|[EXTERNAL]|01p2v00000SpN2i|<init>()|WSResult
	08:19:13.0 (16640779)|VARIABLE_SCOPE_BEGIN|[1]|this|WSResult|true|false
	08:19:13.0 (16664613)|VARIABLE_ASSIGNMENT|[1]|this|{}|0x55c6e018
	08:19:13.0 (16703925)|CONSTRUCTOR_EXIT|[EXTERNAL]|01p2v00000SpN2i|<init>()|WSResult
	08:19:13.0 (16720334)|CONSTRUCTOR_EXIT|[25]|01p2v00000Tr0Kf|<init>()|WSOrdersFromBigCommerce.Response
	08:19:13.0 (16732378)|VARIABLE_SCOPE_BEGIN|[25]|response|WSOrdersFromBigCommerce.Response|true|false
	08:19:13.0 (16756369)|VARIABLE_ASSIGNMENT|[25]|response|{}|0x55c6e018
	08:19:13.0 (16811679)|VARIABLE_SCOPE_BEGIN|[4]|WSOrdersFromBigCommerce.SERVICE_CONFIG|Webservice_endpoint_setting__mdt|true|true
	08:19:13.0 (17125583)|METHOD_ENTRY|[1]|01p2v00000Tr0Kf|WSOrdersFromBigCommerce.WSOrdersFromBigCommerce()
		08:19:13.0 (17217095)|VARIABLE_SCOPE_BEGIN|[3]|GenericUtilsHelper.currentOrg|Organization|true|true
		08:19:13.0 (17230030)|VARIABLE_SCOPE_BEGIN|[101]|GenericUtilsHelper.mapRecordTypes|Map<String,RecordType>|true|true
		08:19:13.0 (17443652)|METHOD_ENTRY|[1]|01p2v00000SpN2Y|GenericUtilsHelper.GenericUtilsHelper()
			08:19:13.0 (17545063)|VARIABLE_ASSIGNMENT|[101]|GenericUtilsHelper.mapRecordTypes|{}|0x654106b1
		08:19:13.0 (17562547)|METHOD_EXIT|[1]|GenericUtilsHelper
		08:19:13.0 (17583086)|METHOD_ENTRY|[5]|01p2v00000SpN2Y|GenericUtilsHelper.getWebServiceConfig(String)
			08:19:13.0 (17605762)|VARIABLE_SCOPE_BEGIN|[86]|name|String|false|false
			08:19:13.0 (17627671)|VARIABLE_ASSIGNMENT|[86]|name|"SALESFORCE.BIGCOMMER (2 more) ..."
			08:19:13.0 (17647930)|METHOD_ENTRY|[87]|01p2v00000SpN2Y|GenericUtilsHelper.isSandboxEnviroment()
				08:19:13.0 (24399428)|SOQL_EXECUTE_BEGIN|[81]|Aggregations:0|SELECT Id, Name, IsSandbox FROM Organization LIMIT 1
				08:19:13.0 (26450386)|SOQL_EXECUTE_END|[81]|Rows:1
				08:19:13.0 (26747140)|VARIABLE_ASSIGNMENT|[81]|GenericUtilsHelper.currentOrg|{"Id":"00D1y0000008m7IEAQ","Name":"Natural Chemist","IsSandbox":true}|0x2b587047
			08:19:13.0 (26806052)|METHOD_EXIT|[87]|01p2v00000SpN2Y|GenericUtilsHelper.isSandboxEnviroment()
			08:19:13.0 (26823000)|VARIABLE_SCOPE_BEGIN|[87]|isProduction|Boolean|false|false
			08:19:13.0 (26850193)|VARIABLE_ASSIGNMENT|[87]|isProduction|false
			08:19:13.0 (27532333)|SOQL_EXECUTE_BEGIN|[88]|Aggregations:0|SELECT Id, URL__c, ClientId__c, ClientSecret__c, ActivateNatualScriptCallout__c, StoreHash__c, AppStoreUrl__c, AccessToken__c, ShipStation_Packing_UserId__c, ShipStation_Admin_UserId__c FROM Webservice_endpoint_setting__mdt WHERE (MasterLabel = :tmpVar1 AND Is_Production__c = :tmpVar2)
			08:19:13.0 (31584584)|SOQL_EXECUTE_END|[88]|Rows:1
			08:19:13.0 (31733393)|VARIABLE_SCOPE_BEGIN|[88]|result|List<Webservice_endpoint_setting__mdt>|true|false
			08:19:13.0 (31793418)|VARIABLE_ASSIGNMENT|[88]|result|[{"Id":"m002v000000yiYYAAY","URL__c":"https://api.bigcomme (26 more) ...","ClientId__c":"qgoe1p6a5xvhgkkvsiu5 (11 more) ...","ClientSecret__c":"d6631082dbbca140cafb (44 more) ...","ActivateNatualScriptCallout__c":false,"StoreHash__c":"n9dr7ak2qq","AppStoreUrl__c":"https://natural-chem (30 more) ...","AccessToken__c":"64so0mrm0qmlsrl3dl8l (11 more) ..."}]|0x22a6b6e2
		08:19:13.0 (31913007)|METHOD_EXIT|[5]|01p2v00000SpN2Y|GenericUtilsHelper.getWebServiceConfig(String)
		08:19:13.0 (31957038)|VARIABLE_ASSIGNMENT|[4]|WSOrdersFromBigCommerce.SERVICE_CONFIG|{"Id":"m002v000000yiYYAAY","URL__c":"https://api.bigcomme (26 more) ...","ClientId__c":"qgoe1p6a5xvhgkkvsiu5 (11 more) ...","ClientSecret__c":"d6631082dbbca140cafb (44 more) ...","ActivateNatualScriptCallout__c":false,"StoreHash__c":"n9dr7ak2qq","AppStoreUrl__c":"https://natural-chem (30 more) ...","AccessToken__c":"64so0mrm0qmlsrl3dl8l (11 more) ..."}|0x31ae17fa
	08:19:13.0 (31992415)|METHOD_EXIT|[1]|WSOrdersFromBigCommerce
	08:19:13.0 (32011763)|METHOD_ENTRY|[34]|01p2v00000Tr0Kf|WSOrdersFromBigCommerce.getOrdersFromBigCommerce()
		08:19:13.0 (34628981)|SOQL_EXECUTE_BEGIN|[57]|Aggregations:0|SELECT Id, BC_Date_Modified__c FROM Order WHERE BC_Date_Modified__c != NULL ORDER BY BC_Date_Modified__c DESC NULLS FIRST LIMIT 1
		08:19:13.0 (66368186)|SOQL_EXECUTE_END|[57]|Rows:1
		08:19:13.0 (66609775)|VARIABLE_SCOPE_BEGIN|[57]|dateModifiedList|List<Order>|true|false
		08:19:13.0 (66677618)|VARIABLE_ASSIGNMENT|[57]|dateModifiedList|[{"Id":"8011y000000xCeHAAU","BC_Date_Modified__c":"2022-01-26T09:54:01.000Z"}]|0xbc96a4f
		08:19:13.0 (67093117)|VARIABLE_SCOPE_BEGIN|[65]|lastDateModified|String|false|false
		08:19:13.0 (67120792)|VARIABLE_ASSIGNMENT|[65]|lastDateModified|"2022-01-26 20:54:02"
		08:19:13.0 (67286190)|METHOD_ENTRY|[1]|01p2v00000SpN2a|RestWS.RestWS()
		08:19:13.0 (67309259)|METHOD_EXIT|[1]|RestWS
		08:19:13.0 (67568623)|CONSTRUCTOR_ENTRY|[71]|01p2v00000SpN2a|<init>(String,String,List<WSParameter>)|RestWS
		08:19:13.0 (67598009)|VARIABLE_SCOPE_BEGIN|[23]|this|RestWS|true|false
		08:19:13.0 (67649656)|VARIABLE_ASSIGNMENT|[23]|this|{}|0x218afd84
		08:19:13.0 (67660295)|VARIABLE_SCOPE_BEGIN|[23]|endpoint|String|false|false
		08:19:13.0 (67681457)|VARIABLE_ASSIGNMENT|[23]|endpoint|"https://api.bigcomme (84 more) ..."
		08:19:13.0 (67689870)|VARIABLE_SCOPE_BEGIN|[23]|method|String|false|false
		08:19:13.0 (67702578)|VARIABLE_ASSIGNMENT|[23]|method|"GET"
		08:19:13.0 (67709076)|VARIABLE_SCOPE_BEGIN|[23]|urlParameters|List<WSParameter>|true|false
		08:19:13.0 (67726027)|VARIABLE_ASSIGNMENT|[23]|urlParameters|null|
		08:19:13.0 (67755948)|CONSTRUCTOR_ENTRY|[24]|01p2v00000SpN2a|<init>(String,String,List<WSParameter>,String)|RestWS
		08:19:13.0 (67778485)|VARIABLE_SCOPE_BEGIN|[19]|this|RestWS|true|false
		08:19:13.0 (67807140)|VARIABLE_ASSIGNMENT|[19]|this|{}|0x218afd84
		08:19:13.0 (67816690)|VARIABLE_SCOPE_BEGIN|[19]|endpoint|String|false|false
		08:19:13.0 (67830878)|VARIABLE_ASSIGNMENT|[19]|endpoint|"https://api.bigcomme (84 more) ..."
		08:19:13.0 (67838514)|VARIABLE_SCOPE_BEGIN|[19]|method|String|false|false
		08:19:13.0 (67856713)|VARIABLE_ASSIGNMENT|[19]|method|"GET"
		08:19:13.0 (67864217)|VARIABLE_SCOPE_BEGIN|[19]|urlParameters|List<WSParameter>|true|false
		08:19:13.0 (67878180)|VARIABLE_ASSIGNMENT|[19]|urlParameters|null|
		08:19:13.0 (67883994)|VARIABLE_SCOPE_BEGIN|[19]|bodyParameter|String|false|false
		08:19:13.0 (67898345)|VARIABLE_ASSIGNMENT|[19]|bodyParameter|""
		08:19:13.0 (67942858)|METHOD_ENTRY|[1]|01p2v00000SpN2h|WSParameter.WSParameter()
		08:19:13.0 (67965778)|METHOD_EXIT|[1]|WSParameter
		08:19:13.0 (67998262)|CONSTRUCTOR_ENTRY|[20]|01p2v00000SpN2h|<init>(String,String,Boolean,Boolean)|WSParameter
		08:19:13.0 (68021556)|VARIABLE_SCOPE_BEGIN|[11]|this|WSParameter|true|false
		08:19:13.0 (68047979)|VARIABLE_ASSIGNMENT|[11]|this|{}|0x374a398f
		08:19:13.0 (68062531)|VARIABLE_SCOPE_BEGIN|[11]|name|String|false|false
		08:19:13.0 (68081893)|VARIABLE_ASSIGNMENT|[11]|name|"body"
		08:19:13.0 (68090634)|VARIABLE_SCOPE_BEGIN|[11]|value|String|false|false
		08:19:13.0 (68102338)|VARIABLE_ASSIGNMENT|[11]|value|""
		08:19:13.0 (68116193)|VARIABLE_SCOPE_BEGIN|[11]|isRequired|Boolean|false|false
		08:19:13.0 (68135358)|VARIABLE_ASSIGNMENT|[11]|isRequired|false
		08:19:13.0 (68143040)|VARIABLE_SCOPE_BEGIN|[11]|urlEncoding|Boolean|false|false
		08:19:13.0 (68154954)|VARIABLE_ASSIGNMENT|[11]|urlEncoding|false
		08:19:13.0 (68215157)|VARIABLE_ASSIGNMENT|[12]|this.name|"body"|0x374a398f
		08:19:13.0 (68240358)|VARIABLE_ASSIGNMENT|[13]|this.isRequired|false|0x374a398f
		08:19:13.0 (68259370)|VARIABLE_ASSIGNMENT|[14]|this.value|""|0x374a398f
		08:19:13.0 (68281108)|VARIABLE_ASSIGNMENT|[15]|this.urlEncoding|false|0x374a398f
		08:19:13.0 (68296415)|CONSTRUCTOR_EXIT|[20]|01p2v00000SpN2h|<init>(String,String,Boolean,Boolean)|WSParameter
		08:19:13.0 (68314996)|CONSTRUCTOR_ENTRY|[20]|01p2v00000SpN2a|<init>(String,String,List<WSParameter>,WSParameter)|RestWS
		08:19:13.0 (68324958)|VARIABLE_SCOPE_BEGIN|[10]|this|RestWS|true|false
		08:19:13.0 (68346676)|VARIABLE_ASSIGNMENT|[10]|this|{}|0x218afd84
		08:19:13.0 (68360556)|VARIABLE_SCOPE_BEGIN|[10]|endpoint|String|false|false
		08:19:13.0 (68377715)|VARIABLE_ASSIGNMENT|[10]|endpoint|"https://api.bigcomme (84 more) ..."
		08:19:13.0 (68383973)|VARIABLE_SCOPE_BEGIN|[10]|method|String|false|false
		08:19:13.0 (68398584)|VARIABLE_ASSIGNMENT|[10]|method|"GET"
		08:19:13.0 (68407043)|VARIABLE_SCOPE_BEGIN|[10]|urlParameters|List<WSParameter>|true|false
		08:19:13.0 (68424345)|VARIABLE_ASSIGNMENT|[10]|urlParameters|null|
		08:19:13.0 (68432205)|VARIABLE_SCOPE_BEGIN|[10]|bodyParameter|WSParameter|true|false
		08:19:13.0 (68456744)|VARIABLE_ASSIGNMENT|[10]|bodyParameter|{"isRequired":false,"name":"body","urlEncoding":false,"value":""}|0x374a398f
		08:19:13.0 (68480617)|VARIABLE_ASSIGNMENT|[2]|this.endpoint|""|0x218afd84
		08:19:13.0 (68511035)|VARIABLE_ASSIGNMENT|[7]|this.hasError|false|0x218afd84
		08:19:13.0 (68528833)|VARIABLE_ASSIGNMENT|[8]|this.errorMessage|""|0x218afd84
		08:19:13.0 (68646322)|VARIABLE_ASSIGNMENT|[11]|this.request|"System.HttpRequest[Endpoint=null, Method=null]"|0x218afd84
		08:19:13.0 (68751292)|VARIABLE_ASSIGNMENT|[14]|this.bodyParameter|0x374a398f|0x218afd84
		08:19:13.0 (68775964)|VARIABLE_ASSIGNMENT|[15]|this.endpoint|"https://api.bigcomme (84 more) ..."|0x218afd84
		08:19:13.0 (68791493)|VARIABLE_ASSIGNMENT|[16]|this.parameters|null|0x218afd84
		08:19:13.0 (68807556)|CONSTRUCTOR_EXIT|[20]|01p2v00000SpN2a|<init>(String,String,List<WSParameter>,WSParameter)|RestWS
		08:19:13.0 (68830964)|CONSTRUCTOR_EXIT|[24]|01p2v00000SpN2a|<init>(String,String,List<WSParameter>,String)|RestWS
		08:19:13.0 (68846877)|CONSTRUCTOR_EXIT|[71]|01p2v00000SpN2a|<init>(String,String,List<WSParameter>)|RestWS
		08:19:13.0 (68855470)|VARIABLE_SCOPE_BEGIN|[71]|ws|RestWS|true|false
		08:19:13.0 (68959733)|VARIABLE_ASSIGNMENT|[71]|ws|{"bodyParameter":"0x374a398f","endpoint":"https://api.bigcommerce.com/stores/n9dr7ak2qq/v2/orders?limit=250&min_date_modified=2022-01-26T20:54:02Z","errorMessage":"","hasError":false,"request":"System.HttpRequest[Endpoint=null, Method=GET]"}|0x218afd84
		08:19:13.0 (69183300)|CONSTRUCTOR_ENTRY|[80]|01p2v00000Tr0Kf|<init>()|WSOrdersFromBigCommerce.Response
		08:19:13.0 (69203785)|VARIABLE_SCOPE_BEGIN|[83]|this|WSOrdersFromBigCommerce.Response|true|false
		08:19:13.0 (69245203)|VARIABLE_ASSIGNMENT|[83]|this|{}|0x7751fbb3
		08:19:13.0 (69258304)|CONSTRUCTOR_ENTRY|[EXTERNAL]|01p2v00000SpN2i|<init>()|WSResult
		08:19:13.0 (69269182)|VARIABLE_SCOPE_BEGIN|[1]|this|WSResult|true|false
		08:19:13.0 (69295880)|VARIABLE_ASSIGNMENT|[1]|this|{}|0x7751fbb3
		08:19:13.0 (69337456)|CONSTRUCTOR_EXIT|[EXTERNAL]|01p2v00000SpN2i|<init>()|WSResult
		08:19:13.0 (69355886)|CONSTRUCTOR_EXIT|[80]|01p2v00000Tr0Kf|<init>()|WSOrdersFromBigCommerce.Response
		08:19:13.0 (69381276)|METHOD_ENTRY|[80]|01p2v00000SpN2a|RestWS.invoke(WSResult)
			08:19:13.0 (69391971)|VARIABLE_SCOPE_BEGIN|[78]|this|RestWS|true|false
			08:19:13.0 (69487356)|VARIABLE_ASSIGNMENT|[78]|this|{"bodyParameter":"0x374a398f","endpoint":"https://api.bigcommerce.com/stores/n9dr7ak2qq/v2/orders?limit=250&min_date_modified=2022-01-26T20:54:02Z","errorMessage":"","hasError":false,"request":"System.HttpRequest[Endpoint=null, Method=GET]"}|0x218afd84
			08:19:13.0 (69500215)|VARIABLE_SCOPE_BEGIN|[78]|result|WSResult|true|false
			08:19:13.0 (69525590)|VARIABLE_ASSIGNMENT|[78]|result|{}|0x7751fbb3
			08:19:13.0 (69556539)|METHOD_ENTRY|[88]|01p2v00000SpN2a|RestWS.getMissingParametersMessage()
				08:19:13.0 (69578428)|VARIABLE_SCOPE_BEGIN|[27]|this|RestWS|true|false
				08:19:13.0 (69647985)|VARIABLE_ASSIGNMENT|[27]|this|{"bodyParameter":"0x374a398f","endpoint":"https://api.bigcommerce.com/stores/n9dr7ak2qq/v2/orders?limit=250&min_date_modified=2022-01-26T20:54:02Z","errorMessage":"","hasError":false,"request":"System.HttpRequest[Endpoint=null, Method=GET]"}|0x218afd84
				08:19:13.0 (69757832)|VARIABLE_SCOPE_BEGIN|[32]|parametersToCheck|List<WSParameter>|true|false
				08:19:13.0 (69800588)|VARIABLE_ASSIGNMENT|[32]|parametersToCheck|[]|0x2b0d224d
				08:19:13.0 (69908114)|VARIABLE_SCOPE_BEGIN|[40]|missingParms|List<String>|true|false
				08:19:13.0 (69943089)|VARIABLE_ASSIGNMENT|[40]|missingParms|[]|0x3b7d5018
				08:19:13.0 (70142996)|VARIABLE_SCOPE_BEGIN|[41]|parameter|WSParameter|true|false
				08:19:13.0 (70184580)|VARIABLE_ASSIGNMENT|[41]|parameter|{"isRequired":false,"name":"body","urlEncoding":false,"value":""}|0x374a398f
				08:19:13.0 (70226511)|VARIABLE_ASSIGNMENT|[41]|parameter|null|
			08:19:13.0 (70271701)|METHOD_EXIT|[88]|01p2v00000SpN2a|RestWS.getMissingParametersMessage()
			08:19:13.0 (70282618)|VARIABLE_SCOPE_BEGIN|[88]|missingParamsMessage|String|false|false
			08:19:13.0 (70299192)|VARIABLE_ASSIGNMENT|[88]|missingParamsMessage|""
			08:19:13.0 (70356126)|METHOD_ENTRY|[96]|01p2v00000SpN2a|RestWS.formatEndpoint()
				08:19:13.0 (70371259)|VARIABLE_SCOPE_BEGIN|[58]|this|RestWS|true|false
				08:19:13.0 (70468477)|VARIABLE_ASSIGNMENT|[58]|this|{"bodyParameter":"0x374a398f","endpoint":"https://api.bigcommerce.com/stores/n9dr7ak2qq/v2/orders?limit=250&min_date_modified=2022-01-26T20:54:02Z","errorMessage":"","hasError":false,"request":"System.HttpRequest[Endpoint=null, Method=GET]"}|0x218afd84
			08:19:13.0 (70498586)|METHOD_EXIT|[96]|01p2v00000SpN2a|RestWS.formatEndpoint()
			08:19:13.0 (70540303)|METHOD_ENTRY|[97]|01p2v00000SpN2a|RestWS.getBody()
				08:19:13.0 (70556371)|VARIABLE_SCOPE_BEGIN|[69]|this|RestWS|true|false
				08:19:13.0 (70636830)|VARIABLE_ASSIGNMENT|[69]|this|{"bodyParameter":"0x374a398f","endpoint":"https://api.bigcommerce.com/stores/n9dr7ak2qq/v2/orders?limit=250&min_date_modified=2022-01-26T20:54:02Z","errorMessage":"","hasError":false,"request":"System.HttpRequest[Endpoint=https://api.bigcommerce.com/stores/n9dr7ak2qq/v2/orders?limit=250&min_date_modified=2022-01-26T20:54:02Z, Method=GET]"}|0x218afd84
			08:19:13.0 (70733067)|METHOD_EXIT|[97]|01p2v00000SpN2a|RestWS.getBody()
			08:19:13.0 (70742183)|VARIABLE_SCOPE_BEGIN|[97]|body|String|false|false
			08:19:13.0 (70764042)|VARIABLE_ASSIGNMENT|[97]|body|""
			08:19:13.0 (70919599)|CALLOUT_REQUEST|[104]|System.HttpRequest[Endpoint=https://api.bigcommerce.com/stores/n9dr7ak2qq/v2/orders?limit=250&min_date_modified=2022-01-26T20:54:02Z, Method=GET]
			08:19:13.0 (378507661)|CALLOUT_RESPONSE|[104]|System.HttpResponse[Status=No Content, StatusCode=204]
			08:19:13.0 (378565809)|VARIABLE_SCOPE_BEGIN|[104]|response|System.HttpResponse|true|false
			08:19:13.0 (378633552)|VARIABLE_ASSIGNMENT|[104]|response|"System.HttpResponse[Status=No Content, StatusCode=204]"|0x1d4e5d1
			08:19:13.0 (378844795)|USER_DEBUG|[107]|DEBUG|
			08:19:13.0 (378936669)|METHOD_ENTRY|[112]|01p2v00000Tr0Kf|WSOrdersFromBigCommerce.Response.processResponse(System.HttpResponse)
				08:19:13.0 (378958272)|VARIABLE_SCOPE_BEGIN|[86]|this|WSOrdersFromBigCommerce.Response|true|false
				08:19:13.0 (379093904)|VARIABLE_ASSIGNMENT|[86]|this|{"hasError":false,"request":"System.HttpRequest[Endpoint=https://api.bigcommerce.com/stores/n9dr7ak2qq/v2/orders?limit=250&min_date_modified=2022-01-26T20:54:02Z, Method=GET]","response":"System.HttpResponse[Status=No Content, StatusCode=204]"}|0x7751fbb3
				08:19:13.0 (379108054)|VARIABLE_SCOPE_BEGIN|[86]|response|System.HttpResponse|true|false
				08:19:13.0 (379137265)|VARIABLE_ASSIGNMENT|[86]|response|"System.HttpResponse[Status=No Content, StatusCode=204]"|0x1d4e5d1
				08:19:13.0 (379324764)|SYSTEM_METHOD_ENTRY|[1]|Type.Type()
				08:19:13.0 (379344373)|SYSTEM_METHOD_EXIT|[1]|Type
				08:19:13.0 (379381179)|VARIABLE_SCOPE_BEGIN|[4]|this|System.Type|true|false
				08:19:13.0 (379416997)|VARIABLE_ASSIGNMENT|[4]|this|{}|0x61375431
				08:19:13.0 (379426966)|VARIABLE_SCOPE_BEGIN|[4]|apextype|java:common.apex.runtime.ApexObjectType|true|false
				08:19:13.0 (379478626)|VARIABLE_ASSIGNMENT|[4]|apextype|"List<OrdersFromBigCommerceResponse>"|0x6f750420
				08:19:13.0 (379568712)|SYSTEM_METHOD_ENTRY|[1]|JSON.JSON()
				08:19:13.0 (379580290)|SYSTEM_METHOD_EXIT|[1]|JSON
				08:19:13.0 (379595507)|METHOD_ENTRY|[88]||System.JSON.deserialize(String, System.Type)
				08:19:13.0 (379820004)|METHOD_EXIT|[88]||System.JSON.deserialize(String, System.Type)
			08:19:13.0 (379831001)|METHOD_EXIT|[112]|01p2v00000Tr0Kf|WSOrdersFromBigCommerce.Response.processResponse(System.HttpResponse)
			08:19:13.0 (379855554)|VARIABLE_SCOPE_BEGIN|[115]|ex|Exception|true|false
			08:19:13.0 (379902882)|VARIABLE_ASSIGNMENT|[115]|ex|"common.apex.runtime.impl.ExecutionException: No content to map to Object due to end of input"|0x49a98e72
		08:19:13.0 (379985342)|METHOD_EXIT|[80]|01p2v00000SpN2a|RestWS.invoke(WSResult)
	08:19:13.0 (379998374)|METHOD_EXIT|[34]|01p2v00000Tr0Kf|WSOrdersFromBigCommerce.getOrdersFromBigCommerce()
	08:19:13.0 (380093070)|VARIABLE_ASSIGNMENT|[34]|response|{"hasError":true,"message":"No content to map to Object due to end of input","request":"System.HttpRequest[Endpoint=https://api.bigcommerce.com/stores/n9dr7ak2qq/v2/orders?limit=250&min_date_modified=2022-01-26T20:54:02Z, Method=GET]","response":"System.HttpResponse[Status=No Content, StatusCode=204]"}|0x7751fbb3
	08:19:13.399 (399982937)|CUMULATIVE_LIMIT_USAGE
	08:19:13.399 (399982937)|LIMIT_USAGE_FOR_NS|(default)|
	  Number of SOQL queries: 0 out of 200
	  Number of query rows: 0 out of 50000
	  Number of SOSL queries: 0 out of 20
	  Number of DML statements: 0 out of 150
	  Number of Publish Immediate DML: 0 out of 150
	  Number of DML rows: 0 out of 10000
	  Maximum CPU time: 0 out of 60000
	  Maximum heap size: 0 out of 12000000
	  Number of callouts: 0 out of 0
	  Number of Email Invocations: 0 out of 10
	  Number of future calls: 0 out of 0
	  Number of queueable jobs added to the queue: 0 out of 1
	  Number of Mobile Apex push calls: 0 out of 10
	
	08:19:13.399 (399982937)|CUMULATIVE_LIMIT_USAGE_END
	
08:19:13.0 (400066723)|CODE_UNIT_FINISHED|OrdersFromBigCommerceBatch
08:19:13.0 (400084282)|EXECUTION_FINISHED
