52.0 APEX_CODE,FINEST;APEX_PROFILING,INFO;CALLOUT,INFO;DB,INFO;NBA,INFO;SYSTEM,DEBUG;VALIDATION,INFO;VISUALFORCE,INFO;WAVE,INFO;WORKFLOW,INFO
07:55:32.0 (480602)|USER_INFO|[EXTERNAL]|0052v00000fQDGY|api@naturalchemist.com.au.sand1|(GMT+11:00) Australian Eastern Daylight Time (Australia/Sydney)|GMT+11:00
07:55:32.0 (610668)|EXECUTION_STARTED
07:55:32.0 (618016)|CODE_UNIT_STARTED|[EXTERNAL]|FutureHandler - state load
07:55:32.0 (1970077)|CODE_UNIT_FINISHED|FutureHandler - state load
07:55:32.0 (1991690)|EXECUTION_FINISHED
07:55:32.14 (14870129)|USER_INFO|[EXTERNAL]|0052v00000fQDGY|api@naturalchemist.com.au.sand1|(GMT+11:00) Australian Eastern Daylight Time (Australia/Sydney)|GMT+11:00
07:55:32.14 (14941410)|EXECUTION_STARTED
07:55:32.14 (14953314)|CODE_UNIT_STARTED|[EXTERNAL]|01p1y000003W5hZ|InvocableNotifyClinicNewOrder.newOrderWithProductsInActiveScriptsEmailAlert(List<String>)
	07:55:32.14 (16308365)|METHOD_ENTRY|[1]|01p1y000003W5hZ|InvocableNotifyClinicNewOrder.InvocableNotifyClinicNewOrder()
		07:55:32.14 (17024308)|SYSTEM_MODE_ENTER|false
		07:55:32.14 (17104553)|SYSTEM_MODE_EXIT|false
	07:55:32.14 (17146719)|METHOD_EXIT|[1]|InvocableNotifyClinicNewOrder
	07:55:32.14 (17236235)|VARIABLE_SCOPE_BEGIN|[14]|orderIds|List<String>|true|false
	07:55:32.14 (17352625)|VARIABLE_ASSIGNMENT|[14]|orderIds|["8011y000000xCeHAAU"]|0x70957bd0
	07:55:32.14 (17376771)|SYSTEM_MODE_ENTER|false
	07:55:32.14 (17853475)|VARIABLE_SCOPE_BEGIN|[15]|orderInformationList|List<InvocableNotifyClinicNewOrder.SendOrderWrapper>|true|false
	07:55:32.14 (17902352)|VARIABLE_ASSIGNMENT|[15]|orderInformationList|[]|0xcb430c6
	07:55:32.14 (18061842)|VARIABLE_SCOPE_BEGIN|[16]|contactOrdersWithOrderItemMap|Map<Id,Map<Id,Set<Id>>>|true|false
	07:55:32.14 (18106341)|VARIABLE_ASSIGNMENT|[16]|contactOrdersWithOrderItemMap|{}|0x6cef316a
	07:55:32.14 (18170487)|VARIABLE_SCOPE_BEGIN|[17]|orderIds2SendEmailAlert|Set<Id>|true|false
	07:55:32.14 (18205016)|VARIABLE_ASSIGNMENT|[17]|orderIds2SendEmailAlert|[]|0x402cd8fd
	07:55:32.14 (18238074)|VARIABLE_SCOPE_BEGIN|[18]|productIdList|Set<Id>|true|false
	07:55:32.14 (18258784)|VARIABLE_ASSIGNMENT|[18]|productIdList|[]|0x6d33f23e
	07:55:32.14 (18290317)|VARIABLE_SCOPE_BEGIN|[19]|contactIdList|Set<Id>|true|false
	07:55:32.14 (18307950)|VARIABLE_ASSIGNMENT|[19]|contactIdList|[]|0x26bacad1
	07:55:32.14 (22262576)|SOQL_EXECUTE_BEGIN|[22]|Aggregations:0|SELECT Id, OrderId, Product2Id, Order.AccountId, Order.Contact__c FROM OrderItem WHERE orderId IN :tmpVar1
	07:55:32.14 (47158437)|SOQL_EXECUTE_END|[22]|Rows:6
	07:55:32.14 (47515989)|SYSTEM_METHOD_ENTRY|[7]|QueryLocatorIterator.QueryLocatorIterator()
	07:55:32.14 (47534867)|SYSTEM_METHOD_EXIT|[7]|QueryLocatorIterator
	07:55:32.14 (47663630)|VARIABLE_SCOPE_BEGIN|[15]|this|Database.QueryLocatorIterator|true|false
	07:55:32.14 (47814257)|VARIABLE_ASSIGNMENT|[15]|this|{}|0x190959e4
	07:55:32.14 (47824077)|VARIABLE_SCOPE_BEGIN|[15]|values|List<SObject>|true|false
	07:55:32.14 (47849478)|VARIABLE_ASSIGNMENT|[15]|values|"List of size 6 too large to display"|0x2ee7d758
	07:55:32.14 (47859978)|VARIABLE_SCOPE_BEGIN|[15]|ql|Database.QueryLocator|true|false
	07:55:32.14 (47908657)|VARIABLE_ASSIGNMENT|[15]|ql|{"query":"SELECT Id, OrderId,  (86 more) ..."}|0x366714bf
	07:55:32.14 (47919080)|VARIABLE_SCOPE_BEGIN|[15]|totalNumRecords|Integer|false|false
	07:55:32.14 (47947167)|VARIABLE_ASSIGNMENT|[15]|totalNumRecords|6
	07:55:32.14 (47954720)|VARIABLE_SCOPE_BEGIN|[15]|queryMoreSize|Integer|false|false
	07:55:32.14 (47970286)|VARIABLE_ASSIGNMENT|[15]|queryMoreSize|49994
	07:55:32.14 (50383093)|METHOD_ENTRY|[22]||Database.QueryLocatorIterator.hasNext()
	07:55:32.14 (50514977)|METHOD_EXIT|[22]||Database.QueryLocatorIterator.hasNext()
	07:55:32.14 (50526504)|METHOD_ENTRY|[22]||Database.QueryLocatorIterator.next()
	07:55:32.14 (50635429)|METHOD_EXIT|[22]||Database.QueryLocatorIterator.next()
	07:55:32.14 (50646731)|VARIABLE_SCOPE_BEGIN|[22]|oli|OrderItem|true|false
	07:55:32.14 (50690671)|VARIABLE_ASSIGNMENT|[22]|oli|{"Id":"8021y000000CLJXAA4","OrderId":"8011y000000xCeHAAU","Product2Id":"01t1y000001f2ZVAAY","Order":{"Id":"8011y000000xCeHAAU","AccountId":"0012v000039nEgXAAU","Contact__c":"0032v00003f8v5fAAA"}}|0x4f1c7369
	07:55:32.14 (51376068)|METHOD_ENTRY|[22]||Database.QueryLocatorIterator.hasNext()
	07:55:32.14 (51413114)|METHOD_EXIT|[22]||Database.QueryLocatorIterator.hasNext()
	07:55:32.14 (51421626)|METHOD_ENTRY|[22]||Database.QueryLocatorIterator.next()
	07:55:32.14 (51496511)|METHOD_EXIT|[22]||Database.QueryLocatorIterator.next()
	07:55:32.14 (51512938)|VARIABLE_SCOPE_BEGIN|[22]|oli|OrderItem|true|false
	07:55:32.14 (51633722)|VARIABLE_ASSIGNMENT|[22]|oli|{"Id":"8021y000000BwGXAA0","OrderId":"8011y000000xCeHAAU","Product2Id":"01t1y000002eQikAAE","Order":{"Id":"8011y000000xCeHAAU","AccountId":"0012v000039nEgXAAU","Contact__c":"0032v00003f8v5fAAA"}}|0x519d157c
	07:55:32.14 (51878907)|METHOD_ENTRY|[22]||Database.QueryLocatorIterator.hasNext()
	07:55:32.14 (51943599)|METHOD_EXIT|[22]||Database.QueryLocatorIterator.hasNext()
	07:55:32.14 (51953572)|METHOD_ENTRY|[22]||Database.QueryLocatorIterator.next()
	07:55:32.14 (52042739)|METHOD_EXIT|[22]||Database.QueryLocatorIterator.next()
	07:55:32.14 (52054218)|VARIABLE_SCOPE_BEGIN|[22]|oli|OrderItem|true|false
	07:55:32.14 (52087063)|VARIABLE_ASSIGNMENT|[22]|oli|{"Id":"8021y000000BwGYAA0","OrderId":"8011y000000xCeHAAU","Product2Id":"01t1y000002eQilAAE","Order":{"Id":"8011y000000xCeHAAU","AccountId":"0012v000039nEgXAAU","Contact__c":"0032v00003f8v5fAAA"}}|0x3bd9a4d
	07:55:32.14 (52233250)|METHOD_ENTRY|[22]||Database.QueryLocatorIterator.hasNext()
	07:55:32.14 (52256795)|METHOD_EXIT|[22]||Database.QueryLocatorIterator.hasNext()
	07:55:32.14 (52264008)|METHOD_ENTRY|[22]||Database.QueryLocatorIterator.next()
	07:55:32.14 (52323630)|METHOD_EXIT|[22]||Database.QueryLocatorIterator.next()
	07:55:32.14 (52331605)|VARIABLE_SCOPE_BEGIN|[22]|oli|OrderItem|true|false
	07:55:32.14 (52359363)|VARIABLE_ASSIGNMENT|[22]|oli|{"Id":"8021y000000BwGZAA0","OrderId":"8011y000000xCeHAAU","Product2Id":"01t1y000002eQimAAE","Order":{"Id":"8011y000000xCeHAAU","AccountId":"0012v000039nEgXAAU","Contact__c":"0032v00003f8v5fAAA"}}|0x2f963668
	07:55:32.14 (52498460)|METHOD_ENTRY|[22]||Database.QueryLocatorIterator.hasNext()
	07:55:32.14 (52520108)|METHOD_EXIT|[22]||Database.QueryLocatorIterator.hasNext()
	07:55:32.14 (52525488)|METHOD_ENTRY|[22]||Database.QueryLocatorIterator.next()
	07:55:32.14 (52589409)|METHOD_EXIT|[22]||Database.QueryLocatorIterator.next()
	07:55:32.14 (52596776)|VARIABLE_SCOPE_BEGIN|[22]|oli|OrderItem|true|false
	07:55:32.14 (52624131)|VARIABLE_ASSIGNMENT|[22]|oli|{"Id":"8021y000000BwGaAAK","OrderId":"8011y000000xCeHAAU","Product2Id":"01t1y000002eQinAAE","Order":{"Id":"8011y000000xCeHAAU","AccountId":"0012v000039nEgXAAU","Contact__c":"0032v00003f8v5fAAA"}}|0x7997fc47
	07:55:32.14 (52761689)|METHOD_ENTRY|[22]||Database.QueryLocatorIterator.hasNext()
	07:55:32.14 (52781130)|METHOD_EXIT|[22]||Database.QueryLocatorIterator.hasNext()
	07:55:32.14 (52787827)|METHOD_ENTRY|[22]||Database.QueryLocatorIterator.next()
	07:55:32.14 (52855347)|METHOD_EXIT|[22]||Database.QueryLocatorIterator.next()
	07:55:32.14 (52862806)|VARIABLE_SCOPE_BEGIN|[22]|oli|OrderItem|true|false
	07:55:32.14 (52890139)|VARIABLE_ASSIGNMENT|[22]|oli|{"Id":"8021y000000BwGbAAK","OrderId":"8011y000000xCeHAAU","Product2Id":"01t1y000001f5UEAAY","Order":{"Id":"8011y000000xCeHAAU","AccountId":"0012v000039nEgXAAU","Contact__c":"0032v00003f8v5fAAA"}}|0x401820fc
	07:55:32.14 (53039152)|METHOD_ENTRY|[22]||Database.QueryLocatorIterator.hasNext()
	07:55:32.14 (53054661)|METHOD_EXIT|[22]||Database.QueryLocatorIterator.hasNext()
	07:55:32.14 (53065094)|VARIABLE_ASSIGNMENT|[22]|oli|null|
	07:55:32.14 (55036121)|SOQL_EXECUTE_BEGIN|[41]|Aggregations:0|SELECT Product__c, Practitioner__c, Patient__c, Clinic__c FROM Script__c WHERE (Product__c = :tmpVar1 AND Patient__c = :tmpVar2 AND Status__c = 'Active')
	07:55:32.14 (74816605)|SOQL_EXECUTE_END|[41]|Rows:1
	07:55:32.14 (75149865)|VARIABLE_SCOPE_BEGIN|[15]|this|Database.QueryLocatorIterator|true|false
	07:55:32.14 (75202162)|VARIABLE_ASSIGNMENT|[15]|this|{}|0x37539394
	07:55:32.14 (75213191)|VARIABLE_SCOPE_BEGIN|[15]|values|List<SObject>|true|false
	07:55:32.14 (75252660)|VARIABLE_ASSIGNMENT|[15]|values|[{"Product__c":"01t1y000001f2ZVAAY","Practitioner__c":"0032v00003f91VoAAI","Patient__c":"0032v00003f8v5fAAA","Clinic__c":"0012v00002avwNFAAY","Id":"a0r1y000001NOXrAAO"}]|0x51c69345
	07:55:32.14 (75263988)|VARIABLE_SCOPE_BEGIN|[15]|ql|Database.QueryLocator|true|false
	07:55:32.14 (75289772)|VARIABLE_ASSIGNMENT|[15]|ql|{"query":"SELECT Product__c, P (133 more) ..."}|0x5e6e459a
	07:55:32.14 (75299395)|VARIABLE_SCOPE_BEGIN|[15]|totalNumRecords|Integer|false|false
	07:55:32.14 (75315036)|VARIABLE_ASSIGNMENT|[15]|totalNumRecords|1
	07:55:32.14 (75322307)|VARIABLE_SCOPE_BEGIN|[15]|queryMoreSize|Integer|false|false
	07:55:32.14 (75336724)|VARIABLE_ASSIGNMENT|[15]|queryMoreSize|49993
	07:55:32.14 (75435458)|METHOD_ENTRY|[41]||Database.QueryLocatorIterator.hasNext()
	07:55:32.14 (75537285)|METHOD_EXIT|[41]||Database.QueryLocatorIterator.hasNext()
	07:55:32.14 (75549783)|METHOD_ENTRY|[41]||Database.QueryLocatorIterator.next()
	07:55:32.14 (75633760)|METHOD_EXIT|[41]||Database.QueryLocatorIterator.next()
	07:55:32.14 (75642911)|VARIABLE_SCOPE_BEGIN|[41]|script|Script__c|true|false
	07:55:32.14 (75675097)|VARIABLE_ASSIGNMENT|[41]|script|{"Product__c":"01t1y000001f2ZVAAY","Practitioner__c":"0032v00003f91VoAAI","Patient__c":"0032v00003f8v5fAAA","Clinic__c":"0012v00002avwNFAAY","Id":"a0r1y000001NOXrAAO"}|0x1952345
	07:55:32.14 (76028560)|VARIABLE_SCOPE_BEGIN|[49]|orderId|String|false|false
	07:55:32.14 (76048850)|VARIABLE_ASSIGNMENT|[49]|orderId|"8011y000000xCeHAAU"
	07:55:32.14 (76290087)|VARIABLE_ASSIGNMENT|[49]|orderId|null
	07:55:32.14 (76302718)|METHOD_ENTRY|[41]||Database.QueryLocatorIterator.hasNext()
	07:55:32.14 (76323525)|METHOD_EXIT|[41]||Database.QueryLocatorIterator.hasNext()
	07:55:32.14 (76352460)|VARIABLE_ASSIGNMENT|[41]|script|null|
	07:55:32.14 (76408224)|METHOD_ENTRY|[58]|01p1y000003W5hZ|InvocableNotifyClinicNewOrder.buildSingleEmailMessages4EmailAlert(Set<Id>)
		07:55:32.14 (76432646)|VARIABLE_SCOPE_BEGIN|[62]|orderIds|Set<Id>|true|false
		07:55:32.14 (76453545)|VARIABLE_ASSIGNMENT|[62]|orderIds|["8011y000000xCeHAAU"]|0x402cd8fd
		07:55:32.14 (77118346)|SOQL_EXECUTE_BEGIN|[64]|Aggregations:0|SELECT Id, Name, Body FROM EmailTemplate WHERE Name = 'Notify Clinic About New Order'
		07:55:32.14 (218589837)|SOQL_EXECUTE_END|[64]|Rows:1
		07:55:32.14 (218874911)|VARIABLE_SCOPE_BEGIN|[64]|et|EmailTemplate|true|false
		07:55:32.14 (218922481)|VARIABLE_ASSIGNMENT|[64]|et|{"Id":"00X1y000001QKG2EAO","Name":"Notify Clinic About  (9 more) ..."}|0x1564bf75
		07:55:32.14 (219060573)|VARIABLE_SCOPE_BEGIN|[70]|email2SendList|List<Messaging.SingleEmailMessage>|true|false
		07:55:32.14 (219107569)|VARIABLE_ASSIGNMENT|[70]|email2SendList|[]|0x9526b6a
		07:55:32.14 (221387229)|SOQL_EXECUTE_BEGIN|[72]|Aggregations:0|SELECT Id, Contact__c, Contact__r.Account.Prac_Email__c FROM Order WHERE Id = :tmpVar1
		07:55:32.14 (252791313)|SOQL_EXECUTE_END|[72]|Rows:1
		07:55:32.14 (253072812)|VARIABLE_SCOPE_BEGIN|[15]|this|Database.QueryLocatorIterator|true|false
		07:55:32.14 (253127120)|VARIABLE_ASSIGNMENT|[15]|this|{}|0xb153b84
		07:55:32.14 (253137958)|VARIABLE_SCOPE_BEGIN|[15]|values|List<SObject>|true|false
		07:55:32.14 (253181141)|VARIABLE_ASSIGNMENT|[15]|values|[{"Id":"8011y000000xCeHAAU","Contact__c":"0032v00003f8v5fAAA","Contact__r":{"Id":"0032v00003f8v5fAAA","AccountId":"0012v000039nEgXAAU","Account":{"Id":"0012v000039nEgXAAU","Prac_email__c":"canorluisa@gmail.com"}}}]|0x6f487cd0
		07:55:32.14 (253193034)|VARIABLE_SCOPE_BEGIN|[15]|ql|Database.QueryLocator|true|false
		07:55:32.14 (253218863)|VARIABLE_ASSIGNMENT|[15]|ql|{"query":"SELECT Id, Contact__ (66 more) ..."}|0x256b3e57
		07:55:32.14 (253228720)|VARIABLE_SCOPE_BEGIN|[15]|totalNumRecords|Integer|false|false
		07:55:32.14 (253245198)|VARIABLE_ASSIGNMENT|[15]|totalNumRecords|1
		07:55:32.14 (253251715)|VARIABLE_SCOPE_BEGIN|[15]|queryMoreSize|Integer|false|false
		07:55:32.14 (253263427)|VARIABLE_ASSIGNMENT|[15]|queryMoreSize|49991
		07:55:32.14 (253360282)|METHOD_ENTRY|[72]||Database.QueryLocatorIterator.hasNext()
		07:55:32.14 (253445555)|METHOD_EXIT|[72]||Database.QueryLocatorIterator.hasNext()
		07:55:32.14 (253456056)|METHOD_ENTRY|[72]||Database.QueryLocatorIterator.next()
		07:55:32.14 (253538928)|METHOD_EXIT|[72]||Database.QueryLocatorIterator.next()
		07:55:32.14 (253549233)|VARIABLE_SCOPE_BEGIN|[72]|ord|Order|true|false
		07:55:32.14 (253581637)|VARIABLE_ASSIGNMENT|[72]|ord|{"Id":"8011y000000xCeHAAU","Contact__c":"0032v00003f8v5fAAA","Contact__r":{"Id":"0032v00003f8v5fAAA","AccountId":"0012v000039nEgXAAU","Account":{"Id":"0012v000039nEgXAAU","Prac_email__c":"canorluisa@gmail.com"}}}|0x71763757
		07:55:32.14 (253721091)|VARIABLE_SCOPE_BEGIN|[77]|email2Send|Messaging.SingleEmailMessage|true|false
		07:55:32.14 (253973363)|VARIABLE_ASSIGNMENT|[77]|email2Send|"common.api.soap.wsdl.SingleEmailMessage@1dcdac14"|0x5d41ec75
		07:55:32.14 (254738411)|METHOD_ENTRY|[72]||Database.QueryLocatorIterator.hasNext()
		07:55:32.14 (254764289)|METHOD_EXIT|[72]||Database.QueryLocatorIterator.hasNext()
		07:55:32.14 (254779612)|VARIABLE_ASSIGNMENT|[72]|ord|null|
	07:55:32.14 (254806111)|METHOD_EXIT|[58]|01p1y000003W5hZ|InvocableNotifyClinicNewOrder.buildSingleEmailMessages4EmailAlert(Set<Id>)
	07:55:32.14 (254816796)|SYSTEM_MODE_EXIT|false
	07:55:32.254 (254832184)|CUMULATIVE_LIMIT_USAGE
	07:55:32.254 (254832184)|LIMIT_USAGE_FOR_NS|(default)|
	  Number of SOQL queries: 4 out of 200
	  Number of query rows: 9 out of 50000
	  Number of SOSL queries: 0 out of 20
	  Number of DML statements: 0 out of 150
	  Number of Publish Immediate DML: 0 out of 150
	  Number of DML rows: 0 out of 10000
	  Maximum CPU time: 0 out of 60000
	  Maximum heap size: 0 out of 12000000
	  Number of callouts: 0 out of 100
	  Number of Email Invocations: 0 out of 10
	  Number of future calls: 0 out of 50
	  Number of queueable jobs added to the queue: 0 out of 1
	  Number of Mobile Apex push calls: 0 out of 10
	
	07:55:32.254 (254832184)|CUMULATIVE_LIMIT_USAGE_END
	
07:55:32.14 (254892188)|CODE_UNIT_FINISHED|InvocableNotifyClinicNewOrder.newOrderWithProductsInActiveScriptsEmailAlert(List<String>)
07:55:32.14 (254904426)|EXECUTION_FINISHED
