45.0 APEX_CODE,FINEST;APEX_PROFILING,NONE;CALLOUT,NONE;DB,INFO;NBA,NONE;SYSTEM,NONE;VALIDATION,NONE;VISUALFORCE,NONE;WAVE,NONE;WORKFLOW,NONE
10:58:34.0 (192779)|USER_INFO|[EXTERNAL]|0052v00000fQDGY|api@naturalchemist.com.au.sand1|(GMT+11:00) Australian Eastern Daylight Time (Australia/Sydney)|GMT+11:00
10:58:34.0 (241999)|EXECUTION_STARTED
10:58:34.0 (248272)|CODE_UNIT_STARTED|[EXTERNAL]|01p2v00000Tr0KM|OrdersFromBigCommerceBatch
	10:58:34.0 (13311983)|SYSTEM_METHOD_ENTRY|[15]|BatchableContextImpl.BatchableContextImpl()
	10:58:34.0 (13342143)|SYSTEM_METHOD_EXIT|[15]|BatchableContextImpl
	10:58:34.0 (13368279)|VARIABLE_SCOPE_BEGIN|[31]|this|Database.BatchableContextImpl|true|false
	10:58:34.0 (13436046)|VARIABLE_ASSIGNMENT|[31]|this|{}|0x2f6d920b
	10:58:34.0 (13447814)|VARIABLE_SCOPE_BEGIN|[31]|jobId|Id|false|false
	10:58:34.0 (13575591)|VARIABLE_ASSIGNMENT|[31]|jobId|"7071y00000J9Fa1AAF"
	10:58:34.0 (13584079)|VARIABLE_SCOPE_BEGIN|[31]|childJobId|Id|false|false
	10:58:34.0 (13599799)|VARIABLE_ASSIGNMENT|[31]|childJobId|null
	10:58:34.0 (16142527)|METHOD_ENTRY|[1]|01p2v00000Tr0KM|OrdersFromBigCommerceBatch.OrdersFromBigCommerceBatch()
	10:58:34.0 (16164269)|METHOD_EXIT|[1]|OrdersFromBigCommerceBatch
	10:58:34.0 (16187015)|VARIABLE_SCOPE_BEGIN|[24]|this|OrdersFromBigCommerceBatch|true|false
	10:58:34.0 (16225079)|VARIABLE_ASSIGNMENT|[24]|this|{"isManual":false}|0x111f77c1
	10:58:34.0 (16234309)|VARIABLE_SCOPE_BEGIN|[24]|context|Database.BatchableContext|true|false
	10:58:34.0 (16302700)|VARIABLE_ASSIGNMENT|[24]|context|{"jobId":"7071y00000J9Fa1AAF"}|0x2f6d920b
	10:58:34.0 (16856666)|CONSTRUCTOR_ENTRY|[25]|01p2v00000Tr0Kf|<init>()|WSOrdersFromBigCommerce.Response
	10:58:34.0 (16890916)|VARIABLE_SCOPE_BEGIN|[83]|this|WSOrdersFromBigCommerce.Response|true|false
	10:58:34.0 (16930460)|VARIABLE_ASSIGNMENT|[83]|this|{}|0x54fc510e
	10:58:34.0 (16948027)|METHOD_ENTRY|[1]|01p2v00000SpN2i|WSResult.WSResult()
	10:58:34.0 (16964853)|METHOD_EXIT|[1]|WSResult
	10:58:34.0 (16973451)|CONSTRUCTOR_ENTRY|[EXTERNAL]|01p2v00000SpN2i|<init>()|WSResult
	10:58:34.0 (16988343)|VARIABLE_SCOPE_BEGIN|[1]|this|WSResult|true|false
	10:58:34.0 (17009925)|VARIABLE_ASSIGNMENT|[1]|this|{}|0x54fc510e
	10:58:34.0 (17049366)|CONSTRUCTOR_EXIT|[EXTERNAL]|01p2v00000SpN2i|<init>()|WSResult
	10:58:34.0 (17066618)|CONSTRUCTOR_EXIT|[25]|01p2v00000Tr0Kf|<init>()|WSOrdersFromBigCommerce.Response
	10:58:34.0 (17079190)|VARIABLE_SCOPE_BEGIN|[25]|response|WSOrdersFromBigCommerce.Response|true|false
	10:58:34.0 (17099594)|VARIABLE_ASSIGNMENT|[25]|response|{}|0x54fc510e
	10:58:34.0 (17155710)|VARIABLE_SCOPE_BEGIN|[4]|WSOrdersFromBigCommerce.SERVICE_CONFIG|Webservice_endpoint_setting__mdt|true|true
	10:58:34.0 (17443291)|METHOD_ENTRY|[1]|01p2v00000Tr0Kf|WSOrdersFromBigCommerce.WSOrdersFromBigCommerce()
		10:58:34.0 (17528484)|VARIABLE_SCOPE_BEGIN|[3]|GenericUtilsHelper.currentOrg|Organization|true|true
		10:58:34.0 (17542526)|VARIABLE_SCOPE_BEGIN|[101]|GenericUtilsHelper.mapRecordTypes|Map<String,RecordType>|true|true
		10:58:34.0 (17727581)|METHOD_ENTRY|[1]|01p2v00000SpN2Y|GenericUtilsHelper.GenericUtilsHelper()
			10:58:34.0 (17822502)|VARIABLE_ASSIGNMENT|[101]|GenericUtilsHelper.mapRecordTypes|{}|0x31fc3978
		10:58:34.0 (17835630)|METHOD_EXIT|[1]|GenericUtilsHelper
		10:58:34.0 (17852862)|METHOD_ENTRY|[5]|01p2v00000SpN2Y|GenericUtilsHelper.getWebServiceConfig(String)
			10:58:34.0 (17875309)|VARIABLE_SCOPE_BEGIN|[86]|name|String|false|false
			10:58:34.0 (17895121)|VARIABLE_ASSIGNMENT|[86]|name|"SALESFORCE.BIGCOMMER (2 more) ..."
			10:58:34.0 (17926720)|METHOD_ENTRY|[87]|01p2v00000SpN2Y|GenericUtilsHelper.isSandboxEnviroment()
				10:58:34.0 (24564877)|SOQL_EXECUTE_BEGIN|[81]|Aggregations:0|SELECT Id, Name, IsSandbox FROM Organization LIMIT 1
				10:58:34.0 (26779777)|SOQL_EXECUTE_END|[81]|Rows:1
				10:58:34.0 (27058166)|VARIABLE_ASSIGNMENT|[81]|GenericUtilsHelper.currentOrg|{"Id":"00D1y0000008m7IEAQ","Name":"Natural Chemist","IsSandbox":true}|0x7a991ff2
			10:58:34.0 (27122051)|METHOD_EXIT|[87]|01p2v00000SpN2Y|GenericUtilsHelper.isSandboxEnviroment()
			10:58:34.0 (27139268)|VARIABLE_SCOPE_BEGIN|[87]|isProduction|Boolean|false|false
			10:58:34.0 (27165686)|VARIABLE_ASSIGNMENT|[87]|isProduction|false
			10:58:34.0 (27831589)|SOQL_EXECUTE_BEGIN|[88]|Aggregations:0|SELECT Id, URL__c, ClientId__c, ClientSecret__c, ActivateNatualScriptCallout__c, StoreHash__c, AppStoreUrl__c, AccessToken__c, ShipStation_Packing_UserId__c, ShipStation_Admin_UserId__c FROM Webservice_endpoint_setting__mdt WHERE (MasterLabel = :tmpVar1 AND Is_Production__c = :tmpVar2)
			10:58:34.0 (31387056)|SOQL_EXECUTE_END|[88]|Rows:1
			10:58:34.0 (31527450)|VARIABLE_SCOPE_BEGIN|[88]|result|List<Webservice_endpoint_setting__mdt>|true|false
			10:58:34.0 (31580557)|VARIABLE_ASSIGNMENT|[88]|result|[{"Id":"m002v000000yiYYAAY","URL__c":"https://api.bigcomme (26 more) ...","ClientId__c":"qgoe1p6a5xvhgkkvsiu5 (11 more) ...","ClientSecret__c":"d6631082dbbca140cafb (44 more) ...","ActivateNatualScriptCallout__c":false,"StoreHash__c":"n9dr7ak2qq","AppStoreUrl__c":"https://natural-chem (30 more) ...","AccessToken__c":"64so0mrm0qmlsrl3dl8l (11 more) ..."}]|0x6634f8b9
		10:58:34.0 (31706837)|METHOD_EXIT|[5]|01p2v00000SpN2Y|GenericUtilsHelper.getWebServiceConfig(String)
		10:58:34.0 (31747125)|VARIABLE_ASSIGNMENT|[4]|WSOrdersFromBigCommerce.SERVICE_CONFIG|{"Id":"m002v000000yiYYAAY","URL__c":"https://api.bigcomme (26 more) ...","ClientId__c":"qgoe1p6a5xvhgkkvsiu5 (11 more) ...","ClientSecret__c":"d6631082dbbca140cafb (44 more) ...","ActivateNatualScriptCallout__c":false,"StoreHash__c":"n9dr7ak2qq","AppStoreUrl__c":"https://natural-chem (30 more) ...","AccessToken__c":"64so0mrm0qmlsrl3dl8l (11 more) ..."}|0x5e067cbf
	10:58:34.0 (31773274)|METHOD_EXIT|[1]|WSOrdersFromBigCommerce
	10:58:34.0 (31789765)|METHOD_ENTRY|[34]|01p2v00000Tr0Kf|WSOrdersFromBigCommerce.getOrdersFromBigCommerce()
		10:58:34.0 (33961552)|SOQL_EXECUTE_BEGIN|[57]|Aggregations:0|SELECT Id, BC_Date_Modified__c FROM Order WHERE BC_Date_Modified__c != NULL ORDER BY BC_Date_Modified__c DESC NULLS FIRST LIMIT 1
		10:58:34.0 (59649249)|SOQL_EXECUTE_END|[57]|Rows:1
		10:58:34.0 (59858551)|VARIABLE_SCOPE_BEGIN|[57]|dateModifiedList|List<Order>|true|false
		10:58:34.0 (59925445)|VARIABLE_ASSIGNMENT|[57]|dateModifiedList|[{"Id":"8011y000000xCeHAAU","BC_Date_Modified__c":"2022-01-26T09:54:01.000Z"}]|0x47fa443f
		10:58:34.0 (60342392)|VARIABLE_SCOPE_BEGIN|[65]|lastDateModified|String|false|false
		10:58:34.0 (60366936)|VARIABLE_ASSIGNMENT|[65]|lastDateModified|"2022-01-26 20:54:02"
		10:58:34.0 (60527599)|METHOD_ENTRY|[1]|01p2v00000SpN2a|RestWS.RestWS()
		10:58:34.0 (60548294)|METHOD_EXIT|[1]|RestWS
		10:58:34.0 (60801330)|CONSTRUCTOR_ENTRY|[71]|01p2v00000SpN2a|<init>(String,String,List<WSParameter>)|RestWS
		10:58:34.0 (60832610)|VARIABLE_SCOPE_BEGIN|[23]|this|RestWS|true|false
		10:58:34.0 (60882204)|VARIABLE_ASSIGNMENT|[23]|this|{}|0x36af36da
		10:58:34.0 (60891126)|VARIABLE_SCOPE_BEGIN|[23]|endpoint|String|false|false
		10:58:34.0 (60914283)|VARIABLE_ASSIGNMENT|[23]|endpoint|"https://api.bigcomme (84 more) ..."
		10:58:34.0 (60921588)|VARIABLE_SCOPE_BEGIN|[23]|method|String|false|false
		10:58:34.0 (60936538)|VARIABLE_ASSIGNMENT|[23]|method|"GET"
		10:58:34.0 (60943684)|VARIABLE_SCOPE_BEGIN|[23]|urlParameters|List<WSParameter>|true|false
		10:58:34.0 (60957206)|VARIABLE_ASSIGNMENT|[23]|urlParameters|null|
		10:58:34.0 (60991311)|CONSTRUCTOR_ENTRY|[24]|01p2v00000SpN2a|<init>(String,String,List<WSParameter>,String)|RestWS
		10:58:34.0 (61011608)|VARIABLE_SCOPE_BEGIN|[19]|this|RestWS|true|false
		10:58:34.0 (61039523)|VARIABLE_ASSIGNMENT|[19]|this|{}|0x36af36da
		10:58:34.0 (61050019)|VARIABLE_SCOPE_BEGIN|[19]|endpoint|String|false|false
		10:58:34.0 (61066493)|VARIABLE_ASSIGNMENT|[19]|endpoint|"https://api.bigcomme (84 more) ..."
		10:58:34.0 (61073488)|VARIABLE_SCOPE_BEGIN|[19]|method|String|false|false
		10:58:34.0 (61090432)|VARIABLE_ASSIGNMENT|[19]|method|"GET"
		10:58:34.0 (61098475)|VARIABLE_SCOPE_BEGIN|[19]|urlParameters|List<WSParameter>|true|false
		10:58:34.0 (61110578)|VARIABLE_ASSIGNMENT|[19]|urlParameters|null|
		10:58:34.0 (61116806)|VARIABLE_SCOPE_BEGIN|[19]|bodyParameter|String|false|false
		10:58:34.0 (61140718)|VARIABLE_ASSIGNMENT|[19]|bodyParameter|""
		10:58:34.0 (61177804)|METHOD_ENTRY|[1]|01p2v00000SpN2h|WSParameter.WSParameter()
		10:58:34.0 (61197593)|METHOD_EXIT|[1]|WSParameter
		10:58:34.0 (61230571)|CONSTRUCTOR_ENTRY|[20]|01p2v00000SpN2h|<init>(String,String,Boolean,Boolean)|WSParameter
		10:58:34.0 (61250918)|VARIABLE_SCOPE_BEGIN|[11]|this|WSParameter|true|false
		10:58:34.0 (61275429)|VARIABLE_ASSIGNMENT|[11]|this|{}|0x3d49d015
		10:58:34.0 (61285800)|VARIABLE_SCOPE_BEGIN|[11]|name|String|false|false
		10:58:34.0 (61299447)|VARIABLE_ASSIGNMENT|[11]|name|"body"
		10:58:34.0 (61311901)|VARIABLE_SCOPE_BEGIN|[11]|value|String|false|false
		10:58:34.0 (61324339)|VARIABLE_ASSIGNMENT|[11]|value|""
		10:58:34.0 (61343576)|VARIABLE_SCOPE_BEGIN|[11]|isRequired|Boolean|false|false
		10:58:34.0 (61370861)|VARIABLE_ASSIGNMENT|[11]|isRequired|false
		10:58:34.0 (61381230)|VARIABLE_SCOPE_BEGIN|[11]|urlEncoding|Boolean|false|false
		10:58:34.0 (61393607)|VARIABLE_ASSIGNMENT|[11]|urlEncoding|false
		10:58:34.0 (61454989)|VARIABLE_ASSIGNMENT|[12]|this.name|"body"|0x3d49d015
		10:58:34.0 (61479054)|VARIABLE_ASSIGNMENT|[13]|this.isRequired|false|0x3d49d015
		10:58:34.0 (61500625)|VARIABLE_ASSIGNMENT|[14]|this.value|""|0x3d49d015
		10:58:34.0 (61522668)|VARIABLE_ASSIGNMENT|[15]|this.urlEncoding|false|0x3d49d015
		10:58:34.0 (61536642)|CONSTRUCTOR_EXIT|[20]|01p2v00000SpN2h|<init>(String,String,Boolean,Boolean)|WSParameter
		10:58:34.0 (61558618)|CONSTRUCTOR_ENTRY|[20]|01p2v00000SpN2a|<init>(String,String,List<WSParameter>,WSParameter)|RestWS
		10:58:34.0 (61569420)|VARIABLE_SCOPE_BEGIN|[10]|this|RestWS|true|false
		10:58:34.0 (61590746)|VARIABLE_ASSIGNMENT|[10]|this|{}|0x36af36da
		10:58:34.0 (61604790)|VARIABLE_SCOPE_BEGIN|[10]|endpoint|String|false|false
		10:58:34.0 (61621846)|VARIABLE_ASSIGNMENT|[10]|endpoint|"https://api.bigcomme (84 more) ..."
		10:58:34.0 (61629258)|VARIABLE_SCOPE_BEGIN|[10]|method|String|false|false
		10:58:34.0 (61643237)|VARIABLE_ASSIGNMENT|[10]|method|"GET"
		10:58:34.0 (61649676)|VARIABLE_SCOPE_BEGIN|[10]|urlParameters|List<WSParameter>|true|false
		10:58:34.0 (61667305)|VARIABLE_ASSIGNMENT|[10]|urlParameters|null|
		10:58:34.0 (61675788)|VARIABLE_SCOPE_BEGIN|[10]|bodyParameter|WSParameter|true|false
		10:58:34.0 (61700264)|VARIABLE_ASSIGNMENT|[10]|bodyParameter|{"isRequired":false,"name":"body","urlEncoding":false,"value":""}|0x3d49d015
		10:58:34.0 (61724877)|VARIABLE_ASSIGNMENT|[2]|this.endpoint|""|0x36af36da
		10:58:34.0 (61754926)|VARIABLE_ASSIGNMENT|[7]|this.hasError|false|0x36af36da
		10:58:34.0 (61774668)|VARIABLE_ASSIGNMENT|[8]|this.errorMessage|""|0x36af36da
		10:58:34.0 (61888405)|VARIABLE_ASSIGNMENT|[11]|this.request|"System.HttpRequest[Endpoint=null, Method=null]"|0x36af36da
		10:58:34.0 (61995406)|VARIABLE_ASSIGNMENT|[14]|this.bodyParameter|0x3d49d015|0x36af36da
		10:58:34.0 (62017536)|VARIABLE_ASSIGNMENT|[15]|this.endpoint|"https://api.bigcomme (84 more) ..."|0x36af36da
		10:58:34.0 (62034009)|VARIABLE_ASSIGNMENT|[16]|this.parameters|null|0x36af36da
		10:58:34.0 (62054641)|CONSTRUCTOR_EXIT|[20]|01p2v00000SpN2a|<init>(String,String,List<WSParameter>,WSParameter)|RestWS
		10:58:34.0 (62073245)|CONSTRUCTOR_EXIT|[24]|01p2v00000SpN2a|<init>(String,String,List<WSParameter>,String)|RestWS
		10:58:34.0 (62089655)|CONSTRUCTOR_EXIT|[71]|01p2v00000SpN2a|<init>(String,String,List<WSParameter>)|RestWS
		10:58:34.0 (62098065)|VARIABLE_SCOPE_BEGIN|[71]|ws|RestWS|true|false
		10:58:34.0 (62202032)|VARIABLE_ASSIGNMENT|[71]|ws|{"bodyParameter":"0x3d49d015","endpoint":"https://api.bigcommerce.com/stores/n9dr7ak2qq/v2/orders?limit=250&min_date_modified=2022-01-26T20:54:02Z","errorMessage":"","hasError":false,"request":"System.HttpRequest[Endpoint=null, Method=GET]"}|0x36af36da
		10:58:34.0 (62430132)|CONSTRUCTOR_ENTRY|[80]|01p2v00000Tr0Kf|<init>()|WSOrdersFromBigCommerce.Response
		10:58:34.0 (62449617)|VARIABLE_SCOPE_BEGIN|[83]|this|WSOrdersFromBigCommerce.Response|true|false
		10:58:34.0 (62486096)|VARIABLE_ASSIGNMENT|[83]|this|{}|0x512684fd
		10:58:34.0 (62499369)|CONSTRUCTOR_ENTRY|[EXTERNAL]|01p2v00000SpN2i|<init>()|WSResult
		10:58:34.0 (62515460)|VARIABLE_SCOPE_BEGIN|[1]|this|WSResult|true|false
		10:58:34.0 (62536222)|VARIABLE_ASSIGNMENT|[1]|this|{}|0x512684fd
		10:58:34.0 (62578308)|CONSTRUCTOR_EXIT|[EXTERNAL]|01p2v00000SpN2i|<init>()|WSResult
		10:58:34.0 (62596444)|CONSTRUCTOR_EXIT|[80]|01p2v00000Tr0Kf|<init>()|WSOrdersFromBigCommerce.Response
		10:58:34.0 (62618549)|METHOD_ENTRY|[80]|01p2v00000SpN2a|RestWS.invoke(WSResult)
			10:58:34.0 (62632200)|VARIABLE_SCOPE_BEGIN|[78]|this|RestWS|true|false
			10:58:34.0 (62725495)|VARIABLE_ASSIGNMENT|[78]|this|{"bodyParameter":"0x3d49d015","endpoint":"https://api.bigcommerce.com/stores/n9dr7ak2qq/v2/orders?limit=250&min_date_modified=2022-01-26T20:54:02Z","errorMessage":"","hasError":false,"request":"System.HttpRequest[Endpoint=null, Method=GET]"}|0x36af36da
			10:58:34.0 (62749503)|VARIABLE_SCOPE_BEGIN|[78]|result|WSResult|true|false
			10:58:34.0 (62778521)|VARIABLE_ASSIGNMENT|[78]|result|{}|0x512684fd
			10:58:34.0 (62816306)|METHOD_ENTRY|[88]|01p2v00000SpN2a|RestWS.getMissingParametersMessage()
				10:58:34.0 (62834153)|VARIABLE_SCOPE_BEGIN|[27]|this|RestWS|true|false
				10:58:34.0 (62900973)|VARIABLE_ASSIGNMENT|[27]|this|{"bodyParameter":"0x3d49d015","endpoint":"https://api.bigcommerce.com/stores/n9dr7ak2qq/v2/orders?limit=250&min_date_modified=2022-01-26T20:54:02Z","errorMessage":"","hasError":false,"request":"System.HttpRequest[Endpoint=null, Method=GET]"}|0x36af36da
				10:58:34.0 (63008626)|VARIABLE_SCOPE_BEGIN|[32]|parametersToCheck|List<WSParameter>|true|false
				10:58:34.0 (63055659)|VARIABLE_ASSIGNMENT|[32]|parametersToCheck|[]|0x5b0f48e6
				10:58:34.0 (63176360)|VARIABLE_SCOPE_BEGIN|[40]|missingParms|List<String>|true|false
				10:58:34.0 (63217053)|VARIABLE_ASSIGNMENT|[40]|missingParms|[]|0x67e31f4d
				10:58:34.0 (63403915)|VARIABLE_SCOPE_BEGIN|[41]|parameter|WSParameter|true|false
				10:58:34.0 (63441973)|VARIABLE_ASSIGNMENT|[41]|parameter|{"isRequired":false,"name":"body","urlEncoding":false,"value":""}|0x3d49d015
				10:58:34.0 (63492466)|VARIABLE_ASSIGNMENT|[41]|parameter|null|
			10:58:34.0 (63538507)|METHOD_EXIT|[88]|01p2v00000SpN2a|RestWS.getMissingParametersMessage()
			10:58:34.0 (63549506)|VARIABLE_SCOPE_BEGIN|[88]|missingParamsMessage|String|false|false
			10:58:34.0 (63566037)|VARIABLE_ASSIGNMENT|[88]|missingParamsMessage|""
			10:58:34.0 (63622793)|METHOD_ENTRY|[96]|01p2v00000SpN2a|RestWS.formatEndpoint()
				10:58:34.0 (63635701)|VARIABLE_SCOPE_BEGIN|[58]|this|RestWS|true|false
				10:58:34.0 (63732445)|VARIABLE_ASSIGNMENT|[58]|this|{"bodyParameter":"0x3d49d015","endpoint":"https://api.bigcommerce.com/stores/n9dr7ak2qq/v2/orders?limit=250&min_date_modified=2022-01-26T20:54:02Z","errorMessage":"","hasError":false,"request":"System.HttpRequest[Endpoint=null, Method=GET]"}|0x36af36da
			10:58:34.0 (63761062)|METHOD_EXIT|[96]|01p2v00000SpN2a|RestWS.formatEndpoint()
			10:58:34.0 (63803453)|METHOD_ENTRY|[97]|01p2v00000SpN2a|RestWS.getBody()
				10:58:34.0 (63821019)|VARIABLE_SCOPE_BEGIN|[69]|this|RestWS|true|false
				10:58:34.0 (63904161)|VARIABLE_ASSIGNMENT|[69]|this|{"bodyParameter":"0x3d49d015","endpoint":"https://api.bigcommerce.com/stores/n9dr7ak2qq/v2/orders?limit=250&min_date_modified=2022-01-26T20:54:02Z","errorMessage":"","hasError":false,"request":"System.HttpRequest[Endpoint=https://api.bigcommerce.com/stores/n9dr7ak2qq/v2/orders?limit=250&min_date_modified=2022-01-26T20:54:02Z, Method=GET]"}|0x36af36da
			10:58:34.0 (64007787)|METHOD_EXIT|[97]|01p2v00000SpN2a|RestWS.getBody()
			10:58:34.0 (64017488)|VARIABLE_SCOPE_BEGIN|[97]|body|String|false|false
			10:58:34.0 (64032816)|VARIABLE_ASSIGNMENT|[97]|body|""
			10:58:34.0 (361929257)|VARIABLE_SCOPE_BEGIN|[104]|response|System.HttpResponse|true|false
			10:58:34.0 (362019623)|VARIABLE_ASSIGNMENT|[104]|response|"System.HttpResponse[Status=No Content, StatusCode=204]"|0x236e4eee
			10:58:34.0 (362341688)|USER_DEBUG|[107]|DEBUG|
			10:58:34.0 (362453839)|METHOD_ENTRY|[112]|01p2v00000Tr0Kf|WSOrdersFromBigCommerce.Response.processResponse(System.HttpResponse)
				10:58:34.0 (362475015)|VARIABLE_SCOPE_BEGIN|[86]|this|WSOrdersFromBigCommerce.Response|true|false
				10:58:34.0 (362608470)|VARIABLE_ASSIGNMENT|[86]|this|{"hasError":false,"request":"System.HttpRequest[Endpoint=https://api.bigcommerce.com/stores/n9dr7ak2qq/v2/orders?limit=250&min_date_modified=2022-01-26T20:54:02Z, Method=GET]","response":"System.HttpResponse[Status=No Content, StatusCode=204]"}|0x512684fd
				10:58:34.0 (362621365)|VARIABLE_SCOPE_BEGIN|[86]|response|System.HttpResponse|true|false
				10:58:34.0 (362650371)|VARIABLE_ASSIGNMENT|[86]|response|"System.HttpResponse[Status=No Content, StatusCode=204]"|0x236e4eee
				10:58:34.0 (362844700)|SYSTEM_METHOD_ENTRY|[1]|Type.Type()
				10:58:34.0 (362866416)|SYSTEM_METHOD_EXIT|[1]|Type
				10:58:34.0 (362912367)|VARIABLE_SCOPE_BEGIN|[4]|this|System.Type|true|false
				10:58:34.0 (362948386)|VARIABLE_ASSIGNMENT|[4]|this|{}|0x5edf337
				10:58:34.0 (362963397)|VARIABLE_SCOPE_BEGIN|[4]|apextype|java:common.apex.runtime.ApexObjectType|true|false
				10:58:34.0 (363053373)|VARIABLE_ASSIGNMENT|[4]|apextype|"List<OrdersFromBigCommerceResponse>"|0x3ca26bc4
				10:58:34.0 (363188547)|SYSTEM_METHOD_ENTRY|[1]|JSON.JSON()
				10:58:34.0 (363201782)|SYSTEM_METHOD_EXIT|[1]|JSON
				10:58:34.0 (363218859)|METHOD_ENTRY|[88]||System.JSON.deserialize(String, System.Type)
				10:58:34.0 (363466436)|METHOD_EXIT|[88]||System.JSON.deserialize(String, System.Type)
			10:58:34.0 (363478865)|METHOD_EXIT|[112]|01p2v00000Tr0Kf|WSOrdersFromBigCommerce.Response.processResponse(System.HttpResponse)
			10:58:34.0 (363506446)|VARIABLE_SCOPE_BEGIN|[115]|ex|Exception|true|false
			10:58:34.0 (363559398)|VARIABLE_ASSIGNMENT|[115]|ex|"common.apex.runtime.impl.ExecutionException: No content to map to Object due to end of input"|0x6dea5b80
		10:58:34.0 (363642344)|METHOD_EXIT|[80]|01p2v00000SpN2a|RestWS.invoke(WSResult)
	10:58:34.0 (363657209)|METHOD_EXIT|[34]|01p2v00000Tr0Kf|WSOrdersFromBigCommerce.getOrdersFromBigCommerce()
	10:58:34.0 (363742851)|VARIABLE_ASSIGNMENT|[34]|response|{"hasError":true,"message":"No content to map to Object due to end of input","request":"System.HttpRequest[Endpoint=https://api.bigcommerce.com/stores/n9dr7ak2qq/v2/orders?limit=250&min_date_modified=2022-01-26T20:54:02Z, Method=GET]","response":"System.HttpResponse[Status=No Content, StatusCode=204]"}|0x512684fd
10:58:34.0 (381691808)|CODE_UNIT_FINISHED|OrdersFromBigCommerceBatch
10:58:34.0 (381708594)|EXECUTION_FINISHED
