45.0 APEX_CODE,FINEST;APEX_PROFILING,NONE;CALLOUT,NONE;DB,INFO;NBA,NONE;SYSTEM,NONE;VALIDATION,NONE;VISUALFORCE,NONE;WAVE,NONE;WORKFLOW,NONE
10:53:30.0 (596894)|USER_INFO|[EXTERNAL]|0052v00000fQDGY|api@naturalchemist.com.au.sand1|(GMT+11:00) Australian Eastern Daylight Time (Australia/Sydney)|GMT+11:00
10:53:30.0 (726000)|EXECUTION_STARTED
10:53:30.0 (745610)|CODE_UNIT_STARTED|[EXTERNAL]|01p2v00000SpN2U|CustomersFromBigCommerceBatch
	10:53:30.0 (18491335)|SYSTEM_METHOD_ENTRY|[15]|BatchableContextImpl.BatchableContextImpl()
	10:53:30.0 (18527895)|SYSTEM_METHOD_EXIT|[15]|BatchableContextImpl
	10:53:30.0 (18568806)|VARIABLE_SCOPE_BEGIN|[31]|this|Database.BatchableContextImpl|true|false
	10:53:30.0 (18763042)|VARIABLE_ASSIGNMENT|[31]|this|{}|0x308e8ea
	10:53:30.0 (18775554)|VARIABLE_SCOPE_BEGIN|[31]|jobId|Id|false|false
	10:53:30.0 (19065916)|VARIABLE_ASSIGNMENT|[31]|jobId|"7071y00000J9FV5AAN"
	10:53:30.0 (19077945)|VARIABLE_SCOPE_BEGIN|[31]|childJobId|Id|false|false
	10:53:30.0 (19093420)|VARIABLE_ASSIGNMENT|[31]|childJobId|null
	10:53:30.0 (22387019)|METHOD_ENTRY|[1]|01p2v00000SpN2U|CustomersFromBigCommerceBatch.CustomersFromBigCommerceBatch()
	10:53:30.0 (22411536)|METHOD_EXIT|[1]|CustomersFromBigCommerceBatch
	10:53:30.0 (22447034)|VARIABLE_SCOPE_BEGIN|[23]|this|CustomersFromBigCommerceBatch|true|false
	10:53:30.0 (22507864)|VARIABLE_ASSIGNMENT|[23]|this|{"batchScheduleName":"67115","isManual":false}|0x692ce00d
	10:53:30.0 (22519827)|VARIABLE_SCOPE_BEGIN|[23]|context|Database.BatchableContext|true|false
	10:53:30.0 (22657568)|VARIABLE_ASSIGNMENT|[23]|context|{"jobId":"7071y00000J9FV5AAN"}|0x308e8ea
	10:53:30.0 (23406951)|METHOD_ENTRY|[1]|01p2v00000SpN2V|CustomersFromBigCommerceBatchHelper.CustomersFromBigCommerceBatchHelper()
	10:53:30.0 (23430657)|METHOD_EXIT|[1]|CustomersFromBigCommerceBatchHelper
	10:53:30.0 (23510840)|METHOD_ENTRY|[30]|01p2v00000SpN2V|CustomersFromBigCommerceBatchHelper.getCustomersFromBigCommerce(Boolean, Datetime, Datetime)
		10:53:30.0 (23634184)|VARIABLE_SCOPE_BEGIN|[80]|isManual|Boolean|false|false
		10:53:30.0 (23657986)|VARIABLE_ASSIGNMENT|[80]|isManual|false
		10:53:30.0 (23675728)|VARIABLE_SCOPE_BEGIN|[80]|beginDate|Datetime|false|false
		10:53:30.0 (23690031)|VARIABLE_ASSIGNMENT|[80]|beginDate|null
		10:53:30.0 (23701374)|VARIABLE_SCOPE_BEGIN|[80]|endDate|Datetime|false|false
		10:53:30.0 (23714173)|VARIABLE_ASSIGNMENT|[80]|endDate|null
		10:53:30.0 (24635970)|VARIABLE_SCOPE_BEGIN|[4]|WSCustomersFromBigCommerce.SERVICE_CONFIG|Webservice_endpoint_setting__mdt|true|true
		10:53:30.0 (24708660)|METHOD_ENTRY|[1]|01p2v00000SpN2g|WSCustomersFromBigCommerce.WSCustomersFromBigCommerce()
			10:53:30.0 (28818955)|VARIABLE_SCOPE_BEGIN|[3]|GenericUtilsHelper.currentOrg|Organization|true|true
			10:53:30.0 (28916555)|VARIABLE_SCOPE_BEGIN|[101]|GenericUtilsHelper.mapRecordTypes|Map<String,RecordType>|true|true
			10:53:30.0 (28996378)|METHOD_ENTRY|[1]|01p2v00000SpN2Y|GenericUtilsHelper.GenericUtilsHelper()
				10:53:30.0 (29115070)|VARIABLE_ASSIGNMENT|[101]|GenericUtilsHelper.mapRecordTypes|{}|0x382cf6b3
			10:53:30.0 (29129847)|METHOD_EXIT|[1]|GenericUtilsHelper
			10:53:30.0 (29160995)|METHOD_ENTRY|[5]|01p2v00000SpN2Y|GenericUtilsHelper.getWebServiceConfig(String)
				10:53:30.0 (29202590)|VARIABLE_SCOPE_BEGIN|[86]|name|String|false|false
				10:53:30.0 (29229441)|VARIABLE_ASSIGNMENT|[86]|name|"SALESFORCE.BIGCOMMER (2 more) ..."
				10:53:30.0 (29256984)|METHOD_ENTRY|[87]|01p2v00000SpN2Y|GenericUtilsHelper.isSandboxEnviroment()
					10:53:30.0 (37831275)|SOQL_EXECUTE_BEGIN|[81]|Aggregations:0|SELECT Id, Name, IsSandbox FROM Organization LIMIT 1
					10:53:30.0 (42667023)|SOQL_EXECUTE_END|[81]|Rows:1
					10:53:30.0 (42985108)|VARIABLE_ASSIGNMENT|[81]|GenericUtilsHelper.currentOrg|{"Id":"00D1y0000008m7IEAQ","Name":"Natural Chemist","IsSandbox":true}|0xf9feb3a
				10:53:30.0 (43060282)|METHOD_EXIT|[87]|01p2v00000SpN2Y|GenericUtilsHelper.isSandboxEnviroment()
				10:53:30.0 (43084822)|VARIABLE_SCOPE_BEGIN|[87]|isProduction|Boolean|false|false
				10:53:30.0 (43115263)|VARIABLE_ASSIGNMENT|[87]|isProduction|false
				10:53:30.0 (44545173)|SOQL_EXECUTE_BEGIN|[88]|Aggregations:0|SELECT Id, URL__c, ClientId__c, ClientSecret__c, ActivateNatualScriptCallout__c, StoreHash__c, AppStoreUrl__c, AccessToken__c, ShipStation_Packing_UserId__c, ShipStation_Admin_UserId__c FROM Webservice_endpoint_setting__mdt WHERE (MasterLabel = :tmpVar1 AND Is_Production__c = :tmpVar2)
				10:53:30.0 (50358441)|SOQL_EXECUTE_END|[88]|Rows:1
				10:53:30.0 (50550054)|VARIABLE_SCOPE_BEGIN|[88]|result|List<Webservice_endpoint_setting__mdt>|true|false
				10:53:30.0 (50637499)|VARIABLE_ASSIGNMENT|[88]|result|[{"Id":"m002v000000yiYYAAY","URL__c":"https://api.bigcomme (26 more) ...","ClientId__c":"qgoe1p6a5xvhgkkvsiu5 (11 more) ...","ClientSecret__c":"d6631082dbbca140cafb (44 more) ...","ActivateNatualScriptCallout__c":false,"StoreHash__c":"n9dr7ak2qq","AppStoreUrl__c":"https://natural-chem (30 more) ...","AccessToken__c":"64so0mrm0qmlsrl3dl8l (11 more) ..."}]|0x688ee0d4
			10:53:30.0 (50829057)|METHOD_EXIT|[5]|01p2v00000SpN2Y|GenericUtilsHelper.getWebServiceConfig(String)
			10:53:30.0 (50887476)|VARIABLE_ASSIGNMENT|[4]|WSCustomersFromBigCommerce.SERVICE_CONFIG|{"Id":"m002v000000yiYYAAY","URL__c":"https://api.bigcomme (26 more) ...","ClientId__c":"qgoe1p6a5xvhgkkvsiu5 (11 more) ...","ClientSecret__c":"d6631082dbbca140cafb (44 more) ...","ActivateNatualScriptCallout__c":false,"StoreHash__c":"n9dr7ak2qq","AppStoreUrl__c":"https://natural-chem (30 more) ...","AccessToken__c":"64so0mrm0qmlsrl3dl8l (11 more) ..."}|0x4383527a
		10:53:30.0 (50922053)|METHOD_EXIT|[1]|WSCustomersFromBigCommerce
		10:53:30.0 (50967669)|METHOD_ENTRY|[81]|01p2v00000SpN2g|WSCustomersFromBigCommerce.getCustomersUpdates(Boolean, Datetime, Datetime)
			10:53:30.0 (51844015)|VARIABLE_SCOPE_BEGIN|[65]|isManual|Boolean|false|false
			10:53:30.0 (51879733)|VARIABLE_ASSIGNMENT|[65]|isManual|false
			10:53:30.0 (51902346)|VARIABLE_SCOPE_BEGIN|[65]|beginDate|Datetime|false|false
			10:53:30.0 (51916396)|VARIABLE_ASSIGNMENT|[65]|beginDate|null
			10:53:30.0 (51927934)|VARIABLE_SCOPE_BEGIN|[65]|endDate|Datetime|false|false
			10:53:30.0 (51940718)|VARIABLE_ASSIGNMENT|[65]|endDate|null
			10:53:30.0 (54208480)|SOQL_EXECUTE_BEGIN|[83]|Aggregations:0|SELECT Id, BC_Date_Modified__c FROM Contact WHERE BC_Date_Modified__c != NULL ORDER BY BC_Date_Modified__c DESC NULLS FIRST LIMIT 1
			10:53:30.0 (88780337)|SOQL_EXECUTE_END|[83]|Rows:1
			10:53:30.0 (88995750)|VARIABLE_SCOPE_BEGIN|[83]|dateModifiedList|List<Contact>|true|false
			10:53:30.0 (89081854)|VARIABLE_ASSIGNMENT|[83]|dateModifiedList|[{"Id":"0032v00003f8v5fAAA","BC_Date_Modified__c":"2022-01-26T09:52:14.000Z"}]|0x70a6540c
			10:53:30.0 (89546771)|VARIABLE_SCOPE_BEGIN|[91]|lastDateModified|String|false|false
			10:53:30.0 (89579694)|VARIABLE_ASSIGNMENT|[91]|lastDateModified|"2022-01-26 20:52:15"
			10:53:30.0 (89673213)|USER_DEBUG|[97]|DEBUG|WS lastDateModified: 2022-01-26 20:52:15
			10:53:30.0 (90853742)|METHOD_ENTRY|[1]|01p2v00000SpN2a|RestWS.RestWS()
			10:53:30.0 (90875963)|METHOD_EXIT|[1]|RestWS
			10:53:30.0 (91717466)|CONSTRUCTOR_ENTRY|[99]|01p2v00000SpN2a|<init>(String,String,List<WSParameter>)|RestWS
			10:53:30.0 (91771238)|VARIABLE_SCOPE_BEGIN|[23]|this|RestWS|true|false
			10:53:30.0 (91826354)|VARIABLE_ASSIGNMENT|[23]|this|{}|0x44fac7d1
			10:53:30.0 (91837295)|VARIABLE_SCOPE_BEGIN|[23]|endpoint|String|false|false
			10:53:30.0 (91857107)|VARIABLE_ASSIGNMENT|[23]|endpoint|"https://api.bigcomme (87 more) ..."
			10:53:30.0 (91865067)|VARIABLE_SCOPE_BEGIN|[23]|method|String|false|false
			10:53:30.0 (91878889)|VARIABLE_ASSIGNMENT|[23]|method|"GET"
			10:53:30.0 (91886198)|VARIABLE_SCOPE_BEGIN|[23]|urlParameters|List<WSParameter>|true|false
			10:53:30.0 (91901103)|VARIABLE_ASSIGNMENT|[23]|urlParameters|null|
			10:53:30.0 (91937622)|CONSTRUCTOR_ENTRY|[24]|01p2v00000SpN2a|<init>(String,String,List<WSParameter>,String)|RestWS
			10:53:30.0 (91963873)|VARIABLE_SCOPE_BEGIN|[19]|this|RestWS|true|false
			10:53:30.0 (91991281)|VARIABLE_ASSIGNMENT|[19]|this|{}|0x44fac7d1
			10:53:30.0 (92000517)|VARIABLE_SCOPE_BEGIN|[19]|endpoint|String|false|false
			10:53:30.0 (92017512)|VARIABLE_ASSIGNMENT|[19]|endpoint|"https://api.bigcomme (87 more) ..."
			10:53:30.0 (92024459)|VARIABLE_SCOPE_BEGIN|[19]|method|String|false|false
			10:53:30.0 (92037307)|VARIABLE_ASSIGNMENT|[19]|method|"GET"
			10:53:30.0 (92043643)|VARIABLE_SCOPE_BEGIN|[19]|urlParameters|List<WSParameter>|true|false
			10:53:30.0 (92055682)|VARIABLE_ASSIGNMENT|[19]|urlParameters|null|
			10:53:30.0 (92062314)|VARIABLE_SCOPE_BEGIN|[19]|bodyParameter|String|false|false
			10:53:30.0 (92075843)|VARIABLE_ASSIGNMENT|[19]|bodyParameter|""
			10:53:30.0 (92117823)|METHOD_ENTRY|[1]|01p2v00000SpN2h|WSParameter.WSParameter()
			10:53:30.0 (92136783)|METHOD_EXIT|[1]|WSParameter
			10:53:30.0 (92176417)|CONSTRUCTOR_ENTRY|[20]|01p2v00000SpN2h|<init>(String,String,Boolean,Boolean)|WSParameter
			10:53:30.0 (92203000)|VARIABLE_SCOPE_BEGIN|[11]|this|WSParameter|true|false
			10:53:30.0 (92230905)|VARIABLE_ASSIGNMENT|[11]|this|{}|0x10661a9b
			10:53:30.0 (92240191)|VARIABLE_SCOPE_BEGIN|[11]|name|String|false|false
			10:53:30.0 (92253985)|VARIABLE_ASSIGNMENT|[11]|name|"body"
			10:53:30.0 (92260724)|VARIABLE_SCOPE_BEGIN|[11]|value|String|false|false
			10:53:30.0 (92273512)|VARIABLE_ASSIGNMENT|[11]|value|""
			10:53:30.0 (92282134)|VARIABLE_SCOPE_BEGIN|[11]|isRequired|Boolean|false|false
			10:53:30.0 (92296139)|VARIABLE_ASSIGNMENT|[11]|isRequired|false
			10:53:30.0 (92303468)|VARIABLE_SCOPE_BEGIN|[11]|urlEncoding|Boolean|false|false
			10:53:30.0 (92315929)|VARIABLE_ASSIGNMENT|[11]|urlEncoding|false
			10:53:30.0 (92376260)|VARIABLE_ASSIGNMENT|[12]|this.name|"body"|0x10661a9b
			10:53:30.0 (92401419)|VARIABLE_ASSIGNMENT|[13]|this.isRequired|false|0x10661a9b
			10:53:30.0 (92418438)|VARIABLE_ASSIGNMENT|[14]|this.value|""|0x10661a9b
			10:53:30.0 (92441187)|VARIABLE_ASSIGNMENT|[15]|this.urlEncoding|false|0x10661a9b
			10:53:30.0 (92459332)|CONSTRUCTOR_EXIT|[20]|01p2v00000SpN2h|<init>(String,String,Boolean,Boolean)|WSParameter
			10:53:30.0 (92481611)|CONSTRUCTOR_ENTRY|[20]|01p2v00000SpN2a|<init>(String,String,List<WSParameter>,WSParameter)|RestWS
			10:53:30.0 (92492450)|VARIABLE_SCOPE_BEGIN|[10]|this|RestWS|true|false
			10:53:30.0 (92519245)|VARIABLE_ASSIGNMENT|[10]|this|{}|0x44fac7d1
			10:53:30.0 (92528474)|VARIABLE_SCOPE_BEGIN|[10]|endpoint|String|false|false
			10:53:30.0 (92545108)|VARIABLE_ASSIGNMENT|[10]|endpoint|"https://api.bigcomme (87 more) ..."
			10:53:30.0 (92552283)|VARIABLE_SCOPE_BEGIN|[10]|method|String|false|false
			10:53:30.0 (92565001)|VARIABLE_ASSIGNMENT|[10]|method|"GET"
			10:53:30.0 (92571569)|VARIABLE_SCOPE_BEGIN|[10]|urlParameters|List<WSParameter>|true|false
			10:53:30.0 (92592399)|VARIABLE_ASSIGNMENT|[10]|urlParameters|null|
			10:53:30.0 (92599328)|VARIABLE_SCOPE_BEGIN|[10]|bodyParameter|WSParameter|true|false
			10:53:30.0 (92629275)|VARIABLE_ASSIGNMENT|[10]|bodyParameter|{"isRequired":false,"name":"body","urlEncoding":false,"value":""}|0x10661a9b
			10:53:30.0 (92652957)|VARIABLE_ASSIGNMENT|[2]|this.endpoint|""|0x44fac7d1
			10:53:30.0 (92691012)|VARIABLE_ASSIGNMENT|[7]|this.hasError|false|0x44fac7d1
			10:53:30.0 (92707983)|VARIABLE_ASSIGNMENT|[8]|this.errorMessage|""|0x44fac7d1
			10:53:30.0 (92861654)|VARIABLE_ASSIGNMENT|[11]|this.request|"System.HttpRequest[Endpoint=null, Method=null]"|0x44fac7d1
			10:53:30.0 (93010002)|VARIABLE_ASSIGNMENT|[14]|this.bodyParameter|0x10661a9b|0x44fac7d1
			10:53:30.0 (93035023)|VARIABLE_ASSIGNMENT|[15]|this.endpoint|"https://api.bigcomme (87 more) ..."|0x44fac7d1
			10:53:30.0 (93053057)|VARIABLE_ASSIGNMENT|[16]|this.parameters|null|0x44fac7d1
			10:53:30.0 (93073642)|CONSTRUCTOR_EXIT|[20]|01p2v00000SpN2a|<init>(String,String,List<WSParameter>,WSParameter)|RestWS
			10:53:30.0 (93092905)|CONSTRUCTOR_EXIT|[24]|01p2v00000SpN2a|<init>(String,String,List<WSParameter>,String)|RestWS
			10:53:30.0 (93110635)|CONSTRUCTOR_EXIT|[99]|01p2v00000SpN2a|<init>(String,String,List<WSParameter>)|RestWS
			10:53:30.0 (93120378)|VARIABLE_SCOPE_BEGIN|[99]|ws|RestWS|true|false
			10:53:30.0 (93255692)|VARIABLE_ASSIGNMENT|[99]|ws|{"bodyParameter":"0x10661a9b","endpoint":"https://api.bigcommerce.com/stores/n9dr7ak2qq/v2/customers?min_date_modified=2022-01-26T20:52:15Z&limit=200","errorMessage":"","hasError":false,"request":"System.HttpRequest[Endpoint=null, Method=GET]"}|0x44fac7d1
			10:53:30.0 (93416445)|VARIABLE_SCOPE_BEGIN|[18]|this|WSParameter|true|false
			10:53:30.0 (93451231)|VARIABLE_ASSIGNMENT|[18]|this|{"isRequired":false,"name":"body","urlEncoding":false,"value":""}|0x10661a9b
			10:53:30.0 (93554492)|USER_DEBUG|[104]|DEBUG|The ws: RestWS:[bodyParameter=, endpoint=https://api.bigcommerce.com/stores/n9dr7ak2qq/v2/customers?min_date_modified=2022-01-26T20:52:15Z&limit=200, errorMessage=, hasError=false, parameters=null, request=System.HttpRequest[Endpoint=null, Method=GET]]
			10:53:30.0 (93831468)|CONSTRUCTOR_ENTRY|[110]|01p2v00000SpN2g|<init>()|WSCustomersFromBigCommerce.Response
			10:53:30.0 (93864335)|VARIABLE_SCOPE_BEGIN|[113]|this|WSCustomersFromBigCommerce.Response|true|false
			10:53:30.0 (93942007)|VARIABLE_ASSIGNMENT|[113]|this|{}|0xfc57a04
			10:53:30.0 (93968907)|METHOD_ENTRY|[1]|01p2v00000SpN2i|WSResult.WSResult()
			10:53:30.0 (93987905)|METHOD_EXIT|[1]|WSResult
			10:53:30.0 (93996826)|CONSTRUCTOR_ENTRY|[EXTERNAL]|01p2v00000SpN2i|<init>()|WSResult
			10:53:30.0 (94019202)|VARIABLE_SCOPE_BEGIN|[1]|this|WSResult|true|false
			10:53:30.0 (94048163)|VARIABLE_ASSIGNMENT|[1]|this|{}|0xfc57a04
			10:53:30.0 (94091295)|CONSTRUCTOR_EXIT|[EXTERNAL]|01p2v00000SpN2i|<init>()|WSResult
			10:53:30.0 (94108957)|CONSTRUCTOR_EXIT|[110]|01p2v00000SpN2g|<init>()|WSCustomersFromBigCommerce.Response
			10:53:30.0 (94133356)|METHOD_ENTRY|[110]|01p2v00000SpN2a|RestWS.invoke(WSResult)
				10:53:30.0 (94142676)|VARIABLE_SCOPE_BEGIN|[78]|this|RestWS|true|false
				10:53:30.0 (94264735)|VARIABLE_ASSIGNMENT|[78]|this|{"bodyParameter":"0x10661a9b","endpoint":"https://api.bigcommerce.com/stores/n9dr7ak2qq/v2/customers?min_date_modified=2022-01-26T20:52:15Z&limit=200","errorMessage":"","hasError":false,"request":"System.HttpRequest[Endpoint=null, Method=GET]"}|0x44fac7d1
				10:53:30.0 (94278618)|VARIABLE_SCOPE_BEGIN|[78]|result|WSResult|true|false
				10:53:30.0 (94305389)|VARIABLE_ASSIGNMENT|[78]|result|{}|0xfc57a04
				10:53:30.0 (94345499)|METHOD_ENTRY|[88]|01p2v00000SpN2a|RestWS.getMissingParametersMessage()
					10:53:30.0 (94367111)|VARIABLE_SCOPE_BEGIN|[27]|this|RestWS|true|false
					10:53:30.0 (94454655)|VARIABLE_ASSIGNMENT|[27]|this|{"bodyParameter":"0x10661a9b","endpoint":"https://api.bigcommerce.com/stores/n9dr7ak2qq/v2/customers?min_date_modified=2022-01-26T20:52:15Z&limit=200","errorMessage":"","hasError":false,"request":"System.HttpRequest[Endpoint=null, Method=GET]"}|0x44fac7d1
					10:53:30.0 (94598971)|VARIABLE_SCOPE_BEGIN|[32]|parametersToCheck|List<WSParameter>|true|false
					10:53:30.0 (94643644)|VARIABLE_ASSIGNMENT|[32]|parametersToCheck|[]|0x3bb68319
					10:53:30.0 (94768175)|VARIABLE_SCOPE_BEGIN|[40]|missingParms|List<String>|true|false
					10:53:30.0 (94806710)|VARIABLE_ASSIGNMENT|[40]|missingParms|[]|0x9f27a84
					10:53:30.0 (95036641)|VARIABLE_SCOPE_BEGIN|[41]|parameter|WSParameter|true|false
					10:53:30.0 (95082242)|VARIABLE_ASSIGNMENT|[41]|parameter|{"isRequired":false,"name":"body","urlEncoding":false,"value":""}|0x10661a9b
					10:53:30.0 (95131069)|VARIABLE_ASSIGNMENT|[41]|parameter|null|
				10:53:30.0 (95184191)|METHOD_EXIT|[88]|01p2v00000SpN2a|RestWS.getMissingParametersMessage()
				10:53:30.0 (95196004)|VARIABLE_SCOPE_BEGIN|[88]|missingParamsMessage|String|false|false
				10:53:30.0 (95215359)|VARIABLE_ASSIGNMENT|[88]|missingParamsMessage|""
				10:53:30.0 (95286663)|METHOD_ENTRY|[96]|01p2v00000SpN2a|RestWS.formatEndpoint()
					10:53:30.0 (95303765)|VARIABLE_SCOPE_BEGIN|[58]|this|RestWS|true|false
					10:53:30.0 (95418012)|VARIABLE_ASSIGNMENT|[58]|this|{"bodyParameter":"0x10661a9b","endpoint":"https://api.bigcommerce.com/stores/n9dr7ak2qq/v2/customers?min_date_modified=2022-01-26T20:52:15Z&limit=200","errorMessage":"","hasError":false,"request":"System.HttpRequest[Endpoint=null, Method=GET]"}|0x44fac7d1
				10:53:30.0 (95451896)|METHOD_EXIT|[96]|01p2v00000SpN2a|RestWS.formatEndpoint()
				10:53:30.0 (95496707)|METHOD_ENTRY|[97]|01p2v00000SpN2a|RestWS.getBody()
					10:53:30.0 (95516575)|VARIABLE_SCOPE_BEGIN|[69]|this|RestWS|true|false
					10:53:30.0 (95631839)|VARIABLE_ASSIGNMENT|[69]|this|{"bodyParameter":"0x10661a9b","endpoint":"https://api.bigcommerce.com/stores/n9dr7ak2qq/v2/customers?min_date_modified=2022-01-26T20:52:15Z&limit=200","errorMessage":"","hasError":false,"request":"System.HttpRequest[Endpoint=https://api.bigcommerce.com/stores/n9dr7ak2qq/v2/customers?min_date_modified=2022-01-26T20:52:15Z&limit=200, Method=GET]"}|0x44fac7d1
				10:53:30.0 (95761567)|METHOD_EXIT|[97]|01p2v00000SpN2a|RestWS.getBody()
				10:53:30.0 (95773145)|VARIABLE_SCOPE_BEGIN|[97]|body|String|false|false
				10:53:30.0 (95789788)|VARIABLE_ASSIGNMENT|[97]|body|""
				10:53:30.0 (631208552)|VARIABLE_SCOPE_BEGIN|[104]|response|System.HttpResponse|true|false
				10:53:30.0 (631286388)|VARIABLE_ASSIGNMENT|[104]|response|"System.HttpResponse[Status=No Content, StatusCode=204]"|0x64d12096
				10:53:30.0 (631538585)|USER_DEBUG|[107]|DEBUG|
				10:53:30.0 (631647798)|METHOD_ENTRY|[112]|01p2v00000SpN2g|WSCustomersFromBigCommerce.Response.processResponse(System.HttpResponse)
					10:53:30.0 (631682895)|VARIABLE_SCOPE_BEGIN|[116]|this|WSCustomersFromBigCommerce.Response|true|false
					10:53:30.0 (631802162)|VARIABLE_ASSIGNMENT|[116]|this|{"hasError":false,"request":"System.HttpRequest[Endpoint=https://api.bigcommerce.com/stores/n9dr7ak2qq/v2/customers?min_date_modified=2022-01-26T20:52:15Z&limit=200, Method=GET]","response":"System.HttpResponse[Status=No Content, StatusCode=204]"}|0xfc57a04
					10:53:30.0 (631812506)|VARIABLE_SCOPE_BEGIN|[116]|response|System.HttpResponse|true|false
					10:53:30.0 (631835052)|VARIABLE_ASSIGNMENT|[116]|response|"System.HttpResponse[Status=No Content, StatusCode=204]"|0x64d12096
					10:53:30.0 (631992960)|SYSTEM_METHOD_ENTRY|[1]|Type.Type()
					10:53:30.0 (632006904)|SYSTEM_METHOD_EXIT|[1]|Type
					10:53:30.0 (632040774)|VARIABLE_SCOPE_BEGIN|[4]|this|System.Type|true|false
					10:53:30.0 (632064005)|VARIABLE_ASSIGNMENT|[4]|this|{}|0x2de3dde9
					10:53:30.0 (632070830)|VARIABLE_SCOPE_BEGIN|[4]|apextype|java:common.apex.runtime.ApexObjectType|true|false
					10:53:30.0 (632130389)|VARIABLE_ASSIGNMENT|[4]|apextype|"List<WSCustomersBigCommerceResponse>"|0x40db8d53
					10:53:30.0 (632208081)|SYSTEM_METHOD_ENTRY|[1]|JSON.JSON()
					10:53:30.0 (632217065)|SYSTEM_METHOD_EXIT|[1]|JSON
					10:53:30.0 (632234539)|METHOD_ENTRY|[118]||System.JSON.deserialize(String, System.Type)
					10:53:30.0 (632544614)|METHOD_EXIT|[118]||System.JSON.deserialize(String, System.Type)
				10:53:30.0 (632555241)|METHOD_EXIT|[112]|01p2v00000SpN2g|WSCustomersFromBigCommerce.Response.processResponse(System.HttpResponse)
				10:53:30.0 (632586644)|VARIABLE_SCOPE_BEGIN|[115]|ex|Exception|true|false
				10:53:30.0 (632671509)|VARIABLE_ASSIGNMENT|[115]|ex|"common.apex.runtime.impl.ExecutionException: No content to map to Object due to end of input"|0x29976c3a
			10:53:30.0 (632770427)|METHOD_EXIT|[110]|01p2v00000SpN2a|RestWS.invoke(WSResult)
		10:53:30.0 (632783052)|METHOD_EXIT|[81]|01p2v00000SpN2g|WSCustomersFromBigCommerce.getCustomersUpdates(Boolean, Datetime, Datetime)
		10:53:30.0 (632789819)|VARIABLE_SCOPE_BEGIN|[81]|response|WSCustomersFromBigCommerce.Response|true|false
		10:53:30.0 (632882580)|VARIABLE_ASSIGNMENT|[81]|response|{"hasError":true,"message":"No content to map to Object due to end of input","request":"System.HttpRequest[Endpoint=https://api.bigcommerce.com/stores/n9dr7ak2qq/v2/customers?min_date_modified=2022-01-26T20:52:15Z&limit=200, Method=GET]","response":"System.HttpResponse[Status=No Content, StatusCode=204]"}|0xfc57a04
		10:53:30.0 (632924809)|USER_DEBUG|[82]|DEBUG|System.HttpResponse[Status=No Content, StatusCode=204]
	10:53:30.0 (633083560)|METHOD_EXIT|[30]|01p2v00000SpN2V|CustomersFromBigCommerceBatchHelper.getCustomersFromBigCommerce(Boolean, Datetime, Datetime)
10:53:30.0 (657147731)|CODE_UNIT_FINISHED|CustomersFromBigCommerceBatch
10:53:30.0 (657168488)|EXECUTION_FINISHED
