45.0 APEX_CODE,FINEST;APEX_PROFILING,INFO;CALLOUT,INFO;DB,INFO;NBA,INFO;SYSTEM,DEBUG;VALIDATION,INFO;VISUALFORCE,INFO;WAVE,INFO;WORKFLOW,INFO
08:09:03.0 (775626)|USER_INFO|[EXTERNAL]|0052v00000fQDGY|api@naturalchemist.com.au.sand1|(GMT+11:00) Australian Eastern Daylight Time (Australia/Sydney)|GMT+11:00
08:09:03.0 (887402)|EXECUTION_STARTED
08:09:03.0 (899921)|CODE_UNIT_STARTED|[EXTERNAL]|01p2v00000Tr0KM|OrdersFromBigCommerceBatch
	08:09:03.0 (23936291)|SYSTEM_METHOD_ENTRY|[15]|BatchableContextImpl.BatchableContextImpl()
	08:09:03.0 (23984132)|SYSTEM_METHOD_EXIT|[15]|BatchableContextImpl
	08:09:03.0 (24036835)|VARIABLE_SCOPE_BEGIN|[31]|this|Database.BatchableContextImpl|true|false
	08:09:03.0 (24223195)|VARIABLE_ASSIGNMENT|[31]|this|{}|0x59937525
	08:09:03.0 (24241009)|VARIABLE_SCOPE_BEGIN|[31]|jobId|Id|false|false
	08:09:03.0 (24492143)|VARIABLE_ASSIGNMENT|[31]|jobId|"7071y00000J9CEDAA3"
	08:09:03.0 (24505613)|VARIABLE_SCOPE_BEGIN|[31]|childJobId|Id|false|false
	08:09:03.0 (24529789)|VARIABLE_ASSIGNMENT|[31]|childJobId|null
	08:09:03.0 (28975227)|METHOD_ENTRY|[1]|01p2v00000Tr0KM|OrdersFromBigCommerceBatch.OrdersFromBigCommerceBatch()
	08:09:03.0 (29005879)|METHOD_EXIT|[1]|OrdersFromBigCommerceBatch
	08:09:03.0 (29037577)|VARIABLE_SCOPE_BEGIN|[24]|this|OrdersFromBigCommerceBatch|true|false
	08:09:03.0 (29112644)|VARIABLE_ASSIGNMENT|[24]|this|{"isManual":false}|0x1a6c16ea
	08:09:03.0 (29127328)|VARIABLE_SCOPE_BEGIN|[24]|context|Database.BatchableContext|true|false
	08:09:03.0 (29264698)|VARIABLE_ASSIGNMENT|[24]|context|{"jobId":"7071y00000J9CEDAA3"}|0x59937525
	08:09:03.0 (30591366)|CONSTRUCTOR_ENTRY|[25]|01p2v00000Tr0Kf|<init>()|WSOrdersFromBigCommerce.Response
	08:09:03.0 (30647496)|VARIABLE_SCOPE_BEGIN|[83]|this|WSOrdersFromBigCommerce.Response|true|false
	08:09:03.0 (30725623)|VARIABLE_ASSIGNMENT|[83]|this|{}|0x2b38b137
	08:09:03.0 (30747314)|METHOD_ENTRY|[1]|01p2v00000SpN2i|WSResult.WSResult()
	08:09:03.0 (30766445)|METHOD_EXIT|[1]|WSResult
	08:09:03.0 (30773421)|CONSTRUCTOR_ENTRY|[EXTERNAL]|01p2v00000SpN2i|<init>()|WSResult
	08:09:03.0 (30789252)|VARIABLE_SCOPE_BEGIN|[1]|this|WSResult|true|false
	08:09:03.0 (30813517)|VARIABLE_ASSIGNMENT|[1]|this|{}|0x2b38b137
	08:09:03.0 (30860972)|CONSTRUCTOR_EXIT|[EXTERNAL]|01p2v00000SpN2i|<init>()|WSResult
	08:09:03.0 (30876647)|CONSTRUCTOR_EXIT|[25]|01p2v00000Tr0Kf|<init>()|WSOrdersFromBigCommerce.Response
	08:09:03.0 (30888200)|VARIABLE_SCOPE_BEGIN|[25]|response|WSOrdersFromBigCommerce.Response|true|false
	08:09:03.0 (30910150)|VARIABLE_ASSIGNMENT|[25]|response|{}|0x2b38b137
	08:09:03.0 (31198332)|VARIABLE_SCOPE_BEGIN|[4]|WSOrdersFromBigCommerce.SERVICE_CONFIG|Webservice_endpoint_setting__mdt|true|true
	08:09:03.0 (31524889)|METHOD_ENTRY|[1]|01p2v00000Tr0Kf|WSOrdersFromBigCommerce.WSOrdersFromBigCommerce()
		08:09:03.0 (32444160)|VARIABLE_SCOPE_BEGIN|[3]|GenericUtilsHelper.currentOrg|Organization|true|true
		08:09:03.0 (32461088)|VARIABLE_SCOPE_BEGIN|[101]|GenericUtilsHelper.mapRecordTypes|Map<String,RecordType>|true|true
		08:09:03.0 (32653773)|METHOD_ENTRY|[1]|01p2v00000SpN2Y|GenericUtilsHelper.GenericUtilsHelper()
			08:09:03.0 (32781396)|VARIABLE_ASSIGNMENT|[101]|GenericUtilsHelper.mapRecordTypes|{}|0x49ac693f
		08:09:03.0 (32794187)|METHOD_EXIT|[1]|GenericUtilsHelper
		08:09:03.0 (32822934)|METHOD_ENTRY|[5]|01p2v00000SpN2Y|GenericUtilsHelper.getWebServiceConfig(String)
			08:09:03.0 (32848452)|VARIABLE_SCOPE_BEGIN|[86]|name|String|false|false
			08:09:03.0 (32874057)|VARIABLE_ASSIGNMENT|[86]|name|"SALESFORCE.BIGCOMMER (2 more) ..."
			08:09:03.0 (32896552)|METHOD_ENTRY|[87]|01p2v00000SpN2Y|GenericUtilsHelper.isSandboxEnviroment()
				08:09:03.0 (45373834)|SOQL_EXECUTE_BEGIN|[81]|Aggregations:0|SELECT Id, Name, IsSandbox FROM Organization LIMIT 1
				08:09:03.0 (48349940)|SOQL_EXECUTE_END|[81]|Rows:1
				08:09:03.0 (48761147)|VARIABLE_ASSIGNMENT|[81]|GenericUtilsHelper.currentOrg|{"Id":"00D1y0000008m7IEAQ","Name":"Natural Chemist","IsSandbox":true}|0x1d023a24
			08:09:03.0 (48858787)|METHOD_EXIT|[87]|01p2v00000SpN2Y|GenericUtilsHelper.isSandboxEnviroment()
			08:09:03.0 (48889740)|VARIABLE_SCOPE_BEGIN|[87]|isProduction|Boolean|false|false
			08:09:03.0 (48931586)|VARIABLE_ASSIGNMENT|[87]|isProduction|false
			08:09:03.0 (50501745)|SOQL_EXECUTE_BEGIN|[88]|Aggregations:0|SELECT Id, URL__c, ClientId__c, ClientSecret__c, ActivateNatualScriptCallout__c, StoreHash__c, AppStoreUrl__c, AccessToken__c, ShipStation_Packing_UserId__c, ShipStation_Admin_UserId__c FROM Webservice_endpoint_setting__mdt WHERE (MasterLabel = :tmpVar1 AND Is_Production__c = :tmpVar2)
			08:09:03.0 (55902764)|SOQL_EXECUTE_END|[88]|Rows:1
			08:09:03.0 (56143368)|VARIABLE_SCOPE_BEGIN|[88]|result|List<Webservice_endpoint_setting__mdt>|true|false
			08:09:03.0 (56240871)|VARIABLE_ASSIGNMENT|[88]|result|[{"Id":"m002v000000yiYYAAY","URL__c":"https://api.bigcomme (26 more) ...","ClientId__c":"qgoe1p6a5xvhgkkvsiu5 (11 more) ...","ClientSecret__c":"d6631082dbbca140cafb (44 more) ...","ActivateNatualScriptCallout__c":false,"StoreHash__c":"n9dr7ak2qq","AppStoreUrl__c":"https://natural-chem (30 more) ...","AccessToken__c":"64so0mrm0qmlsrl3dl8l (11 more) ..."}]|0x5e78ba40
		08:09:03.0 (56470621)|METHOD_EXIT|[5]|01p2v00000SpN2Y|GenericUtilsHelper.getWebServiceConfig(String)
		08:09:03.0 (56560567)|VARIABLE_ASSIGNMENT|[4]|WSOrdersFromBigCommerce.SERVICE_CONFIG|{"Id":"m002v000000yiYYAAY","URL__c":"https://api.bigcomme (26 more) ...","ClientId__c":"qgoe1p6a5xvhgkkvsiu5 (11 more) ...","ClientSecret__c":"d6631082dbbca140cafb (44 more) ...","ActivateNatualScriptCallout__c":false,"StoreHash__c":"n9dr7ak2qq","AppStoreUrl__c":"https://natural-chem (30 more) ...","AccessToken__c":"64so0mrm0qmlsrl3dl8l (11 more) ..."}|0x5d1a837c
	08:09:03.0 (56599479)|METHOD_EXIT|[1]|WSOrdersFromBigCommerce
	08:09:03.0 (56631963)|METHOD_ENTRY|[34]|01p2v00000Tr0Kf|WSOrdersFromBigCommerce.getOrdersFromBigCommerce()
		08:09:03.0 (59584190)|SOQL_EXECUTE_BEGIN|[57]|Aggregations:0|SELECT Id, BC_Date_Modified__c FROM Order WHERE BC_Date_Modified__c != NULL ORDER BY BC_Date_Modified__c DESC NULLS FIRST LIMIT 1
		08:09:03.0 (86777130)|SOQL_EXECUTE_END|[57]|Rows:1
		08:09:03.0 (86963232)|VARIABLE_SCOPE_BEGIN|[57]|dateModifiedList|List<Order>|true|false
		08:09:03.0 (87057525)|VARIABLE_ASSIGNMENT|[57]|dateModifiedList|[{"Id":"8011y000000xCeHAAU","BC_Date_Modified__c":"2022-01-26T09:54:01.000Z"}]|0xd6e8480
		08:09:03.0 (87452214)|VARIABLE_SCOPE_BEGIN|[65]|lastDateModified|String|false|false
		08:09:03.0 (87475763)|VARIABLE_ASSIGNMENT|[65]|lastDateModified|"2022-01-26 20:54:02"
		08:09:03.0 (88316955)|METHOD_ENTRY|[1]|01p2v00000SpN2a|RestWS.RestWS()
		08:09:03.0 (88342140)|METHOD_EXIT|[1]|RestWS
		08:09:03.0 (89334439)|CONSTRUCTOR_ENTRY|[71]|01p2v00000SpN2a|<init>(String,String,List<WSParameter>)|RestWS
		08:09:03.0 (89388867)|VARIABLE_SCOPE_BEGIN|[23]|this|RestWS|true|false
		08:09:03.0 (89462506)|VARIABLE_ASSIGNMENT|[23]|this|{}|0xd7bad17
		08:09:03.0 (89478752)|VARIABLE_SCOPE_BEGIN|[23]|endpoint|String|false|false
		08:09:03.0 (89503495)|VARIABLE_ASSIGNMENT|[23]|endpoint|"https://api.bigcomme (84 more) ..."
		08:09:03.0 (89515141)|VARIABLE_SCOPE_BEGIN|[23]|method|String|false|false
		08:09:03.0 (89533195)|VARIABLE_ASSIGNMENT|[23]|method|"GET"
		08:09:03.0 (89542073)|VARIABLE_SCOPE_BEGIN|[23]|urlParameters|List<WSParameter>|true|false
		08:09:03.0 (89565437)|VARIABLE_ASSIGNMENT|[23]|urlParameters|null|
		08:09:03.0 (89609586)|CONSTRUCTOR_ENTRY|[24]|01p2v00000SpN2a|<init>(String,String,List<WSParameter>,String)|RestWS
		08:09:03.0 (89642278)|VARIABLE_SCOPE_BEGIN|[19]|this|RestWS|true|false
		08:09:03.0 (89677760)|VARIABLE_ASSIGNMENT|[19]|this|{}|0xd7bad17
		08:09:03.0 (89688532)|VARIABLE_SCOPE_BEGIN|[19]|endpoint|String|false|false
		08:09:03.0 (89710854)|VARIABLE_ASSIGNMENT|[19]|endpoint|"https://api.bigcomme (84 more) ..."
		08:09:03.0 (89720371)|VARIABLE_SCOPE_BEGIN|[19]|method|String|false|false
		08:09:03.0 (89739437)|VARIABLE_ASSIGNMENT|[19]|method|"GET"
		08:09:03.0 (89748710)|VARIABLE_SCOPE_BEGIN|[19]|urlParameters|List<WSParameter>|true|false
		08:09:03.0 (89765760)|VARIABLE_ASSIGNMENT|[19]|urlParameters|null|
		08:09:03.0 (89776645)|VARIABLE_SCOPE_BEGIN|[19]|bodyParameter|String|false|false
		08:09:03.0 (89793920)|VARIABLE_ASSIGNMENT|[19]|bodyParameter|""
		08:09:03.0 (89846364)|METHOD_ENTRY|[1]|01p2v00000SpN2h|WSParameter.WSParameter()
		08:09:03.0 (89868072)|METHOD_EXIT|[1]|WSParameter
		08:09:03.0 (89914029)|CONSTRUCTOR_ENTRY|[20]|01p2v00000SpN2h|<init>(String,String,Boolean,Boolean)|WSParameter
		08:09:03.0 (89940471)|VARIABLE_SCOPE_BEGIN|[11]|this|WSParameter|true|false
		08:09:03.0 (89975199)|VARIABLE_ASSIGNMENT|[11]|this|{}|0x5309578
		08:09:03.0 (89988104)|VARIABLE_SCOPE_BEGIN|[11]|name|String|false|false
		08:09:03.0 (90005771)|VARIABLE_ASSIGNMENT|[11]|name|"body"
		08:09:03.0 (90015890)|VARIABLE_SCOPE_BEGIN|[11]|value|String|false|false
		08:09:03.0 (90034421)|VARIABLE_ASSIGNMENT|[11]|value|""
		08:09:03.0 (90048551)|VARIABLE_SCOPE_BEGIN|[11]|isRequired|Boolean|false|false
		08:09:03.0 (90067604)|VARIABLE_ASSIGNMENT|[11]|isRequired|false
		08:09:03.0 (90077428)|VARIABLE_SCOPE_BEGIN|[11]|urlEncoding|Boolean|false|false
		08:09:03.0 (90093077)|VARIABLE_ASSIGNMENT|[11]|urlEncoding|false
		08:09:03.0 (90167426)|VARIABLE_ASSIGNMENT|[12]|this.name|"body"|0x5309578
		08:09:03.0 (90200771)|VARIABLE_ASSIGNMENT|[13]|this.isRequired|false|0x5309578
		08:09:03.0 (90221823)|VARIABLE_ASSIGNMENT|[14]|this.value|""|0x5309578
		08:09:03.0 (90250376)|VARIABLE_ASSIGNMENT|[15]|this.urlEncoding|false|0x5309578
		08:09:03.0 (90272180)|CONSTRUCTOR_EXIT|[20]|01p2v00000SpN2h|<init>(String,String,Boolean,Boolean)|WSParameter
		08:09:03.0 (90296475)|CONSTRUCTOR_ENTRY|[20]|01p2v00000SpN2a|<init>(String,String,List<WSParameter>,WSParameter)|RestWS
		08:09:03.0 (90309880)|VARIABLE_SCOPE_BEGIN|[10]|this|RestWS|true|false
		08:09:03.0 (90345966)|VARIABLE_ASSIGNMENT|[10]|this|{}|0xd7bad17
		08:09:03.0 (90358711)|VARIABLE_SCOPE_BEGIN|[10]|endpoint|String|false|false
		08:09:03.0 (90380958)|VARIABLE_ASSIGNMENT|[10]|endpoint|"https://api.bigcomme (84 more) ..."
		08:09:03.0 (90390764)|VARIABLE_SCOPE_BEGIN|[10]|method|String|false|false
		08:09:03.0 (90408123)|VARIABLE_ASSIGNMENT|[10]|method|"GET"
		08:09:03.0 (90424693)|VARIABLE_SCOPE_BEGIN|[10]|urlParameters|List<WSParameter>|true|false
		08:09:03.0 (90441091)|VARIABLE_ASSIGNMENT|[10]|urlParameters|null|
		08:09:03.0 (90452359)|VARIABLE_SCOPE_BEGIN|[10]|bodyParameter|WSParameter|true|false
		08:09:03.0 (90513426)|VARIABLE_ASSIGNMENT|[10]|bodyParameter|{"isRequired":false,"name":"body","urlEncoding":false,"value":""}|0x5309578
		08:09:03.0 (90545803)|VARIABLE_ASSIGNMENT|[2]|this.endpoint|""|0xd7bad17
		08:09:03.0 (90592585)|VARIABLE_ASSIGNMENT|[7]|this.hasError|false|0xd7bad17
		08:09:03.0 (90614569)|VARIABLE_ASSIGNMENT|[8]|this.errorMessage|""|0xd7bad17
		08:09:03.0 (90773540)|VARIABLE_ASSIGNMENT|[11]|this.request|"System.HttpRequest[Endpoint=null, Method=null]"|0xd7bad17
		08:09:03.0 (90935787)|VARIABLE_ASSIGNMENT|[14]|this.bodyParameter|0x5309578|0xd7bad17
		08:09:03.0 (90963407)|VARIABLE_ASSIGNMENT|[15]|this.endpoint|"https://api.bigcomme (84 more) ..."|0xd7bad17
		08:09:03.0 (90985517)|VARIABLE_ASSIGNMENT|[16]|this.parameters|null|0xd7bad17
		08:09:03.0 (91010140)|CONSTRUCTOR_EXIT|[20]|01p2v00000SpN2a|<init>(String,String,List<WSParameter>,WSParameter)|RestWS
		08:09:03.0 (91034989)|CONSTRUCTOR_EXIT|[24]|01p2v00000SpN2a|<init>(String,String,List<WSParameter>,String)|RestWS
		08:09:03.0 (91058529)|CONSTRUCTOR_EXIT|[71]|01p2v00000SpN2a|<init>(String,String,List<WSParameter>)|RestWS
		08:09:03.0 (91070519)|VARIABLE_SCOPE_BEGIN|[71]|ws|RestWS|true|false
		08:09:03.0 (91229562)|VARIABLE_ASSIGNMENT|[71]|ws|{"bodyParameter":"0x5309578","endpoint":"https://api.bigcommerce.com/stores/n9dr7ak2qq/v2/orders?limit=250&min_date_modified=2022-01-26T20:54:02Z","errorMessage":"","hasError":false,"request":"System.HttpRequest[Endpoint=null, Method=GET]"}|0xd7bad17
		08:09:03.0 (91508057)|CONSTRUCTOR_ENTRY|[80]|01p2v00000Tr0Kf|<init>()|WSOrdersFromBigCommerce.Response
		08:09:03.0 (91533711)|VARIABLE_SCOPE_BEGIN|[83]|this|WSOrdersFromBigCommerce.Response|true|false
		08:09:03.0 (91581174)|VARIABLE_ASSIGNMENT|[83]|this|{}|0x6d1726c2
		08:09:03.0 (91600151)|CONSTRUCTOR_ENTRY|[EXTERNAL]|01p2v00000SpN2i|<init>()|WSResult
		08:09:03.0 (91615347)|VARIABLE_SCOPE_BEGIN|[1]|this|WSResult|true|false
		08:09:03.0 (91646337)|VARIABLE_ASSIGNMENT|[1]|this|{}|0x6d1726c2
		08:09:03.0 (91696377)|CONSTRUCTOR_EXIT|[EXTERNAL]|01p2v00000SpN2i|<init>()|WSResult
		08:09:03.0 (91719928)|CONSTRUCTOR_EXIT|[80]|01p2v00000Tr0Kf|<init>()|WSOrdersFromBigCommerce.Response
		08:09:03.0 (91752157)|METHOD_ENTRY|[80]|01p2v00000SpN2a|RestWS.invoke(WSResult)
			08:09:03.0 (91765958)|VARIABLE_SCOPE_BEGIN|[78]|this|RestWS|true|false
			08:09:03.0 (91896754)|VARIABLE_ASSIGNMENT|[78]|this|{"bodyParameter":"0x5309578","endpoint":"https://api.bigcommerce.com/stores/n9dr7ak2qq/v2/orders?limit=250&min_date_modified=2022-01-26T20:54:02Z","errorMessage":"","hasError":false,"request":"System.HttpRequest[Endpoint=null, Method=GET]"}|0xd7bad17
			08:09:03.0 (91914618)|VARIABLE_SCOPE_BEGIN|[78]|result|WSResult|true|false
			08:09:03.0 (91947027)|VARIABLE_ASSIGNMENT|[78]|result|{}|0x6d1726c2
			08:09:03.0 (91994669)|METHOD_ENTRY|[88]|01p2v00000SpN2a|RestWS.getMissingParametersMessage()
				08:09:03.0 (92019795)|VARIABLE_SCOPE_BEGIN|[27]|this|RestWS|true|false
				08:09:03.0 (92129974)|VARIABLE_ASSIGNMENT|[27]|this|{"bodyParameter":"0x5309578","endpoint":"https://api.bigcommerce.com/stores/n9dr7ak2qq/v2/orders?limit=250&min_date_modified=2022-01-26T20:54:02Z","errorMessage":"","hasError":false,"request":"System.HttpRequest[Endpoint=null, Method=GET]"}|0xd7bad17
				08:09:03.0 (92272545)|VARIABLE_SCOPE_BEGIN|[32]|parametersToCheck|List<WSParameter>|true|false
				08:09:03.0 (92325551)|VARIABLE_ASSIGNMENT|[32]|parametersToCheck|[]|0xf77ab67
				08:09:03.0 (92463349)|VARIABLE_SCOPE_BEGIN|[40]|missingParms|List<String>|true|false
				08:09:03.0 (92514074)|VARIABLE_ASSIGNMENT|[40]|missingParms|[]|0x5eae6940
				08:09:03.0 (92743862)|VARIABLE_SCOPE_BEGIN|[41]|parameter|WSParameter|true|false
				08:09:03.0 (92794837)|VARIABLE_ASSIGNMENT|[41]|parameter|{"isRequired":false,"name":"body","urlEncoding":false,"value":""}|0x5309578
				08:09:03.0 (92844625)|VARIABLE_ASSIGNMENT|[41]|parameter|null|
			08:09:03.0 (92902049)|METHOD_EXIT|[88]|01p2v00000SpN2a|RestWS.getMissingParametersMessage()
			08:09:03.0 (92916019)|VARIABLE_SCOPE_BEGIN|[88]|missingParamsMessage|String|false|false
			08:09:03.0 (92938003)|VARIABLE_ASSIGNMENT|[88]|missingParamsMessage|""
			08:09:03.0 (93007789)|METHOD_ENTRY|[96]|01p2v00000SpN2a|RestWS.formatEndpoint()
				08:09:03.0 (93025789)|VARIABLE_SCOPE_BEGIN|[58]|this|RestWS|true|false
				08:09:03.0 (93152220)|VARIABLE_ASSIGNMENT|[58]|this|{"bodyParameter":"0x5309578","endpoint":"https://api.bigcommerce.com/stores/n9dr7ak2qq/v2/orders?limit=250&min_date_modified=2022-01-26T20:54:02Z","errorMessage":"","hasError":false,"request":"System.HttpRequest[Endpoint=null, Method=GET]"}|0xd7bad17
			08:09:03.0 (93189182)|METHOD_EXIT|[96]|01p2v00000SpN2a|RestWS.formatEndpoint()
			08:09:03.0 (93239676)|METHOD_ENTRY|[97]|01p2v00000SpN2a|RestWS.getBody()
				08:09:03.0 (93261800)|VARIABLE_SCOPE_BEGIN|[69]|this|RestWS|true|false
				08:09:03.0 (93372650)|VARIABLE_ASSIGNMENT|[69]|this|{"bodyParameter":"0x5309578","endpoint":"https://api.bigcommerce.com/stores/n9dr7ak2qq/v2/orders?limit=250&min_date_modified=2022-01-26T20:54:02Z","errorMessage":"","hasError":false,"request":"System.HttpRequest[Endpoint=https://api.bigcommerce.com/stores/n9dr7ak2qq/v2/orders?limit=250&min_date_modified=2022-01-26T20:54:02Z, Method=GET]"}|0xd7bad17
			08:09:03.0 (93509884)|METHOD_EXIT|[97]|01p2v00000SpN2a|RestWS.getBody()
			08:09:03.0 (93522656)|VARIABLE_SCOPE_BEGIN|[97]|body|String|false|false
			08:09:03.0 (93544619)|VARIABLE_ASSIGNMENT|[97]|body|""
			08:09:03.0 (93707862)|CALLOUT_REQUEST|[104]|System.HttpRequest[Endpoint=https://api.bigcommerce.com/stores/n9dr7ak2qq/v2/orders?limit=250&min_date_modified=2022-01-26T20:54:02Z, Method=GET]
			08:09:03.0 (763576995)|CALLOUT_RESPONSE|[104]|System.HttpResponse[Status=No Content, StatusCode=204]
			08:09:03.0 (763645251)|VARIABLE_SCOPE_BEGIN|[104]|response|System.HttpResponse|true|false
			08:09:03.0 (763718860)|VARIABLE_ASSIGNMENT|[104]|response|"System.HttpResponse[Status=No Content, StatusCode=204]"|0x3bc21648
			08:09:03.0 (763948622)|USER_DEBUG|[107]|DEBUG|
			08:09:03.0 (764054669)|METHOD_ENTRY|[112]|01p2v00000Tr0Kf|WSOrdersFromBigCommerce.Response.processResponse(System.HttpResponse)
				08:09:03.0 (764095141)|VARIABLE_SCOPE_BEGIN|[86]|this|WSOrdersFromBigCommerce.Response|true|false
				08:09:03.0 (764219860)|VARIABLE_ASSIGNMENT|[86]|this|{"hasError":false,"request":"System.HttpRequest[Endpoint=https://api.bigcommerce.com/stores/n9dr7ak2qq/v2/orders?limit=250&min_date_modified=2022-01-26T20:54:02Z, Method=GET]","response":"System.HttpResponse[Status=No Content, StatusCode=204]"}|0x6d1726c2
				08:09:03.0 (764232927)|VARIABLE_SCOPE_BEGIN|[86]|response|System.HttpResponse|true|false
				08:09:03.0 (764261897)|VARIABLE_ASSIGNMENT|[86]|response|"System.HttpResponse[Status=No Content, StatusCode=204]"|0x3bc21648
				08:09:03.0 (764520497)|SYSTEM_METHOD_ENTRY|[1]|Type.Type()
				08:09:03.0 (764535761)|SYSTEM_METHOD_EXIT|[1]|Type
				08:09:03.0 (764574471)|VARIABLE_SCOPE_BEGIN|[4]|this|System.Type|true|false
				08:09:03.0 (764605348)|VARIABLE_ASSIGNMENT|[4]|this|{}|0x1d2cd135
				08:09:03.0 (764614980)|VARIABLE_SCOPE_BEGIN|[4]|apextype|java:common.apex.runtime.ApexObjectType|true|false
				08:09:03.0 (764708527)|VARIABLE_ASSIGNMENT|[4]|apextype|"List<OrdersFromBigCommerceResponse>"|0x36f7e48e
				08:09:03.0 (764800851)|SYSTEM_METHOD_ENTRY|[1]|JSON.JSON()
				08:09:03.0 (764812357)|SYSTEM_METHOD_EXIT|[1]|JSON
				08:09:03.0 (764829761)|METHOD_ENTRY|[88]||System.JSON.deserialize(String, System.Type)
				08:09:03.0 (765116544)|METHOD_EXIT|[88]||System.JSON.deserialize(String, System.Type)
			08:09:03.0 (765128571)|METHOD_EXIT|[112]|01p2v00000Tr0Kf|WSOrdersFromBigCommerce.Response.processResponse(System.HttpResponse)
			08:09:03.0 (765151177)|VARIABLE_SCOPE_BEGIN|[115]|ex|Exception|true|false
			08:09:03.0 (765202654)|VARIABLE_ASSIGNMENT|[115]|ex|"common.apex.runtime.impl.ExecutionException: No content to map to Object due to end of input"|0x6bb9a932
		08:09:03.0 (765323917)|METHOD_EXIT|[80]|01p2v00000SpN2a|RestWS.invoke(WSResult)
	08:09:03.0 (765336619)|METHOD_EXIT|[34]|01p2v00000Tr0Kf|WSOrdersFromBigCommerce.getOrdersFromBigCommerce()
	08:09:03.0 (765425410)|VARIABLE_ASSIGNMENT|[34]|response|{"hasError":true,"message":"No content to map to Object due to end of input","request":"System.HttpRequest[Endpoint=https://api.bigcommerce.com/stores/n9dr7ak2qq/v2/orders?limit=250&min_date_modified=2022-01-26T20:54:02Z, Method=GET]","response":"System.HttpResponse[Status=No Content, StatusCode=204]"}|0x6d1726c2
	08:09:03.783 (783912587)|CUMULATIVE_LIMIT_USAGE
	08:09:03.783 (783912587)|LIMIT_USAGE_FOR_NS|(default)|
	  Number of SOQL queries: 0 out of 200
	  Number of query rows: 0 out of 50000
	  Number of SOSL queries: 0 out of 20
	  Number of DML statements: 0 out of 150
	  Number of Publish Immediate DML: 0 out of 150
	  Number of DML rows: 0 out of 10000
	  Maximum CPU time: 0 out of 60000
	  Maximum heap size: 0 out of 12000000
	  Number of callouts: 0 out of 0
	  Number of Email Invocations: 0 out of 10
	  Number of future calls: 0 out of 0
	  Number of queueable jobs added to the queue: 0 out of 1
	  Number of Mobile Apex push calls: 0 out of 10
	
	08:09:03.783 (783912587)|CUMULATIVE_LIMIT_USAGE_END
	
08:09:03.0 (783986870)|CODE_UNIT_FINISHED|OrdersFromBigCommerceBatch
08:09:03.0 (784007987)|EXECUTION_FINISHED
