45.0 APEX_CODE,FINEST;APEX_PROFILING,NONE;CALLOUT,NONE;DB,INFO;NBA,NONE;SYSTEM,NONE;VALIDATION,NONE;VISUALFORCE,NONE;WAVE,NONE;WORKFLOW,NONE
10:48:27.0 (476070)|USER_INFO|[EXTERNAL]|0052v00000fQDGY|api@naturalchemist.com.au.sand1|(GMT+11:00) Australian Eastern Daylight Time (Australia/Sydney)|GMT+11:00
10:48:27.0 (547377)|EXECUTION_STARTED
10:48:27.0 (559738)|CODE_UNIT_STARTED|[EXTERNAL]|01p2v00000SpN2U|CustomersFromBigCommerceBatch
	10:48:27.0 (20205739)|SYSTEM_METHOD_ENTRY|[15]|BatchableContextImpl.BatchableContextImpl()
	10:48:27.0 (20226129)|SYSTEM_METHOD_EXIT|[15]|BatchableContextImpl
	10:48:27.0 (20255586)|VARIABLE_SCOPE_BEGIN|[31]|this|Database.BatchableContextImpl|true|false
	10:48:27.0 (20336149)|VARIABLE_ASSIGNMENT|[31]|this|{}|0x4604b702
	10:48:27.0 (20346826)|VARIABLE_SCOPE_BEGIN|[31]|jobId|Id|false|false
	10:48:27.0 (20493380)|VARIABLE_ASSIGNMENT|[31]|jobId|"7071y00000J9F5iAAF"
	10:48:27.0 (20503496)|VARIABLE_SCOPE_BEGIN|[31]|childJobId|Id|false|false
	10:48:27.0 (20516921)|VARIABLE_ASSIGNMENT|[31]|childJobId|null
	10:48:27.0 (23962440)|METHOD_ENTRY|[1]|01p2v00000SpN2U|CustomersFromBigCommerceBatch.CustomersFromBigCommerceBatch()
	10:48:27.0 (23984443)|METHOD_EXIT|[1]|CustomersFromBigCommerceBatch
	10:48:27.0 (24008381)|VARIABLE_SCOPE_BEGIN|[23]|this|CustomersFromBigCommerceBatch|true|false
	10:48:27.0 (24077525)|VARIABLE_ASSIGNMENT|[23]|this|{"batchScheduleName":"67114","isManual":false}|0x7042d74a
	10:48:27.0 (24089404)|VARIABLE_SCOPE_BEGIN|[23]|context|Database.BatchableContext|true|false
	10:48:27.0 (24169868)|VARIABLE_ASSIGNMENT|[23]|context|{"jobId":"7071y00000J9F5iAAF"}|0x4604b702
	10:48:27.0 (24701712)|METHOD_ENTRY|[1]|01p2v00000SpN2V|CustomersFromBigCommerceBatchHelper.CustomersFromBigCommerceBatchHelper()
	10:48:27.0 (24721272)|METHOD_EXIT|[1]|CustomersFromBigCommerceBatchHelper
	10:48:27.0 (24769521)|METHOD_ENTRY|[30]|01p2v00000SpN2V|CustomersFromBigCommerceBatchHelper.getCustomersFromBigCommerce(Boolean, Datetime, Datetime)
		10:48:27.0 (24848345)|VARIABLE_SCOPE_BEGIN|[80]|isManual|Boolean|false|false
		10:48:27.0 (24867646)|VARIABLE_ASSIGNMENT|[80]|isManual|false
		10:48:27.0 (24879348)|VARIABLE_SCOPE_BEGIN|[80]|beginDate|Datetime|false|false
		10:48:27.0 (24893990)|VARIABLE_ASSIGNMENT|[80]|beginDate|null
		10:48:27.0 (24902992)|VARIABLE_SCOPE_BEGIN|[80]|endDate|Datetime|false|false
		10:48:27.0 (24917475)|VARIABLE_ASSIGNMENT|[80]|endDate|null
		10:48:27.0 (25980009)|VARIABLE_SCOPE_BEGIN|[4]|WSCustomersFromBigCommerce.SERVICE_CONFIG|Webservice_endpoint_setting__mdt|true|true
		10:48:27.0 (26046795)|METHOD_ENTRY|[1]|01p2v00000SpN2g|WSCustomersFromBigCommerce.WSCustomersFromBigCommerce()
			10:48:27.0 (26642611)|VARIABLE_SCOPE_BEGIN|[3]|GenericUtilsHelper.currentOrg|Organization|true|true
			10:48:27.0 (26660236)|VARIABLE_SCOPE_BEGIN|[101]|GenericUtilsHelper.mapRecordTypes|Map<String,RecordType>|true|true
			10:48:27.0 (26850496)|METHOD_ENTRY|[1]|01p2v00000SpN2Y|GenericUtilsHelper.GenericUtilsHelper()
				10:48:27.0 (26942672)|VARIABLE_ASSIGNMENT|[101]|GenericUtilsHelper.mapRecordTypes|{}|0x23b6f2b
			10:48:27.0 (26957232)|METHOD_EXIT|[1]|GenericUtilsHelper
			10:48:27.0 (26972311)|METHOD_ENTRY|[5]|01p2v00000SpN2Y|GenericUtilsHelper.getWebServiceConfig(String)
				10:48:27.0 (26997652)|VARIABLE_SCOPE_BEGIN|[86]|name|String|false|false
				10:48:27.0 (27018023)|VARIABLE_ASSIGNMENT|[86]|name|"SALESFORCE.BIGCOMMER (2 more) ..."
				10:48:27.0 (27043178)|METHOD_ENTRY|[87]|01p2v00000SpN2Y|GenericUtilsHelper.isSandboxEnviroment()
					10:48:27.0 (33523808)|SOQL_EXECUTE_BEGIN|[81]|Aggregations:0|SELECT Id, Name, IsSandbox FROM Organization LIMIT 1
					10:48:27.0 (35812269)|SOQL_EXECUTE_END|[81]|Rows:1
					10:48:27.0 (36093436)|VARIABLE_ASSIGNMENT|[81]|GenericUtilsHelper.currentOrg|{"Id":"00D1y0000008m7IEAQ","Name":"Natural Chemist","IsSandbox":true}|0x7f09d58
				10:48:27.0 (36164777)|METHOD_EXIT|[87]|01p2v00000SpN2Y|GenericUtilsHelper.isSandboxEnviroment()
				10:48:27.0 (36182729)|VARIABLE_SCOPE_BEGIN|[87]|isProduction|Boolean|false|false
				10:48:27.0 (36207952)|VARIABLE_ASSIGNMENT|[87]|isProduction|false
				10:48:27.0 (37440956)|SOQL_EXECUTE_BEGIN|[88]|Aggregations:0|SELECT Id, URL__c, ClientId__c, ClientSecret__c, ActivateNatualScriptCallout__c, StoreHash__c, AppStoreUrl__c, AccessToken__c, ShipStation_Packing_UserId__c, ShipStation_Admin_UserId__c FROM Webservice_endpoint_setting__mdt WHERE (MasterLabel = :tmpVar1 AND Is_Production__c = :tmpVar2)
				10:48:27.0 (41834547)|SOQL_EXECUTE_END|[88]|Rows:1
				10:48:27.0 (42003055)|VARIABLE_SCOPE_BEGIN|[88]|result|List<Webservice_endpoint_setting__mdt>|true|false
				10:48:27.0 (42064925)|VARIABLE_ASSIGNMENT|[88]|result|[{"Id":"m002v000000yiYYAAY","URL__c":"https://api.bigcomme (26 more) ...","ClientId__c":"qgoe1p6a5xvhgkkvsiu5 (11 more) ...","ClientSecret__c":"d6631082dbbca140cafb (44 more) ...","ActivateNatualScriptCallout__c":false,"StoreHash__c":"n9dr7ak2qq","AppStoreUrl__c":"https://natural-chem (30 more) ...","AccessToken__c":"64so0mrm0qmlsrl3dl8l (11 more) ..."}]|0x4405a6b7
			10:48:27.0 (42221163)|METHOD_EXIT|[5]|01p2v00000SpN2Y|GenericUtilsHelper.getWebServiceConfig(String)
			10:48:27.0 (42268042)|VARIABLE_ASSIGNMENT|[4]|WSCustomersFromBigCommerce.SERVICE_CONFIG|{"Id":"m002v000000yiYYAAY","URL__c":"https://api.bigcomme (26 more) ...","ClientId__c":"qgoe1p6a5xvhgkkvsiu5 (11 more) ...","ClientSecret__c":"d6631082dbbca140cafb (44 more) ...","ActivateNatualScriptCallout__c":false,"StoreHash__c":"n9dr7ak2qq","AppStoreUrl__c":"https://natural-chem (30 more) ...","AccessToken__c":"64so0mrm0qmlsrl3dl8l (11 more) ..."}|0x47942e8a
		10:48:27.0 (42300069)|METHOD_EXIT|[1]|WSCustomersFromBigCommerce
		10:48:27.0 (42342204)|METHOD_ENTRY|[81]|01p2v00000SpN2g|WSCustomersFromBigCommerce.getCustomersUpdates(Boolean, Datetime, Datetime)
			10:48:27.0 (43047784)|VARIABLE_SCOPE_BEGIN|[65]|isManual|Boolean|false|false
			10:48:27.0 (43075288)|VARIABLE_ASSIGNMENT|[65]|isManual|false
			10:48:27.0 (43091279)|VARIABLE_SCOPE_BEGIN|[65]|beginDate|Datetime|false|false
			10:48:27.0 (43106383)|VARIABLE_ASSIGNMENT|[65]|beginDate|null
			10:48:27.0 (43115783)|VARIABLE_SCOPE_BEGIN|[65]|endDate|Datetime|false|false
			10:48:27.0 (43128845)|VARIABLE_ASSIGNMENT|[65]|endDate|null
			10:48:27.0 (45011362)|SOQL_EXECUTE_BEGIN|[83]|Aggregations:0|SELECT Id, BC_Date_Modified__c FROM Contact WHERE BC_Date_Modified__c != NULL ORDER BY BC_Date_Modified__c DESC NULLS FIRST LIMIT 1
			10:48:27.0 (76569774)|SOQL_EXECUTE_END|[83]|Rows:1
			10:48:27.0 (76738669)|VARIABLE_SCOPE_BEGIN|[83]|dateModifiedList|List<Contact>|true|false
			10:48:27.0 (76797686)|VARIABLE_ASSIGNMENT|[83]|dateModifiedList|[{"Id":"0032v00003f8v5fAAA","BC_Date_Modified__c":"2022-01-26T09:52:14.000Z"}]|0x21dc0d3b
			10:48:27.0 (77168504)|VARIABLE_SCOPE_BEGIN|[91]|lastDateModified|String|false|false
			10:48:27.0 (77188706)|VARIABLE_ASSIGNMENT|[91]|lastDateModified|"2022-01-26 20:52:15"
			10:48:27.0 (77253860)|USER_DEBUG|[97]|DEBUG|WS lastDateModified: 2022-01-26 20:52:15
			10:48:27.0 (77927156)|METHOD_ENTRY|[1]|01p2v00000SpN2a|RestWS.RestWS()
			10:48:27.0 (77947827)|METHOD_EXIT|[1]|RestWS
			10:48:27.0 (78634883)|CONSTRUCTOR_ENTRY|[99]|01p2v00000SpN2a|<init>(String,String,List<WSParameter>)|RestWS
			10:48:27.0 (78672150)|VARIABLE_SCOPE_BEGIN|[23]|this|RestWS|true|false
			10:48:27.0 (78721864)|VARIABLE_ASSIGNMENT|[23]|this|{}|0x24ce39b
			10:48:27.0 (78731909)|VARIABLE_SCOPE_BEGIN|[23]|endpoint|String|false|false
			10:48:27.0 (78748329)|VARIABLE_ASSIGNMENT|[23]|endpoint|"https://api.bigcomme (87 more) ..."
			10:48:27.0 (78758322)|VARIABLE_SCOPE_BEGIN|[23]|method|String|false|false
			10:48:27.0 (78770506)|VARIABLE_ASSIGNMENT|[23]|method|"GET"
			10:48:27.0 (78776488)|VARIABLE_SCOPE_BEGIN|[23]|urlParameters|List<WSParameter>|true|false
			10:48:27.0 (78792887)|VARIABLE_ASSIGNMENT|[23]|urlParameters|null|
			10:48:27.0 (78817604)|CONSTRUCTOR_ENTRY|[24]|01p2v00000SpN2a|<init>(String,String,List<WSParameter>,String)|RestWS
			10:48:27.0 (78837175)|VARIABLE_SCOPE_BEGIN|[19]|this|RestWS|true|false
			10:48:27.0 (78859501)|VARIABLE_ASSIGNMENT|[19]|this|{}|0x24ce39b
			10:48:27.0 (78868764)|VARIABLE_SCOPE_BEGIN|[19]|endpoint|String|false|false
			10:48:27.0 (78881506)|VARIABLE_ASSIGNMENT|[19]|endpoint|"https://api.bigcomme (87 more) ..."
			10:48:27.0 (78887761)|VARIABLE_SCOPE_BEGIN|[19]|method|String|false|false
			10:48:27.0 (78901360)|VARIABLE_ASSIGNMENT|[19]|method|"GET"
			10:48:27.0 (78907352)|VARIABLE_SCOPE_BEGIN|[19]|urlParameters|List<WSParameter>|true|false
			10:48:27.0 (78920977)|VARIABLE_ASSIGNMENT|[19]|urlParameters|null|
			10:48:27.0 (78927177)|VARIABLE_SCOPE_BEGIN|[19]|bodyParameter|String|false|false
			10:48:27.0 (78940159)|VARIABLE_ASSIGNMENT|[19]|bodyParameter|""
			10:48:27.0 (78975042)|METHOD_ENTRY|[1]|01p2v00000SpN2h|WSParameter.WSParameter()
			10:48:27.0 (78991552)|METHOD_EXIT|[1]|WSParameter
			10:48:27.0 (79023383)|CONSTRUCTOR_ENTRY|[20]|01p2v00000SpN2h|<init>(String,String,Boolean,Boolean)|WSParameter
			10:48:27.0 (79044523)|VARIABLE_SCOPE_BEGIN|[11]|this|WSParameter|true|false
			10:48:27.0 (79063786)|VARIABLE_ASSIGNMENT|[11]|this|{}|0x46add645
			10:48:27.0 (79073073)|VARIABLE_SCOPE_BEGIN|[11]|name|String|false|false
			10:48:27.0 (79087257)|VARIABLE_ASSIGNMENT|[11]|name|"body"
			10:48:27.0 (79093758)|VARIABLE_SCOPE_BEGIN|[11]|value|String|false|false
			10:48:27.0 (79105680)|VARIABLE_ASSIGNMENT|[11]|value|""
			10:48:27.0 (79116187)|VARIABLE_SCOPE_BEGIN|[11]|isRequired|Boolean|false|false
			10:48:27.0 (79128169)|VARIABLE_ASSIGNMENT|[11]|isRequired|false
			10:48:27.0 (79135209)|VARIABLE_SCOPE_BEGIN|[11]|urlEncoding|Boolean|false|false
			10:48:27.0 (79148151)|VARIABLE_ASSIGNMENT|[11]|urlEncoding|false
			10:48:27.0 (79197965)|VARIABLE_ASSIGNMENT|[12]|this.name|"body"|0x46add645
			10:48:27.0 (79220594)|VARIABLE_ASSIGNMENT|[13]|this.isRequired|false|0x46add645
			10:48:27.0 (79235348)|VARIABLE_ASSIGNMENT|[14]|this.value|""|0x46add645
			10:48:27.0 (79256232)|VARIABLE_ASSIGNMENT|[15]|this.urlEncoding|false|0x46add645
			10:48:27.0 (79269813)|CONSTRUCTOR_EXIT|[20]|01p2v00000SpN2h|<init>(String,String,Boolean,Boolean)|WSParameter
			10:48:27.0 (79284861)|CONSTRUCTOR_ENTRY|[20]|01p2v00000SpN2a|<init>(String,String,List<WSParameter>,WSParameter)|RestWS
			10:48:27.0 (79296595)|VARIABLE_SCOPE_BEGIN|[10]|this|RestWS|true|false
			10:48:27.0 (79316494)|VARIABLE_ASSIGNMENT|[10]|this|{}|0x24ce39b
			10:48:27.0 (79325132)|VARIABLE_SCOPE_BEGIN|[10]|endpoint|String|false|false
			10:48:27.0 (79338781)|VARIABLE_ASSIGNMENT|[10]|endpoint|"https://api.bigcomme (87 more) ..."
			10:48:27.0 (79346139)|VARIABLE_SCOPE_BEGIN|[10]|method|String|false|false
			10:48:27.0 (79357934)|VARIABLE_ASSIGNMENT|[10]|method|"GET"
			10:48:27.0 (79363765)|VARIABLE_SCOPE_BEGIN|[10]|urlParameters|List<WSParameter>|true|false
			10:48:27.0 (79376974)|VARIABLE_ASSIGNMENT|[10]|urlParameters|null|
			10:48:27.0 (79383143)|VARIABLE_SCOPE_BEGIN|[10]|bodyParameter|WSParameter|true|false
			10:48:27.0 (79411570)|VARIABLE_ASSIGNMENT|[10]|bodyParameter|{"isRequired":false,"name":"body","urlEncoding":false,"value":""}|0x46add645
			10:48:27.0 (79432461)|VARIABLE_ASSIGNMENT|[2]|this.endpoint|""|0x24ce39b
			10:48:27.0 (79464554)|VARIABLE_ASSIGNMENT|[7]|this.hasError|false|0x24ce39b
			10:48:27.0 (79479019)|VARIABLE_ASSIGNMENT|[8]|this.errorMessage|""|0x24ce39b
			10:48:27.0 (79586658)|VARIABLE_ASSIGNMENT|[11]|this.request|"System.HttpRequest[Endpoint=null, Method=null]"|0x24ce39b
			10:48:27.0 (79679223)|VARIABLE_ASSIGNMENT|[14]|this.bodyParameter|0x46add645|0x24ce39b
			10:48:27.0 (79698502)|VARIABLE_ASSIGNMENT|[15]|this.endpoint|"https://api.bigcomme (87 more) ..."|0x24ce39b
			10:48:27.0 (79713429)|VARIABLE_ASSIGNMENT|[16]|this.parameters|null|0x24ce39b
			10:48:27.0 (79728199)|CONSTRUCTOR_EXIT|[20]|01p2v00000SpN2a|<init>(String,String,List<WSParameter>,WSParameter)|RestWS
			10:48:27.0 (79743017)|CONSTRUCTOR_EXIT|[24]|01p2v00000SpN2a|<init>(String,String,List<WSParameter>,String)|RestWS
			10:48:27.0 (79757315)|CONSTRUCTOR_EXIT|[99]|01p2v00000SpN2a|<init>(String,String,List<WSParameter>)|RestWS
			10:48:27.0 (79767802)|VARIABLE_SCOPE_BEGIN|[99]|ws|RestWS|true|false
			10:48:27.0 (79848526)|VARIABLE_ASSIGNMENT|[99]|ws|{"bodyParameter":"0x46add645","endpoint":"https://api.bigcommerce.com/stores/n9dr7ak2qq/v2/customers?min_date_modified=2022-01-26T20:52:15Z&limit=200","errorMessage":"","hasError":false,"request":"System.HttpRequest[Endpoint=null, Method=GET]"}|0x24ce39b
			10:48:27.0 (79935500)|VARIABLE_SCOPE_BEGIN|[18]|this|WSParameter|true|false
			10:48:27.0 (79961177)|VARIABLE_ASSIGNMENT|[18]|this|{"isRequired":false,"name":"body","urlEncoding":false,"value":""}|0x46add645
			10:48:27.0 (80279144)|USER_DEBUG|[104]|DEBUG|The ws: RestWS:[bodyParameter=, endpoint=https://api.bigcommerce.com/stores/n9dr7ak2qq/v2/customers?min_date_modified=2022-01-26T20:52:15Z&limit=200, errorMessage=, hasError=false, parameters=null, request=System.HttpRequest[Endpoint=null, Method=GET]]
			10:48:27.0 (80499945)|CONSTRUCTOR_ENTRY|[110]|01p2v00000SpN2g|<init>()|WSCustomersFromBigCommerce.Response
			10:48:27.0 (80524800)|VARIABLE_SCOPE_BEGIN|[113]|this|WSCustomersFromBigCommerce.Response|true|false
			10:48:27.0 (80567616)|VARIABLE_ASSIGNMENT|[113]|this|{}|0x22130d2b
			10:48:27.0 (80589348)|METHOD_ENTRY|[1]|01p2v00000SpN2i|WSResult.WSResult()
			10:48:27.0 (80622672)|METHOD_EXIT|[1]|WSResult
			10:48:27.0 (80630439)|CONSTRUCTOR_ENTRY|[EXTERNAL]|01p2v00000SpN2i|<init>()|WSResult
			10:48:27.0 (80645582)|VARIABLE_SCOPE_BEGIN|[1]|this|WSResult|true|false
			10:48:27.0 (80668304)|VARIABLE_ASSIGNMENT|[1]|this|{}|0x22130d2b
			10:48:27.0 (80704386)|CONSTRUCTOR_EXIT|[EXTERNAL]|01p2v00000SpN2i|<init>()|WSResult
			10:48:27.0 (80720514)|CONSTRUCTOR_EXIT|[110]|01p2v00000SpN2g|<init>()|WSCustomersFromBigCommerce.Response
			10:48:27.0 (80744102)|METHOD_ENTRY|[110]|01p2v00000SpN2a|RestWS.invoke(WSResult)
				10:48:27.0 (80753730)|VARIABLE_SCOPE_BEGIN|[78]|this|RestWS|true|false
				10:48:27.0 (80843682)|VARIABLE_ASSIGNMENT|[78]|this|{"bodyParameter":"0x46add645","endpoint":"https://api.bigcommerce.com/stores/n9dr7ak2qq/v2/customers?min_date_modified=2022-01-26T20:52:15Z&limit=200","errorMessage":"","hasError":false,"request":"System.HttpRequest[Endpoint=null, Method=GET]"}|0x24ce39b
				10:48:27.0 (80856272)|VARIABLE_SCOPE_BEGIN|[78]|result|WSResult|true|false
				10:48:27.0 (80877451)|VARIABLE_ASSIGNMENT|[78]|result|{}|0x22130d2b
				10:48:27.0 (80909531)|METHOD_ENTRY|[88]|01p2v00000SpN2a|RestWS.getMissingParametersMessage()
					10:48:27.0 (80927842)|VARIABLE_SCOPE_BEGIN|[27]|this|RestWS|true|false
					10:48:27.0 (80988921)|VARIABLE_ASSIGNMENT|[27]|this|{"bodyParameter":"0x46add645","endpoint":"https://api.bigcommerce.com/stores/n9dr7ak2qq/v2/customers?min_date_modified=2022-01-26T20:52:15Z&limit=200","errorMessage":"","hasError":false,"request":"System.HttpRequest[Endpoint=null, Method=GET]"}|0x24ce39b
					10:48:27.0 (81086065)|VARIABLE_SCOPE_BEGIN|[32]|parametersToCheck|List<WSParameter>|true|false
					10:48:27.0 (81125657)|VARIABLE_ASSIGNMENT|[32]|parametersToCheck|[]|0x4f599248
					10:48:27.0 (81217853)|VARIABLE_SCOPE_BEGIN|[40]|missingParms|List<String>|true|false
					10:48:27.0 (81251364)|VARIABLE_ASSIGNMENT|[40]|missingParms|[]|0x2db04e5
					10:48:27.0 (81419759)|VARIABLE_SCOPE_BEGIN|[41]|parameter|WSParameter|true|false
					10:48:27.0 (81455276)|VARIABLE_ASSIGNMENT|[41]|parameter|{"isRequired":false,"name":"body","urlEncoding":false,"value":""}|0x46add645
					10:48:27.0 (81493644)|VARIABLE_ASSIGNMENT|[41]|parameter|null|
				10:48:27.0 (81533220)|METHOD_EXIT|[88]|01p2v00000SpN2a|RestWS.getMissingParametersMessage()
				10:48:27.0 (81544967)|VARIABLE_SCOPE_BEGIN|[88]|missingParamsMessage|String|false|false
				10:48:27.0 (81560607)|VARIABLE_ASSIGNMENT|[88]|missingParamsMessage|""
				10:48:27.0 (81609876)|METHOD_ENTRY|[96]|01p2v00000SpN2a|RestWS.formatEndpoint()
					10:48:27.0 (81622745)|VARIABLE_SCOPE_BEGIN|[58]|this|RestWS|true|false
					10:48:27.0 (81707789)|VARIABLE_ASSIGNMENT|[58]|this|{"bodyParameter":"0x46add645","endpoint":"https://api.bigcommerce.com/stores/n9dr7ak2qq/v2/customers?min_date_modified=2022-01-26T20:52:15Z&limit=200","errorMessage":"","hasError":false,"request":"System.HttpRequest[Endpoint=null, Method=GET]"}|0x24ce39b
				10:48:27.0 (81734615)|METHOD_EXIT|[96]|01p2v00000SpN2a|RestWS.formatEndpoint()
				10:48:27.0 (81774491)|METHOD_ENTRY|[97]|01p2v00000SpN2a|RestWS.getBody()
					10:48:27.0 (81789998)|VARIABLE_SCOPE_BEGIN|[69]|this|RestWS|true|false
					10:48:27.0 (81857654)|VARIABLE_ASSIGNMENT|[69]|this|{"bodyParameter":"0x46add645","endpoint":"https://api.bigcommerce.com/stores/n9dr7ak2qq/v2/customers?min_date_modified=2022-01-26T20:52:15Z&limit=200","errorMessage":"","hasError":false,"request":"System.HttpRequest[Endpoint=https://api.bigcommerce.com/stores/n9dr7ak2qq/v2/customers?min_date_modified=2022-01-26T20:52:15Z&limit=200, Method=GET]"}|0x24ce39b
				10:48:27.0 (81934849)|METHOD_EXIT|[97]|01p2v00000SpN2a|RestWS.getBody()
				10:48:27.0 (81945255)|VARIABLE_SCOPE_BEGIN|[97]|body|String|false|false
				10:48:27.0 (81960231)|VARIABLE_ASSIGNMENT|[97]|body|""
				10:48:27.0 (617607343)|VARIABLE_SCOPE_BEGIN|[104]|response|System.HttpResponse|true|false
				10:48:27.0 (617687875)|VARIABLE_ASSIGNMENT|[104]|response|"System.HttpResponse[Status=No Content, StatusCode=204]"|0x1bafa1aa
				10:48:27.0 (617941430)|USER_DEBUG|[107]|DEBUG|
				10:48:27.0 (618066160)|METHOD_ENTRY|[112]|01p2v00000SpN2g|WSCustomersFromBigCommerce.Response.processResponse(System.HttpResponse)
					10:48:27.0 (618109989)|VARIABLE_SCOPE_BEGIN|[116]|this|WSCustomersFromBigCommerce.Response|true|false
					10:48:27.0 (618243897)|VARIABLE_ASSIGNMENT|[116]|this|{"hasError":false,"request":"System.HttpRequest[Endpoint=https://api.bigcommerce.com/stores/n9dr7ak2qq/v2/customers?min_date_modified=2022-01-26T20:52:15Z&limit=200, Method=GET]","response":"System.HttpResponse[Status=No Content, StatusCode=204]"}|0x22130d2b
					10:48:27.0 (618259091)|VARIABLE_SCOPE_BEGIN|[116]|response|System.HttpResponse|true|false
					10:48:27.0 (618289607)|VARIABLE_ASSIGNMENT|[116]|response|"System.HttpResponse[Status=No Content, StatusCode=204]"|0x1bafa1aa
					10:48:27.0 (618480159)|SYSTEM_METHOD_ENTRY|[1]|Type.Type()
					10:48:27.0 (618496247)|SYSTEM_METHOD_EXIT|[1]|Type
					10:48:27.0 (618536492)|VARIABLE_SCOPE_BEGIN|[4]|this|System.Type|true|false
					10:48:27.0 (618564584)|VARIABLE_ASSIGNMENT|[4]|this|{}|0x42c0e9f9
					10:48:27.0 (618573449)|VARIABLE_SCOPE_BEGIN|[4]|apextype|java:common.apex.runtime.ApexObjectType|true|false
					10:48:27.0 (618638631)|VARIABLE_ASSIGNMENT|[4]|apextype|"List<WSCustomersBigCommerceResponse>"|0x2404a2fa
					10:48:27.0 (618729091)|SYSTEM_METHOD_ENTRY|[1]|JSON.JSON()
					10:48:27.0 (618740935)|SYSTEM_METHOD_EXIT|[1]|JSON
					10:48:27.0 (618760993)|METHOD_ENTRY|[118]||System.JSON.deserialize(String, System.Type)
					10:48:27.0 (619100942)|METHOD_EXIT|[118]||System.JSON.deserialize(String, System.Type)
				10:48:27.0 (619113790)|METHOD_EXIT|[112]|01p2v00000SpN2g|WSCustomersFromBigCommerce.Response.processResponse(System.HttpResponse)
				10:48:27.0 (619142272)|VARIABLE_SCOPE_BEGIN|[115]|ex|Exception|true|false
				10:48:27.0 (619193054)|VARIABLE_ASSIGNMENT|[115]|ex|"common.apex.runtime.impl.ExecutionException: No content to map to Object due to end of input"|0x5cfffa89
			10:48:27.0 (619292432)|METHOD_EXIT|[110]|01p2v00000SpN2a|RestWS.invoke(WSResult)
		10:48:27.0 (619306475)|METHOD_EXIT|[81]|01p2v00000SpN2g|WSCustomersFromBigCommerce.getCustomersUpdates(Boolean, Datetime, Datetime)
		10:48:27.0 (619316247)|VARIABLE_SCOPE_BEGIN|[81]|response|WSCustomersFromBigCommerce.Response|true|false
		10:48:27.0 (619411638)|VARIABLE_ASSIGNMENT|[81]|response|{"hasError":true,"message":"No content to map to Object due to end of input","request":"System.HttpRequest[Endpoint=https://api.bigcommerce.com/stores/n9dr7ak2qq/v2/customers?min_date_modified=2022-01-26T20:52:15Z&limit=200, Method=GET]","response":"System.HttpResponse[Status=No Content, StatusCode=204]"}|0x22130d2b
		10:48:27.0 (619456927)|USER_DEBUG|[82]|DEBUG|System.HttpResponse[Status=No Content, StatusCode=204]
	10:48:27.0 (619627433)|METHOD_EXIT|[30]|01p2v00000SpN2V|CustomersFromBigCommerceBatchHelper.getCustomersFromBigCommerce(Boolean, Datetime, Datetime)
10:48:27.0 (638012286)|CODE_UNIT_FINISHED|CustomersFromBigCommerceBatch
10:48:27.0 (638038083)|EXECUTION_FINISHED
