45.0 APEX_CODE,FINEST;APEX_PROFILING,NONE;CALLOUT,NONE;DB,INFO;NBA,NONE;SYSTEM,NONE;VALIDATION,NONE;VISUALFORCE,NONE;WAVE,NONE;WORKFLOW,NONE
01:17:00.0 (196769)|USER_INFO|[EXTERNAL]|0052v00000fQDGY|api@naturalchemist.com.au.sand1|(GMT+11:00) Australian Eastern Daylight Time (Australia/Sydney)|GMT+11:00
01:17:00.0 (266041)|EXECUTION_STARTED
01:17:00.0 (279024)|CODE_UNIT_STARTED|[EXTERNAL]|01p2v00000SpN2U|CustomersFromBigCommerceBatch
	01:17:00.0 (12150008)|SYSTEM_METHOD_ENTRY|[15]|BatchableContextImpl.BatchableContextImpl()
	01:17:00.0 (12189323)|SYSTEM_METHOD_EXIT|[15]|BatchableContextImpl
	01:17:00.0 (12228930)|VARIABLE_SCOPE_BEGIN|[31]|this|Database.BatchableContextImpl|true|false
	01:17:00.0 (12404335)|VARIABLE_ASSIGNMENT|[31]|this|{}|0x2f9915be
	01:17:00.0 (12422318)|VARIABLE_SCOPE_BEGIN|[31]|jobId|Id|false|false
	01:17:00.0 (12727393)|VARIABLE_ASSIGNMENT|[31]|jobId|"7071y00000MBBKiAAP"
	01:17:00.0 (12741508)|VARIABLE_SCOPE_BEGIN|[31]|childJobId|Id|false|false
	01:17:00.0 (12765616)|VARIABLE_ASSIGNMENT|[31]|childJobId|null
	01:17:00.0 (15718085)|METHOD_ENTRY|[1]|01p2v00000SpN2U|CustomersFromBigCommerceBatch.CustomersFromBigCommerceBatch()
	01:17:00.0 (15745135)|METHOD_EXIT|[1]|CustomersFromBigCommerceBatch
	01:17:00.0 (15768499)|VARIABLE_SCOPE_BEGIN|[23]|this|CustomersFromBigCommerceBatch|true|false
	01:17:00.0 (15828727)|VARIABLE_ASSIGNMENT|[23]|this|{"batchScheduleName":"84521","isManual":false}|0x48f07e48
	01:17:00.0 (15837016)|VARIABLE_SCOPE_BEGIN|[23]|context|Database.BatchableContext|true|false
	01:17:00.0 (15942391)|VARIABLE_ASSIGNMENT|[23]|context|{"jobId":"7071y00000MBBKiAAP"}|0x2f9915be
	01:17:00.0 (18433180)|METHOD_ENTRY|[1]|01p2v00000SpN2V|CustomersFromBigCommerceBatchHelper.CustomersFromBigCommerceBatchHelper()
	01:17:00.0 (18465101)|METHOD_EXIT|[1]|CustomersFromBigCommerceBatchHelper
	01:17:00.0 (18550057)|METHOD_ENTRY|[30]|01p2v00000SpN2V|CustomersFromBigCommerceBatchHelper.getCustomersFromBigCommerce(Boolean, Datetime, Datetime)
		01:17:00.0 (18697143)|VARIABLE_SCOPE_BEGIN|[80]|isManual|Boolean|false|false
		01:17:00.0 (18724399)|VARIABLE_ASSIGNMENT|[80]|isManual|false
		01:17:00.0 (18739846)|VARIABLE_SCOPE_BEGIN|[80]|beginDate|Datetime|false|false
		01:17:00.0 (18756839)|VARIABLE_ASSIGNMENT|[80]|beginDate|null
		01:17:00.0 (18768573)|VARIABLE_SCOPE_BEGIN|[80]|endDate|Datetime|false|false
		01:17:00.0 (18781024)|VARIABLE_ASSIGNMENT|[80]|endDate|null
		01:17:00.0 (21476199)|VARIABLE_SCOPE_BEGIN|[4]|WSCustomersFromBigCommerce.SERVICE_CONFIG|Webservice_endpoint_setting__mdt|true|true
		01:17:00.0 (21564008)|METHOD_ENTRY|[1]|01p2v00000SpN2g|WSCustomersFromBigCommerce.WSCustomersFromBigCommerce()
			01:17:00.0 (22181877)|VARIABLE_SCOPE_BEGIN|[2]|GenericUtilsHelper.currentOrg|Organization|true|true
			01:17:00.0 (22201743)|VARIABLE_SCOPE_BEGIN|[105]|GenericUtilsHelper.mapRecordTypes|Map<String,RecordType>|true|true
			01:17:00.0 (22458044)|METHOD_ENTRY|[1]|01p2v00000SpN2Y|GenericUtilsHelper.GenericUtilsHelper()
				01:17:00.0 (22597391)|VARIABLE_ASSIGNMENT|[105]|GenericUtilsHelper.mapRecordTypes|{}|0x6b39e5d
			01:17:00.0 (22611710)|METHOD_EXIT|[1]|GenericUtilsHelper
			01:17:00.0 (22632871)|METHOD_ENTRY|[5]|01p2v00000SpN2Y|GenericUtilsHelper.getWebServiceConfig(String)
				01:17:00.0 (22670758)|VARIABLE_SCOPE_BEGIN|[90]|name|String|false|false
				01:17:00.0 (22695976)|VARIABLE_ASSIGNMENT|[90]|name|"SALESFORCE.BIGCOMMER (2 more) ..."
				01:17:00.0 (22721775)|METHOD_ENTRY|[91]|01p2v00000SpN2Y|GenericUtilsHelper.isSandboxEnviroment()
					01:17:00.0 (31463128)|SOQL_EXECUTE_BEGIN|[85]|Aggregations:0|SELECT Id, Name, IsSandbox FROM Organization LIMIT 1
					01:17:00.0 (34407815)|SOQL_EXECUTE_END|[85]|Rows:1
					01:17:00.0 (34694462)|VARIABLE_ASSIGNMENT|[85]|GenericUtilsHelper.currentOrg|{"Id":"00D1y0000008m7IEAQ","Name":"Natural Chemist","IsSandbox":true}|0x15292031
				01:17:00.0 (34763154)|METHOD_EXIT|[91]|01p2v00000SpN2Y|GenericUtilsHelper.isSandboxEnviroment()
				01:17:00.0 (34778522)|VARIABLE_SCOPE_BEGIN|[91]|isProduction|Boolean|false|false
				01:17:00.0 (34801265)|VARIABLE_ASSIGNMENT|[91]|isProduction|false
				01:17:00.0 (35883555)|SOQL_EXECUTE_BEGIN|[92]|Aggregations:0|SELECT Id, URL__c, ClientId__c, ClientSecret__c, ActivateNatualScriptCallout__c, StoreHash__c, AppStoreUrl__c, AccessToken__c, ShipStation_Packing_UserId__c, ShipStation_Admin_UserId__c FROM Webservice_endpoint_setting__mdt WHERE (MasterLabel = :tmpVar1 AND Is_Production__c = :tmpVar2)
				01:17:00.0 (40237162)|SOQL_EXECUTE_END|[92]|Rows:1
				01:17:00.0 (40405023)|VARIABLE_SCOPE_BEGIN|[92]|result|List<Webservice_endpoint_setting__mdt>|true|false
				01:17:00.0 (40472382)|VARIABLE_ASSIGNMENT|[92]|result|[{"Id":"m002v000000yiYYAAY","URL__c":"https://api.bigcomme (26 more) ...","ClientId__c":"qgoe1p6a5xvhgkkvsiu5 (11 more) ...","ClientSecret__c":"d6631082dbbca140cafb (44 more) ...","ActivateNatualScriptCallout__c":false,"StoreHash__c":"n9dr7ak2qq","AppStoreUrl__c":"https://natural-chem (30 more) ...","AccessToken__c":"64so0mrm0qmlsrl3dl8l (11 more) ..."}]|0x59f12885
			01:17:00.0 (40646178)|METHOD_EXIT|[5]|01p2v00000SpN2Y|GenericUtilsHelper.getWebServiceConfig(String)
			01:17:00.0 (40686400)|VARIABLE_ASSIGNMENT|[4]|WSCustomersFromBigCommerce.SERVICE_CONFIG|{"Id":"m002v000000yiYYAAY","URL__c":"https://api.bigcomme (26 more) ...","ClientId__c":"qgoe1p6a5xvhgkkvsiu5 (11 more) ...","ClientSecret__c":"d6631082dbbca140cafb (44 more) ...","ActivateNatualScriptCallout__c":false,"StoreHash__c":"n9dr7ak2qq","AppStoreUrl__c":"https://natural-chem (30 more) ...","AccessToken__c":"64so0mrm0qmlsrl3dl8l (11 more) ..."}|0x37cf0b94
		01:17:00.0 (40709986)|METHOD_EXIT|[1]|WSCustomersFromBigCommerce
		01:17:00.0 (40752855)|METHOD_ENTRY|[81]|01p2v00000SpN2g|WSCustomersFromBigCommerce.getCustomersUpdates(Boolean, Datetime, Datetime)
			01:17:00.0 (41662332)|VARIABLE_SCOPE_BEGIN|[65]|isManual|Boolean|false|false
			01:17:00.0 (41689937)|VARIABLE_ASSIGNMENT|[65]|isManual|false
			01:17:00.0 (41708967)|VARIABLE_SCOPE_BEGIN|[65]|beginDate|Datetime|false|false
			01:17:00.0 (41724803)|VARIABLE_ASSIGNMENT|[65]|beginDate|null
			01:17:00.0 (41732814)|VARIABLE_SCOPE_BEGIN|[65]|endDate|Datetime|false|false
			01:17:00.0 (41742652)|VARIABLE_ASSIGNMENT|[65]|endDate|null
			01:17:00.0 (43446466)|SOQL_EXECUTE_BEGIN|[83]|Aggregations:0|SELECT Id, BC_Date_Modified__c FROM Contact WHERE BC_Date_Modified__c != NULL ORDER BY BC_Date_Modified__c DESC NULLS FIRST LIMIT 1
			01:17:00.0 (89586114)|SOQL_EXECUTE_END|[83]|Rows:1
			01:17:00.0 (89849230)|VARIABLE_SCOPE_BEGIN|[83]|dateModifiedList|List<Contact>|true|false
			01:17:00.0 (89936036)|VARIABLE_ASSIGNMENT|[83]|dateModifiedList|[{"Id":"0031y00000IGuRwAAL","BC_Date_Modified__c":"2022-03-29T15:02:14.000Z"}]|0x5848bd13
			01:17:00.0 (90396636)|VARIABLE_SCOPE_BEGIN|[91]|lastDateModified|String|false|false
			01:17:00.0 (90417324)|VARIABLE_ASSIGNMENT|[91]|lastDateModified|"2022-03-30 02:02:15"
			01:17:00.0 (90502831)|USER_DEBUG|[97]|DEBUG|WS lastDateModified: 2022-03-30 02:02:15
			01:17:00.0 (91257475)|METHOD_ENTRY|[1]|01p2v00000SpN2a|RestWS.RestWS()
			01:17:00.0 (91284362)|METHOD_EXIT|[1]|RestWS
			01:17:00.0 (92133140)|CONSTRUCTOR_ENTRY|[99]|01p2v00000SpN2a|<init>(String,String,List<WSParameter>)|RestWS
			01:17:00.0 (92198077)|VARIABLE_SCOPE_BEGIN|[23]|this|RestWS|true|false
			01:17:00.0 (92255184)|VARIABLE_ASSIGNMENT|[23]|this|{}|0x54489ce7
			01:17:00.0 (92261854)|VARIABLE_SCOPE_BEGIN|[23]|endpoint|String|false|false
			01:17:00.0 (92278405)|VARIABLE_ASSIGNMENT|[23]|endpoint|"https://api.bigcomme (87 more) ..."
			01:17:00.0 (92287262)|VARIABLE_SCOPE_BEGIN|[23]|method|String|false|false
			01:17:00.0 (92302755)|VARIABLE_ASSIGNMENT|[23]|method|"GET"
			01:17:00.0 (92309623)|VARIABLE_SCOPE_BEGIN|[23]|urlParameters|List<WSParameter>|true|false
			01:17:00.0 (92326179)|VARIABLE_ASSIGNMENT|[23]|urlParameters|null|
			01:17:00.0 (92369836)|CONSTRUCTOR_ENTRY|[24]|01p2v00000SpN2a|<init>(String,String,List<WSParameter>,String)|RestWS
			01:17:00.0 (92407914)|VARIABLE_SCOPE_BEGIN|[19]|this|RestWS|true|false
			01:17:00.0 (92433681)|VARIABLE_ASSIGNMENT|[19]|this|{}|0x54489ce7
			01:17:00.0 (92439858)|VARIABLE_SCOPE_BEGIN|[19]|endpoint|String|false|false
			01:17:00.0 (92451548)|VARIABLE_ASSIGNMENT|[19]|endpoint|"https://api.bigcomme (87 more) ..."
			01:17:00.0 (92456805)|VARIABLE_SCOPE_BEGIN|[19]|method|String|false|false
			01:17:00.0 (92465790)|VARIABLE_ASSIGNMENT|[19]|method|"GET"
			01:17:00.0 (92470799)|VARIABLE_SCOPE_BEGIN|[19]|urlParameters|List<WSParameter>|true|false
			01:17:00.0 (92479530)|VARIABLE_ASSIGNMENT|[19]|urlParameters|null|
			01:17:00.0 (92484666)|VARIABLE_SCOPE_BEGIN|[19]|bodyParameter|String|false|false
			01:17:00.0 (92494000)|VARIABLE_ASSIGNMENT|[19]|bodyParameter|""
			01:17:00.0 (92631280)|METHOD_ENTRY|[1]|01p2v00000SpN2h|WSParameter.WSParameter()
			01:17:00.0 (92656884)|METHOD_EXIT|[1]|WSParameter
			01:17:00.0 (92691103)|CONSTRUCTOR_ENTRY|[20]|01p2v00000SpN2h|<init>(String,String,Boolean,Boolean)|WSParameter
			01:17:00.0 (92714254)|VARIABLE_SCOPE_BEGIN|[11]|this|WSParameter|true|false
			01:17:00.0 (92739106)|VARIABLE_ASSIGNMENT|[11]|this|{}|0x4eba5e4
			01:17:00.0 (92744880)|VARIABLE_SCOPE_BEGIN|[11]|name|String|false|false
			01:17:00.0 (92758171)|VARIABLE_ASSIGNMENT|[11]|name|"body"
			01:17:00.0 (92766370)|VARIABLE_SCOPE_BEGIN|[11]|value|String|false|false
			01:17:00.0 (92779864)|VARIABLE_ASSIGNMENT|[11]|value|""
			01:17:00.0 (92795894)|VARIABLE_SCOPE_BEGIN|[11]|isRequired|Boolean|false|false
			01:17:00.0 (92810345)|VARIABLE_ASSIGNMENT|[11]|isRequired|false
			01:17:00.0 (92817899)|VARIABLE_SCOPE_BEGIN|[11]|urlEncoding|Boolean|false|false
			01:17:00.0 (92830386)|VARIABLE_ASSIGNMENT|[11]|urlEncoding|false
			01:17:00.0 (92904130)|VARIABLE_ASSIGNMENT|[12]|this.name|"body"|0x4eba5e4
			01:17:00.0 (92923967)|VARIABLE_ASSIGNMENT|[13]|this.isRequired|false|0x4eba5e4
			01:17:00.0 (92936299)|VARIABLE_ASSIGNMENT|[14]|this.value|""|0x4eba5e4
			01:17:00.0 (92952556)|VARIABLE_ASSIGNMENT|[15]|this.urlEncoding|false|0x4eba5e4
			01:17:00.0 (92972062)|CONSTRUCTOR_EXIT|[20]|01p2v00000SpN2h|<init>(String,String,Boolean,Boolean)|WSParameter
			01:17:00.0 (92991024)|CONSTRUCTOR_ENTRY|[20]|01p2v00000SpN2a|<init>(String,String,List<WSParameter>,WSParameter)|RestWS
			01:17:00.0 (93041297)|VARIABLE_SCOPE_BEGIN|[10]|this|RestWS|true|false
			01:17:00.0 (93093510)|VARIABLE_ASSIGNMENT|[10]|this|{}|0x54489ce7
			01:17:00.0 (93104728)|VARIABLE_SCOPE_BEGIN|[10]|endpoint|String|false|false
			01:17:00.0 (93121291)|VARIABLE_ASSIGNMENT|[10]|endpoint|"https://api.bigcomme (87 more) ..."
			01:17:00.0 (93126335)|VARIABLE_SCOPE_BEGIN|[10]|method|String|false|false
			01:17:00.0 (93135449)|VARIABLE_ASSIGNMENT|[10]|method|"GET"
			01:17:00.0 (93140204)|VARIABLE_SCOPE_BEGIN|[10]|urlParameters|List<WSParameter>|true|false
			01:17:00.0 (93149228)|VARIABLE_ASSIGNMENT|[10]|urlParameters|null|
			01:17:00.0 (93154551)|VARIABLE_SCOPE_BEGIN|[10]|bodyParameter|WSParameter|true|false
			01:17:00.0 (93176613)|VARIABLE_ASSIGNMENT|[10]|bodyParameter|{"isRequired":false,"name":"body","urlEncoding":false,"value":""}|0x4eba5e4
			01:17:00.0 (93196067)|VARIABLE_ASSIGNMENT|[2]|this.endpoint|""|0x54489ce7
			01:17:00.0 (93231678)|VARIABLE_ASSIGNMENT|[7]|this.hasError|false|0x54489ce7
			01:17:00.0 (93248886)|VARIABLE_ASSIGNMENT|[8]|this.errorMessage|""|0x54489ce7
			01:17:00.0 (93409735)|VARIABLE_ASSIGNMENT|[11]|this.request|"System.HttpRequest[Endpoint=null, Method=null]"|0x54489ce7
			01:17:00.0 (93586685)|VARIABLE_ASSIGNMENT|[14]|this.bodyParameter|0x4eba5e4|0x54489ce7
			01:17:00.0 (93614001)|VARIABLE_ASSIGNMENT|[15]|this.endpoint|"https://api.bigcomme (87 more) ..."|0x54489ce7
			01:17:00.0 (93627162)|VARIABLE_ASSIGNMENT|[16]|this.parameters|null|0x54489ce7
			01:17:00.0 (93643747)|CONSTRUCTOR_EXIT|[20]|01p2v00000SpN2a|<init>(String,String,List<WSParameter>,WSParameter)|RestWS
			01:17:00.0 (93660701)|CONSTRUCTOR_EXIT|[24]|01p2v00000SpN2a|<init>(String,String,List<WSParameter>,String)|RestWS
			01:17:00.0 (93672666)|CONSTRUCTOR_EXIT|[99]|01p2v00000SpN2a|<init>(String,String,List<WSParameter>)|RestWS
			01:17:00.0 (93679766)|VARIABLE_SCOPE_BEGIN|[99]|ws|RestWS|true|false
			01:17:00.0 (93817278)|VARIABLE_ASSIGNMENT|[99]|ws|{"bodyParameter":"0x4eba5e4","endpoint":"https://api.bigcommerce.com/stores/n9dr7ak2qq/v2/customers?min_date_modified=2022-03-30T02:02:15Z&limit=200","errorMessage":"","hasError":false,"request":"System.HttpRequest[Endpoint=null, Method=GET]"}|0x54489ce7
			01:17:00.0 (93967253)|VARIABLE_SCOPE_BEGIN|[18]|this|WSParameter|true|false
			01:17:00.0 (94003688)|VARIABLE_ASSIGNMENT|[18]|this|{"isRequired":false,"name":"body","urlEncoding":false,"value":""}|0x4eba5e4
			01:17:00.0 (94116237)|USER_DEBUG|[104]|DEBUG|The ws: RestWS:[bodyParameter=, endpoint=https://api.bigcommerce.com/stores/n9dr7ak2qq/v2/customers?min_date_modified=2022-03-30T02:02:15Z&limit=200, errorMessage=, hasError=false, parameters=null, request=System.HttpRequest[Endpoint=null, Method=GET]]
			01:17:00.0 (94446495)|CONSTRUCTOR_ENTRY|[110]|01p2v00000SpN2g|<init>()|WSCustomersFromBigCommerce.Response
			01:17:00.0 (94480659)|VARIABLE_SCOPE_BEGIN|[113]|this|WSCustomersFromBigCommerce.Response|true|false
			01:17:00.0 (94527998)|VARIABLE_ASSIGNMENT|[113]|this|{}|0x6d6dc910
			01:17:00.0 (94545930)|METHOD_ENTRY|[1]|01p2v00000SpN2i|WSResult.WSResult()
			01:17:00.0 (94561824)|METHOD_EXIT|[1]|WSResult
			01:17:00.0 (94569574)|CONSTRUCTOR_ENTRY|[EXTERNAL]|01p2v00000SpN2i|<init>()|WSResult
			01:17:00.0 (94588223)|VARIABLE_SCOPE_BEGIN|[1]|this|WSResult|true|false
			01:17:00.0 (94627649)|VARIABLE_ASSIGNMENT|[1]|this|{}|0x6d6dc910
			01:17:00.0 (94676069)|CONSTRUCTOR_EXIT|[EXTERNAL]|01p2v00000SpN2i|<init>()|WSResult
			01:17:00.0 (94695316)|CONSTRUCTOR_EXIT|[110]|01p2v00000SpN2g|<init>()|WSCustomersFromBigCommerce.Response
			01:17:00.0 (94724027)|METHOD_ENTRY|[110]|01p2v00000SpN2a|RestWS.invoke(WSResult)
				01:17:00.0 (94733772)|VARIABLE_SCOPE_BEGIN|[78]|this|RestWS|true|false
				01:17:00.0 (94855690)|VARIABLE_ASSIGNMENT|[78]|this|{"bodyParameter":"0x4eba5e4","endpoint":"https://api.bigcommerce.com/stores/n9dr7ak2qq/v2/customers?min_date_modified=2022-03-30T02:02:15Z&limit=200","errorMessage":"","hasError":false,"request":"System.HttpRequest[Endpoint=null, Method=GET]"}|0x54489ce7
				01:17:00.0 (94869808)|VARIABLE_SCOPE_BEGIN|[78]|result|WSResult|true|false
				01:17:00.0 (94898290)|VARIABLE_ASSIGNMENT|[78]|result|{}|0x6d6dc910
				01:17:00.0 (94947539)|METHOD_ENTRY|[88]|01p2v00000SpN2a|RestWS.getMissingParametersMessage()
					01:17:00.0 (94966897)|VARIABLE_SCOPE_BEGIN|[27]|this|RestWS|true|false
					01:17:00.0 (95049168)|VARIABLE_ASSIGNMENT|[27]|this|{"bodyParameter":"0x4eba5e4","endpoint":"https://api.bigcommerce.com/stores/n9dr7ak2qq/v2/customers?min_date_modified=2022-03-30T02:02:15Z&limit=200","errorMessage":"","hasError":false,"request":"System.HttpRequest[Endpoint=null, Method=GET]"}|0x54489ce7
					01:17:00.0 (95186887)|VARIABLE_SCOPE_BEGIN|[32]|parametersToCheck|List<WSParameter>|true|false
					01:17:00.0 (95238632)|VARIABLE_ASSIGNMENT|[32]|parametersToCheck|[]|0x641f3268
					01:17:00.0 (95381865)|VARIABLE_SCOPE_BEGIN|[40]|missingParms|List<String>|true|false
					01:17:00.0 (95422145)|VARIABLE_ASSIGNMENT|[40]|missingParms|[]|0xc36277e
					01:17:00.0 (95690026)|VARIABLE_SCOPE_BEGIN|[41]|parameter|WSParameter|true|false
					01:17:00.0 (95737891)|VARIABLE_ASSIGNMENT|[41]|parameter|{"isRequired":false,"name":"body","urlEncoding":false,"value":""}|0x4eba5e4
					01:17:00.0 (95783623)|VARIABLE_ASSIGNMENT|[41]|parameter|null|
				01:17:00.0 (95843660)|METHOD_EXIT|[88]|01p2v00000SpN2a|RestWS.getMissingParametersMessage()
				01:17:00.0 (95854960)|VARIABLE_SCOPE_BEGIN|[88]|missingParamsMessage|String|false|false
				01:17:00.0 (95870666)|VARIABLE_ASSIGNMENT|[88]|missingParamsMessage|""
				01:17:00.0 (95941708)|METHOD_ENTRY|[96]|01p2v00000SpN2a|RestWS.formatEndpoint()
					01:17:00.0 (95954070)|VARIABLE_SCOPE_BEGIN|[58]|this|RestWS|true|false
					01:17:00.0 (96065240)|VARIABLE_ASSIGNMENT|[58]|this|{"bodyParameter":"0x4eba5e4","endpoint":"https://api.bigcommerce.com/stores/n9dr7ak2qq/v2/customers?min_date_modified=2022-03-30T02:02:15Z&limit=200","errorMessage":"","hasError":false,"request":"System.HttpRequest[Endpoint=null, Method=GET]"}|0x54489ce7
				01:17:00.0 (96104428)|METHOD_EXIT|[96]|01p2v00000SpN2a|RestWS.formatEndpoint()
				01:17:00.0 (96158401)|METHOD_ENTRY|[97]|01p2v00000SpN2a|RestWS.getBody()
					01:17:00.0 (96174220)|VARIABLE_SCOPE_BEGIN|[69]|this|RestWS|true|false
					01:17:00.0 (96270645)|VARIABLE_ASSIGNMENT|[69]|this|{"bodyParameter":"0x4eba5e4","endpoint":"https://api.bigcommerce.com/stores/n9dr7ak2qq/v2/customers?min_date_modified=2022-03-30T02:02:15Z&limit=200","errorMessage":"","hasError":false,"request":"System.HttpRequest[Endpoint=https://api.bigcommerce.com/stores/n9dr7ak2qq/v2/customers?min_date_modified=2022-03-30T02:02:15Z&limit=200, Method=GET]"}|0x54489ce7
				01:17:00.0 (96402458)|METHOD_EXIT|[97]|01p2v00000SpN2a|RestWS.getBody()
				01:17:00.0 (96411168)|VARIABLE_SCOPE_BEGIN|[97]|body|String|false|false
				01:17:00.0 (96424213)|VARIABLE_ASSIGNMENT|[97]|body|""
				01:17:00.0 (779211210)|VARIABLE_SCOPE_BEGIN|[104]|response|System.HttpResponse|true|false
				01:17:00.0 (779288549)|VARIABLE_ASSIGNMENT|[104]|response|"System.HttpResponse[Status=No Content, StatusCode=204]"|0xa590945
				01:17:00.0 (779523646)|USER_DEBUG|[107]|DEBUG|
				01:17:00.0 (779665347)|METHOD_ENTRY|[112]|01p2v00000SpN2g|WSCustomersFromBigCommerce.Response.processResponse(System.HttpResponse)
					01:17:00.0 (779708096)|VARIABLE_SCOPE_BEGIN|[116]|this|WSCustomersFromBigCommerce.Response|true|false
					01:17:00.0 (779823865)|VARIABLE_ASSIGNMENT|[116]|this|{"hasError":false,"request":"System.HttpRequest[Endpoint=https://api.bigcommerce.com/stores/n9dr7ak2qq/v2/customers?min_date_modified=2022-03-30T02:02:15Z&limit=200, Method=GET]","response":"System.HttpResponse[Status=No Content, StatusCode=204]"}|0x6d6dc910
					01:17:00.0 (779833951)|VARIABLE_SCOPE_BEGIN|[116]|response|System.HttpResponse|true|false
					01:17:00.0 (779856560)|VARIABLE_ASSIGNMENT|[116]|response|"System.HttpResponse[Status=No Content, StatusCode=204]"|0xa590945
					01:17:00.0 (780007729)|SYSTEM_METHOD_ENTRY|[1]|Type.Type()
					01:17:00.0 (780021997)|SYSTEM_METHOD_EXIT|[1]|Type
					01:17:00.0 (780053505)|VARIABLE_SCOPE_BEGIN|[4]|this|System.Type|true|false
					01:17:00.0 (780073933)|VARIABLE_ASSIGNMENT|[4]|this|{}|0x52e6eb92
					01:17:00.0 (780080275)|VARIABLE_SCOPE_BEGIN|[4]|apextype|java:common.apex.runtime.ApexObjectType|true|false
					01:17:00.0 (780139049)|VARIABLE_ASSIGNMENT|[4]|apextype|"List<WSCustomersBigCommerceResponse>"|0x10be0312
					01:17:00.0 (780214382)|SYSTEM_METHOD_ENTRY|[1]|JSON.JSON()
					01:17:00.0 (780223369)|SYSTEM_METHOD_EXIT|[1]|JSON
					01:17:00.0 (780237326)|METHOD_ENTRY|[118]||System.JSON.deserialize(String, System.Type)
					01:17:00.0 (780614909)|METHOD_EXIT|[118]||System.JSON.deserialize(String, System.Type)
				01:17:00.0 (780632777)|METHOD_EXIT|[112]|01p2v00000SpN2g|WSCustomersFromBigCommerce.Response.processResponse(System.HttpResponse)
				01:17:00.0 (780668681)|VARIABLE_SCOPE_BEGIN|[115]|ex|Exception|true|false
				01:17:00.0 (780720562)|VARIABLE_ASSIGNMENT|[115]|ex|"common.apex.runtime.impl.ExecutionException: No content to map to Object due to end of input"|0x538e5bc9
			01:17:00.0 (780818271)|METHOD_EXIT|[110]|01p2v00000SpN2a|RestWS.invoke(WSResult)
		01:17:00.0 (780829465)|METHOD_EXIT|[81]|01p2v00000SpN2g|WSCustomersFromBigCommerce.getCustomersUpdates(Boolean, Datetime, Datetime)
		01:17:00.0 (780835903)|VARIABLE_SCOPE_BEGIN|[81]|response|WSCustomersFromBigCommerce.Response|true|false
		01:17:00.0 (780916773)|VARIABLE_ASSIGNMENT|[81]|response|{"hasError":true,"message":"No content to map to Object due to end of input","request":"System.HttpRequest[Endpoint=https://api.bigcommerce.com/stores/n9dr7ak2qq/v2/customers?min_date_modified=2022-03-30T02:02:15Z&limit=200, Method=GET]","response":"System.HttpResponse[Status=No Content, StatusCode=204]"}|0x6d6dc910
		01:17:00.0 (780950966)|USER_DEBUG|[82]|DEBUG|System.HttpResponse[Status=No Content, StatusCode=204]
	01:17:00.0 (781090091)|METHOD_EXIT|[30]|01p2v00000SpN2V|CustomersFromBigCommerceBatchHelper.getCustomersFromBigCommerce(Boolean, Datetime, Datetime)
01:17:00.0 (795453542)|CODE_UNIT_FINISHED|CustomersFromBigCommerceBatch
01:17:00.0 (795470668)|EXECUTION_FINISHED
