45.0 APEX_CODE,FINEST;APEX_PROFILING,INFO;CALLOUT,INFO;DB,INFO;NBA,INFO;SYSTEM,DEBUG;VALIDATION,INFO;VISUALFORCE,INFO;WAVE,INFO;WORKFLOW,INFO
08:24:11.0 (617303)|USER_INFO|[EXTERNAL]|0052v00000fQDGY|api@naturalchemist.com.au.sand1|(GMT+11:00) Australian Eastern Daylight Time (Australia/Sydney)|GMT+11:00
08:24:11.0 (771729)|EXECUTION_STARTED
08:24:11.0 (787301)|CODE_UNIT_STARTED|[EXTERNAL]|01p2v00000SpN2U|CustomersFromBigCommerceBatch
	08:24:11.0 (20677157)|SYSTEM_METHOD_ENTRY|[15]|BatchableContextImpl.BatchableContextImpl()
	08:24:11.0 (20713175)|SYSTEM_METHOD_EXIT|[15]|BatchableContextImpl
	08:24:11.0 (20750926)|VARIABLE_SCOPE_BEGIN|[31]|this|Database.BatchableContextImpl|true|false
	08:24:11.0 (20921863)|VARIABLE_ASSIGNMENT|[31]|this|{}|0x689bb5d7
	08:24:11.0 (20936403)|VARIABLE_SCOPE_BEGIN|[31]|jobId|Id|false|false
	08:24:11.0 (21139373)|VARIABLE_ASSIGNMENT|[31]|jobId|"7071y00000J9CK6AAN"
	08:24:11.0 (21151279)|VARIABLE_SCOPE_BEGIN|[31]|childJobId|Id|false|false
	08:24:11.0 (21165678)|VARIABLE_ASSIGNMENT|[31]|childJobId|null
	08:24:11.0 (24332871)|METHOD_ENTRY|[1]|01p2v00000SpN2U|CustomersFromBigCommerceBatch.CustomersFromBigCommerceBatch()
	08:24:11.0 (24357105)|METHOD_EXIT|[1]|CustomersFromBigCommerceBatch
	08:24:11.0 (24387900)|VARIABLE_SCOPE_BEGIN|[23]|this|CustomersFromBigCommerceBatch|true|false
	08:24:11.0 (24442087)|VARIABLE_ASSIGNMENT|[23]|this|{"batchScheduleName":"67086","isManual":false}|0x31e32296
	08:24:11.0 (24452034)|VARIABLE_SCOPE_BEGIN|[23]|context|Database.BatchableContext|true|false
	08:24:11.0 (24565637)|VARIABLE_ASSIGNMENT|[23]|context|{"jobId":"7071y00000J9CK6AAN"}|0x689bb5d7
	08:24:11.0 (25286402)|METHOD_ENTRY|[1]|01p2v00000SpN2V|CustomersFromBigCommerceBatchHelper.CustomersFromBigCommerceBatchHelper()
	08:24:11.0 (25308994)|METHOD_EXIT|[1]|CustomersFromBigCommerceBatchHelper
	08:24:11.0 (25365609)|METHOD_ENTRY|[30]|01p2v00000SpN2V|CustomersFromBigCommerceBatchHelper.getCustomersFromBigCommerce(Boolean, Datetime, Datetime)
		08:24:11.0 (25428286)|VARIABLE_SCOPE_BEGIN|[80]|isManual|Boolean|false|false
		08:24:11.0 (25450679)|VARIABLE_ASSIGNMENT|[80]|isManual|false
		08:24:11.0 (25462743)|VARIABLE_SCOPE_BEGIN|[80]|beginDate|Datetime|false|false
		08:24:11.0 (25477517)|VARIABLE_ASSIGNMENT|[80]|beginDate|null
		08:24:11.0 (25487274)|VARIABLE_SCOPE_BEGIN|[80]|endDate|Datetime|false|false
		08:24:11.0 (25502057)|VARIABLE_ASSIGNMENT|[80]|endDate|null
		08:24:11.0 (26260090)|VARIABLE_SCOPE_BEGIN|[4]|WSCustomersFromBigCommerce.SERVICE_CONFIG|Webservice_endpoint_setting__mdt|true|true
		08:24:11.0 (26328901)|METHOD_ENTRY|[1]|01p2v00000SpN2g|WSCustomersFromBigCommerce.WSCustomersFromBigCommerce()
			08:24:11.0 (26956721)|VARIABLE_SCOPE_BEGIN|[3]|GenericUtilsHelper.currentOrg|Organization|true|true
			08:24:11.0 (27042451)|VARIABLE_SCOPE_BEGIN|[101]|GenericUtilsHelper.mapRecordTypes|Map<String,RecordType>|true|true
			08:24:11.0 (27140687)|METHOD_ENTRY|[1]|01p2v00000SpN2Y|GenericUtilsHelper.GenericUtilsHelper()
				08:24:11.0 (27287133)|VARIABLE_ASSIGNMENT|[101]|GenericUtilsHelper.mapRecordTypes|{}|0x20280a9a
			08:24:11.0 (27303599)|METHOD_EXIT|[1]|GenericUtilsHelper
			08:24:11.0 (27326944)|METHOD_ENTRY|[5]|01p2v00000SpN2Y|GenericUtilsHelper.getWebServiceConfig(String)
				08:24:11.0 (27355277)|VARIABLE_SCOPE_BEGIN|[86]|name|String|false|false
				08:24:11.0 (27380314)|VARIABLE_ASSIGNMENT|[86]|name|"SALESFORCE.BIGCOMMER (2 more) ..."
				08:24:11.0 (27405954)|METHOD_ENTRY|[87]|01p2v00000SpN2Y|GenericUtilsHelper.isSandboxEnviroment()
					08:24:11.0 (135941346)|SOQL_EXECUTE_BEGIN|[81]|Aggregations:0|SELECT Id, Name, IsSandbox FROM Organization LIMIT 1
					08:24:11.0 (139111617)|SOQL_EXECUTE_END|[81]|Rows:1
					08:24:11.0 (139466609)|VARIABLE_ASSIGNMENT|[81]|GenericUtilsHelper.currentOrg|{"Id":"00D1y0000008m7IEAQ","Name":"Natural Chemist","IsSandbox":true}|0x415e4406
				08:24:11.0 (139595204)|METHOD_EXIT|[87]|01p2v00000SpN2Y|GenericUtilsHelper.isSandboxEnviroment()
				08:24:11.0 (139619839)|VARIABLE_SCOPE_BEGIN|[87]|isProduction|Boolean|false|false
				08:24:11.0 (139656154)|VARIABLE_ASSIGNMENT|[87]|isProduction|false
				08:24:11.0 (141759470)|SOQL_EXECUTE_BEGIN|[88]|Aggregations:0|SELECT Id, URL__c, ClientId__c, ClientSecret__c, ActivateNatualScriptCallout__c, StoreHash__c, AppStoreUrl__c, AccessToken__c, ShipStation_Packing_UserId__c, ShipStation_Admin_UserId__c FROM Webservice_endpoint_setting__mdt WHERE (MasterLabel = :tmpVar1 AND Is_Production__c = :tmpVar2)
				08:24:11.0 (148202959)|SOQL_EXECUTE_END|[88]|Rows:1
				08:24:11.0 (148414150)|VARIABLE_SCOPE_BEGIN|[88]|result|List<Webservice_endpoint_setting__mdt>|true|false
				08:24:11.0 (148518887)|VARIABLE_ASSIGNMENT|[88]|result|[{"Id":"m002v000000yiYYAAY","URL__c":"https://api.bigcomme (26 more) ...","ClientId__c":"qgoe1p6a5xvhgkkvsiu5 (11 more) ...","ClientSecret__c":"d6631082dbbca140cafb (44 more) ...","ActivateNatualScriptCallout__c":false,"StoreHash__c":"n9dr7ak2qq","AppStoreUrl__c":"https://natural-chem (30 more) ...","AccessToken__c":"64so0mrm0qmlsrl3dl8l (11 more) ..."}]|0x58293b22
			08:24:11.0 (148707785)|METHOD_EXIT|[5]|01p2v00000SpN2Y|GenericUtilsHelper.getWebServiceConfig(String)
			08:24:11.0 (148757390)|VARIABLE_ASSIGNMENT|[4]|WSCustomersFromBigCommerce.SERVICE_CONFIG|{"Id":"m002v000000yiYYAAY","URL__c":"https://api.bigcomme (26 more) ...","ClientId__c":"qgoe1p6a5xvhgkkvsiu5 (11 more) ...","ClientSecret__c":"d6631082dbbca140cafb (44 more) ...","ActivateNatualScriptCallout__c":false,"StoreHash__c":"n9dr7ak2qq","AppStoreUrl__c":"https://natural-chem (30 more) ...","AccessToken__c":"64so0mrm0qmlsrl3dl8l (11 more) ..."}|0x3131f312
		08:24:11.0 (148793371)|METHOD_EXIT|[1]|WSCustomersFromBigCommerce
		08:24:11.0 (148836572)|METHOD_ENTRY|[81]|01p2v00000SpN2g|WSCustomersFromBigCommerce.getCustomersUpdates(Boolean, Datetime, Datetime)
			08:24:11.0 (149613197)|VARIABLE_SCOPE_BEGIN|[65]|isManual|Boolean|false|false
			08:24:11.0 (149645083)|VARIABLE_ASSIGNMENT|[65]|isManual|false
			08:24:11.0 (149664092)|VARIABLE_SCOPE_BEGIN|[65]|beginDate|Datetime|false|false
			08:24:11.0 (149679481)|VARIABLE_ASSIGNMENT|[65]|beginDate|null
			08:24:11.0 (149689567)|VARIABLE_SCOPE_BEGIN|[65]|endDate|Datetime|false|false
			08:24:11.0 (149710387)|VARIABLE_ASSIGNMENT|[65]|endDate|null
			08:24:11.0 (151521066)|SOQL_EXECUTE_BEGIN|[83]|Aggregations:0|SELECT Id, BC_Date_Modified__c FROM Contact WHERE BC_Date_Modified__c != NULL ORDER BY BC_Date_Modified__c DESC NULLS FIRST LIMIT 1
			08:24:11.0 (184424895)|SOQL_EXECUTE_END|[83]|Rows:1
			08:24:11.0 (184673607)|VARIABLE_SCOPE_BEGIN|[83]|dateModifiedList|List<Contact>|true|false
			08:24:11.0 (184790593)|VARIABLE_ASSIGNMENT|[83]|dateModifiedList|[{"Id":"0032v00003f8v5fAAA","BC_Date_Modified__c":"2022-01-26T09:52:14.000Z"}]|0xa0ea94a
			08:24:11.0 (185291848)|VARIABLE_SCOPE_BEGIN|[91]|lastDateModified|String|false|false
			08:24:11.0 (185318035)|VARIABLE_ASSIGNMENT|[91]|lastDateModified|"2022-01-26 20:52:15"
			08:24:11.0 (185435368)|USER_DEBUG|[97]|DEBUG|WS lastDateModified: 2022-01-26 20:52:15
			08:24:11.0 (186234698)|METHOD_ENTRY|[1]|01p2v00000SpN2a|RestWS.RestWS()
			08:24:11.0 (186262510)|METHOD_EXIT|[1]|RestWS
			08:24:11.0 (187108846)|CONSTRUCTOR_ENTRY|[99]|01p2v00000SpN2a|<init>(String,String,List<WSParameter>)|RestWS
			08:24:11.0 (187217188)|VARIABLE_SCOPE_BEGIN|[23]|this|RestWS|true|false
			08:24:11.0 (187329959)|VARIABLE_ASSIGNMENT|[23]|this|{}|0x41031201
			08:24:11.0 (187343588)|VARIABLE_SCOPE_BEGIN|[23]|endpoint|String|false|false
			08:24:11.0 (187365847)|VARIABLE_ASSIGNMENT|[23]|endpoint|"https://api.bigcomme (87 more) ..."
			08:24:11.0 (187374945)|VARIABLE_SCOPE_BEGIN|[23]|method|String|false|false
			08:24:11.0 (187390251)|VARIABLE_ASSIGNMENT|[23]|method|"GET"
			08:24:11.0 (187400934)|VARIABLE_SCOPE_BEGIN|[23]|urlParameters|List<WSParameter>|true|false
			08:24:11.0 (187416407)|VARIABLE_ASSIGNMENT|[23]|urlParameters|null|
			08:24:11.0 (187452619)|CONSTRUCTOR_ENTRY|[24]|01p2v00000SpN2a|<init>(String,String,List<WSParameter>,String)|RestWS
			08:24:11.0 (187481776)|VARIABLE_SCOPE_BEGIN|[19]|this|RestWS|true|false
			08:24:11.0 (187510603)|VARIABLE_ASSIGNMENT|[19]|this|{}|0x41031201
			08:24:11.0 (187520491)|VARIABLE_SCOPE_BEGIN|[19]|endpoint|String|false|false
			08:24:11.0 (187537339)|VARIABLE_ASSIGNMENT|[19]|endpoint|"https://api.bigcomme (87 more) ..."
			08:24:11.0 (187544251)|VARIABLE_SCOPE_BEGIN|[19]|method|String|false|false
			08:24:11.0 (187560782)|VARIABLE_ASSIGNMENT|[19]|method|"GET"
			08:24:11.0 (187567843)|VARIABLE_SCOPE_BEGIN|[19]|urlParameters|List<WSParameter>|true|false
			08:24:11.0 (187584615)|VARIABLE_ASSIGNMENT|[19]|urlParameters|null|
			08:24:11.0 (187591364)|VARIABLE_SCOPE_BEGIN|[19]|bodyParameter|String|false|false
			08:24:11.0 (187607903)|VARIABLE_ASSIGNMENT|[19]|bodyParameter|""
			08:24:11.0 (187642454)|METHOD_ENTRY|[1]|01p2v00000SpN2h|WSParameter.WSParameter()
			08:24:11.0 (187663423)|METHOD_EXIT|[1]|WSParameter
			08:24:11.0 (187701101)|CONSTRUCTOR_ENTRY|[20]|01p2v00000SpN2h|<init>(String,String,Boolean,Boolean)|WSParameter
			08:24:11.0 (187726281)|VARIABLE_SCOPE_BEGIN|[11]|this|WSParameter|true|false
			08:24:11.0 (187754440)|VARIABLE_ASSIGNMENT|[11]|this|{}|0xf8ec921
			08:24:11.0 (187765300)|VARIABLE_SCOPE_BEGIN|[11]|name|String|false|false
			08:24:11.0 (187780617)|VARIABLE_ASSIGNMENT|[11]|name|"body"
			08:24:11.0 (187789340)|VARIABLE_SCOPE_BEGIN|[11]|value|String|false|false
			08:24:11.0 (187801992)|VARIABLE_ASSIGNMENT|[11]|value|""
			08:24:11.0 (187822181)|VARIABLE_SCOPE_BEGIN|[11]|isRequired|Boolean|false|false
			08:24:11.0 (187837054)|VARIABLE_ASSIGNMENT|[11]|isRequired|false
			08:24:11.0 (187844289)|VARIABLE_SCOPE_BEGIN|[11]|urlEncoding|Boolean|false|false
			08:24:11.0 (187860958)|VARIABLE_ASSIGNMENT|[11]|urlEncoding|false
			08:24:11.0 (187919334)|VARIABLE_ASSIGNMENT|[12]|this.name|"body"|0xf8ec921
			08:24:11.0 (187943166)|VARIABLE_ASSIGNMENT|[13]|this.isRequired|false|0xf8ec921
			08:24:11.0 (187959226)|VARIABLE_ASSIGNMENT|[14]|this.value|""|0xf8ec921
			08:24:11.0 (187981631)|VARIABLE_ASSIGNMENT|[15]|this.urlEncoding|false|0xf8ec921
			08:24:11.0 (188004509)|CONSTRUCTOR_EXIT|[20]|01p2v00000SpN2h|<init>(String,String,Boolean,Boolean)|WSParameter
			08:24:11.0 (188021587)|CONSTRUCTOR_ENTRY|[20]|01p2v00000SpN2a|<init>(String,String,List<WSParameter>,WSParameter)|RestWS
			08:24:11.0 (188036755)|VARIABLE_SCOPE_BEGIN|[10]|this|RestWS|true|false
			08:24:11.0 (188058156)|VARIABLE_ASSIGNMENT|[10]|this|{}|0x41031201
			08:24:11.0 (188068185)|VARIABLE_SCOPE_BEGIN|[10]|endpoint|String|false|false
			08:24:11.0 (188084843)|VARIABLE_ASSIGNMENT|[10]|endpoint|"https://api.bigcomme (87 more) ..."
			08:24:11.0 (188093562)|VARIABLE_SCOPE_BEGIN|[10]|method|String|false|false
			08:24:11.0 (188108221)|VARIABLE_ASSIGNMENT|[10]|method|"GET"
			08:24:11.0 (188114879)|VARIABLE_SCOPE_BEGIN|[10]|urlParameters|List<WSParameter>|true|false
			08:24:11.0 (188127313)|VARIABLE_ASSIGNMENT|[10]|urlParameters|null|
			08:24:11.0 (188135636)|VARIABLE_SCOPE_BEGIN|[10]|bodyParameter|WSParameter|true|false
			08:24:11.0 (188159913)|VARIABLE_ASSIGNMENT|[10]|bodyParameter|{"isRequired":false,"name":"body","urlEncoding":false,"value":""}|0xf8ec921
			08:24:11.0 (188181713)|VARIABLE_ASSIGNMENT|[2]|this.endpoint|""|0x41031201
			08:24:11.0 (188221852)|VARIABLE_ASSIGNMENT|[7]|this.hasError|false|0x41031201
			08:24:11.0 (188239316)|VARIABLE_ASSIGNMENT|[8]|this.errorMessage|""|0x41031201
			08:24:11.0 (188393341)|VARIABLE_ASSIGNMENT|[11]|this.request|"System.HttpRequest[Endpoint=null, Method=null]"|0x41031201
			08:24:11.0 (188554369)|VARIABLE_ASSIGNMENT|[14]|this.bodyParameter|0xf8ec921|0x41031201
			08:24:11.0 (188576552)|VARIABLE_ASSIGNMENT|[15]|this.endpoint|"https://api.bigcomme (87 more) ..."|0x41031201
			08:24:11.0 (188593716)|VARIABLE_ASSIGNMENT|[16]|this.parameters|null|0x41031201
			08:24:11.0 (188610930)|CONSTRUCTOR_EXIT|[20]|01p2v00000SpN2a|<init>(String,String,List<WSParameter>,WSParameter)|RestWS
			08:24:11.0 (188627406)|CONSTRUCTOR_EXIT|[24]|01p2v00000SpN2a|<init>(String,String,List<WSParameter>,String)|RestWS
			08:24:11.0 (188644127)|CONSTRUCTOR_EXIT|[99]|01p2v00000SpN2a|<init>(String,String,List<WSParameter>)|RestWS
			08:24:11.0 (188656100)|VARIABLE_SCOPE_BEGIN|[99]|ws|RestWS|true|false
			08:24:11.0 (188762042)|VARIABLE_ASSIGNMENT|[99]|ws|{"bodyParameter":"0xf8ec921","endpoint":"https://api.bigcommerce.com/stores/n9dr7ak2qq/v2/customers?min_date_modified=2022-01-26T20:52:15Z&limit=200","errorMessage":"","hasError":false,"request":"System.HttpRequest[Endpoint=null, Method=GET]"}|0x41031201
			08:24:11.0 (188893969)|VARIABLE_SCOPE_BEGIN|[18]|this|WSParameter|true|false
			08:24:11.0 (188925331)|VARIABLE_ASSIGNMENT|[18]|this|{"isRequired":false,"name":"body","urlEncoding":false,"value":""}|0xf8ec921
			08:24:11.0 (189039436)|USER_DEBUG|[104]|DEBUG|The ws: RestWS:[bodyParameter=, endpoint=https://api.bigcommerce.com/stores/n9dr7ak2qq/v2/customers?min_date_modified=2022-01-26T20:52:15Z&limit=200, errorMessage=, hasError=false, parameters=null, request=System.HttpRequest[Endpoint=null, Method=GET]]
			08:24:11.0 (189347563)|CONSTRUCTOR_ENTRY|[110]|01p2v00000SpN2g|<init>()|WSCustomersFromBigCommerce.Response
			08:24:11.0 (189379974)|VARIABLE_SCOPE_BEGIN|[113]|this|WSCustomersFromBigCommerce.Response|true|false
			08:24:11.0 (189445245)|VARIABLE_ASSIGNMENT|[113]|this|{}|0x75aa881
			08:24:11.0 (189480457)|METHOD_ENTRY|[1]|01p2v00000SpN2i|WSResult.WSResult()
			08:24:11.0 (189502884)|METHOD_EXIT|[1]|WSResult
			08:24:11.0 (189510083)|CONSTRUCTOR_ENTRY|[EXTERNAL]|01p2v00000SpN2i|<init>()|WSResult
			08:24:11.0 (189533485)|VARIABLE_SCOPE_BEGIN|[1]|this|WSResult|true|false
			08:24:11.0 (189557321)|VARIABLE_ASSIGNMENT|[1]|this|{}|0x75aa881
			08:24:11.0 (189598948)|CONSTRUCTOR_EXIT|[EXTERNAL]|01p2v00000SpN2i|<init>()|WSResult
			08:24:11.0 (189617800)|CONSTRUCTOR_EXIT|[110]|01p2v00000SpN2g|<init>()|WSCustomersFromBigCommerce.Response
			08:24:11.0 (189843469)|METHOD_ENTRY|[110]|01p2v00000SpN2a|RestWS.invoke(WSResult)
				08:24:11.0 (189856198)|VARIABLE_SCOPE_BEGIN|[78]|this|RestWS|true|false
				08:24:11.0 (190003273)|VARIABLE_ASSIGNMENT|[78]|this|{"bodyParameter":"0xf8ec921","endpoint":"https://api.bigcommerce.com/stores/n9dr7ak2qq/v2/customers?min_date_modified=2022-01-26T20:52:15Z&limit=200","errorMessage":"","hasError":false,"request":"System.HttpRequest[Endpoint=null, Method=GET]"}|0x41031201
				08:24:11.0 (190019496)|VARIABLE_SCOPE_BEGIN|[78]|result|WSResult|true|false
				08:24:11.0 (190044309)|VARIABLE_ASSIGNMENT|[78]|result|{}|0x75aa881
				08:24:11.0 (190133247)|METHOD_ENTRY|[88]|01p2v00000SpN2a|RestWS.getMissingParametersMessage()
					08:24:11.0 (190162492)|VARIABLE_SCOPE_BEGIN|[27]|this|RestWS|true|false
					08:24:11.0 (190245627)|VARIABLE_ASSIGNMENT|[27]|this|{"bodyParameter":"0xf8ec921","endpoint":"https://api.bigcommerce.com/stores/n9dr7ak2qq/v2/customers?min_date_modified=2022-01-26T20:52:15Z&limit=200","errorMessage":"","hasError":false,"request":"System.HttpRequest[Endpoint=null, Method=GET]"}|0x41031201
					08:24:11.0 (190414110)|VARIABLE_SCOPE_BEGIN|[32]|parametersToCheck|List<WSParameter>|true|false
					08:24:11.0 (190468561)|VARIABLE_ASSIGNMENT|[32]|parametersToCheck|[]|0x27ae2c43
					08:24:11.0 (190621415)|VARIABLE_SCOPE_BEGIN|[40]|missingParms|List<String>|true|false
					08:24:11.0 (190668162)|VARIABLE_ASSIGNMENT|[40]|missingParms|[]|0x643e78fa
					08:24:11.0 (190910329)|VARIABLE_SCOPE_BEGIN|[41]|parameter|WSParameter|true|false
					08:24:11.0 (190953770)|VARIABLE_ASSIGNMENT|[41]|parameter|{"isRequired":false,"name":"body","urlEncoding":false,"value":""}|0xf8ec921
					08:24:11.0 (190998897)|VARIABLE_ASSIGNMENT|[41]|parameter|null|
				08:24:11.0 (191052974)|METHOD_EXIT|[88]|01p2v00000SpN2a|RestWS.getMissingParametersMessage()
				08:24:11.0 (191064668)|VARIABLE_SCOPE_BEGIN|[88]|missingParamsMessage|String|false|false
				08:24:11.0 (191083147)|VARIABLE_ASSIGNMENT|[88]|missingParamsMessage|""
				08:24:11.0 (191145214)|METHOD_ENTRY|[96]|01p2v00000SpN2a|RestWS.formatEndpoint()
					08:24:11.0 (191162010)|VARIABLE_SCOPE_BEGIN|[58]|this|RestWS|true|false
					08:24:11.0 (191261167)|VARIABLE_ASSIGNMENT|[58]|this|{"bodyParameter":"0xf8ec921","endpoint":"https://api.bigcommerce.com/stores/n9dr7ak2qq/v2/customers?min_date_modified=2022-01-26T20:52:15Z&limit=200","errorMessage":"","hasError":false,"request":"System.HttpRequest[Endpoint=null, Method=GET]"}|0x41031201
				08:24:11.0 (191292329)|METHOD_EXIT|[96]|01p2v00000SpN2a|RestWS.formatEndpoint()
				08:24:11.0 (191394208)|METHOD_ENTRY|[97]|01p2v00000SpN2a|RestWS.getBody()
					08:24:11.0 (191421632)|VARIABLE_SCOPE_BEGIN|[69]|this|RestWS|true|false
					08:24:11.0 (191526020)|VARIABLE_ASSIGNMENT|[69]|this|{"bodyParameter":"0xf8ec921","endpoint":"https://api.bigcommerce.com/stores/n9dr7ak2qq/v2/customers?min_date_modified=2022-01-26T20:52:15Z&limit=200","errorMessage":"","hasError":false,"request":"System.HttpRequest[Endpoint=https://api.bigcommerce.com/stores/n9dr7ak2qq/v2/customers?min_date_modified=2022-01-26T20:52:15Z&limit=200, Method=GET]"}|0x41031201
				08:24:11.0 (191656689)|METHOD_EXIT|[97]|01p2v00000SpN2a|RestWS.getBody()
				08:24:11.0 (191668856)|VARIABLE_SCOPE_BEGIN|[97]|body|String|false|false
				08:24:11.0 (191687173)|VARIABLE_ASSIGNMENT|[97]|body|""
				08:24:11.0 (191884573)|CALLOUT_REQUEST|[104]|System.HttpRequest[Endpoint=https://api.bigcommerce.com/stores/n9dr7ak2qq/v2/customers?min_date_modified=2022-01-26T20:52:15Z&limit=200, Method=GET]
				08:24:11.0 (727695192)|CALLOUT_RESPONSE|[104]|System.HttpResponse[Status=No Content, StatusCode=204]
				08:24:11.0 (727783100)|VARIABLE_SCOPE_BEGIN|[104]|response|System.HttpResponse|true|false
				08:24:11.0 (728220097)|VARIABLE_ASSIGNMENT|[104]|response|"System.HttpResponse[Status=No Content, StatusCode=204]"|0x28f1cd42
				08:24:11.0 (730237814)|USER_DEBUG|[107]|DEBUG|
				08:24:11.0 (730412953)|METHOD_ENTRY|[112]|01p2v00000SpN2g|WSCustomersFromBigCommerce.Response.processResponse(System.HttpResponse)
					08:24:11.0 (730467876)|VARIABLE_SCOPE_BEGIN|[116]|this|WSCustomersFromBigCommerce.Response|true|false
					08:24:11.0 (730629582)|VARIABLE_ASSIGNMENT|[116]|this|{"hasError":false,"request":"System.HttpRequest[Endpoint=https://api.bigcommerce.com/stores/n9dr7ak2qq/v2/customers?min_date_modified=2022-01-26T20:52:15Z&limit=200, Method=GET]","response":"System.HttpResponse[Status=No Content, StatusCode=204]"}|0x75aa881
					08:24:11.0 (730645050)|VARIABLE_SCOPE_BEGIN|[116]|response|System.HttpResponse|true|false
					08:24:11.0 (730676891)|VARIABLE_ASSIGNMENT|[116]|response|"System.HttpResponse[Status=No Content, StatusCode=204]"|0x28f1cd42
					08:24:11.0 (730948763)|SYSTEM_METHOD_ENTRY|[1]|Type.Type()
					08:24:11.0 (730975871)|SYSTEM_METHOD_EXIT|[1]|Type
					08:24:11.0 (731024745)|VARIABLE_SCOPE_BEGIN|[4]|this|System.Type|true|false
					08:24:11.0 (731070127)|VARIABLE_ASSIGNMENT|[4]|this|{}|0x12a4766
					08:24:11.0 (731084490)|VARIABLE_SCOPE_BEGIN|[4]|apextype|java:common.apex.runtime.ApexObjectType|true|false
					08:24:11.0 (731199651)|VARIABLE_ASSIGNMENT|[4]|apextype|"List<WSCustomersBigCommerceResponse>"|0x271711dc
					08:24:11.0 (731344832)|SYSTEM_METHOD_ENTRY|[1]|JSON.JSON()
					08:24:11.0 (731360306)|SYSTEM_METHOD_EXIT|[1]|JSON
					08:24:11.0 (731389952)|METHOD_ENTRY|[118]||System.JSON.deserialize(String, System.Type)
					08:24:11.0 (731813491)|METHOD_EXIT|[118]||System.JSON.deserialize(String, System.Type)
				08:24:11.0 (731829669)|METHOD_EXIT|[112]|01p2v00000SpN2g|WSCustomersFromBigCommerce.Response.processResponse(System.HttpResponse)
				08:24:11.0 (731858723)|VARIABLE_SCOPE_BEGIN|[115]|ex|Exception|true|false
				08:24:11.0 (731917262)|VARIABLE_ASSIGNMENT|[115]|ex|"common.apex.runtime.impl.ExecutionException: No content to map to Object due to end of input"|0x3df33b2a
			08:24:11.0 (732056720)|METHOD_EXIT|[110]|01p2v00000SpN2a|RestWS.invoke(WSResult)
		08:24:11.0 (732073001)|METHOD_EXIT|[81]|01p2v00000SpN2g|WSCustomersFromBigCommerce.getCustomersUpdates(Boolean, Datetime, Datetime)
		08:24:11.0 (732084118)|VARIABLE_SCOPE_BEGIN|[81]|response|WSCustomersFromBigCommerce.Response|true|false
		08:24:11.0 (732190795)|VARIABLE_ASSIGNMENT|[81]|response|{"hasError":true,"message":"No content to map to Object due to end of input","request":"System.HttpRequest[Endpoint=https://api.bigcommerce.com/stores/n9dr7ak2qq/v2/customers?min_date_modified=2022-01-26T20:52:15Z&limit=200, Method=GET]","response":"System.HttpResponse[Status=No Content, StatusCode=204]"}|0x75aa881
		08:24:11.0 (732253868)|USER_DEBUG|[82]|DEBUG|System.HttpResponse[Status=No Content, StatusCode=204]
	08:24:11.0 (732423312)|METHOD_EXIT|[30]|01p2v00000SpN2V|CustomersFromBigCommerceBatchHelper.getCustomersFromBigCommerce(Boolean, Datetime, Datetime)
	08:24:11.750 (750568612)|CUMULATIVE_LIMIT_USAGE
	08:24:11.750 (750568612)|LIMIT_USAGE_FOR_NS|(default)|
	  Number of SOQL queries: 0 out of 200
	  Number of query rows: 0 out of 50000
	  Number of SOSL queries: 0 out of 20
	  Number of DML statements: 0 out of 150
	  Number of Publish Immediate DML: 0 out of 150
	  Number of DML rows: 0 out of 10000
	  Maximum CPU time: 0 out of 60000
	  Maximum heap size: 0 out of 12000000
	  Number of callouts: 0 out of 0
	  Number of Email Invocations: 0 out of 10
	  Number of future calls: 0 out of 0
	  Number of queueable jobs added to the queue: 0 out of 1
	  Number of Mobile Apex push calls: 0 out of 10
	
	08:24:11.750 (750568612)|CUMULATIVE_LIMIT_USAGE_END
	
08:24:11.0 (750673522)|CODE_UNIT_FINISHED|CustomersFromBigCommerceBatch
08:24:11.0 (750701789)|EXECUTION_FINISHED
