45.0 APEX_CODE,FINEST;APEX_PROFILING,INFO;CALLOUT,INFO;DB,INFO;NBA,INFO;SYSTEM,DEBUG;VALIDATION,INFO;VISUALFORCE,INFO;WAVE,INFO;WORKFLOW,INFO
08:09:00.0 (619030)|USER_INFO|[EXTERNAL]|0052v00000fQDGY|api@naturalchemist.com.au.sand1|(GMT+11:00) Australian Eastern Daylight Time (Australia/Sydney)|GMT+11:00
08:09:00.0 (718871)|EXECUTION_STARTED
08:09:00.0 (730265)|CODE_UNIT_STARTED|[EXTERNAL]|01p2v00000SpN2U|CustomersFromBigCommerceBatch
	08:09:00.0 (22061651)|SYSTEM_METHOD_ENTRY|[15]|BatchableContextImpl.BatchableContextImpl()
	08:09:00.0 (22100007)|SYSTEM_METHOD_EXIT|[15]|BatchableContextImpl
	08:09:00.0 (22160876)|VARIABLE_SCOPE_BEGIN|[31]|this|Database.BatchableContextImpl|true|false
	08:09:00.0 (22264597)|VARIABLE_ASSIGNMENT|[31]|this|{}|0x59dbaf7d
	08:09:00.0 (22276814)|VARIABLE_SCOPE_BEGIN|[31]|jobId|Id|false|false
	08:09:00.0 (22468949)|VARIABLE_ASSIGNMENT|[31]|jobId|"7071y00000J9CDpAAN"
	08:09:00.0 (22478557)|VARIABLE_SCOPE_BEGIN|[31]|childJobId|Id|false|false
	08:09:00.0 (22494214)|VARIABLE_ASSIGNMENT|[31]|childJobId|null
	08:09:00.0 (25960129)|METHOD_ENTRY|[1]|01p2v00000SpN2U|CustomersFromBigCommerceBatch.CustomersFromBigCommerceBatch()
	08:09:00.0 (25984445)|METHOD_EXIT|[1]|CustomersFromBigCommerceBatch
	08:09:00.0 (26007858)|VARIABLE_SCOPE_BEGIN|[23]|this|CustomersFromBigCommerceBatch|true|false
	08:09:00.0 (26063433)|VARIABLE_ASSIGNMENT|[23]|this|{"batchScheduleName":"67083","isManual":false}|0x1b2cd69a
	08:09:00.0 (26074516)|VARIABLE_SCOPE_BEGIN|[23]|context|Database.BatchableContext|true|false
	08:09:00.0 (26175756)|VARIABLE_ASSIGNMENT|[23]|context|{"jobId":"7071y00000J9CDpAAN"}|0x59dbaf7d
	08:09:00.0 (26787646)|METHOD_ENTRY|[1]|01p2v00000SpN2V|CustomersFromBigCommerceBatchHelper.CustomersFromBigCommerceBatchHelper()
	08:09:00.0 (26807708)|METHOD_EXIT|[1]|CustomersFromBigCommerceBatchHelper
	08:09:00.0 (26833118)|METHOD_ENTRY|[30]|01p2v00000SpN2V|CustomersFromBigCommerceBatchHelper.getCustomersFromBigCommerce(Boolean, Datetime, Datetime)
		08:09:00.0 (26870421)|VARIABLE_SCOPE_BEGIN|[80]|isManual|Boolean|false|false
		08:09:00.0 (26891780)|VARIABLE_ASSIGNMENT|[80]|isManual|false
		08:09:00.0 (26901352)|VARIABLE_SCOPE_BEGIN|[80]|beginDate|Datetime|false|false
		08:09:00.0 (26914824)|VARIABLE_ASSIGNMENT|[80]|beginDate|null
		08:09:00.0 (26923485)|VARIABLE_SCOPE_BEGIN|[80]|endDate|Datetime|false|false
		08:09:00.0 (26936171)|VARIABLE_ASSIGNMENT|[80]|endDate|null
		08:09:00.0 (27385109)|VARIABLE_SCOPE_BEGIN|[4]|WSCustomersFromBigCommerce.SERVICE_CONFIG|Webservice_endpoint_setting__mdt|true|true
		08:09:00.0 (27735213)|METHOD_ENTRY|[1]|01p2v00000SpN2g|WSCustomersFromBigCommerce.WSCustomersFromBigCommerce()
			08:09:00.0 (28234952)|VARIABLE_SCOPE_BEGIN|[3]|GenericUtilsHelper.currentOrg|Organization|true|true
			08:09:00.0 (28254400)|VARIABLE_SCOPE_BEGIN|[101]|GenericUtilsHelper.mapRecordTypes|Map<String,RecordType>|true|true
			08:09:00.0 (28501435)|METHOD_ENTRY|[1]|01p2v00000SpN2Y|GenericUtilsHelper.GenericUtilsHelper()
				08:09:00.0 (28635342)|VARIABLE_ASSIGNMENT|[101]|GenericUtilsHelper.mapRecordTypes|{}|0x2e06ffa8
			08:09:00.0 (28648028)|METHOD_EXIT|[1]|GenericUtilsHelper
			08:09:00.0 (28667415)|METHOD_ENTRY|[5]|01p2v00000SpN2Y|GenericUtilsHelper.getWebServiceConfig(String)
				08:09:00.0 (28696258)|VARIABLE_SCOPE_BEGIN|[86]|name|String|false|false
				08:09:00.0 (28721258)|VARIABLE_ASSIGNMENT|[86]|name|"SALESFORCE.BIGCOMMER (2 more) ..."
				08:09:00.0 (28745589)|METHOD_ENTRY|[87]|01p2v00000SpN2Y|GenericUtilsHelper.isSandboxEnviroment()
					08:09:00.0 (36442924)|SOQL_EXECUTE_BEGIN|[81]|Aggregations:0|SELECT Id, Name, IsSandbox FROM Organization LIMIT 1
					08:09:00.0 (39554518)|SOQL_EXECUTE_END|[81]|Rows:1
					08:09:00.0 (40112542)|VARIABLE_ASSIGNMENT|[81]|GenericUtilsHelper.currentOrg|{"Id":"00D1y0000008m7IEAQ","Name":"Natural Chemist","IsSandbox":true}|0x9a4f6d9
				08:09:00.0 (40207688)|METHOD_EXIT|[87]|01p2v00000SpN2Y|GenericUtilsHelper.isSandboxEnviroment()
				08:09:00.0 (40234500)|VARIABLE_SCOPE_BEGIN|[87]|isProduction|Boolean|false|false
				08:09:00.0 (40271665)|VARIABLE_ASSIGNMENT|[87]|isProduction|false
				08:09:00.0 (41923488)|SOQL_EXECUTE_BEGIN|[88]|Aggregations:0|SELECT Id, URL__c, ClientId__c, ClientSecret__c, ActivateNatualScriptCallout__c, StoreHash__c, AppStoreUrl__c, AccessToken__c, ShipStation_Packing_UserId__c, ShipStation_Admin_UserId__c FROM Webservice_endpoint_setting__mdt WHERE (MasterLabel = :tmpVar1 AND Is_Production__c = :tmpVar2)
				08:09:00.0 (47087505)|SOQL_EXECUTE_END|[88]|Rows:1
				08:09:00.0 (47283080)|VARIABLE_SCOPE_BEGIN|[88]|result|List<Webservice_endpoint_setting__mdt>|true|false
				08:09:00.0 (47366702)|VARIABLE_ASSIGNMENT|[88]|result|[{"Id":"m002v000000yiYYAAY","URL__c":"https://api.bigcomme (26 more) ...","ClientId__c":"qgoe1p6a5xvhgkkvsiu5 (11 more) ...","ClientSecret__c":"d6631082dbbca140cafb (44 more) ...","ActivateNatualScriptCallout__c":false,"StoreHash__c":"n9dr7ak2qq","AppStoreUrl__c":"https://natural-chem (30 more) ...","AccessToken__c":"64so0mrm0qmlsrl3dl8l (11 more) ..."}]|0x562522bc
			08:09:00.0 (47532990)|METHOD_EXIT|[5]|01p2v00000SpN2Y|GenericUtilsHelper.getWebServiceConfig(String)
			08:09:00.0 (47579047)|VARIABLE_ASSIGNMENT|[4]|WSCustomersFromBigCommerce.SERVICE_CONFIG|{"Id":"m002v000000yiYYAAY","URL__c":"https://api.bigcomme (26 more) ...","ClientId__c":"qgoe1p6a5xvhgkkvsiu5 (11 more) ...","ClientSecret__c":"d6631082dbbca140cafb (44 more) ...","ActivateNatualScriptCallout__c":false,"StoreHash__c":"n9dr7ak2qq","AppStoreUrl__c":"https://natural-chem (30 more) ...","AccessToken__c":"64so0mrm0qmlsrl3dl8l (11 more) ..."}|0x4f1a2da7
		08:09:00.0 (47612767)|METHOD_EXIT|[1]|WSCustomersFromBigCommerce
		08:09:00.0 (47631984)|METHOD_ENTRY|[81]|01p2v00000SpN2g|WSCustomersFromBigCommerce.getCustomersUpdates(Boolean, Datetime, Datetime)
			08:09:00.0 (47656452)|VARIABLE_SCOPE_BEGIN|[65]|isManual|Boolean|false|false
			08:09:00.0 (47672651)|VARIABLE_ASSIGNMENT|[65]|isManual|false
			08:09:00.0 (47680303)|VARIABLE_SCOPE_BEGIN|[65]|beginDate|Datetime|false|false
			08:09:00.0 (47695843)|VARIABLE_ASSIGNMENT|[65]|beginDate|null
			08:09:00.0 (47703085)|VARIABLE_SCOPE_BEGIN|[65]|endDate|Datetime|false|false
			08:09:00.0 (47718381)|VARIABLE_ASSIGNMENT|[65]|endDate|null
			08:09:00.0 (49565338)|SOQL_EXECUTE_BEGIN|[83]|Aggregations:0|SELECT Id, BC_Date_Modified__c FROM Contact WHERE BC_Date_Modified__c != NULL ORDER BY BC_Date_Modified__c DESC NULLS FIRST LIMIT 1
			08:09:00.0 (89504948)|SOQL_EXECUTE_END|[83]|Rows:1
			08:09:00.0 (89728313)|VARIABLE_SCOPE_BEGIN|[83]|dateModifiedList|List<Contact>|true|false
			08:09:00.0 (89787899)|VARIABLE_ASSIGNMENT|[83]|dateModifiedList|[{"Id":"0032v00003f8v5fAAA","BC_Date_Modified__c":"2022-01-26T09:52:14.000Z"}]|0x49280635
			08:09:00.0 (90193362)|VARIABLE_SCOPE_BEGIN|[91]|lastDateModified|String|false|false
			08:09:00.0 (90217586)|VARIABLE_ASSIGNMENT|[91]|lastDateModified|"2022-01-26 20:52:15"
			08:09:00.0 (90293851)|USER_DEBUG|[97]|DEBUG|WS lastDateModified: 2022-01-26 20:52:15
			08:09:00.0 (91135447)|METHOD_ENTRY|[1]|01p2v00000SpN2a|RestWS.RestWS()
			08:09:00.0 (91159944)|METHOD_EXIT|[1]|RestWS
			08:09:00.0 (91894846)|CONSTRUCTOR_ENTRY|[99]|01p2v00000SpN2a|<init>(String,String,List<WSParameter>)|RestWS
			08:09:00.0 (91940331)|VARIABLE_SCOPE_BEGIN|[23]|this|RestWS|true|false
			08:09:00.0 (91999957)|VARIABLE_ASSIGNMENT|[23]|this|{}|0xa5cb9b4
			08:09:00.0 (92008573)|VARIABLE_SCOPE_BEGIN|[23]|endpoint|String|false|false
			08:09:00.0 (92029962)|VARIABLE_ASSIGNMENT|[23]|endpoint|"https://api.bigcomme (87 more) ..."
			08:09:00.0 (92036896)|VARIABLE_SCOPE_BEGIN|[23]|method|String|false|false
			08:09:00.0 (92052249)|VARIABLE_ASSIGNMENT|[23]|method|"GET"
			08:09:00.0 (92059569)|VARIABLE_SCOPE_BEGIN|[23]|urlParameters|List<WSParameter>|true|false
			08:09:00.0 (92075193)|VARIABLE_ASSIGNMENT|[23]|urlParameters|null|
			08:09:00.0 (92106745)|CONSTRUCTOR_ENTRY|[24]|01p2v00000SpN2a|<init>(String,String,List<WSParameter>,String)|RestWS
			08:09:00.0 (92127788)|VARIABLE_SCOPE_BEGIN|[19]|this|RestWS|true|false
			08:09:00.0 (92149091)|VARIABLE_ASSIGNMENT|[19]|this|{}|0xa5cb9b4
			08:09:00.0 (92158786)|VARIABLE_SCOPE_BEGIN|[19]|endpoint|String|false|false
			08:09:00.0 (92175887)|VARIABLE_ASSIGNMENT|[19]|endpoint|"https://api.bigcomme (87 more) ..."
			08:09:00.0 (92182762)|VARIABLE_SCOPE_BEGIN|[19]|method|String|false|false
			08:09:00.0 (92197226)|VARIABLE_ASSIGNMENT|[19]|method|"GET"
			08:09:00.0 (92203785)|VARIABLE_SCOPE_BEGIN|[19]|urlParameters|List<WSParameter>|true|false
			08:09:00.0 (92218739)|VARIABLE_ASSIGNMENT|[19]|urlParameters|null|
			08:09:00.0 (92225783)|VARIABLE_SCOPE_BEGIN|[19]|bodyParameter|String|false|false
			08:09:00.0 (92238390)|VARIABLE_ASSIGNMENT|[19]|bodyParameter|""
			08:09:00.0 (92281270)|METHOD_ENTRY|[1]|01p2v00000SpN2h|WSParameter.WSParameter()
			08:09:00.0 (92299493)|METHOD_EXIT|[1]|WSParameter
			08:09:00.0 (92332399)|CONSTRUCTOR_ENTRY|[20]|01p2v00000SpN2h|<init>(String,String,Boolean,Boolean)|WSParameter
			08:09:00.0 (92364537)|VARIABLE_SCOPE_BEGIN|[11]|this|WSParameter|true|false
			08:09:00.0 (92388680)|VARIABLE_ASSIGNMENT|[11]|this|{}|0x38425e1c
			08:09:00.0 (92398327)|VARIABLE_SCOPE_BEGIN|[11]|name|String|false|false
			08:09:00.0 (92411761)|VARIABLE_ASSIGNMENT|[11]|name|"body"
			08:09:00.0 (92419109)|VARIABLE_SCOPE_BEGIN|[11]|value|String|false|false
			08:09:00.0 (92433286)|VARIABLE_ASSIGNMENT|[11]|value|""
			08:09:00.0 (92444343)|VARIABLE_SCOPE_BEGIN|[11]|isRequired|Boolean|false|false
			08:09:00.0 (92460532)|VARIABLE_ASSIGNMENT|[11]|isRequired|false
			08:09:00.0 (92468324)|VARIABLE_SCOPE_BEGIN|[11]|urlEncoding|Boolean|false|false
			08:09:00.0 (92482942)|VARIABLE_ASSIGNMENT|[11]|urlEncoding|false
			08:09:00.0 (92539248)|VARIABLE_ASSIGNMENT|[12]|this.name|"body"|0x38425e1c
			08:09:00.0 (92563645)|VARIABLE_ASSIGNMENT|[13]|this.isRequired|false|0x38425e1c
			08:09:00.0 (92579218)|VARIABLE_ASSIGNMENT|[14]|this.value|""|0x38425e1c
			08:09:00.0 (92600729)|VARIABLE_ASSIGNMENT|[15]|this.urlEncoding|false|0x38425e1c
			08:09:00.0 (92615366)|CONSTRUCTOR_EXIT|[20]|01p2v00000SpN2h|<init>(String,String,Boolean,Boolean)|WSParameter
			08:09:00.0 (92631200)|CONSTRUCTOR_ENTRY|[20]|01p2v00000SpN2a|<init>(String,String,List<WSParameter>,WSParameter)|RestWS
			08:09:00.0 (92642114)|VARIABLE_SCOPE_BEGIN|[10]|this|RestWS|true|false
			08:09:00.0 (92663792)|VARIABLE_ASSIGNMENT|[10]|this|{}|0xa5cb9b4
			08:09:00.0 (92672073)|VARIABLE_SCOPE_BEGIN|[10]|endpoint|String|false|false
			08:09:00.0 (92689067)|VARIABLE_ASSIGNMENT|[10]|endpoint|"https://api.bigcomme (87 more) ..."
			08:09:00.0 (92696329)|VARIABLE_SCOPE_BEGIN|[10]|method|String|false|false
			08:09:00.0 (92710831)|VARIABLE_ASSIGNMENT|[10]|method|"GET"
			08:09:00.0 (92717988)|VARIABLE_SCOPE_BEGIN|[10]|urlParameters|List<WSParameter>|true|false
			08:09:00.0 (92730377)|VARIABLE_ASSIGNMENT|[10]|urlParameters|null|
			08:09:00.0 (92739847)|VARIABLE_SCOPE_BEGIN|[10]|bodyParameter|WSParameter|true|false
			08:09:00.0 (92764571)|VARIABLE_ASSIGNMENT|[10]|bodyParameter|{"isRequired":false,"name":"body","urlEncoding":false,"value":""}|0x38425e1c
			08:09:00.0 (92784596)|VARIABLE_ASSIGNMENT|[2]|this.endpoint|""|0xa5cb9b4
			08:09:00.0 (92817099)|VARIABLE_ASSIGNMENT|[7]|this.hasError|false|0xa5cb9b4
			08:09:00.0 (92833080)|VARIABLE_ASSIGNMENT|[8]|this.errorMessage|""|0xa5cb9b4
			08:09:00.0 (92973096)|VARIABLE_ASSIGNMENT|[11]|this.request|"System.HttpRequest[Endpoint=null, Method=null]"|0xa5cb9b4
			08:09:00.0 (93096845)|VARIABLE_ASSIGNMENT|[14]|this.bodyParameter|0x38425e1c|0xa5cb9b4
			08:09:00.0 (93115899)|VARIABLE_ASSIGNMENT|[15]|this.endpoint|"https://api.bigcomme (87 more) ..."|0xa5cb9b4
			08:09:00.0 (93134080)|VARIABLE_ASSIGNMENT|[16]|this.parameters|null|0xa5cb9b4
			08:09:00.0 (93151880)|CONSTRUCTOR_EXIT|[20]|01p2v00000SpN2a|<init>(String,String,List<WSParameter>,WSParameter)|RestWS
			08:09:00.0 (93168880)|CONSTRUCTOR_EXIT|[24]|01p2v00000SpN2a|<init>(String,String,List<WSParameter>,String)|RestWS
			08:09:00.0 (93185320)|CONSTRUCTOR_EXIT|[99]|01p2v00000SpN2a|<init>(String,String,List<WSParameter>)|RestWS
			08:09:00.0 (93195396)|VARIABLE_SCOPE_BEGIN|[99]|ws|RestWS|true|false
			08:09:00.0 (93287992)|VARIABLE_ASSIGNMENT|[99]|ws|{"bodyParameter":"0x38425e1c","endpoint":"https://api.bigcommerce.com/stores/n9dr7ak2qq/v2/customers?min_date_modified=2022-01-26T20:52:15Z&limit=200","errorMessage":"","hasError":false,"request":"System.HttpRequest[Endpoint=null, Method=GET]"}|0xa5cb9b4
			08:09:00.0 (93414586)|VARIABLE_SCOPE_BEGIN|[18]|this|WSParameter|true|false
			08:09:00.0 (93442505)|VARIABLE_ASSIGNMENT|[18]|this|{"isRequired":false,"name":"body","urlEncoding":false,"value":""}|0x38425e1c
			08:09:00.0 (93528820)|USER_DEBUG|[104]|DEBUG|The ws: RestWS:[bodyParameter=, endpoint=https://api.bigcommerce.com/stores/n9dr7ak2qq/v2/customers?min_date_modified=2022-01-26T20:52:15Z&limit=200, errorMessage=, hasError=false, parameters=null, request=System.HttpRequest[Endpoint=null, Method=GET]]
			08:09:00.0 (94320088)|CONSTRUCTOR_ENTRY|[110]|01p2v00000SpN2g|<init>()|WSCustomersFromBigCommerce.Response
			08:09:00.0 (94344067)|VARIABLE_SCOPE_BEGIN|[113]|this|WSCustomersFromBigCommerce.Response|true|false
			08:09:00.0 (94399036)|VARIABLE_ASSIGNMENT|[113]|this|{}|0x10e3a15b
			08:09:00.0 (94423741)|METHOD_ENTRY|[1]|01p2v00000SpN2i|WSResult.WSResult()
			08:09:00.0 (94443028)|METHOD_EXIT|[1]|WSResult
			08:09:00.0 (94449859)|CONSTRUCTOR_ENTRY|[EXTERNAL]|01p2v00000SpN2i|<init>()|WSResult
			08:09:00.0 (94466619)|VARIABLE_SCOPE_BEGIN|[1]|this|WSResult|true|false
			08:09:00.0 (94494783)|VARIABLE_ASSIGNMENT|[1]|this|{}|0x10e3a15b
			08:09:00.0 (94534815)|CONSTRUCTOR_EXIT|[EXTERNAL]|01p2v00000SpN2i|<init>()|WSResult
			08:09:00.0 (94551197)|CONSTRUCTOR_EXIT|[110]|01p2v00000SpN2g|<init>()|WSCustomersFromBigCommerce.Response
			08:09:00.0 (94575381)|METHOD_ENTRY|[110]|01p2v00000SpN2a|RestWS.invoke(WSResult)
				08:09:00.0 (94584295)|VARIABLE_SCOPE_BEGIN|[78]|this|RestWS|true|false
				08:09:00.0 (94692764)|VARIABLE_ASSIGNMENT|[78]|this|{"bodyParameter":"0x38425e1c","endpoint":"https://api.bigcommerce.com/stores/n9dr7ak2qq/v2/customers?min_date_modified=2022-01-26T20:52:15Z&limit=200","errorMessage":"","hasError":false,"request":"System.HttpRequest[Endpoint=null, Method=GET]"}|0xa5cb9b4
				08:09:00.0 (94705671)|VARIABLE_SCOPE_BEGIN|[78]|result|WSResult|true|false
				08:09:00.0 (94727878)|VARIABLE_ASSIGNMENT|[78]|result|{}|0x10e3a15b
				08:09:00.0 (94766928)|METHOD_ENTRY|[88]|01p2v00000SpN2a|RestWS.getMissingParametersMessage()
					08:09:00.0 (94789418)|VARIABLE_SCOPE_BEGIN|[27]|this|RestWS|true|false
					08:09:00.0 (94854247)|VARIABLE_ASSIGNMENT|[27]|this|{"bodyParameter":"0x38425e1c","endpoint":"https://api.bigcommerce.com/stores/n9dr7ak2qq/v2/customers?min_date_modified=2022-01-26T20:52:15Z&limit=200","errorMessage":"","hasError":false,"request":"System.HttpRequest[Endpoint=null, Method=GET]"}|0xa5cb9b4
					08:09:00.0 (94972410)|VARIABLE_SCOPE_BEGIN|[32]|parametersToCheck|List<WSParameter>|true|false
					08:09:00.0 (95022224)|VARIABLE_ASSIGNMENT|[32]|parametersToCheck|[]|0x70ddef25
					08:09:00.0 (95127016)|VARIABLE_SCOPE_BEGIN|[40]|missingParms|List<String>|true|false
					08:09:00.0 (95163644)|VARIABLE_ASSIGNMENT|[40]|missingParms|[]|0x1a096aa3
					08:09:00.0 (95365806)|VARIABLE_SCOPE_BEGIN|[41]|parameter|WSParameter|true|false
					08:09:00.0 (95404734)|VARIABLE_ASSIGNMENT|[41]|parameter|{"isRequired":false,"name":"body","urlEncoding":false,"value":""}|0x38425e1c
					08:09:00.0 (95445077)|VARIABLE_ASSIGNMENT|[41]|parameter|null|
				08:09:00.0 (95488500)|METHOD_EXIT|[88]|01p2v00000SpN2a|RestWS.getMissingParametersMessage()
				08:09:00.0 (95498726)|VARIABLE_SCOPE_BEGIN|[88]|missingParamsMessage|String|false|false
				08:09:00.0 (95515379)|VARIABLE_ASSIGNMENT|[88]|missingParamsMessage|""
				08:09:00.0 (95575914)|METHOD_ENTRY|[96]|01p2v00000SpN2a|RestWS.formatEndpoint()
					08:09:00.0 (95589368)|VARIABLE_SCOPE_BEGIN|[58]|this|RestWS|true|false
					08:09:00.0 (95680810)|VARIABLE_ASSIGNMENT|[58]|this|{"bodyParameter":"0x38425e1c","endpoint":"https://api.bigcommerce.com/stores/n9dr7ak2qq/v2/customers?min_date_modified=2022-01-26T20:52:15Z&limit=200","errorMessage":"","hasError":false,"request":"System.HttpRequest[Endpoint=null, Method=GET]"}|0xa5cb9b4
				08:09:00.0 (95708191)|METHOD_EXIT|[96]|01p2v00000SpN2a|RestWS.formatEndpoint()
				08:09:00.0 (95750289)|METHOD_ENTRY|[97]|01p2v00000SpN2a|RestWS.getBody()
					08:09:00.0 (95765965)|VARIABLE_SCOPE_BEGIN|[69]|this|RestWS|true|false
					08:09:00.0 (95875254)|VARIABLE_ASSIGNMENT|[69]|this|{"bodyParameter":"0x38425e1c","endpoint":"https://api.bigcommerce.com/stores/n9dr7ak2qq/v2/customers?min_date_modified=2022-01-26T20:52:15Z&limit=200","errorMessage":"","hasError":false,"request":"System.HttpRequest[Endpoint=https://api.bigcommerce.com/stores/n9dr7ak2qq/v2/customers?min_date_modified=2022-01-26T20:52:15Z&limit=200, Method=GET]"}|0xa5cb9b4
				08:09:00.0 (95979551)|METHOD_EXIT|[97]|01p2v00000SpN2a|RestWS.getBody()
				08:09:00.0 (95990334)|VARIABLE_SCOPE_BEGIN|[97]|body|String|false|false
				08:09:00.0 (96005489)|VARIABLE_ASSIGNMENT|[97]|body|""
				08:09:00.0 (96268022)|CALLOUT_REQUEST|[104]|System.HttpRequest[Endpoint=https://api.bigcommerce.com/stores/n9dr7ak2qq/v2/customers?min_date_modified=2022-01-26T20:52:15Z&limit=200, Method=GET]
				08:09:00.0 (639730216)|CALLOUT_RESPONSE|[104]|System.HttpResponse[Status=No Content, StatusCode=204]
				08:09:00.0 (639803657)|VARIABLE_SCOPE_BEGIN|[104]|response|System.HttpResponse|true|false
				08:09:00.0 (639872563)|VARIABLE_ASSIGNMENT|[104]|response|"System.HttpResponse[Status=No Content, StatusCode=204]"|0x75d1f3cd
				08:09:00.0 (640159203)|USER_DEBUG|[107]|DEBUG|
				08:09:00.0 (640293087)|METHOD_ENTRY|[112]|01p2v00000SpN2g|WSCustomersFromBigCommerce.Response.processResponse(System.HttpResponse)
					08:09:00.0 (640326309)|VARIABLE_SCOPE_BEGIN|[116]|this|WSCustomersFromBigCommerce.Response|true|false
					08:09:00.0 (640496219)|VARIABLE_ASSIGNMENT|[116]|this|{"hasError":false,"request":"System.HttpRequest[Endpoint=https://api.bigcommerce.com/stores/n9dr7ak2qq/v2/customers?min_date_modified=2022-01-26T20:52:15Z&limit=200, Method=GET]","response":"System.HttpResponse[Status=No Content, StatusCode=204]"}|0x10e3a15b
					08:09:00.0 (640513271)|VARIABLE_SCOPE_BEGIN|[116]|response|System.HttpResponse|true|false
					08:09:00.0 (640545436)|VARIABLE_ASSIGNMENT|[116]|response|"System.HttpResponse[Status=No Content, StatusCode=204]"|0x75d1f3cd
					08:09:00.0 (640731189)|SYSTEM_METHOD_ENTRY|[1]|Type.Type()
					08:09:00.0 (640746801)|SYSTEM_METHOD_EXIT|[1]|Type
					08:09:00.0 (640780684)|VARIABLE_SCOPE_BEGIN|[4]|this|System.Type|true|false
					08:09:00.0 (640809595)|VARIABLE_ASSIGNMENT|[4]|this|{}|0x7a1664d
					08:09:00.0 (640819454)|VARIABLE_SCOPE_BEGIN|[4]|apextype|java:common.apex.runtime.ApexObjectType|true|false
					08:09:00.0 (640883110)|VARIABLE_ASSIGNMENT|[4]|apextype|"List<WSCustomersBigCommerceResponse>"|0x70835b31
					08:09:00.0 (640977658)|SYSTEM_METHOD_ENTRY|[1]|JSON.JSON()
					08:09:00.0 (640987485)|SYSTEM_METHOD_EXIT|[1]|JSON
					08:09:00.0 (641006088)|METHOD_ENTRY|[118]||System.JSON.deserialize(String, System.Type)
					08:09:00.0 (641370627)|METHOD_EXIT|[118]||System.JSON.deserialize(String, System.Type)
				08:09:00.0 (641383852)|METHOD_EXIT|[112]|01p2v00000SpN2g|WSCustomersFromBigCommerce.Response.processResponse(System.HttpResponse)
				08:09:00.0 (641410319)|VARIABLE_SCOPE_BEGIN|[115]|ex|Exception|true|false
				08:09:00.0 (641461321)|VARIABLE_ASSIGNMENT|[115]|ex|"common.apex.runtime.impl.ExecutionException: No content to map to Object due to end of input"|0xab69177
			08:09:00.0 (641557057)|METHOD_EXIT|[110]|01p2v00000SpN2a|RestWS.invoke(WSResult)
		08:09:00.0 (641571725)|METHOD_EXIT|[81]|01p2v00000SpN2g|WSCustomersFromBigCommerce.getCustomersUpdates(Boolean, Datetime, Datetime)
		08:09:00.0 (641580571)|VARIABLE_SCOPE_BEGIN|[81]|response|WSCustomersFromBigCommerce.Response|true|false
		08:09:00.0 (641676108)|VARIABLE_ASSIGNMENT|[81]|response|{"hasError":true,"message":"No content to map to Object due to end of input","request":"System.HttpRequest[Endpoint=https://api.bigcommerce.com/stores/n9dr7ak2qq/v2/customers?min_date_modified=2022-01-26T20:52:15Z&limit=200, Method=GET]","response":"System.HttpResponse[Status=No Content, StatusCode=204]"}|0x10e3a15b
		08:09:00.0 (641714748)|USER_DEBUG|[82]|DEBUG|System.HttpResponse[Status=No Content, StatusCode=204]
	08:09:00.0 (641871499)|METHOD_EXIT|[30]|01p2v00000SpN2V|CustomersFromBigCommerceBatchHelper.getCustomersFromBigCommerce(Boolean, Datetime, Datetime)
	08:09:00.657 (657584313)|CUMULATIVE_LIMIT_USAGE
	08:09:00.657 (657584313)|LIMIT_USAGE_FOR_NS|(default)|
	  Number of SOQL queries: 0 out of 200
	  Number of query rows: 0 out of 50000
	  Number of SOSL queries: 0 out of 20
	  Number of DML statements: 0 out of 150
	  Number of Publish Immediate DML: 0 out of 150
	  Number of DML rows: 0 out of 10000
	  Maximum CPU time: 0 out of 60000
	  Maximum heap size: 0 out of 12000000
	  Number of callouts: 0 out of 0
	  Number of Email Invocations: 0 out of 10
	  Number of future calls: 0 out of 0
	  Number of queueable jobs added to the queue: 0 out of 1
	  Number of Mobile Apex push calls: 0 out of 10
	
	08:09:00.657 (657584313)|CUMULATIVE_LIMIT_USAGE_END
	
08:09:00.0 (657648934)|CODE_UNIT_FINISHED|CustomersFromBigCommerceBatch
08:09:00.0 (657667799)|EXECUTION_FINISHED
