45.0 APEX_CODE,FINEST;APEX_PROFILING,NONE;CALLOUT,NONE;DB,INFO;NBA,NONE;SYSTEM,NONE;VALIDATION,NONE;VISUALFORCE,NONE;WAVE,NONE;WORKFLOW,NONE
10:43:21.0 (746345)|USER_INFO|[EXTERNAL]|0052v00000fQDGY|api@naturalchemist.com.au.sand1|(GMT+11:00) Australian Eastern Daylight Time (Australia/Sydney)|GMT+11:00
10:43:21.0 (922070)|EXECUTION_STARTED
10:43:21.0 (960079)|CODE_UNIT_STARTED|[EXTERNAL]|01p2v00000SpN2U|CustomersFromBigCommerceBatch
	10:43:21.0 (18250409)|SYSTEM_METHOD_ENTRY|[15]|BatchableContextImpl.BatchableContextImpl()
	10:43:21.0 (18291957)|SYSTEM_METHOD_EXIT|[15]|BatchableContextImpl
	10:43:21.0 (18322405)|VARIABLE_SCOPE_BEGIN|[31]|this|Database.BatchableContextImpl|true|false
	10:43:21.0 (18503305)|VARIABLE_ASSIGNMENT|[31]|this|{}|0x232a5d62
	10:43:21.0 (18515121)|VARIABLE_SCOPE_BEGIN|[31]|jobId|Id|false|false
	10:43:21.0 (18734946)|VARIABLE_ASSIGNMENT|[31]|jobId|"7071y00000J9FIaAAN"
	10:43:21.0 (18744721)|VARIABLE_SCOPE_BEGIN|[31]|childJobId|Id|false|false
	10:43:21.0 (18776590)|VARIABLE_ASSIGNMENT|[31]|childJobId|null
	10:43:21.0 (30891938)|METHOD_ENTRY|[1]|01p2v00000SpN2U|CustomersFromBigCommerceBatch.CustomersFromBigCommerceBatch()
	10:43:21.0 (30920264)|METHOD_EXIT|[1]|CustomersFromBigCommerceBatch
	10:43:21.0 (30959087)|VARIABLE_SCOPE_BEGIN|[23]|this|CustomersFromBigCommerceBatch|true|false
	10:43:21.0 (31078550)|VARIABLE_ASSIGNMENT|[23]|this|{"batchScheduleName":"67113","isManual":false}|0x3db8dbd3
	10:43:21.0 (31092417)|VARIABLE_SCOPE_BEGIN|[23]|context|Database.BatchableContext|true|false
	10:43:21.0 (31228107)|VARIABLE_ASSIGNMENT|[23]|context|{"jobId":"7071y00000J9FIaAAN"}|0x232a5d62
	10:43:21.0 (34837513)|METHOD_ENTRY|[1]|01p2v00000SpN2V|CustomersFromBigCommerceBatchHelper.CustomersFromBigCommerceBatchHelper()
	10:43:21.0 (34859951)|METHOD_EXIT|[1]|CustomersFromBigCommerceBatchHelper
	10:43:21.0 (34934382)|METHOD_ENTRY|[30]|01p2v00000SpN2V|CustomersFromBigCommerceBatchHelper.getCustomersFromBigCommerce(Boolean, Datetime, Datetime)
		10:43:21.0 (35075509)|VARIABLE_SCOPE_BEGIN|[80]|isManual|Boolean|false|false
		10:43:21.0 (35097901)|VARIABLE_ASSIGNMENT|[80]|isManual|false
		10:43:21.0 (35116977)|VARIABLE_SCOPE_BEGIN|[80]|beginDate|Datetime|false|false
		10:43:21.0 (35134944)|VARIABLE_ASSIGNMENT|[80]|beginDate|null
		10:43:21.0 (35149631)|VARIABLE_SCOPE_BEGIN|[80]|endDate|Datetime|false|false
		10:43:21.0 (35166979)|VARIABLE_ASSIGNMENT|[80]|endDate|null
		10:43:21.0 (38173387)|VARIABLE_SCOPE_BEGIN|[4]|WSCustomersFromBigCommerce.SERVICE_CONFIG|Webservice_endpoint_setting__mdt|true|true
		10:43:21.0 (38242523)|METHOD_ENTRY|[1]|01p2v00000SpN2g|WSCustomersFromBigCommerce.WSCustomersFromBigCommerce()
			10:43:21.0 (180489845)|VARIABLE_SCOPE_BEGIN|[3]|GenericUtilsHelper.currentOrg|Organization|true|true
			10:43:21.0 (180604380)|VARIABLE_SCOPE_BEGIN|[101]|GenericUtilsHelper.mapRecordTypes|Map<String,RecordType>|true|true
			10:43:21.0 (180734185)|METHOD_ENTRY|[1]|01p2v00000SpN2Y|GenericUtilsHelper.GenericUtilsHelper()
				10:43:21.0 (180889048)|VARIABLE_ASSIGNMENT|[101]|GenericUtilsHelper.mapRecordTypes|{}|0x26ec9b73
			10:43:21.0 (180908348)|METHOD_EXIT|[1]|GenericUtilsHelper
			10:43:21.0 (180939653)|METHOD_ENTRY|[5]|01p2v00000SpN2Y|GenericUtilsHelper.getWebServiceConfig(String)
				10:43:21.0 (180974952)|VARIABLE_SCOPE_BEGIN|[86]|name|String|false|false
				10:43:21.0 (181003044)|VARIABLE_ASSIGNMENT|[86]|name|"SALESFORCE.BIGCOMMER (2 more) ..."
				10:43:21.0 (181030101)|METHOD_ENTRY|[87]|01p2v00000SpN2Y|GenericUtilsHelper.isSandboxEnviroment()
					10:43:21.0 (181594483)|SOQL_EXECUTE_BEGIN|[81]|Aggregations:0|SELECT Id, Name, IsSandbox FROM Organization LIMIT 1
					10:43:21.0 (185045967)|SOQL_EXECUTE_END|[81]|Rows:1
					10:43:21.0 (185366692)|VARIABLE_ASSIGNMENT|[81]|GenericUtilsHelper.currentOrg|{"Id":"00D1y0000008m7IEAQ","Name":"Natural Chemist","IsSandbox":true}|0x2d465ca
				10:43:21.0 (185447022)|METHOD_EXIT|[87]|01p2v00000SpN2Y|GenericUtilsHelper.isSandboxEnviroment()
				10:43:21.0 (185463558)|VARIABLE_SCOPE_BEGIN|[87]|isProduction|Boolean|false|false
				10:43:21.0 (185495447)|VARIABLE_ASSIGNMENT|[87]|isProduction|false
				10:43:21.0 (186074199)|SOQL_EXECUTE_BEGIN|[88]|Aggregations:0|SELECT Id, URL__c, ClientId__c, ClientSecret__c, ActivateNatualScriptCallout__c, StoreHash__c, AppStoreUrl__c, AccessToken__c, ShipStation_Packing_UserId__c, ShipStation_Admin_UserId__c FROM Webservice_endpoint_setting__mdt WHERE (MasterLabel = :tmpVar1 AND Is_Production__c = :tmpVar2)
				10:43:21.0 (205370900)|SOQL_EXECUTE_END|[88]|Rows:1
				10:43:21.0 (205585915)|VARIABLE_SCOPE_BEGIN|[88]|result|List<Webservice_endpoint_setting__mdt>|true|false
				10:43:21.0 (205672360)|VARIABLE_ASSIGNMENT|[88]|result|[{"Id":"m002v000000yiYYAAY","URL__c":"https://api.bigcomme (26 more) ...","ClientId__c":"qgoe1p6a5xvhgkkvsiu5 (11 more) ...","ClientSecret__c":"d6631082dbbca140cafb (44 more) ...","ActivateNatualScriptCallout__c":false,"StoreHash__c":"n9dr7ak2qq","AppStoreUrl__c":"https://natural-chem (30 more) ...","AccessToken__c":"64so0mrm0qmlsrl3dl8l (11 more) ..."}]|0x3a6b38d5
			10:43:21.0 (205851714)|METHOD_EXIT|[5]|01p2v00000SpN2Y|GenericUtilsHelper.getWebServiceConfig(String)
			10:43:21.0 (205894556)|VARIABLE_ASSIGNMENT|[4]|WSCustomersFromBigCommerce.SERVICE_CONFIG|{"Id":"m002v000000yiYYAAY","URL__c":"https://api.bigcomme (26 more) ...","ClientId__c":"qgoe1p6a5xvhgkkvsiu5 (11 more) ...","ClientSecret__c":"d6631082dbbca140cafb (44 more) ...","ActivateNatualScriptCallout__c":false,"StoreHash__c":"n9dr7ak2qq","AppStoreUrl__c":"https://natural-chem (30 more) ...","AccessToken__c":"64so0mrm0qmlsrl3dl8l (11 more) ..."}|0xef34
		10:43:21.0 (205924531)|METHOD_EXIT|[1]|WSCustomersFromBigCommerce
		10:43:21.0 (205968153)|METHOD_ENTRY|[81]|01p2v00000SpN2g|WSCustomersFromBigCommerce.getCustomersUpdates(Boolean, Datetime, Datetime)
			10:43:21.0 (209692931)|VARIABLE_SCOPE_BEGIN|[65]|isManual|Boolean|false|false
			10:43:21.0 (209727980)|VARIABLE_ASSIGNMENT|[65]|isManual|false
			10:43:21.0 (209751336)|VARIABLE_SCOPE_BEGIN|[65]|beginDate|Datetime|false|false
			10:43:21.0 (209765584)|VARIABLE_ASSIGNMENT|[65]|beginDate|null
			10:43:21.0 (209777137)|VARIABLE_SCOPE_BEGIN|[65]|endDate|Datetime|false|false
			10:43:21.0 (209789945)|VARIABLE_ASSIGNMENT|[65]|endDate|null
			10:43:21.0 (219695596)|SOQL_EXECUTE_BEGIN|[83]|Aggregations:0|SELECT Id, BC_Date_Modified__c FROM Contact WHERE BC_Date_Modified__c != NULL ORDER BY BC_Date_Modified__c DESC NULLS FIRST LIMIT 1
			10:43:21.0 (264239370)|SOQL_EXECUTE_END|[83]|Rows:1
			10:43:21.0 (264481313)|VARIABLE_SCOPE_BEGIN|[83]|dateModifiedList|List<Contact>|true|false
			10:43:21.0 (264583317)|VARIABLE_ASSIGNMENT|[83]|dateModifiedList|[{"Id":"0032v00003f8v5fAAA","BC_Date_Modified__c":"2022-01-26T09:52:14.000Z"}]|0x8d3c203
			10:43:21.0 (265016802)|VARIABLE_SCOPE_BEGIN|[91]|lastDateModified|String|false|false
			10:43:21.0 (265041218)|VARIABLE_ASSIGNMENT|[91]|lastDateModified|"2022-01-26 20:52:15"
			10:43:21.0 (265140245)|USER_DEBUG|[97]|DEBUG|WS lastDateModified: 2022-01-26 20:52:15
			10:43:21.0 (268294749)|METHOD_ENTRY|[1]|01p2v00000SpN2a|RestWS.RestWS()
			10:43:21.0 (268317625)|METHOD_EXIT|[1]|RestWS
			10:43:21.0 (271001163)|CONSTRUCTOR_ENTRY|[99]|01p2v00000SpN2a|<init>(String,String,List<WSParameter>)|RestWS
			10:43:21.0 (271088045)|VARIABLE_SCOPE_BEGIN|[23]|this|RestWS|true|false
			10:43:21.0 (271197089)|VARIABLE_ASSIGNMENT|[23]|this|{}|0x1db4d230
			10:43:21.0 (271208893)|VARIABLE_SCOPE_BEGIN|[23]|endpoint|String|false|false
			10:43:21.0 (271228498)|VARIABLE_ASSIGNMENT|[23]|endpoint|"https://api.bigcomme (87 more) ..."
			10:43:21.0 (271237532)|VARIABLE_SCOPE_BEGIN|[23]|method|String|false|false
			10:43:21.0 (271250578)|VARIABLE_ASSIGNMENT|[23]|method|"GET"
			10:43:21.0 (271262374)|VARIABLE_SCOPE_BEGIN|[23]|urlParameters|List<WSParameter>|true|false
			10:43:21.0 (271278091)|VARIABLE_ASSIGNMENT|[23]|urlParameters|null|
			10:43:21.0 (271310630)|CONSTRUCTOR_ENTRY|[24]|01p2v00000SpN2a|<init>(String,String,List<WSParameter>,String)|RestWS
			10:43:21.0 (271333802)|VARIABLE_SCOPE_BEGIN|[19]|this|RestWS|true|false
			10:43:21.0 (271358976)|VARIABLE_ASSIGNMENT|[19]|this|{}|0x1db4d230
			10:43:21.0 (271366647)|VARIABLE_SCOPE_BEGIN|[19]|endpoint|String|false|false
			10:43:21.0 (271382666)|VARIABLE_ASSIGNMENT|[19]|endpoint|"https://api.bigcomme (87 more) ..."
			10:43:21.0 (271389263)|VARIABLE_SCOPE_BEGIN|[19]|method|String|false|false
			10:43:21.0 (271403478)|VARIABLE_ASSIGNMENT|[19]|method|"GET"
			10:43:21.0 (271410484)|VARIABLE_SCOPE_BEGIN|[19]|urlParameters|List<WSParameter>|true|false
			10:43:21.0 (271424472)|VARIABLE_ASSIGNMENT|[19]|urlParameters|null|
			10:43:21.0 (271431279)|VARIABLE_SCOPE_BEGIN|[19]|bodyParameter|String|false|false
			10:43:21.0 (271447518)|VARIABLE_ASSIGNMENT|[19]|bodyParameter|""
			10:43:21.0 (271485019)|METHOD_ENTRY|[1]|01p2v00000SpN2h|WSParameter.WSParameter()
			10:43:21.0 (271504145)|METHOD_EXIT|[1]|WSParameter
			10:43:21.0 (271538610)|CONSTRUCTOR_ENTRY|[20]|01p2v00000SpN2h|<init>(String,String,Boolean,Boolean)|WSParameter
			10:43:21.0 (271575392)|VARIABLE_SCOPE_BEGIN|[11]|this|WSParameter|true|false
			10:43:21.0 (271616873)|VARIABLE_ASSIGNMENT|[11]|this|{}|0x4bd11880
			10:43:21.0 (271627607)|VARIABLE_SCOPE_BEGIN|[11]|name|String|false|false
			10:43:21.0 (271643947)|VARIABLE_ASSIGNMENT|[11]|name|"body"
			10:43:21.0 (271656739)|VARIABLE_SCOPE_BEGIN|[11]|value|String|false|false
			10:43:21.0 (271676012)|VARIABLE_ASSIGNMENT|[11]|value|""
			10:43:21.0 (271692747)|VARIABLE_SCOPE_BEGIN|[11]|isRequired|Boolean|false|false
			10:43:21.0 (271705840)|VARIABLE_ASSIGNMENT|[11]|isRequired|false
			10:43:21.0 (271713088)|VARIABLE_SCOPE_BEGIN|[11]|urlEncoding|Boolean|false|false
			10:43:21.0 (271726673)|VARIABLE_ASSIGNMENT|[11]|urlEncoding|false
			10:43:21.0 (271781684)|VARIABLE_ASSIGNMENT|[12]|this.name|"body"|0x4bd11880
			10:43:21.0 (271805540)|VARIABLE_ASSIGNMENT|[13]|this.isRequired|false|0x4bd11880
			10:43:21.0 (271820898)|VARIABLE_ASSIGNMENT|[14]|this.value|""|0x4bd11880
			10:43:21.0 (271842976)|VARIABLE_ASSIGNMENT|[15]|this.urlEncoding|false|0x4bd11880
			10:43:21.0 (271861586)|CONSTRUCTOR_EXIT|[20]|01p2v00000SpN2h|<init>(String,String,Boolean,Boolean)|WSParameter
			10:43:21.0 (271879960)|CONSTRUCTOR_ENTRY|[20]|01p2v00000SpN2a|<init>(String,String,List<WSParameter>,WSParameter)|RestWS
			10:43:21.0 (271893806)|VARIABLE_SCOPE_BEGIN|[10]|this|RestWS|true|false
			10:43:21.0 (271918340)|VARIABLE_ASSIGNMENT|[10]|this|{}|0x1db4d230
			10:43:21.0 (271928399)|VARIABLE_SCOPE_BEGIN|[10]|endpoint|String|false|false
			10:43:21.0 (271945818)|VARIABLE_ASSIGNMENT|[10]|endpoint|"https://api.bigcomme (87 more) ..."
			10:43:21.0 (271952795)|VARIABLE_SCOPE_BEGIN|[10]|method|String|false|false
			10:43:21.0 (271966728)|VARIABLE_ASSIGNMENT|[10]|method|"GET"
			10:43:21.0 (271974156)|VARIABLE_SCOPE_BEGIN|[10]|urlParameters|List<WSParameter>|true|false
			10:43:21.0 (271986579)|VARIABLE_ASSIGNMENT|[10]|urlParameters|null|
			10:43:21.0 (271994753)|VARIABLE_SCOPE_BEGIN|[10]|bodyParameter|WSParameter|true|false
			10:43:21.0 (272018764)|VARIABLE_ASSIGNMENT|[10]|bodyParameter|{"isRequired":false,"name":"body","urlEncoding":false,"value":""}|0x4bd11880
			10:43:21.0 (272042331)|VARIABLE_ASSIGNMENT|[2]|this.endpoint|""|0x1db4d230
			10:43:21.0 (272087820)|VARIABLE_ASSIGNMENT|[7]|this.hasError|false|0x1db4d230
			10:43:21.0 (272103826)|VARIABLE_ASSIGNMENT|[8]|this.errorMessage|""|0x1db4d230
			10:43:21.0 (272262952)|VARIABLE_ASSIGNMENT|[11]|this.request|"System.HttpRequest[Endpoint=null, Method=null]"|0x1db4d230
			10:43:21.0 (272402288)|VARIABLE_ASSIGNMENT|[14]|this.bodyParameter|0x4bd11880|0x1db4d230
			10:43:21.0 (272420877)|VARIABLE_ASSIGNMENT|[15]|this.endpoint|"https://api.bigcomme (87 more) ..."|0x1db4d230
			10:43:21.0 (272437846)|VARIABLE_ASSIGNMENT|[16]|this.parameters|null|0x1db4d230
			10:43:21.0 (272454169)|CONSTRUCTOR_EXIT|[20]|01p2v00000SpN2a|<init>(String,String,List<WSParameter>,WSParameter)|RestWS
			10:43:21.0 (272470153)|CONSTRUCTOR_EXIT|[24]|01p2v00000SpN2a|<init>(String,String,List<WSParameter>,String)|RestWS
			10:43:21.0 (272485752)|CONSTRUCTOR_EXIT|[99]|01p2v00000SpN2a|<init>(String,String,List<WSParameter>)|RestWS
			10:43:21.0 (272496221)|VARIABLE_SCOPE_BEGIN|[99]|ws|RestWS|true|false
			10:43:21.0 (272608068)|VARIABLE_ASSIGNMENT|[99]|ws|{"bodyParameter":"0x4bd11880","endpoint":"https://api.bigcommerce.com/stores/n9dr7ak2qq/v2/customers?min_date_modified=2022-01-26T20:52:15Z&limit=200","errorMessage":"","hasError":false,"request":"System.HttpRequest[Endpoint=null, Method=GET]"}|0x1db4d230
			10:43:21.0 (272763697)|VARIABLE_SCOPE_BEGIN|[18]|this|WSParameter|true|false
			10:43:21.0 (272808035)|VARIABLE_ASSIGNMENT|[18]|this|{"isRequired":false,"name":"body","urlEncoding":false,"value":""}|0x4bd11880
			10:43:21.0 (272915023)|USER_DEBUG|[104]|DEBUG|The ws: RestWS:[bodyParameter=, endpoint=https://api.bigcommerce.com/stores/n9dr7ak2qq/v2/customers?min_date_modified=2022-01-26T20:52:15Z&limit=200, errorMessage=, hasError=false, parameters=null, request=System.HttpRequest[Endpoint=null, Method=GET]]
			10:43:21.0 (273156864)|CONSTRUCTOR_ENTRY|[110]|01p2v00000SpN2g|<init>()|WSCustomersFromBigCommerce.Response
			10:43:21.0 (273182112)|VARIABLE_SCOPE_BEGIN|[113]|this|WSCustomersFromBigCommerce.Response|true|false
			10:43:21.0 (273235823)|VARIABLE_ASSIGNMENT|[113]|this|{}|0x6f412d32
			10:43:21.0 (273268431)|METHOD_ENTRY|[1]|01p2v00000SpN2i|WSResult.WSResult()
			10:43:21.0 (273285452)|METHOD_EXIT|[1]|WSResult
			10:43:21.0 (273293505)|CONSTRUCTOR_ENTRY|[EXTERNAL]|01p2v00000SpN2i|<init>()|WSResult
			10:43:21.0 (273316967)|VARIABLE_SCOPE_BEGIN|[1]|this|WSResult|true|false
			10:43:21.0 (273338800)|VARIABLE_ASSIGNMENT|[1]|this|{}|0x6f412d32
			10:43:21.0 (273375953)|CONSTRUCTOR_EXIT|[EXTERNAL]|01p2v00000SpN2i|<init>()|WSResult
			10:43:21.0 (273398189)|CONSTRUCTOR_EXIT|[110]|01p2v00000SpN2g|<init>()|WSCustomersFromBigCommerce.Response
			10:43:21.0 (273437370)|METHOD_ENTRY|[110]|01p2v00000SpN2a|RestWS.invoke(WSResult)
				10:43:21.0 (273446249)|VARIABLE_SCOPE_BEGIN|[78]|this|RestWS|true|false
				10:43:21.0 (273576881)|VARIABLE_ASSIGNMENT|[78]|this|{"bodyParameter":"0x4bd11880","endpoint":"https://api.bigcommerce.com/stores/n9dr7ak2qq/v2/customers?min_date_modified=2022-01-26T20:52:15Z&limit=200","errorMessage":"","hasError":false,"request":"System.HttpRequest[Endpoint=null, Method=GET]"}|0x1db4d230
				10:43:21.0 (273590867)|VARIABLE_SCOPE_BEGIN|[78]|result|WSResult|true|false
				10:43:21.0 (273613625)|VARIABLE_ASSIGNMENT|[78]|result|{}|0x6f412d32
				10:43:21.0 (273647003)|METHOD_ENTRY|[88]|01p2v00000SpN2a|RestWS.getMissingParametersMessage()
					10:43:21.0 (273668464)|VARIABLE_SCOPE_BEGIN|[27]|this|RestWS|true|false
					10:43:21.0 (273733667)|VARIABLE_ASSIGNMENT|[27]|this|{"bodyParameter":"0x4bd11880","endpoint":"https://api.bigcommerce.com/stores/n9dr7ak2qq/v2/customers?min_date_modified=2022-01-26T20:52:15Z&limit=200","errorMessage":"","hasError":false,"request":"System.HttpRequest[Endpoint=null, Method=GET]"}|0x1db4d230
					10:43:21.0 (273862702)|VARIABLE_SCOPE_BEGIN|[32]|parametersToCheck|List<WSParameter>|true|false
					10:43:21.0 (273904969)|VARIABLE_ASSIGNMENT|[32]|parametersToCheck|[]|0x178950ab
					10:43:21.0 (274009405)|VARIABLE_SCOPE_BEGIN|[40]|missingParms|List<String>|true|false
					10:43:21.0 (274043794)|VARIABLE_ASSIGNMENT|[40]|missingParms|[]|0x6d16b3a9
					10:43:21.0 (274227788)|VARIABLE_SCOPE_BEGIN|[41]|parameter|WSParameter|true|false
					10:43:21.0 (274261885)|VARIABLE_ASSIGNMENT|[41]|parameter|{"isRequired":false,"name":"body","urlEncoding":false,"value":""}|0x4bd11880
					10:43:21.0 (274299397)|VARIABLE_ASSIGNMENT|[41]|parameter|null|
				10:43:21.0 (274338643)|METHOD_EXIT|[88]|01p2v00000SpN2a|RestWS.getMissingParametersMessage()
				10:43:21.0 (274347038)|VARIABLE_SCOPE_BEGIN|[88]|missingParamsMessage|String|false|false
				10:43:21.0 (274364731)|VARIABLE_ASSIGNMENT|[88]|missingParamsMessage|""
				10:43:21.0 (274416418)|METHOD_ENTRY|[96]|01p2v00000SpN2a|RestWS.formatEndpoint()
					10:43:21.0 (274429759)|VARIABLE_SCOPE_BEGIN|[58]|this|RestWS|true|false
					10:43:21.0 (274513514)|VARIABLE_ASSIGNMENT|[58]|this|{"bodyParameter":"0x4bd11880","endpoint":"https://api.bigcommerce.com/stores/n9dr7ak2qq/v2/customers?min_date_modified=2022-01-26T20:52:15Z&limit=200","errorMessage":"","hasError":false,"request":"System.HttpRequest[Endpoint=null, Method=GET]"}|0x1db4d230
				10:43:21.0 (274540774)|METHOD_EXIT|[96]|01p2v00000SpN2a|RestWS.formatEndpoint()
				10:43:21.0 (274585404)|METHOD_ENTRY|[97]|01p2v00000SpN2a|RestWS.getBody()
					10:43:21.0 (274601778)|VARIABLE_SCOPE_BEGIN|[69]|this|RestWS|true|false
					10:43:21.0 (274672168)|VARIABLE_ASSIGNMENT|[69]|this|{"bodyParameter":"0x4bd11880","endpoint":"https://api.bigcommerce.com/stores/n9dr7ak2qq/v2/customers?min_date_modified=2022-01-26T20:52:15Z&limit=200","errorMessage":"","hasError":false,"request":"System.HttpRequest[Endpoint=https://api.bigcommerce.com/stores/n9dr7ak2qq/v2/customers?min_date_modified=2022-01-26T20:52:15Z&limit=200, Method=GET]"}|0x1db4d230
				10:43:21.0 (274769912)|METHOD_EXIT|[97]|01p2v00000SpN2a|RestWS.getBody()
				10:43:21.0 (274778467)|VARIABLE_SCOPE_BEGIN|[97]|body|String|false|false
				10:43:21.0 (274795008)|VARIABLE_ASSIGNMENT|[97]|body|""
				10:43:21.0 (825217366)|VARIABLE_SCOPE_BEGIN|[104]|response|System.HttpResponse|true|false
				10:43:21.0 (825317144)|VARIABLE_ASSIGNMENT|[104]|response|"System.HttpResponse[Status=No Content, StatusCode=204]"|0x60b4a1f6
				10:43:21.0 (825599836)|USER_DEBUG|[107]|DEBUG|
				10:43:21.0 (825734398)|METHOD_ENTRY|[112]|01p2v00000SpN2g|WSCustomersFromBigCommerce.Response.processResponse(System.HttpResponse)
					10:43:21.0 (825779630)|VARIABLE_SCOPE_BEGIN|[116]|this|WSCustomersFromBigCommerce.Response|true|false
					10:43:21.0 (825934149)|VARIABLE_ASSIGNMENT|[116]|this|{"hasError":false,"request":"System.HttpRequest[Endpoint=https://api.bigcommerce.com/stores/n9dr7ak2qq/v2/customers?min_date_modified=2022-01-26T20:52:15Z&limit=200, Method=GET]","response":"System.HttpResponse[Status=No Content, StatusCode=204]"}|0x6f412d32
					10:43:21.0 (825951108)|VARIABLE_SCOPE_BEGIN|[116]|response|System.HttpResponse|true|false
					10:43:21.0 (825985767)|VARIABLE_ASSIGNMENT|[116]|response|"System.HttpResponse[Status=No Content, StatusCode=204]"|0x60b4a1f6
					10:43:21.0 (826180397)|SYSTEM_METHOD_ENTRY|[1]|Type.Type()
					10:43:21.0 (826199242)|SYSTEM_METHOD_EXIT|[1]|Type
					10:43:21.0 (826246384)|VARIABLE_SCOPE_BEGIN|[4]|this|System.Type|true|false
					10:43:21.0 (826280047)|VARIABLE_ASSIGNMENT|[4]|this|{}|0x7aa726c9
					10:43:21.0 (826288598)|VARIABLE_SCOPE_BEGIN|[4]|apextype|java:common.apex.runtime.ApexObjectType|true|false
					10:43:21.0 (826382384)|VARIABLE_ASSIGNMENT|[4]|apextype|"List<WSCustomersBigCommerceResponse>"|0x3f59837a
					10:43:21.0 (826489844)|SYSTEM_METHOD_ENTRY|[1]|JSON.JSON()
					10:43:21.0 (826504004)|SYSTEM_METHOD_EXIT|[1]|JSON
					10:43:21.0 (826530051)|METHOD_ENTRY|[118]||System.JSON.deserialize(String, System.Type)
					10:43:21.0 (827055667)|METHOD_EXIT|[118]||System.JSON.deserialize(String, System.Type)
				10:43:21.0 (827071388)|METHOD_EXIT|[112]|01p2v00000SpN2g|WSCustomersFromBigCommerce.Response.processResponse(System.HttpResponse)
				10:43:21.0 (827111849)|VARIABLE_SCOPE_BEGIN|[115]|ex|Exception|true|false
				10:43:21.0 (827172003)|VARIABLE_ASSIGNMENT|[115]|ex|"common.apex.runtime.impl.ExecutionException: No content to map to Object due to end of input"|0x5db89b02
			10:43:21.0 (827286602)|METHOD_EXIT|[110]|01p2v00000SpN2a|RestWS.invoke(WSResult)
		10:43:21.0 (827304690)|METHOD_EXIT|[81]|01p2v00000SpN2g|WSCustomersFromBigCommerce.getCustomersUpdates(Boolean, Datetime, Datetime)
		10:43:21.0 (827316295)|VARIABLE_SCOPE_BEGIN|[81]|response|WSCustomersFromBigCommerce.Response|true|false
		10:43:21.0 (827426515)|VARIABLE_ASSIGNMENT|[81]|response|{"hasError":true,"message":"No content to map to Object due to end of input","request":"System.HttpRequest[Endpoint=https://api.bigcommerce.com/stores/n9dr7ak2qq/v2/customers?min_date_modified=2022-01-26T20:52:15Z&limit=200, Method=GET]","response":"System.HttpResponse[Status=No Content, StatusCode=204]"}|0x6f412d32
		10:43:21.0 (827479688)|USER_DEBUG|[82]|DEBUG|System.HttpResponse[Status=No Content, StatusCode=204]
	10:43:21.0 (827664295)|METHOD_EXIT|[30]|01p2v00000SpN2V|CustomersFromBigCommerceBatchHelper.getCustomersFromBigCommerce(Boolean, Datetime, Datetime)
10:43:21.0 (847121631)|CODE_UNIT_FINISHED|CustomersFromBigCommerceBatch
10:43:21.0 (847145732)|EXECUTION_FINISHED
