45.0 APEX_CODE,FINEST;APEX_PROFILING,INFO;CALLOUT,INFO;DB,INFO;NBA,INFO;SYSTEM,DEBUG;VALIDATION,INFO;VISUALFORCE,INFO;WAVE,INFO;WORKFLOW,INFO
08:14:09.0 (654921)|USER_INFO|[EXTERNAL]|0052v00000fQDGY|api@naturalchemist.com.au.sand1|(GMT+11:00) Australian Eastern Daylight Time (Australia/Sydney)|GMT+11:00
08:14:09.0 (776919)|EXECUTION_STARTED
08:14:09.0 (789884)|CODE_UNIT_STARTED|[EXTERNAL]|01p2v00000SpN2U|CustomersFromBigCommerceBatch
	08:14:09.0 (23090630)|SYSTEM_METHOD_ENTRY|[15]|BatchableContextImpl.BatchableContextImpl()
	08:14:09.0 (23143570)|SYSTEM_METHOD_EXIT|[15]|BatchableContextImpl
	08:14:09.0 (23185837)|VARIABLE_SCOPE_BEGIN|[31]|this|Database.BatchableContextImpl|true|false
	08:14:09.0 (23405039)|VARIABLE_ASSIGNMENT|[31]|this|{}|0x6c0b419c
	08:14:09.0 (23417955)|VARIABLE_SCOPE_BEGIN|[31]|jobId|Id|false|false
	08:14:09.0 (23684617)|VARIABLE_ASSIGNMENT|[31]|jobId|"7071y00000J9CKvAAN"
	08:14:09.0 (23695353)|VARIABLE_SCOPE_BEGIN|[31]|childJobId|Id|false|false
	08:14:09.0 (23711434)|VARIABLE_ASSIGNMENT|[31]|childJobId|null
	08:14:09.0 (26605975)|METHOD_ENTRY|[1]|01p2v00000SpN2U|CustomersFromBigCommerceBatch.CustomersFromBigCommerceBatch()
	08:14:09.0 (26628765)|METHOD_EXIT|[1]|CustomersFromBigCommerceBatch
	08:14:09.0 (26660260)|VARIABLE_SCOPE_BEGIN|[23]|this|CustomersFromBigCommerceBatch|true|false
	08:14:09.0 (26738713)|VARIABLE_ASSIGNMENT|[23]|this|{"batchScheduleName":"67084","isManual":false}|0x42d3b37c
	08:14:09.0 (26750314)|VARIABLE_SCOPE_BEGIN|[23]|context|Database.BatchableContext|true|false
	08:14:09.0 (26855981)|VARIABLE_ASSIGNMENT|[23]|context|{"jobId":"7071y00000J9CKvAAN"}|0x6c0b419c
	08:14:09.0 (27455619)|METHOD_ENTRY|[1]|01p2v00000SpN2V|CustomersFromBigCommerceBatchHelper.CustomersFromBigCommerceBatchHelper()
	08:14:09.0 (27479056)|METHOD_EXIT|[1]|CustomersFromBigCommerceBatchHelper
	08:14:09.0 (27579792)|METHOD_ENTRY|[30]|01p2v00000SpN2V|CustomersFromBigCommerceBatchHelper.getCustomersFromBigCommerce(Boolean, Datetime, Datetime)
		08:14:09.0 (27659982)|VARIABLE_SCOPE_BEGIN|[80]|isManual|Boolean|false|false
		08:14:09.0 (27679656)|VARIABLE_ASSIGNMENT|[80]|isManual|false
		08:14:09.0 (27691397)|VARIABLE_SCOPE_BEGIN|[80]|beginDate|Datetime|false|false
		08:14:09.0 (27706499)|VARIABLE_ASSIGNMENT|[80]|beginDate|null
		08:14:09.0 (27715591)|VARIABLE_SCOPE_BEGIN|[80]|endDate|Datetime|false|false
		08:14:09.0 (27730726)|VARIABLE_ASSIGNMENT|[80]|endDate|null
		08:14:09.0 (28472760)|VARIABLE_SCOPE_BEGIN|[4]|WSCustomersFromBigCommerce.SERVICE_CONFIG|Webservice_endpoint_setting__mdt|true|true
		08:14:09.0 (28532297)|METHOD_ENTRY|[1]|01p2v00000SpN2g|WSCustomersFromBigCommerce.WSCustomersFromBigCommerce()
			08:14:09.0 (29023976)|VARIABLE_SCOPE_BEGIN|[3]|GenericUtilsHelper.currentOrg|Organization|true|true
			08:14:09.0 (29042542)|VARIABLE_SCOPE_BEGIN|[101]|GenericUtilsHelper.mapRecordTypes|Map<String,RecordType>|true|true
			08:14:09.0 (29259397)|METHOD_ENTRY|[1]|01p2v00000SpN2Y|GenericUtilsHelper.GenericUtilsHelper()
				08:14:09.0 (29428120)|VARIABLE_ASSIGNMENT|[101]|GenericUtilsHelper.mapRecordTypes|{}|0x222473b6
			08:14:09.0 (29442123)|METHOD_EXIT|[1]|GenericUtilsHelper
			08:14:09.0 (29456564)|METHOD_ENTRY|[5]|01p2v00000SpN2Y|GenericUtilsHelper.getWebServiceConfig(String)
				08:14:09.0 (29488093)|VARIABLE_SCOPE_BEGIN|[86]|name|String|false|false
				08:14:09.0 (29520485)|VARIABLE_ASSIGNMENT|[86]|name|"SALESFORCE.BIGCOMMER (2 more) ..."
				08:14:09.0 (29545587)|METHOD_ENTRY|[87]|01p2v00000SpN2Y|GenericUtilsHelper.isSandboxEnviroment()
					08:14:09.0 (36768626)|SOQL_EXECUTE_BEGIN|[81]|Aggregations:0|SELECT Id, Name, IsSandbox FROM Organization LIMIT 1
					08:14:09.0 (38996440)|SOQL_EXECUTE_END|[81]|Rows:1
					08:14:09.0 (39336877)|VARIABLE_ASSIGNMENT|[81]|GenericUtilsHelper.currentOrg|{"Id":"00D1y0000008m7IEAQ","Name":"Natural Chemist","IsSandbox":true}|0x54963bb8
				08:14:09.0 (39445790)|METHOD_EXIT|[87]|01p2v00000SpN2Y|GenericUtilsHelper.isSandboxEnviroment()
				08:14:09.0 (39471783)|VARIABLE_SCOPE_BEGIN|[87]|isProduction|Boolean|false|false
				08:14:09.0 (39504730)|VARIABLE_ASSIGNMENT|[87]|isProduction|false
				08:14:09.0 (40842438)|SOQL_EXECUTE_BEGIN|[88]|Aggregations:0|SELECT Id, URL__c, ClientId__c, ClientSecret__c, ActivateNatualScriptCallout__c, StoreHash__c, AppStoreUrl__c, AccessToken__c, ShipStation_Packing_UserId__c, ShipStation_Admin_UserId__c FROM Webservice_endpoint_setting__mdt WHERE (MasterLabel = :tmpVar1 AND Is_Production__c = :tmpVar2)
				08:14:09.0 (46095912)|SOQL_EXECUTE_END|[88]|Rows:1
				08:14:09.0 (46269981)|VARIABLE_SCOPE_BEGIN|[88]|result|List<Webservice_endpoint_setting__mdt>|true|false
				08:14:09.0 (46364878)|VARIABLE_ASSIGNMENT|[88]|result|[{"Id":"m002v000000yiYYAAY","URL__c":"https://api.bigcomme (26 more) ...","ClientId__c":"qgoe1p6a5xvhgkkvsiu5 (11 more) ...","ClientSecret__c":"d6631082dbbca140cafb (44 more) ...","ActivateNatualScriptCallout__c":false,"StoreHash__c":"n9dr7ak2qq","AppStoreUrl__c":"https://natural-chem (30 more) ...","AccessToken__c":"64so0mrm0qmlsrl3dl8l (11 more) ..."}]|0x5abdc6d8
			08:14:09.0 (46552910)|METHOD_EXIT|[5]|01p2v00000SpN2Y|GenericUtilsHelper.getWebServiceConfig(String)
			08:14:09.0 (46600430)|VARIABLE_ASSIGNMENT|[4]|WSCustomersFromBigCommerce.SERVICE_CONFIG|{"Id":"m002v000000yiYYAAY","URL__c":"https://api.bigcomme (26 more) ...","ClientId__c":"qgoe1p6a5xvhgkkvsiu5 (11 more) ...","ClientSecret__c":"d6631082dbbca140cafb (44 more) ...","ActivateNatualScriptCallout__c":false,"StoreHash__c":"n9dr7ak2qq","AppStoreUrl__c":"https://natural-chem (30 more) ...","AccessToken__c":"64so0mrm0qmlsrl3dl8l (11 more) ..."}|0x77f65bd0
		08:14:09.0 (46630240)|METHOD_EXIT|[1]|WSCustomersFromBigCommerce
		08:14:09.0 (46667987)|METHOD_ENTRY|[81]|01p2v00000SpN2g|WSCustomersFromBigCommerce.getCustomersUpdates(Boolean, Datetime, Datetime)
			08:14:09.0 (47341513)|VARIABLE_SCOPE_BEGIN|[65]|isManual|Boolean|false|false
			08:14:09.0 (47364675)|VARIABLE_ASSIGNMENT|[65]|isManual|false
			08:14:09.0 (47381438)|VARIABLE_SCOPE_BEGIN|[65]|beginDate|Datetime|false|false
			08:14:09.0 (47394532)|VARIABLE_ASSIGNMENT|[65]|beginDate|null
			08:14:09.0 (47405232)|VARIABLE_SCOPE_BEGIN|[65]|endDate|Datetime|false|false
			08:14:09.0 (47417632)|VARIABLE_ASSIGNMENT|[65]|endDate|null
			08:14:09.0 (49154251)|SOQL_EXECUTE_BEGIN|[83]|Aggregations:0|SELECT Id, BC_Date_Modified__c FROM Contact WHERE BC_Date_Modified__c != NULL ORDER BY BC_Date_Modified__c DESC NULLS FIRST LIMIT 1
			08:14:09.0 (81057506)|SOQL_EXECUTE_END|[83]|Rows:1
			08:14:09.0 (81266439)|VARIABLE_SCOPE_BEGIN|[83]|dateModifiedList|List<Contact>|true|false
			08:14:09.0 (81367769)|VARIABLE_ASSIGNMENT|[83]|dateModifiedList|[{"Id":"0032v00003f8v5fAAA","BC_Date_Modified__c":"2022-01-26T09:52:14.000Z"}]|0x63f26ca
			08:14:09.0 (81880347)|VARIABLE_SCOPE_BEGIN|[91]|lastDateModified|String|false|false
			08:14:09.0 (81902648)|VARIABLE_ASSIGNMENT|[91]|lastDateModified|"2022-01-26 20:52:15"
			08:14:09.0 (82023267)|USER_DEBUG|[97]|DEBUG|WS lastDateModified: 2022-01-26 20:52:15
			08:14:09.0 (82754015)|METHOD_ENTRY|[1]|01p2v00000SpN2a|RestWS.RestWS()
			08:14:09.0 (82774907)|METHOD_EXIT|[1]|RestWS
			08:14:09.0 (83589773)|CONSTRUCTOR_ENTRY|[99]|01p2v00000SpN2a|<init>(String,String,List<WSParameter>)|RestWS
			08:14:09.0 (83676264)|VARIABLE_SCOPE_BEGIN|[23]|this|RestWS|true|false
			08:14:09.0 (83729882)|VARIABLE_ASSIGNMENT|[23]|this|{}|0x69f3116e
			08:14:09.0 (83740182)|VARIABLE_SCOPE_BEGIN|[23]|endpoint|String|false|false
			08:14:09.0 (83757990)|VARIABLE_ASSIGNMENT|[23]|endpoint|"https://api.bigcomme (87 more) ..."
			08:14:09.0 (83766814)|VARIABLE_SCOPE_BEGIN|[23]|method|String|false|false
			08:14:09.0 (83779726)|VARIABLE_ASSIGNMENT|[23]|method|"GET"
			08:14:09.0 (83786958)|VARIABLE_SCOPE_BEGIN|[23]|urlParameters|List<WSParameter>|true|false
			08:14:09.0 (83802177)|VARIABLE_ASSIGNMENT|[23]|urlParameters|null|
			08:14:09.0 (83835628)|CONSTRUCTOR_ENTRY|[24]|01p2v00000SpN2a|<init>(String,String,List<WSParameter>,String)|RestWS
			08:14:09.0 (83859328)|VARIABLE_SCOPE_BEGIN|[19]|this|RestWS|true|false
			08:14:09.0 (83882309)|VARIABLE_ASSIGNMENT|[19]|this|{}|0x69f3116e
			08:14:09.0 (83891912)|VARIABLE_SCOPE_BEGIN|[19]|endpoint|String|false|false
			08:14:09.0 (83905943)|VARIABLE_ASSIGNMENT|[19]|endpoint|"https://api.bigcomme (87 more) ..."
			08:14:09.0 (83919960)|VARIABLE_SCOPE_BEGIN|[19]|method|String|false|false
			08:14:09.0 (83934862)|VARIABLE_ASSIGNMENT|[19]|method|"GET"
			08:14:09.0 (83941649)|VARIABLE_SCOPE_BEGIN|[19]|urlParameters|List<WSParameter>|true|false
			08:14:09.0 (83956305)|VARIABLE_ASSIGNMENT|[19]|urlParameters|null|
			08:14:09.0 (83962830)|VARIABLE_SCOPE_BEGIN|[19]|bodyParameter|String|false|false
			08:14:09.0 (83977407)|VARIABLE_ASSIGNMENT|[19]|bodyParameter|""
			08:14:09.0 (84018495)|METHOD_ENTRY|[1]|01p2v00000SpN2h|WSParameter.WSParameter()
			08:14:09.0 (84037464)|METHOD_EXIT|[1]|WSParameter
			08:14:09.0 (84073391)|CONSTRUCTOR_ENTRY|[20]|01p2v00000SpN2h|<init>(String,String,Boolean,Boolean)|WSParameter
			08:14:09.0 (84094322)|VARIABLE_SCOPE_BEGIN|[11]|this|WSParameter|true|false
			08:14:09.0 (84117740)|VARIABLE_ASSIGNMENT|[11]|this|{}|0x4889020a
			08:14:09.0 (84127977)|VARIABLE_SCOPE_BEGIN|[11]|name|String|false|false
			08:14:09.0 (84140501)|VARIABLE_ASSIGNMENT|[11]|name|"body"
			08:14:09.0 (84149334)|VARIABLE_SCOPE_BEGIN|[11]|value|String|false|false
			08:14:09.0 (84162117)|VARIABLE_ASSIGNMENT|[11]|value|""
			08:14:09.0 (84174300)|VARIABLE_SCOPE_BEGIN|[11]|isRequired|Boolean|false|false
			08:14:09.0 (84189819)|VARIABLE_ASSIGNMENT|[11]|isRequired|false
			08:14:09.0 (84196883)|VARIABLE_SCOPE_BEGIN|[11]|urlEncoding|Boolean|false|false
			08:14:09.0 (84211371)|VARIABLE_ASSIGNMENT|[11]|urlEncoding|false
			08:14:09.0 (84269552)|VARIABLE_ASSIGNMENT|[12]|this.name|"body"|0x4889020a
			08:14:09.0 (84301039)|VARIABLE_ASSIGNMENT|[13]|this.isRequired|false|0x4889020a
			08:14:09.0 (84317124)|VARIABLE_ASSIGNMENT|[14]|this.value|""|0x4889020a
			08:14:09.0 (84338841)|VARIABLE_ASSIGNMENT|[15]|this.urlEncoding|false|0x4889020a
			08:14:09.0 (84382396)|CONSTRUCTOR_EXIT|[20]|01p2v00000SpN2h|<init>(String,String,Boolean,Boolean)|WSParameter
			08:14:09.0 (84405171)|CONSTRUCTOR_ENTRY|[20]|01p2v00000SpN2a|<init>(String,String,List<WSParameter>,WSParameter)|RestWS
			08:14:09.0 (84418735)|VARIABLE_SCOPE_BEGIN|[10]|this|RestWS|true|false
			08:14:09.0 (84442866)|VARIABLE_ASSIGNMENT|[10]|this|{}|0x69f3116e
			08:14:09.0 (84452467)|VARIABLE_SCOPE_BEGIN|[10]|endpoint|String|false|false
			08:14:09.0 (84467380)|VARIABLE_ASSIGNMENT|[10]|endpoint|"https://api.bigcomme (87 more) ..."
			08:14:09.0 (84474259)|VARIABLE_SCOPE_BEGIN|[10]|method|String|false|false
			08:14:09.0 (84488842)|VARIABLE_ASSIGNMENT|[10]|method|"GET"
			08:14:09.0 (84495380)|VARIABLE_SCOPE_BEGIN|[10]|urlParameters|List<WSParameter>|true|false
			08:14:09.0 (84509405)|VARIABLE_ASSIGNMENT|[10]|urlParameters|null|
			08:14:09.0 (84516361)|VARIABLE_SCOPE_BEGIN|[10]|bodyParameter|WSParameter|true|false
			08:14:09.0 (84540000)|VARIABLE_ASSIGNMENT|[10]|bodyParameter|{"isRequired":false,"name":"body","urlEncoding":false,"value":""}|0x4889020a
			08:14:09.0 (84560421)|VARIABLE_ASSIGNMENT|[2]|this.endpoint|""|0x69f3116e
			08:14:09.0 (84593245)|VARIABLE_ASSIGNMENT|[7]|this.hasError|false|0x69f3116e
			08:14:09.0 (84610858)|VARIABLE_ASSIGNMENT|[8]|this.errorMessage|""|0x69f3116e
			08:14:09.0 (84727873)|VARIABLE_ASSIGNMENT|[11]|this.request|"System.HttpRequest[Endpoint=null, Method=null]"|0x69f3116e
			08:14:09.0 (84849416)|VARIABLE_ASSIGNMENT|[14]|this.bodyParameter|0x4889020a|0x69f3116e
			08:14:09.0 (84868364)|VARIABLE_ASSIGNMENT|[15]|this.endpoint|"https://api.bigcomme (87 more) ..."|0x69f3116e
			08:14:09.0 (84886376)|VARIABLE_ASSIGNMENT|[16]|this.parameters|null|0x69f3116e
			08:14:09.0 (84903339)|CONSTRUCTOR_EXIT|[20]|01p2v00000SpN2a|<init>(String,String,List<WSParameter>,WSParameter)|RestWS
			08:14:09.0 (84919955)|CONSTRUCTOR_EXIT|[24]|01p2v00000SpN2a|<init>(String,String,List<WSParameter>,String)|RestWS
			08:14:09.0 (84936115)|CONSTRUCTOR_EXIT|[99]|01p2v00000SpN2a|<init>(String,String,List<WSParameter>)|RestWS
			08:14:09.0 (84946823)|VARIABLE_SCOPE_BEGIN|[99]|ws|RestWS|true|false
			08:14:09.0 (85045079)|VARIABLE_ASSIGNMENT|[99]|ws|{"bodyParameter":"0x4889020a","endpoint":"https://api.bigcommerce.com/stores/n9dr7ak2qq/v2/customers?min_date_modified=2022-01-26T20:52:15Z&limit=200","errorMessage":"","hasError":false,"request":"System.HttpRequest[Endpoint=null, Method=GET]"}|0x69f3116e
			08:14:09.0 (85159782)|VARIABLE_SCOPE_BEGIN|[18]|this|WSParameter|true|false
			08:14:09.0 (85188761)|VARIABLE_ASSIGNMENT|[18]|this|{"isRequired":false,"name":"body","urlEncoding":false,"value":""}|0x4889020a
			08:14:09.0 (85277444)|USER_DEBUG|[104]|DEBUG|The ws: RestWS:[bodyParameter=, endpoint=https://api.bigcommerce.com/stores/n9dr7ak2qq/v2/customers?min_date_modified=2022-01-26T20:52:15Z&limit=200, errorMessage=, hasError=false, parameters=null, request=System.HttpRequest[Endpoint=null, Method=GET]]
			08:14:09.0 (85512054)|CONSTRUCTOR_ENTRY|[110]|01p2v00000SpN2g|<init>()|WSCustomersFromBigCommerce.Response
			08:14:09.0 (85541052)|VARIABLE_SCOPE_BEGIN|[113]|this|WSCustomersFromBigCommerce.Response|true|false
			08:14:09.0 (85584728)|VARIABLE_ASSIGNMENT|[113]|this|{}|0x6b5e14b1
			08:14:09.0 (85603951)|METHOD_ENTRY|[1]|01p2v00000SpN2i|WSResult.WSResult()
			08:14:09.0 (85619865)|METHOD_EXIT|[1]|WSResult
			08:14:09.0 (85627836)|CONSTRUCTOR_ENTRY|[EXTERNAL]|01p2v00000SpN2i|<init>()|WSResult
			08:14:09.0 (85644210)|VARIABLE_SCOPE_BEGIN|[1]|this|WSResult|true|false
			08:14:09.0 (85664126)|VARIABLE_ASSIGNMENT|[1]|this|{}|0x6b5e14b1
			08:14:09.0 (85702690)|CONSTRUCTOR_EXIT|[EXTERNAL]|01p2v00000SpN2i|<init>()|WSResult
			08:14:09.0 (85718778)|CONSTRUCTOR_EXIT|[110]|01p2v00000SpN2g|<init>()|WSCustomersFromBigCommerce.Response
			08:14:09.0 (85741345)|METHOD_ENTRY|[110]|01p2v00000SpN2a|RestWS.invoke(WSResult)
				08:14:09.0 (85749287)|VARIABLE_SCOPE_BEGIN|[78]|this|RestWS|true|false
				08:14:09.0 (85849591)|VARIABLE_ASSIGNMENT|[78]|this|{"bodyParameter":"0x4889020a","endpoint":"https://api.bigcommerce.com/stores/n9dr7ak2qq/v2/customers?min_date_modified=2022-01-26T20:52:15Z&limit=200","errorMessage":"","hasError":false,"request":"System.HttpRequest[Endpoint=null, Method=GET]"}|0x69f3116e
				08:14:09.0 (85866959)|VARIABLE_SCOPE_BEGIN|[78]|result|WSResult|true|false
				08:14:09.0 (85887226)|VARIABLE_ASSIGNMENT|[78]|result|{}|0x6b5e14b1
				08:14:09.0 (85922038)|METHOD_ENTRY|[88]|01p2v00000SpN2a|RestWS.getMissingParametersMessage()
					08:14:09.0 (85938577)|VARIABLE_SCOPE_BEGIN|[27]|this|RestWS|true|false
					08:14:09.0 (86001159)|VARIABLE_ASSIGNMENT|[27]|this|{"bodyParameter":"0x4889020a","endpoint":"https://api.bigcommerce.com/stores/n9dr7ak2qq/v2/customers?min_date_modified=2022-01-26T20:52:15Z&limit=200","errorMessage":"","hasError":false,"request":"System.HttpRequest[Endpoint=null, Method=GET]"}|0x69f3116e
					08:14:09.0 (86114701)|VARIABLE_SCOPE_BEGIN|[32]|parametersToCheck|List<WSParameter>|true|false
					08:14:09.0 (86162727)|VARIABLE_ASSIGNMENT|[32]|parametersToCheck|[]|0x724ae88b
					08:14:09.0 (86311413)|VARIABLE_SCOPE_BEGIN|[40]|missingParms|List<String>|true|false
					08:14:09.0 (86349308)|VARIABLE_ASSIGNMENT|[40]|missingParms|[]|0x3da24ed
					08:14:09.0 (86600517)|VARIABLE_SCOPE_BEGIN|[41]|parameter|WSParameter|true|false
					08:14:09.0 (86638170)|VARIABLE_ASSIGNMENT|[41]|parameter|{"isRequired":false,"name":"body","urlEncoding":false,"value":""}|0x4889020a
					08:14:09.0 (86677320)|VARIABLE_ASSIGNMENT|[41]|parameter|null|
				08:14:09.0 (86723593)|METHOD_EXIT|[88]|01p2v00000SpN2a|RestWS.getMissingParametersMessage()
				08:14:09.0 (86733165)|VARIABLE_SCOPE_BEGIN|[88]|missingParamsMessage|String|false|false
				08:14:09.0 (86749959)|VARIABLE_ASSIGNMENT|[88]|missingParamsMessage|""
				08:14:09.0 (86803507)|METHOD_ENTRY|[96]|01p2v00000SpN2a|RestWS.formatEndpoint()
					08:14:09.0 (86817726)|VARIABLE_SCOPE_BEGIN|[58]|this|RestWS|true|false
					08:14:09.0 (86902508)|VARIABLE_ASSIGNMENT|[58]|this|{"bodyParameter":"0x4889020a","endpoint":"https://api.bigcommerce.com/stores/n9dr7ak2qq/v2/customers?min_date_modified=2022-01-26T20:52:15Z&limit=200","errorMessage":"","hasError":false,"request":"System.HttpRequest[Endpoint=null, Method=GET]"}|0x69f3116e
				08:14:09.0 (86934059)|METHOD_EXIT|[96]|01p2v00000SpN2a|RestWS.formatEndpoint()
				08:14:09.0 (86968868)|METHOD_ENTRY|[97]|01p2v00000SpN2a|RestWS.getBody()
					08:14:09.0 (86982570)|VARIABLE_SCOPE_BEGIN|[69]|this|RestWS|true|false
					08:14:09.0 (87050602)|VARIABLE_ASSIGNMENT|[69]|this|{"bodyParameter":"0x4889020a","endpoint":"https://api.bigcommerce.com/stores/n9dr7ak2qq/v2/customers?min_date_modified=2022-01-26T20:52:15Z&limit=200","errorMessage":"","hasError":false,"request":"System.HttpRequest[Endpoint=https://api.bigcommerce.com/stores/n9dr7ak2qq/v2/customers?min_date_modified=2022-01-26T20:52:15Z&limit=200, Method=GET]"}|0x69f3116e
				08:14:09.0 (87138694)|METHOD_EXIT|[97]|01p2v00000SpN2a|RestWS.getBody()
				08:14:09.0 (87451911)|VARIABLE_SCOPE_BEGIN|[97]|body|String|false|false
				08:14:09.0 (87472169)|VARIABLE_ASSIGNMENT|[97]|body|""
				08:14:09.0 (87623484)|CALLOUT_REQUEST|[104]|System.HttpRequest[Endpoint=https://api.bigcommerce.com/stores/n9dr7ak2qq/v2/customers?min_date_modified=2022-01-26T20:52:15Z&limit=200, Method=GET]
				08:14:09.0 (695691528)|CALLOUT_RESPONSE|[104]|System.HttpResponse[Status=No Content, StatusCode=204]
				08:14:09.0 (695756009)|VARIABLE_SCOPE_BEGIN|[104]|response|System.HttpResponse|true|false
				08:14:09.0 (695828489)|VARIABLE_ASSIGNMENT|[104]|response|"System.HttpResponse[Status=No Content, StatusCode=204]"|0x204b7216
				08:14:09.0 (696040640)|USER_DEBUG|[107]|DEBUG|
				08:14:09.0 (696138315)|METHOD_ENTRY|[112]|01p2v00000SpN2g|WSCustomersFromBigCommerce.Response.processResponse(System.HttpResponse)
					08:14:09.0 (696181670)|VARIABLE_SCOPE_BEGIN|[116]|this|WSCustomersFromBigCommerce.Response|true|false
					08:14:09.0 (696314608)|VARIABLE_ASSIGNMENT|[116]|this|{"hasError":false,"request":"System.HttpRequest[Endpoint=https://api.bigcommerce.com/stores/n9dr7ak2qq/v2/customers?min_date_modified=2022-01-26T20:52:15Z&limit=200, Method=GET]","response":"System.HttpResponse[Status=No Content, StatusCode=204]"}|0x6b5e14b1
					08:14:09.0 (696328830)|VARIABLE_SCOPE_BEGIN|[116]|response|System.HttpResponse|true|false
					08:14:09.0 (696359931)|VARIABLE_ASSIGNMENT|[116]|response|"System.HttpResponse[Status=No Content, StatusCode=204]"|0x204b7216
					08:14:09.0 (696537555)|SYSTEM_METHOD_ENTRY|[1]|Type.Type()
					08:14:09.0 (696552602)|SYSTEM_METHOD_EXIT|[1]|Type
					08:14:09.0 (696588227)|VARIABLE_SCOPE_BEGIN|[4]|this|System.Type|true|false
					08:14:09.0 (696643471)|VARIABLE_ASSIGNMENT|[4]|this|{}|0x549d74e4
					08:14:09.0 (696654455)|VARIABLE_SCOPE_BEGIN|[4]|apextype|java:common.apex.runtime.ApexObjectType|true|false
					08:14:09.0 (696729849)|VARIABLE_ASSIGNMENT|[4]|apextype|"List<WSCustomersBigCommerceResponse>"|0x2f3d77a3
					08:14:09.0 (696816971)|SYSTEM_METHOD_ENTRY|[1]|JSON.JSON()
					08:14:09.0 (696833489)|SYSTEM_METHOD_EXIT|[1]|JSON
					08:14:09.0 (696862867)|METHOD_ENTRY|[118]||System.JSON.deserialize(String, System.Type)
					08:14:09.0 (697328082)|METHOD_EXIT|[118]||System.JSON.deserialize(String, System.Type)
				08:14:09.0 (697343970)|METHOD_EXIT|[112]|01p2v00000SpN2g|WSCustomersFromBigCommerce.Response.processResponse(System.HttpResponse)
				08:14:09.0 (697374498)|VARIABLE_SCOPE_BEGIN|[115]|ex|Exception|true|false
				08:14:09.0 (697428697)|VARIABLE_ASSIGNMENT|[115]|ex|"common.apex.runtime.impl.ExecutionException: No content to map to Object due to end of input"|0x4db98be0
			08:14:09.0 (697526184)|METHOD_EXIT|[110]|01p2v00000SpN2a|RestWS.invoke(WSResult)
		08:14:09.0 (697540407)|METHOD_EXIT|[81]|01p2v00000SpN2g|WSCustomersFromBigCommerce.getCustomersUpdates(Boolean, Datetime, Datetime)
		08:14:09.0 (697551309)|VARIABLE_SCOPE_BEGIN|[81]|response|WSCustomersFromBigCommerce.Response|true|false
		08:14:09.0 (697641674)|VARIABLE_ASSIGNMENT|[81]|response|{"hasError":true,"message":"No content to map to Object due to end of input","request":"System.HttpRequest[Endpoint=https://api.bigcommerce.com/stores/n9dr7ak2qq/v2/customers?min_date_modified=2022-01-26T20:52:15Z&limit=200, Method=GET]","response":"System.HttpResponse[Status=No Content, StatusCode=204]"}|0x6b5e14b1
		08:14:09.0 (697684414)|USER_DEBUG|[82]|DEBUG|System.HttpResponse[Status=No Content, StatusCode=204]
	08:14:09.0 (697818338)|METHOD_EXIT|[30]|01p2v00000SpN2V|CustomersFromBigCommerceBatchHelper.getCustomersFromBigCommerce(Boolean, Datetime, Datetime)
	08:14:09.715 (715745470)|CUMULATIVE_LIMIT_USAGE
	08:14:09.715 (715745470)|LIMIT_USAGE_FOR_NS|(default)|
	  Number of SOQL queries: 0 out of 200
	  Number of query rows: 0 out of 50000
	  Number of SOSL queries: 0 out of 20
	  Number of DML statements: 0 out of 150
	  Number of Publish Immediate DML: 0 out of 150
	  Number of DML rows: 0 out of 10000
	  Maximum CPU time: 0 out of 60000
	  Maximum heap size: 0 out of 12000000
	  Number of callouts: 0 out of 0
	  Number of Email Invocations: 0 out of 10
	  Number of future calls: 0 out of 0
	  Number of queueable jobs added to the queue: 0 out of 1
	  Number of Mobile Apex push calls: 0 out of 10
	
	08:14:09.715 (715745470)|CUMULATIVE_LIMIT_USAGE_END
	
08:14:09.0 (715824785)|CODE_UNIT_FINISHED|CustomersFromBigCommerceBatch
08:14:09.0 (715843795)|EXECUTION_FINISHED
