45.0 APEX_CODE,FINEST;APEX_PROFILING,NONE;CALLOUT,NONE;DB,INFO;NBA,NONE;SYSTEM,NONE;VALIDATION,NONE;VISUALFORCE,NONE;WAVE,NONE;WORKFLOW,NONE
10:33:09.0 (635211)|USER_INFO|[EXTERNAL]|0052v00000fQDGY|api@naturalchemist.com.au.sand1|(GMT+11:00) Australian Eastern Daylight Time (Australia/Sydney)|GMT+11:00
10:33:09.0 (712910)|EXECUTION_STARTED
10:33:09.0 (720580)|CODE_UNIT_STARTED|[EXTERNAL]|01p2v00000SpN2U|CustomersFromBigCommerceBatch
	10:33:09.0 (21730255)|SYSTEM_METHOD_ENTRY|[15]|BatchableContextImpl.BatchableContextImpl()
	10:33:09.0 (21780668)|SYSTEM_METHOD_EXIT|[15]|BatchableContextImpl
	10:33:09.0 (21820249)|VARIABLE_SCOPE_BEGIN|[31]|this|Database.BatchableContextImpl|true|false
	10:33:09.0 (21991401)|VARIABLE_ASSIGNMENT|[31]|this|{}|0x794da6a1
	10:33:09.0 (22002674)|VARIABLE_SCOPE_BEGIN|[31]|jobId|Id|false|false
	10:33:09.0 (22195518)|VARIABLE_ASSIGNMENT|[31]|jobId|"7071y00000J9FAUAA3"
	10:33:09.0 (22204499)|VARIABLE_SCOPE_BEGIN|[31]|childJobId|Id|false|false
	10:33:09.0 (22218625)|VARIABLE_ASSIGNMENT|[31]|childJobId|null
	10:33:09.0 (26267793)|METHOD_ENTRY|[1]|01p2v00000SpN2U|CustomersFromBigCommerceBatch.CustomersFromBigCommerceBatch()
	10:33:09.0 (26287533)|METHOD_EXIT|[1]|CustomersFromBigCommerceBatch
	10:33:09.0 (26311906)|VARIABLE_SCOPE_BEGIN|[23]|this|CustomersFromBigCommerceBatch|true|false
	10:33:09.0 (26360364)|VARIABLE_ASSIGNMENT|[23]|this|{"batchScheduleName":"67111","isManual":false}|0xb015722
	10:33:09.0 (26371306)|VARIABLE_SCOPE_BEGIN|[23]|context|Database.BatchableContext|true|false
	10:33:09.0 (26473857)|VARIABLE_ASSIGNMENT|[23]|context|{"jobId":"7071y00000J9FAUAA3"}|0x794da6a1
	10:33:09.0 (27027232)|METHOD_ENTRY|[1]|01p2v00000SpN2V|CustomersFromBigCommerceBatchHelper.CustomersFromBigCommerceBatchHelper()
	10:33:09.0 (27046992)|METHOD_EXIT|[1]|CustomersFromBigCommerceBatchHelper
	10:33:09.0 (27101844)|METHOD_ENTRY|[30]|01p2v00000SpN2V|CustomersFromBigCommerceBatchHelper.getCustomersFromBigCommerce(Boolean, Datetime, Datetime)
		10:33:09.0 (27185152)|VARIABLE_SCOPE_BEGIN|[80]|isManual|Boolean|false|false
		10:33:09.0 (27203581)|VARIABLE_ASSIGNMENT|[80]|isManual|false
		10:33:09.0 (27216919)|VARIABLE_SCOPE_BEGIN|[80]|beginDate|Datetime|false|false
		10:33:09.0 (27229780)|VARIABLE_ASSIGNMENT|[80]|beginDate|null
		10:33:09.0 (27240431)|VARIABLE_SCOPE_BEGIN|[80]|endDate|Datetime|false|false
		10:33:09.0 (27252925)|VARIABLE_ASSIGNMENT|[80]|endDate|null
		10:33:09.0 (27958209)|VARIABLE_SCOPE_BEGIN|[4]|WSCustomersFromBigCommerce.SERVICE_CONFIG|Webservice_endpoint_setting__mdt|true|true
		10:33:09.0 (28013872)|METHOD_ENTRY|[1]|01p2v00000SpN2g|WSCustomersFromBigCommerce.WSCustomersFromBigCommerce()
			10:33:09.0 (31733005)|VARIABLE_SCOPE_BEGIN|[3]|GenericUtilsHelper.currentOrg|Organization|true|true
			10:33:09.0 (31818495)|VARIABLE_SCOPE_BEGIN|[101]|GenericUtilsHelper.mapRecordTypes|Map<String,RecordType>|true|true
			10:33:09.0 (31914052)|METHOD_ENTRY|[1]|01p2v00000SpN2Y|GenericUtilsHelper.GenericUtilsHelper()
				10:33:09.0 (32065231)|VARIABLE_ASSIGNMENT|[101]|GenericUtilsHelper.mapRecordTypes|{}|0x42867973
			10:33:09.0 (32078695)|METHOD_EXIT|[1]|GenericUtilsHelper
			10:33:09.0 (32101030)|METHOD_ENTRY|[5]|01p2v00000SpN2Y|GenericUtilsHelper.getWebServiceConfig(String)
				10:33:09.0 (32128401)|VARIABLE_SCOPE_BEGIN|[86]|name|String|false|false
				10:33:09.0 (32150070)|VARIABLE_ASSIGNMENT|[86]|name|"SALESFORCE.BIGCOMMER (2 more) ..."
				10:33:09.0 (32173302)|METHOD_ENTRY|[87]|01p2v00000SpN2Y|GenericUtilsHelper.isSandboxEnviroment()
					10:33:09.0 (39486667)|SOQL_EXECUTE_BEGIN|[81]|Aggregations:0|SELECT Id, Name, IsSandbox FROM Organization LIMIT 1
					10:33:09.0 (42669443)|SOQL_EXECUTE_END|[81]|Rows:1
					10:33:09.0 (42944850)|VARIABLE_ASSIGNMENT|[81]|GenericUtilsHelper.currentOrg|{"Id":"00D1y0000008m7IEAQ","Name":"Natural Chemist","IsSandbox":true}|0x7fad2dd4
				10:33:09.0 (43021376)|METHOD_EXIT|[87]|01p2v00000SpN2Y|GenericUtilsHelper.isSandboxEnviroment()
				10:33:09.0 (43042203)|VARIABLE_SCOPE_BEGIN|[87]|isProduction|Boolean|false|false
				10:33:09.0 (43070883)|VARIABLE_ASSIGNMENT|[87]|isProduction|false
				10:33:09.0 (44303823)|SOQL_EXECUTE_BEGIN|[88]|Aggregations:0|SELECT Id, URL__c, ClientId__c, ClientSecret__c, ActivateNatualScriptCallout__c, StoreHash__c, AppStoreUrl__c, AccessToken__c, ShipStation_Packing_UserId__c, ShipStation_Admin_UserId__c FROM Webservice_endpoint_setting__mdt WHERE (MasterLabel = :tmpVar1 AND Is_Production__c = :tmpVar2)
				10:33:09.0 (62782496)|SOQL_EXECUTE_END|[88]|Rows:1
				10:33:09.0 (62961706)|VARIABLE_SCOPE_BEGIN|[88]|result|List<Webservice_endpoint_setting__mdt>|true|false
				10:33:09.0 (63035381)|VARIABLE_ASSIGNMENT|[88]|result|[{"Id":"m002v000000yiYYAAY","URL__c":"https://api.bigcomme (26 more) ...","ClientId__c":"qgoe1p6a5xvhgkkvsiu5 (11 more) ...","ClientSecret__c":"d6631082dbbca140cafb (44 more) ...","ActivateNatualScriptCallout__c":false,"StoreHash__c":"n9dr7ak2qq","AppStoreUrl__c":"https://natural-chem (30 more) ...","AccessToken__c":"64so0mrm0qmlsrl3dl8l (11 more) ..."}]|0x67636a55
			10:33:09.0 (63192177)|METHOD_EXIT|[5]|01p2v00000SpN2Y|GenericUtilsHelper.getWebServiceConfig(String)
			10:33:09.0 (63232858)|VARIABLE_ASSIGNMENT|[4]|WSCustomersFromBigCommerce.SERVICE_CONFIG|{"Id":"m002v000000yiYYAAY","URL__c":"https://api.bigcomme (26 more) ...","ClientId__c":"qgoe1p6a5xvhgkkvsiu5 (11 more) ...","ClientSecret__c":"d6631082dbbca140cafb (44 more) ...","ActivateNatualScriptCallout__c":false,"StoreHash__c":"n9dr7ak2qq","AppStoreUrl__c":"https://natural-chem (30 more) ...","AccessToken__c":"64so0mrm0qmlsrl3dl8l (11 more) ..."}|0x46f6df91
		10:33:09.0 (63265011)|METHOD_EXIT|[1]|WSCustomersFromBigCommerce
		10:33:09.0 (63301634)|METHOD_ENTRY|[81]|01p2v00000SpN2g|WSCustomersFromBigCommerce.getCustomersUpdates(Boolean, Datetime, Datetime)
			10:33:09.0 (64041947)|VARIABLE_SCOPE_BEGIN|[65]|isManual|Boolean|false|false
			10:33:09.0 (64069911)|VARIABLE_ASSIGNMENT|[65]|isManual|false
			10:33:09.0 (64090545)|VARIABLE_SCOPE_BEGIN|[65]|beginDate|Datetime|false|false
			10:33:09.0 (64103975)|VARIABLE_ASSIGNMENT|[65]|beginDate|null
			10:33:09.0 (64114564)|VARIABLE_SCOPE_BEGIN|[65]|endDate|Datetime|false|false
			10:33:09.0 (64127177)|VARIABLE_ASSIGNMENT|[65]|endDate|null
			10:33:09.0 (65846037)|SOQL_EXECUTE_BEGIN|[83]|Aggregations:0|SELECT Id, BC_Date_Modified__c FROM Contact WHERE BC_Date_Modified__c != NULL ORDER BY BC_Date_Modified__c DESC NULLS FIRST LIMIT 1
			10:33:09.0 (103251451)|SOQL_EXECUTE_END|[83]|Rows:1
			10:33:09.0 (103436991)|VARIABLE_SCOPE_BEGIN|[83]|dateModifiedList|List<Contact>|true|false
			10:33:09.0 (103515202)|VARIABLE_ASSIGNMENT|[83]|dateModifiedList|[{"Id":"0032v00003f8v5fAAA","BC_Date_Modified__c":"2022-01-26T09:52:14.000Z"}]|0x25dba66f
			10:33:09.0 (103884241)|VARIABLE_SCOPE_BEGIN|[91]|lastDateModified|String|false|false
			10:33:09.0 (103906133)|VARIABLE_ASSIGNMENT|[91]|lastDateModified|"2022-01-26 20:52:15"
			10:33:09.0 (103980256)|USER_DEBUG|[97]|DEBUG|WS lastDateModified: 2022-01-26 20:52:15
			10:33:09.0 (104737150)|METHOD_ENTRY|[1]|01p2v00000SpN2a|RestWS.RestWS()
			10:33:09.0 (104760088)|METHOD_EXIT|[1]|RestWS
			10:33:09.0 (105471941)|CONSTRUCTOR_ENTRY|[99]|01p2v00000SpN2a|<init>(String,String,List<WSParameter>)|RestWS
			10:33:09.0 (105520217)|VARIABLE_SCOPE_BEGIN|[23]|this|RestWS|true|false
			10:33:09.0 (105609258)|VARIABLE_ASSIGNMENT|[23]|this|{}|0x5714308c
			10:33:09.0 (105622230)|VARIABLE_SCOPE_BEGIN|[23]|endpoint|String|false|false
			10:33:09.0 (105641435)|VARIABLE_ASSIGNMENT|[23]|endpoint|"https://api.bigcomme (87 more) ..."
			10:33:09.0 (105650241)|VARIABLE_SCOPE_BEGIN|[23]|method|String|false|false
			10:33:09.0 (105663227)|VARIABLE_ASSIGNMENT|[23]|method|"GET"
			10:33:09.0 (105670204)|VARIABLE_SCOPE_BEGIN|[23]|urlParameters|List<WSParameter>|true|false
			10:33:09.0 (105685588)|VARIABLE_ASSIGNMENT|[23]|urlParameters|null|
			10:33:09.0 (105712697)|CONSTRUCTOR_ENTRY|[24]|01p2v00000SpN2a|<init>(String,String,List<WSParameter>,String)|RestWS
			10:33:09.0 (105734890)|VARIABLE_SCOPE_BEGIN|[19]|this|RestWS|true|false
			10:33:09.0 (105755667)|VARIABLE_ASSIGNMENT|[19]|this|{}|0x5714308c
			10:33:09.0 (105765280)|VARIABLE_SCOPE_BEGIN|[19]|endpoint|String|false|false
			10:33:09.0 (105781044)|VARIABLE_ASSIGNMENT|[19]|endpoint|"https://api.bigcomme (87 more) ..."
			10:33:09.0 (105787622)|VARIABLE_SCOPE_BEGIN|[19]|method|String|false|false
			10:33:09.0 (105801390)|VARIABLE_ASSIGNMENT|[19]|method|"GET"
			10:33:09.0 (105808118)|VARIABLE_SCOPE_BEGIN|[19]|urlParameters|List<WSParameter>|true|false
			10:33:09.0 (105821802)|VARIABLE_ASSIGNMENT|[19]|urlParameters|null|
			10:33:09.0 (105828246)|VARIABLE_SCOPE_BEGIN|[19]|bodyParameter|String|false|false
			10:33:09.0 (105840647)|VARIABLE_ASSIGNMENT|[19]|bodyParameter|""
			10:33:09.0 (105877661)|METHOD_ENTRY|[1]|01p2v00000SpN2h|WSParameter.WSParameter()
			10:33:09.0 (105895108)|METHOD_EXIT|[1]|WSParameter
			10:33:09.0 (105927728)|CONSTRUCTOR_ENTRY|[20]|01p2v00000SpN2h|<init>(String,String,Boolean,Boolean)|WSParameter
			10:33:09.0 (105951003)|VARIABLE_SCOPE_BEGIN|[11]|this|WSParameter|true|false
			10:33:09.0 (105975775)|VARIABLE_ASSIGNMENT|[11]|this|{}|0x345e65d5
			10:33:09.0 (105985431)|VARIABLE_SCOPE_BEGIN|[11]|name|String|false|false
			10:33:09.0 (105998281)|VARIABLE_ASSIGNMENT|[11]|name|"body"
			10:33:09.0 (106005241)|VARIABLE_SCOPE_BEGIN|[11]|value|String|false|false
			10:33:09.0 (106019716)|VARIABLE_ASSIGNMENT|[11]|value|""
			10:33:09.0 (106035863)|VARIABLE_SCOPE_BEGIN|[11]|isRequired|Boolean|false|false
			10:33:09.0 (106050368)|VARIABLE_ASSIGNMENT|[11]|isRequired|false
			10:33:09.0 (106057497)|VARIABLE_SCOPE_BEGIN|[11]|urlEncoding|Boolean|false|false
			10:33:09.0 (106071583)|VARIABLE_ASSIGNMENT|[11]|urlEncoding|false
			10:33:09.0 (106126871)|VARIABLE_ASSIGNMENT|[12]|this.name|"body"|0x345e65d5
			10:33:09.0 (106149284)|VARIABLE_ASSIGNMENT|[13]|this.isRequired|false|0x345e65d5
			10:33:09.0 (106164862)|VARIABLE_ASSIGNMENT|[14]|this.value|""|0x345e65d5
			10:33:09.0 (106186283)|VARIABLE_ASSIGNMENT|[15]|this.urlEncoding|false|0x345e65d5
			10:33:09.0 (106200016)|CONSTRUCTOR_EXIT|[20]|01p2v00000SpN2h|<init>(String,String,Boolean,Boolean)|WSParameter
			10:33:09.0 (106222558)|CONSTRUCTOR_ENTRY|[20]|01p2v00000SpN2a|<init>(String,String,List<WSParameter>,WSParameter)|RestWS
			10:33:09.0 (106234461)|VARIABLE_SCOPE_BEGIN|[10]|this|RestWS|true|false
			10:33:09.0 (106256593)|VARIABLE_ASSIGNMENT|[10]|this|{}|0x5714308c
			10:33:09.0 (106265737)|VARIABLE_SCOPE_BEGIN|[10]|endpoint|String|false|false
			10:33:09.0 (106281426)|VARIABLE_ASSIGNMENT|[10]|endpoint|"https://api.bigcomme (87 more) ..."
			10:33:09.0 (106288002)|VARIABLE_SCOPE_BEGIN|[10]|method|String|false|false
			10:33:09.0 (106300302)|VARIABLE_ASSIGNMENT|[10]|method|"GET"
			10:33:09.0 (106308861)|VARIABLE_SCOPE_BEGIN|[10]|urlParameters|List<WSParameter>|true|false
			10:33:09.0 (106320689)|VARIABLE_ASSIGNMENT|[10]|urlParameters|null|
			10:33:09.0 (106327076)|VARIABLE_SCOPE_BEGIN|[10]|bodyParameter|WSParameter|true|false
			10:33:09.0 (106355053)|VARIABLE_ASSIGNMENT|[10]|bodyParameter|{"isRequired":false,"name":"body","urlEncoding":false,"value":""}|0x345e65d5
			10:33:09.0 (106375054)|VARIABLE_ASSIGNMENT|[2]|this.endpoint|""|0x5714308c
			10:33:09.0 (106405644)|VARIABLE_ASSIGNMENT|[7]|this.hasError|false|0x5714308c
			10:33:09.0 (106420835)|VARIABLE_ASSIGNMENT|[8]|this.errorMessage|""|0x5714308c
			10:33:09.0 (106555425)|VARIABLE_ASSIGNMENT|[11]|this.request|"System.HttpRequest[Endpoint=null, Method=null]"|0x5714308c
			10:33:09.0 (106669864)|VARIABLE_ASSIGNMENT|[14]|this.bodyParameter|0x345e65d5|0x5714308c
			10:33:09.0 (106688918)|VARIABLE_ASSIGNMENT|[15]|this.endpoint|"https://api.bigcomme (87 more) ..."|0x5714308c
			10:33:09.0 (106705084)|VARIABLE_ASSIGNMENT|[16]|this.parameters|null|0x5714308c
			10:33:09.0 (106720833)|CONSTRUCTOR_EXIT|[20]|01p2v00000SpN2a|<init>(String,String,List<WSParameter>,WSParameter)|RestWS
			10:33:09.0 (106738332)|CONSTRUCTOR_EXIT|[24]|01p2v00000SpN2a|<init>(String,String,List<WSParameter>,String)|RestWS
			10:33:09.0 (106753545)|CONSTRUCTOR_EXIT|[99]|01p2v00000SpN2a|<init>(String,String,List<WSParameter>)|RestWS
			10:33:09.0 (106762218)|VARIABLE_SCOPE_BEGIN|[99]|ws|RestWS|true|false
			10:33:09.0 (106878462)|VARIABLE_ASSIGNMENT|[99]|ws|{"bodyParameter":"0x345e65d5","endpoint":"https://api.bigcommerce.com/stores/n9dr7ak2qq/v2/customers?min_date_modified=2022-01-26T20:52:15Z&limit=200","errorMessage":"","hasError":false,"request":"System.HttpRequest[Endpoint=null, Method=GET]"}|0x5714308c
			10:33:09.0 (106982906)|VARIABLE_SCOPE_BEGIN|[18]|this|WSParameter|true|false
			10:33:09.0 (107013295)|VARIABLE_ASSIGNMENT|[18]|this|{"isRequired":false,"name":"body","urlEncoding":false,"value":""}|0x345e65d5
			10:33:09.0 (107100323)|USER_DEBUG|[104]|DEBUG|The ws: RestWS:[bodyParameter=, endpoint=https://api.bigcommerce.com/stores/n9dr7ak2qq/v2/customers?min_date_modified=2022-01-26T20:52:15Z&limit=200, errorMessage=, hasError=false, parameters=null, request=System.HttpRequest[Endpoint=null, Method=GET]]
			10:33:09.0 (107320452)|CONSTRUCTOR_ENTRY|[110]|01p2v00000SpN2g|<init>()|WSCustomersFromBigCommerce.Response
			10:33:09.0 (107344062)|VARIABLE_SCOPE_BEGIN|[113]|this|WSCustomersFromBigCommerce.Response|true|false
			10:33:09.0 (107389188)|VARIABLE_ASSIGNMENT|[113]|this|{}|0x1fb969f
			10:33:09.0 (107414803)|METHOD_ENTRY|[1]|01p2v00000SpN2i|WSResult.WSResult()
			10:33:09.0 (107431713)|METHOD_EXIT|[1]|WSResult
			10:33:09.0 (107439709)|CONSTRUCTOR_ENTRY|[EXTERNAL]|01p2v00000SpN2i|<init>()|WSResult
			10:33:09.0 (107457481)|VARIABLE_SCOPE_BEGIN|[1]|this|WSResult|true|false
			10:33:09.0 (107479236)|VARIABLE_ASSIGNMENT|[1]|this|{}|0x1fb969f
			10:33:09.0 (107517489)|CONSTRUCTOR_EXIT|[EXTERNAL]|01p2v00000SpN2i|<init>()|WSResult
			10:33:09.0 (107533106)|CONSTRUCTOR_EXIT|[110]|01p2v00000SpN2g|<init>()|WSCustomersFromBigCommerce.Response
			10:33:09.0 (107556637)|METHOD_ENTRY|[110]|01p2v00000SpN2a|RestWS.invoke(WSResult)
				10:33:09.0 (107564712)|VARIABLE_SCOPE_BEGIN|[78]|this|RestWS|true|false
				10:33:09.0 (107668492)|VARIABLE_ASSIGNMENT|[78]|this|{"bodyParameter":"0x345e65d5","endpoint":"https://api.bigcommerce.com/stores/n9dr7ak2qq/v2/customers?min_date_modified=2022-01-26T20:52:15Z&limit=200","errorMessage":"","hasError":false,"request":"System.HttpRequest[Endpoint=null, Method=GET]"}|0x5714308c
				10:33:09.0 (107682266)|VARIABLE_SCOPE_BEGIN|[78]|result|WSResult|true|false
				10:33:09.0 (107702340)|VARIABLE_ASSIGNMENT|[78]|result|{}|0x1fb969f
				10:33:09.0 (107735496)|METHOD_ENTRY|[88]|01p2v00000SpN2a|RestWS.getMissingParametersMessage()
					10:33:09.0 (107759732)|VARIABLE_SCOPE_BEGIN|[27]|this|RestWS|true|false
					10:33:09.0 (107822798)|VARIABLE_ASSIGNMENT|[27]|this|{"bodyParameter":"0x345e65d5","endpoint":"https://api.bigcommerce.com/stores/n9dr7ak2qq/v2/customers?min_date_modified=2022-01-26T20:52:15Z&limit=200","errorMessage":"","hasError":false,"request":"System.HttpRequest[Endpoint=null, Method=GET]"}|0x5714308c
					10:33:09.0 (107936194)|VARIABLE_SCOPE_BEGIN|[32]|parametersToCheck|List<WSParameter>|true|false
					10:33:09.0 (107979239)|VARIABLE_ASSIGNMENT|[32]|parametersToCheck|[]|0x6088fe35
					10:33:09.0 (108074181)|VARIABLE_SCOPE_BEGIN|[40]|missingParms|List<String>|true|false
					10:33:09.0 (108107260)|VARIABLE_ASSIGNMENT|[40]|missingParms|[]|0x7aad7a2a
					10:33:09.0 (108342667)|VARIABLE_SCOPE_BEGIN|[41]|parameter|WSParameter|true|false
					10:33:09.0 (108381062)|VARIABLE_ASSIGNMENT|[41]|parameter|{"isRequired":false,"name":"body","urlEncoding":false,"value":""}|0x345e65d5
					10:33:09.0 (108419298)|VARIABLE_ASSIGNMENT|[41]|parameter|null|
				10:33:09.0 (108460741)|METHOD_EXIT|[88]|01p2v00000SpN2a|RestWS.getMissingParametersMessage()
				10:33:09.0 (108470510)|VARIABLE_SCOPE_BEGIN|[88]|missingParamsMessage|String|false|false
				10:33:09.0 (108486588)|VARIABLE_ASSIGNMENT|[88]|missingParamsMessage|""
				10:33:09.0 (108547672)|METHOD_ENTRY|[96]|01p2v00000SpN2a|RestWS.formatEndpoint()
					10:33:09.0 (108563643)|VARIABLE_SCOPE_BEGIN|[58]|this|RestWS|true|false
					10:33:09.0 (108656211)|VARIABLE_ASSIGNMENT|[58]|this|{"bodyParameter":"0x345e65d5","endpoint":"https://api.bigcommerce.com/stores/n9dr7ak2qq/v2/customers?min_date_modified=2022-01-26T20:52:15Z&limit=200","errorMessage":"","hasError":false,"request":"System.HttpRequest[Endpoint=null, Method=GET]"}|0x5714308c
				10:33:09.0 (108729987)|METHOD_EXIT|[96]|01p2v00000SpN2a|RestWS.formatEndpoint()
				10:33:09.0 (108771491)|METHOD_ENTRY|[97]|01p2v00000SpN2a|RestWS.getBody()
					10:33:09.0 (108804347)|VARIABLE_SCOPE_BEGIN|[69]|this|RestWS|true|false
					10:33:09.0 (108906540)|VARIABLE_ASSIGNMENT|[69]|this|{"bodyParameter":"0x345e65d5","endpoint":"https://api.bigcommerce.com/stores/n9dr7ak2qq/v2/customers?min_date_modified=2022-01-26T20:52:15Z&limit=200","errorMessage":"","hasError":false,"request":"System.HttpRequest[Endpoint=https://api.bigcommerce.com/stores/n9dr7ak2qq/v2/customers?min_date_modified=2022-01-26T20:52:15Z&limit=200, Method=GET]"}|0x5714308c
				10:33:09.0 (109005271)|METHOD_EXIT|[97]|01p2v00000SpN2a|RestWS.getBody()
				10:33:09.0 (109016725)|VARIABLE_SCOPE_BEGIN|[97]|body|String|false|false
				10:33:09.0 (109032633)|VARIABLE_ASSIGNMENT|[97]|body|""
				10:33:09.0 (632975090)|VARIABLE_SCOPE_BEGIN|[104]|response|System.HttpResponse|true|false
				10:33:09.0 (633058237)|VARIABLE_ASSIGNMENT|[104]|response|"System.HttpResponse[Status=No Content, StatusCode=204]"|0x5054103a
				10:33:09.0 (633357005)|USER_DEBUG|[107]|DEBUG|
				10:33:09.0 (633542677)|METHOD_ENTRY|[112]|01p2v00000SpN2g|WSCustomersFromBigCommerce.Response.processResponse(System.HttpResponse)
					10:33:09.0 (633590252)|VARIABLE_SCOPE_BEGIN|[116]|this|WSCustomersFromBigCommerce.Response|true|false
					10:33:09.0 (633724756)|VARIABLE_ASSIGNMENT|[116]|this|{"hasError":false,"request":"System.HttpRequest[Endpoint=https://api.bigcommerce.com/stores/n9dr7ak2qq/v2/customers?min_date_modified=2022-01-26T20:52:15Z&limit=200, Method=GET]","response":"System.HttpResponse[Status=No Content, StatusCode=204]"}|0x1fb969f
					10:33:09.0 (633738539)|VARIABLE_SCOPE_BEGIN|[116]|response|System.HttpResponse|true|false
					10:33:09.0 (633770665)|VARIABLE_ASSIGNMENT|[116]|response|"System.HttpResponse[Status=No Content, StatusCode=204]"|0x5054103a
					10:33:09.0 (633970530)|SYSTEM_METHOD_ENTRY|[1]|Type.Type()
					10:33:09.0 (633989087)|SYSTEM_METHOD_EXIT|[1]|Type
					10:33:09.0 (634028789)|VARIABLE_SCOPE_BEGIN|[4]|this|System.Type|true|false
					10:33:09.0 (634089369)|VARIABLE_ASSIGNMENT|[4]|this|{}|0x2f3a05bf
					10:33:09.0 (634106005)|VARIABLE_SCOPE_BEGIN|[4]|apextype|java:common.apex.runtime.ApexObjectType|true|false
					10:33:09.0 (634205984)|VARIABLE_ASSIGNMENT|[4]|apextype|"List<WSCustomersBigCommerceResponse>"|0x73865c40
					10:33:09.0 (634322210)|SYSTEM_METHOD_ENTRY|[1]|JSON.JSON()
					10:33:09.0 (634333647)|SYSTEM_METHOD_EXIT|[1]|JSON
					10:33:09.0 (634359674)|METHOD_ENTRY|[118]||System.JSON.deserialize(String, System.Type)
					10:33:09.0 (634859118)|METHOD_EXIT|[118]||System.JSON.deserialize(String, System.Type)
				10:33:09.0 (634883473)|METHOD_EXIT|[112]|01p2v00000SpN2g|WSCustomersFromBigCommerce.Response.processResponse(System.HttpResponse)
				10:33:09.0 (634928088)|VARIABLE_SCOPE_BEGIN|[115]|ex|Exception|true|false
				10:33:09.0 (634999378)|VARIABLE_ASSIGNMENT|[115]|ex|"common.apex.runtime.impl.ExecutionException: No content to map to Object due to end of input"|0x143433d6
			10:33:09.0 (635098764)|METHOD_EXIT|[110]|01p2v00000SpN2a|RestWS.invoke(WSResult)
		10:33:09.0 (635115116)|METHOD_EXIT|[81]|01p2v00000SpN2g|WSCustomersFromBigCommerce.getCustomersUpdates(Boolean, Datetime, Datetime)
		10:33:09.0 (635123461)|VARIABLE_SCOPE_BEGIN|[81]|response|WSCustomersFromBigCommerce.Response|true|false
		10:33:09.0 (635246512)|VARIABLE_ASSIGNMENT|[81]|response|{"hasError":true,"message":"No content to map to Object due to end of input","request":"System.HttpRequest[Endpoint=https://api.bigcommerce.com/stores/n9dr7ak2qq/v2/customers?min_date_modified=2022-01-26T20:52:15Z&limit=200, Method=GET]","response":"System.HttpResponse[Status=No Content, StatusCode=204]"}|0x1fb969f
		10:33:09.0 (635308054)|USER_DEBUG|[82]|DEBUG|System.HttpResponse[Status=No Content, StatusCode=204]
	10:33:09.0 (635488428)|METHOD_EXIT|[30]|01p2v00000SpN2V|CustomersFromBigCommerceBatchHelper.getCustomersFromBigCommerce(Boolean, Datetime, Datetime)
10:33:09.0 (666357950)|CODE_UNIT_FINISHED|CustomersFromBigCommerceBatch
10:33:09.0 (666378327)|EXECUTION_FINISHED
