45.0 APEX_CODE,FINEST;APEX_PROFILING,NONE;CALLOUT,NONE;DB,INFO;NBA,NONE;SYSTEM,NONE;VALIDATION,NONE;VISUALFORCE,NONE;WAVE,NONE;WORKFLOW,NONE
10:28:09.0 (503742)|USER_INFO|[EXTERNAL]|0052v00000fQDGY|api@naturalchemist.com.au.sand1|(GMT+11:00) Australian Eastern Daylight Time (Australia/Sydney)|GMT+11:00
10:28:09.0 (601605)|EXECUTION_STARTED
10:28:09.0 (618433)|CODE_UNIT_STARTED|[EXTERNAL]|01p2v00000Tr0KR|ProductsFromBCBatch
	10:28:09.0 (19553240)|SYSTEM_METHOD_ENTRY|[15]|BatchableContextImpl.BatchableContextImpl()
	10:28:09.0 (19586897)|SYSTEM_METHOD_EXIT|[15]|BatchableContextImpl
	10:28:09.0 (19629452)|VARIABLE_SCOPE_BEGIN|[31]|this|Database.BatchableContextImpl|true|false
	10:28:09.0 (19783837)|VARIABLE_ASSIGNMENT|[31]|this|{}|0x28c7bea1
	10:28:09.0 (19796650)|VARIABLE_SCOPE_BEGIN|[31]|jobId|Id|false|false
	10:28:09.0 (20014963)|VARIABLE_ASSIGNMENT|[31]|jobId|"7071y00000J9EztAAF"
	10:28:09.0 (20026265)|VARIABLE_SCOPE_BEGIN|[31]|childJobId|Id|false|false
	10:28:09.0 (20048711)|VARIABLE_ASSIGNMENT|[31]|childJobId|null
	10:28:09.0 (23248003)|METHOD_ENTRY|[1]|01p2v00000Tr0KR|ProductsFromBCBatch.ProductsFromBCBatch()
	10:28:09.0 (23287625)|METHOD_EXIT|[1]|ProductsFromBCBatch
	10:28:09.0 (23336745)|VARIABLE_SCOPE_BEGIN|[15]|this|ProductsFromBCBatch|true|false
	10:28:09.0 (23420549)|VARIABLE_ASSIGNMENT|[15]|this|{"updateFromProductQuickAction":false}|0x414ec41d
	10:28:09.0 (23438083)|VARIABLE_SCOPE_BEGIN|[15]|context|Database.BatchableContext|true|false
	10:28:09.0 (23600203)|VARIABLE_ASSIGNMENT|[15]|context|{"jobId":"7071y00000J9EztAAF"}|0x28c7bea1
	10:28:09.0 (24768386)|CONSTRUCTOR_ENTRY|[16]|01p2v00000Tr0Kh|<init>()|WSProductsFromBC.Response
	10:28:09.0 (24817039)|VARIABLE_SCOPE_BEGIN|[60]|this|WSProductsFromBC.Response|true|false
	10:28:09.0 (25362282)|VARIABLE_ASSIGNMENT|[60]|this|{}|0x57974a47
	10:28:09.0 (25398425)|METHOD_ENTRY|[1]|01p2v00000SpN2i|WSResult.WSResult()
	10:28:09.0 (25417275)|METHOD_EXIT|[1]|WSResult
	10:28:09.0 (25427912)|CONSTRUCTOR_ENTRY|[EXTERNAL]|01p2v00000SpN2i|<init>()|WSResult
	10:28:09.0 (25453954)|VARIABLE_SCOPE_BEGIN|[1]|this|WSResult|true|false
	10:28:09.0 (25487706)|VARIABLE_ASSIGNMENT|[1]|this|{}|0x57974a47
	10:28:09.0 (25529858)|CONSTRUCTOR_EXIT|[EXTERNAL]|01p2v00000SpN2i|<init>()|WSResult
	10:28:09.0 (25546481)|CONSTRUCTOR_EXIT|[16]|01p2v00000Tr0Kh|<init>()|WSProductsFromBC.Response
	10:28:09.0 (25557606)|VARIABLE_SCOPE_BEGIN|[16]|response|WSProductsFromBC.Response|true|false
	10:28:09.0 (25580367)|VARIABLE_ASSIGNMENT|[16]|response|{}|0x57974a47
	10:28:09.0 (25896623)|VARIABLE_SCOPE_BEGIN|[4]|WSProductsFromBC.SERVICE_CONFIG|Webservice_endpoint_setting__mdt|true|true
	10:28:09.0 (25944241)|METHOD_ENTRY|[1]|01p2v00000Tr0Kh|WSProductsFromBC.WSProductsFromBC()
		10:28:09.0 (30972374)|VARIABLE_SCOPE_BEGIN|[3]|GenericUtilsHelper.currentOrg|Organization|true|true
		10:28:09.0 (31114168)|VARIABLE_SCOPE_BEGIN|[101]|GenericUtilsHelper.mapRecordTypes|Map<String,RecordType>|true|true
		10:28:09.0 (31228375)|METHOD_ENTRY|[1]|01p2v00000SpN2Y|GenericUtilsHelper.GenericUtilsHelper()
			10:28:09.0 (31355645)|VARIABLE_ASSIGNMENT|[101]|GenericUtilsHelper.mapRecordTypes|{}|0x5e99eb7c
		10:28:09.0 (31373015)|METHOD_EXIT|[1]|GenericUtilsHelper
		10:28:09.0 (31406082)|METHOD_ENTRY|[5]|01p2v00000SpN2Y|GenericUtilsHelper.getWebServiceConfig(String)
			10:28:09.0 (31443879)|VARIABLE_SCOPE_BEGIN|[86]|name|String|false|false
			10:28:09.0 (31477706)|VARIABLE_ASSIGNMENT|[86]|name|"SALESFORCE.BIGCOMMER (2 more) ..."
			10:28:09.0 (31507309)|METHOD_ENTRY|[87]|01p2v00000SpN2Y|GenericUtilsHelper.isSandboxEnviroment()
				10:28:09.0 (38398830)|SOQL_EXECUTE_BEGIN|[81]|Aggregations:0|SELECT Id, Name, IsSandbox FROM Organization LIMIT 1
				10:28:09.0 (40724546)|SOQL_EXECUTE_END|[81]|Rows:1
				10:28:09.0 (41079574)|VARIABLE_ASSIGNMENT|[81]|GenericUtilsHelper.currentOrg|{"Id":"00D1y0000008m7IEAQ","Name":"Natural Chemist","IsSandbox":true}|0x3f6b3674
			10:28:09.0 (41162254)|METHOD_EXIT|[87]|01p2v00000SpN2Y|GenericUtilsHelper.isSandboxEnviroment()
			10:28:09.0 (41185494)|VARIABLE_SCOPE_BEGIN|[87]|isProduction|Boolean|false|false
			10:28:09.0 (41214824)|VARIABLE_ASSIGNMENT|[87]|isProduction|false
			10:28:09.0 (42576659)|SOQL_EXECUTE_BEGIN|[88]|Aggregations:0|SELECT Id, URL__c, ClientId__c, ClientSecret__c, ActivateNatualScriptCallout__c, StoreHash__c, AppStoreUrl__c, AccessToken__c, ShipStation_Packing_UserId__c, ShipStation_Admin_UserId__c FROM Webservice_endpoint_setting__mdt WHERE (MasterLabel = :tmpVar1 AND Is_Production__c = :tmpVar2)
			10:28:09.0 (46861625)|SOQL_EXECUTE_END|[88]|Rows:1
			10:28:09.0 (47055242)|VARIABLE_SCOPE_BEGIN|[88]|result|List<Webservice_endpoint_setting__mdt>|true|false
			10:28:09.0 (47126480)|VARIABLE_ASSIGNMENT|[88]|result|[{"Id":"m002v000000yiYYAAY","URL__c":"https://api.bigcomme (26 more) ...","ClientId__c":"qgoe1p6a5xvhgkkvsiu5 (11 more) ...","ClientSecret__c":"d6631082dbbca140cafb (44 more) ...","ActivateNatualScriptCallout__c":false,"StoreHash__c":"n9dr7ak2qq","AppStoreUrl__c":"https://natural-chem (30 more) ...","AccessToken__c":"64so0mrm0qmlsrl3dl8l (11 more) ..."}]|0x4a0f5eff
		10:28:09.0 (47281584)|METHOD_EXIT|[5]|01p2v00000SpN2Y|GenericUtilsHelper.getWebServiceConfig(String)
		10:28:09.0 (47327211)|VARIABLE_ASSIGNMENT|[4]|WSProductsFromBC.SERVICE_CONFIG|{"Id":"m002v000000yiYYAAY","URL__c":"https://api.bigcomme (26 more) ...","ClientId__c":"qgoe1p6a5xvhgkkvsiu5 (11 more) ...","ClientSecret__c":"d6631082dbbca140cafb (44 more) ...","ActivateNatualScriptCallout__c":false,"StoreHash__c":"n9dr7ak2qq","AppStoreUrl__c":"https://natural-chem (30 more) ...","AccessToken__c":"64so0mrm0qmlsrl3dl8l (11 more) ..."}|0x29061afb
	10:28:09.0 (47354796)|METHOD_EXIT|[1]|WSProductsFromBC
	10:28:09.0 (47371634)|METHOD_ENTRY|[25]|01p2v00000Tr0Kh|WSProductsFromBC.getProductsFromBC()
		10:28:09.0 (49163585)|SOQL_EXECUTE_BEGIN|[8]|Aggregations:0|SELECT Id, BC_Date_Modified__c FROM Product2 WHERE BC_Date_Modified__c != NULL ORDER BY BC_Date_Modified__c DESC NULLS FIRST LIMIT 1
		10:28:09.0 (98813809)|SOQL_EXECUTE_END|[8]|Rows:1
		10:28:09.0 (99036136)|VARIABLE_SCOPE_BEGIN|[8]|dateModifiedList|List<Product2>|true|false
		10:28:09.0 (99116892)|VARIABLE_ASSIGNMENT|[8]|dateModifiedList|[{"Id":"01t1y000001f35cAAA","BC_Date_Modified__c":"2022-01-26T00:00:00.000Z"}]|0x4f75a70b
		10:28:09.0 (99510798)|VARIABLE_SCOPE_BEGIN|[16]|lastModifiedDate|String|false|false
		10:28:09.0 (99535762)|VARIABLE_ASSIGNMENT|[16]|lastModifiedDate|"2022-01-25"
		10:28:09.0 (100414635)|METHOD_ENTRY|[1]|01p2v00000SpN2a|RestWS.RestWS()
		10:28:09.0 (100442091)|METHOD_EXIT|[1]|RestWS
		10:28:09.0 (101337646)|CONSTRUCTOR_ENTRY|[22]|01p2v00000SpN2a|<init>(String,String,List<WSParameter>)|RestWS
		10:28:09.0 (101403191)|VARIABLE_SCOPE_BEGIN|[23]|this|RestWS|true|false
		10:28:09.0 (101498547)|VARIABLE_ASSIGNMENT|[23]|this|{}|0x2d03eac7
		10:28:09.0 (101512309)|VARIABLE_SCOPE_BEGIN|[23]|endpoint|String|false|false
		10:28:09.0 (101532407)|VARIABLE_ASSIGNMENT|[23]|endpoint|"https://api.bigcomme (83 more) ..."
		10:28:09.0 (101539943)|VARIABLE_SCOPE_BEGIN|[23]|method|String|false|false
		10:28:09.0 (101579628)|VARIABLE_ASSIGNMENT|[23]|method|"GET"
		10:28:09.0 (101587753)|VARIABLE_SCOPE_BEGIN|[23]|urlParameters|List<WSParameter>|true|false
		10:28:09.0 (101604351)|VARIABLE_ASSIGNMENT|[23]|urlParameters|null|
		10:28:09.0 (101645210)|CONSTRUCTOR_ENTRY|[24]|01p2v00000SpN2a|<init>(String,String,List<WSParameter>,String)|RestWS
		10:28:09.0 (101673380)|VARIABLE_SCOPE_BEGIN|[19]|this|RestWS|true|false
		10:28:09.0 (101700897)|VARIABLE_ASSIGNMENT|[19]|this|{}|0x2d03eac7
		10:28:09.0 (101712283)|VARIABLE_SCOPE_BEGIN|[19]|endpoint|String|false|false
		10:28:09.0 (101729578)|VARIABLE_ASSIGNMENT|[19]|endpoint|"https://api.bigcomme (83 more) ..."
		10:28:09.0 (101736941)|VARIABLE_SCOPE_BEGIN|[19]|method|String|false|false
		10:28:09.0 (101752658)|VARIABLE_ASSIGNMENT|[19]|method|"GET"
		10:28:09.0 (101759669)|VARIABLE_SCOPE_BEGIN|[19]|urlParameters|List<WSParameter>|true|false
		10:28:09.0 (101772170)|VARIABLE_ASSIGNMENT|[19]|urlParameters|null|
		10:28:09.0 (101781354)|VARIABLE_SCOPE_BEGIN|[19]|bodyParameter|String|false|false
		10:28:09.0 (101794610)|VARIABLE_ASSIGNMENT|[19]|bodyParameter|""
		10:28:09.0 (101837765)|METHOD_ENTRY|[1]|01p2v00000SpN2h|WSParameter.WSParameter()
		10:28:09.0 (101857490)|METHOD_EXIT|[1]|WSParameter
		10:28:09.0 (101892773)|CONSTRUCTOR_ENTRY|[20]|01p2v00000SpN2h|<init>(String,String,Boolean,Boolean)|WSParameter
		10:28:09.0 (101914204)|VARIABLE_SCOPE_BEGIN|[11]|this|WSParameter|true|false
		10:28:09.0 (101940383)|VARIABLE_ASSIGNMENT|[11]|this|{}|0x3cedd4cc
		10:28:09.0 (101950621)|VARIABLE_SCOPE_BEGIN|[11]|name|String|false|false
		10:28:09.0 (101964170)|VARIABLE_ASSIGNMENT|[11]|name|"body"
		10:28:09.0 (101971509)|VARIABLE_SCOPE_BEGIN|[11]|value|String|false|false
		10:28:09.0 (101985884)|VARIABLE_ASSIGNMENT|[11]|value|""
		10:28:09.0 (102000920)|VARIABLE_SCOPE_BEGIN|[11]|isRequired|Boolean|false|false
		10:28:09.0 (102018476)|VARIABLE_ASSIGNMENT|[11]|isRequired|false
		10:28:09.0 (102026210)|VARIABLE_SCOPE_BEGIN|[11]|urlEncoding|Boolean|false|false
		10:28:09.0 (102038738)|VARIABLE_ASSIGNMENT|[11]|urlEncoding|false
		10:28:09.0 (102099859)|VARIABLE_ASSIGNMENT|[12]|this.name|"body"|0x3cedd4cc
		10:28:09.0 (102125038)|VARIABLE_ASSIGNMENT|[13]|this.isRequired|false|0x3cedd4cc
		10:28:09.0 (102141037)|VARIABLE_ASSIGNMENT|[14]|this.value|""|0x3cedd4cc
		10:28:09.0 (102163515)|VARIABLE_ASSIGNMENT|[15]|this.urlEncoding|false|0x3cedd4cc
		10:28:09.0 (102177766)|CONSTRUCTOR_EXIT|[20]|01p2v00000SpN2h|<init>(String,String,Boolean,Boolean)|WSParameter
		10:28:09.0 (102194214)|CONSTRUCTOR_ENTRY|[20]|01p2v00000SpN2a|<init>(String,String,List<WSParameter>,WSParameter)|RestWS
		10:28:09.0 (102206525)|VARIABLE_SCOPE_BEGIN|[10]|this|RestWS|true|false
		10:28:09.0 (102230369)|VARIABLE_ASSIGNMENT|[10]|this|{}|0x2d03eac7
		10:28:09.0 (102240557)|VARIABLE_SCOPE_BEGIN|[10]|endpoint|String|false|false
		10:28:09.0 (102255780)|VARIABLE_ASSIGNMENT|[10]|endpoint|"https://api.bigcomme (83 more) ..."
		10:28:09.0 (102264944)|VARIABLE_SCOPE_BEGIN|[10]|method|String|false|false
		10:28:09.0 (102279084)|VARIABLE_ASSIGNMENT|[10]|method|"GET"
		10:28:09.0 (102286447)|VARIABLE_SCOPE_BEGIN|[10]|urlParameters|List<WSParameter>|true|false
		10:28:09.0 (102301024)|VARIABLE_ASSIGNMENT|[10]|urlParameters|null|
		10:28:09.0 (102308067)|VARIABLE_SCOPE_BEGIN|[10]|bodyParameter|WSParameter|true|false
		10:28:09.0 (102334855)|VARIABLE_ASSIGNMENT|[10]|bodyParameter|{"isRequired":false,"name":"body","urlEncoding":false,"value":""}|0x3cedd4cc
		10:28:09.0 (102355370)|VARIABLE_ASSIGNMENT|[2]|this.endpoint|""|0x2d03eac7
		10:28:09.0 (102388223)|VARIABLE_ASSIGNMENT|[7]|this.hasError|false|0x2d03eac7
		10:28:09.0 (102404260)|VARIABLE_ASSIGNMENT|[8]|this.errorMessage|""|0x2d03eac7
		10:28:09.0 (102533682)|VARIABLE_ASSIGNMENT|[11]|this.request|"System.HttpRequest[Endpoint=null, Method=null]"|0x2d03eac7
		10:28:09.0 (102664954)|VARIABLE_ASSIGNMENT|[14]|this.bodyParameter|0x3cedd4cc|0x2d03eac7
		10:28:09.0 (102685250)|VARIABLE_ASSIGNMENT|[15]|this.endpoint|"https://api.bigcomme (83 more) ..."|0x2d03eac7
		10:28:09.0 (102701527)|VARIABLE_ASSIGNMENT|[16]|this.parameters|null|0x2d03eac7
		10:28:09.0 (102718976)|CONSTRUCTOR_EXIT|[20]|01p2v00000SpN2a|<init>(String,String,List<WSParameter>,WSParameter)|RestWS
		10:28:09.0 (102738886)|CONSTRUCTOR_EXIT|[24]|01p2v00000SpN2a|<init>(String,String,List<WSParameter>,String)|RestWS
		10:28:09.0 (102755365)|CONSTRUCTOR_EXIT|[22]|01p2v00000SpN2a|<init>(String,String,List<WSParameter>)|RestWS
		10:28:09.0 (102764384)|VARIABLE_SCOPE_BEGIN|[22]|ws|RestWS|true|false
		10:28:09.0 (102865554)|VARIABLE_ASSIGNMENT|[22]|ws|{"bodyParameter":"0x3cedd4cc","endpoint":"https://api.bigcommerce.com/stores/n9dr7ak2qq/v3/catalog/products?date_modified:min=2022-01-25&limit=50","errorMessage":"","hasError":false,"request":"System.HttpRequest[Endpoint=null, Method=GET]"}|0x2d03eac7
		10:28:09.0 (103075878)|CONSTRUCTOR_ENTRY|[31]|01p2v00000Tr0Kh|<init>()|WSProductsFromBC.Response
		10:28:09.0 (103094041)|VARIABLE_SCOPE_BEGIN|[60]|this|WSProductsFromBC.Response|true|false
		10:28:09.0 (103128278)|VARIABLE_ASSIGNMENT|[60]|this|{}|0x45af3cd6
		10:28:09.0 (103141330)|CONSTRUCTOR_ENTRY|[EXTERNAL]|01p2v00000SpN2i|<init>()|WSResult
		10:28:09.0 (103152200)|VARIABLE_SCOPE_BEGIN|[1]|this|WSResult|true|false
		10:28:09.0 (103170984)|VARIABLE_ASSIGNMENT|[1]|this|{}|0x45af3cd6
		10:28:09.0 (103210856)|CONSTRUCTOR_EXIT|[EXTERNAL]|01p2v00000SpN2i|<init>()|WSResult
		10:28:09.0 (103226688)|CONSTRUCTOR_EXIT|[31]|01p2v00000Tr0Kh|<init>()|WSProductsFromBC.Response
		10:28:09.0 (103257630)|METHOD_ENTRY|[31]|01p2v00000SpN2a|RestWS.invoke(WSResult)
			10:28:09.0 (103268319)|VARIABLE_SCOPE_BEGIN|[78]|this|RestWS|true|false
			10:28:09.0 (103397789)|VARIABLE_ASSIGNMENT|[78]|this|{"bodyParameter":"0x3cedd4cc","endpoint":"https://api.bigcommerce.com/stores/n9dr7ak2qq/v3/catalog/products?date_modified:min=2022-01-25&limit=50","errorMessage":"","hasError":false,"request":"System.HttpRequest[Endpoint=null, Method=GET]"}|0x2d03eac7
			10:28:09.0 (103414466)|VARIABLE_SCOPE_BEGIN|[78]|result|WSResult|true|false
			10:28:09.0 (103439201)|VARIABLE_ASSIGNMENT|[78]|result|{}|0x45af3cd6
			10:28:09.0 (103482657)|METHOD_ENTRY|[88]|01p2v00000SpN2a|RestWS.getMissingParametersMessage()
				10:28:09.0 (103507479)|VARIABLE_SCOPE_BEGIN|[27]|this|RestWS|true|false
				10:28:09.0 (103581912)|VARIABLE_ASSIGNMENT|[27]|this|{"bodyParameter":"0x3cedd4cc","endpoint":"https://api.bigcommerce.com/stores/n9dr7ak2qq/v3/catalog/products?date_modified:min=2022-01-25&limit=50","errorMessage":"","hasError":false,"request":"System.HttpRequest[Endpoint=null, Method=GET]"}|0x2d03eac7
				10:28:09.0 (103709714)|VARIABLE_SCOPE_BEGIN|[32]|parametersToCheck|List<WSParameter>|true|false
				10:28:09.0 (103753031)|VARIABLE_ASSIGNMENT|[32]|parametersToCheck|[]|0x6dd3b6c4
				10:28:09.0 (103874376)|VARIABLE_SCOPE_BEGIN|[40]|missingParms|List<String>|true|false
				10:28:09.0 (103914581)|VARIABLE_ASSIGNMENT|[40]|missingParms|[]|0x3bf96b5
				10:28:09.0 (104117880)|VARIABLE_SCOPE_BEGIN|[41]|parameter|WSParameter|true|false
				10:28:09.0 (104159646)|VARIABLE_ASSIGNMENT|[41]|parameter|{"isRequired":false,"name":"body","urlEncoding":false,"value":""}|0x3cedd4cc
				10:28:09.0 (104201755)|VARIABLE_ASSIGNMENT|[41]|parameter|null|
			10:28:09.0 (104246635)|METHOD_EXIT|[88]|01p2v00000SpN2a|RestWS.getMissingParametersMessage()
			10:28:09.0 (104257823)|VARIABLE_SCOPE_BEGIN|[88]|missingParamsMessage|String|false|false
			10:28:09.0 (104274901)|VARIABLE_ASSIGNMENT|[88]|missingParamsMessage|""
			10:28:09.0 (104340078)|METHOD_ENTRY|[96]|01p2v00000SpN2a|RestWS.formatEndpoint()
				10:28:09.0 (104357273)|VARIABLE_SCOPE_BEGIN|[58]|this|RestWS|true|false
				10:28:09.0 (104448843)|VARIABLE_ASSIGNMENT|[58]|this|{"bodyParameter":"0x3cedd4cc","endpoint":"https://api.bigcommerce.com/stores/n9dr7ak2qq/v3/catalog/products?date_modified:min=2022-01-25&limit=50","errorMessage":"","hasError":false,"request":"System.HttpRequest[Endpoint=null, Method=GET]"}|0x2d03eac7
			10:28:09.0 (104479087)|METHOD_EXIT|[96]|01p2v00000SpN2a|RestWS.formatEndpoint()
			10:28:09.0 (104520030)|METHOD_ENTRY|[97]|01p2v00000SpN2a|RestWS.getBody()
				10:28:09.0 (104538565)|VARIABLE_SCOPE_BEGIN|[69]|this|RestWS|true|false
				10:28:09.0 (104716019)|VARIABLE_ASSIGNMENT|[69]|this|{"bodyParameter":"0x3cedd4cc","endpoint":"https://api.bigcommerce.com/stores/n9dr7ak2qq/v3/catalog/products?date_modified:min=2022-01-25&limit=50","errorMessage":"","hasError":false,"request":"System.HttpRequest[Endpoint=https://api.bigcommerce.com/stores/n9dr7ak2qq/v3/catalog/products?date_modified:min=2022-01-25&limit=50, Method=GET]"}|0x2d03eac7
			10:28:09.0 (104875321)|METHOD_EXIT|[97]|01p2v00000SpN2a|RestWS.getBody()
			10:28:09.0 (104888001)|VARIABLE_SCOPE_BEGIN|[97]|body|String|false|false
			10:28:09.0 (104909896)|VARIABLE_ASSIGNMENT|[97]|body|""
			10:28:09.0 (854286500)|VARIABLE_SCOPE_BEGIN|[104]|response|System.HttpResponse|true|false
			10:28:09.0 (854421007)|VARIABLE_ASSIGNMENT|[104]|response|"System.HttpResponse[Status=OK, StatusCode=200]"|0xb4c5d56
			10:28:09.0 (857172302)|USER_DEBUG|[107]|DEBUG|{"data":[{"id":15726,"name":"Brauer Lip Shimmer French Rose 12 x 2g","type":"physical","sku":"BHLSFR2","description":"<p><span style=\"font-family: arial, helvetica, sans-serif; font-size: medium;\">Paw Paw Lip Shimmers&lsquo; natural formula is rich in Paw Paw with the added nourishment of Shea Butter,&nbsp; Honey, Vitamin E and Grapeseed Oil to moisturise dry lips, leaving them with just a hint of colour. The petrochemical-free formula is gentle on sensitive lips and is available in six fashion-forward colours. Paw Paw Lip Shimmers are perfect to throw in your handbag and use without a mirror when you&rsquo;re on the go.<\/span><\/p> <p><span style=\"font-family: arial, helvetica, sans-serif; font-size: medium;\"><strong>Directions<\/strong><\/span><\/p> <p><span style=\"font-family: arial, helvetica, sans-serif; font-size: medium;\">Apply to lips as often as you like.<\/span><\/p> <p><span style=\"font-family: arial, helvetica, sans-serif; font-size: medium;\"><strong>Ingredients<\/strong><\/span><\/p> <p><span style=\"font-family: arial, helvetica, sans-serif; font-size: medium;\">Almond Oil, Safflower Oil, Apricot Oil, Beeswax, Shea Butter, Oleyl Oleate, Candelilla Wax, Vitamin E, Paw Paw Extract, Honey, Carnauba Wax. May Contain: Tin Oxide, Synthetic Flurophlogopite, Mica, Titanium Dioxide, Carmine.<\/span><\/p>","weight":0.05,"width":0,"depth":0,"height":0,"price":5.5,"cost_price":46.29,"retail_price":5.5,"sale_price":0,"map_price":0,"tax_class_id":0,"product_tax_code":"","calculated_price":5.5,"categories":[1006],"brand_id":110,"option_set_id":null,"option_set_display":"right","inventory_level":0,"inventory_warning_level":0,"inventory_tracking":"none","reviews_rating_sum":0,"reviews_count":0,"total_sold":1,"fixed_cost_shipping_price":0,"is_free_shipping":false,"is_visible":false,"is_featured":false,"related_products":[-1],"warranty":"","bin_picking_number":"","layout_file":"product.html","upc":"1.93161E+13","mpn":"","gtin":"","search_keywords":"","availability":"available","availability_description":"","gift_wrapping_options_type":"any","gift_wrapping_options_list":[],"sort_order":0,"condition":"New","is_condition_shown":false,"order_quantity_minimum":0,"order_quantity_maximum":0,"page_title":"","meta_keywords":[],"meta_description":"","date_created":"2021-07-08T08:57:47+00:00","date_modified":"2022-01-26T20:54:02+00:00","view_count":0,"preorder_release_date":null,"preorder_message":"","is_preorder_only":false,"is_price_hidden":false,"price_hidden_label":"","custom_url":{"url":"\/brauer-lip-shimmer-french-rose-12-x-2g\/","is_customized":true},"base_variant_id":16116,"open_graph_type":"product","open_graph_title":"","open_graph_description":"","open_graph_use_meta_description":true,"open_graph_use_product_name":true,"open_graph_use_image":true},{"id":17718,"name":"Wotnot Natural Sunscreen 30 SPF 100g","type":"physical","sku":"5901","description":"<p><strong>Features and Benefits<\/strong><\/p>\r\n<div id=\"product-details-information-tab-0\" class=\"product-details-information-tab-content-panel active\" data-action=\"pushable\" data-id=\"product-details-information-0\" data-pusher=\"sc-pushable-xs\">\r\n<div id=\"product-details-information-tab-content-container-0\" class=\"product-details-information-tab-content-container\" data-type=\"information-content-text\">Wotnot use the finest and most gentle natural extracts. Products are GMO free and are also free from sulphates, petrochemicals, parabens, artificial preservatives and fragrances - they know Wotnot to put in. Wotnot formulas are so close to nature we know your family will love them as much as you do!<br \/>&nbsp;<br \/><span>Why you will love it:<\/span><br \/>\r\n<ul>\r\n<li>Award-winning, high protection for face and body<\/li>\r\n<li>Zinc without nanoparticles<\/li>\r\n<li>Certified organic ingredients<\/li>\r\n<li>Sheer, lightweight formula<\/li>\r\n<li>Recommended from 3 months<\/li>\r\n<li>Reef friendly<\/li>\r\n<\/ul>\r\n<br \/><span>Why your skin will love it:<\/span><br \/>\r\n<ul>\r\n<li>Treats and protects skin<\/li>\r\n<li>For most extreme cases of eczema, psoriasis or other skin sensitivities<\/li>\r\n<li>Highly moisturising with natural oils<\/li>\r\n<li>Easy to apply<\/li>\r\n<\/ul>\r\n<\/div>\r\n<\/div>\r\n<div id=\"product-details-information-tab-1\" class=\"product-details-information-tab-content-panel \" data-action=\"pushable\" data-id=\"product-details-information-1\" data-pusher=\"sc-pushable-xs\">\r\n<div id=\"product-details-information-tab-content-container-1\" class=\"product-details-information-tab-content-container\" data-type=\"information-content-text\">&nbsp;<\/div>\r\n<\/div>\r\n<div id=\"product-details-information-tab-2\" class=\"product-details-information-tab-content-panel \" data-action=\"pushable\" data-id=\"product-details-information-2\" data-pusher=\"sc-pushable-xs\">\r\n<div id=\"product-details-information-tab-content-container-2\" class=\"product-details-information-tab-content-container\" data-type=\"information-content-text\">\r\n<div id=\"product-details-information-tab-0\" class=\"product-details-information-tab-content-panel\" data-action=\"pushable\" data-id=\"product-details-information-0\" data-pusher=\"sc-pushable-xs\">\r\n<div id=\"product-details-information-tab-content-container-0\" class=\"product-details-information-tab-content-container\" data-type=\"information-content-text\">\r\n<div id=\"product-details-information-tab-1\" class=\"product-details-information-tab-content-panel  active\" data-action=\"pushable\" data-id=\"product-details-information-1\" data-pusher=\"sc-pushable-xs\">\r\n<div id=\"product-details-information-tab-content-container-1\" class=\"product-details-information-tab-content-container\" data-type=\"information-content-text\">\r\n<ul>\r\n<li>Zinc oxide active&nbsp;<\/li>\r\n<li>Free from titanium dioxide&nbsp;<\/li>\r\n<li>Provides broad spectrum protection against UV-A and UV-B&nbsp;<\/li>\r\n<li>No artificial preservative - our preservative is approved by the ACO (Australian Certified Organic) organisation<\/li>\r\n<li>Ideal for people with sensitive skin<\/li>\r\n<li>Beautiful texture, no separation formula and easy to apply<\/li>\r\n<li>Australian made with recyclable packaging<\/li>\r\n<\/ul>\r\n<p>&nbsp;<\/p>\r\n<\/div>\r\n<\/div>\r\n<div id=\"product-details-information-tab-2\" class=\"product-details-information-tab-content-panel \" data-action=\"pushable\" data-id=\"product-details-information-2\" data-pusher=\"sc-pushable-xs\">\r\n<div id=\"product-details-information-tab-content-container-2\" class=\"product-details-information-tab-content-container\" data-type=\"information-content-text\">\r\n<div id=\"product-details-information-tab-0\" class=\"product-details-information-tab-content-panel\" data-action=\"pushable\" data-id=\"product-details-information-0\" data-pusher=\"sc-pushable-xs\">\r\n<div id=\"product-details-information-tab-content-container-0\" class=\"product-details-information-tab-content-container\" data-type=\"information-content-text\">Ingredients<\/div>\r\n<\/div>\r\n<div id=\"product-details-information-tab-2\" class=\"product-details-information-tab-content-panel  active\" data-action=\"pushable\" data-id=\"product-details-information-2\" data-pusher=\"sc-pushable-xs\">\r\n<div id=\"product-details-information-tab-content-container-2\" class=\"product-details-information-tab-content-container\" data-type=\"information-content-text\"><span>Active ingredient:<\/span>&nbsp;zinc oxide (250mg\/g)<br \/>Jojoba oil, beeswax-white, candelilla wax, aloe vera extract, gmo-free vitamin e, grapeseed oil, carnauba wax, safflower oil, sesame oil, shea butter, silica, water-purified, fragrance (natural preservative).&nbsp;<\/div>\r\n<div class=\"product-details-information-tab-content-container\" data-type=\"information-content-text\">&nbsp;<\/div>\r\n<div class=\"product-details-information-tab-content-container\" data-type=\"information-content-text\">&nbsp;<\/div>\r\n<div class=\"product-details-information-tab-content-container\" data-type=\"information-content-text\">\r\n<div id=\"product-details-information-tab-0\" class=\"product-details-information-tab-content-panel\" data-action=\"pushable\" data-id=\"product-details-information-0\" data-pusher=\"sc-pushable-xs\">\r\n<div id=\"product-details-information-tab-content-container-0\" class=\"product-details-information-tab-content-container\" data-type=\"information-content-text\">&nbsp;<\/div>\r\n<\/div>\r\n<div id=\"product-details-information-tab-3\" class=\"product-details-information-tab-content-panel  active\" data-action=\"pushable\" data-id=\"product-details-information-3\" data-pusher=\"sc-pushable-xs\">\r\n<div id=\"product-details-information-tab-content-container-3\" class=\"product-details-information-tab-content-container\" data-type=\"information-content-text\">Shake well before use. Apply 20 minutes before exposure to the sun. Reapply at regular intervals, after swimming, towelling dry or perspiring. Use a waterproof sunscreen while swimming. Avoid contact with eyes. Avoid prolonged exposure to the sun and wear protective clothing, hats and eyewear.&nbsp;Babies under 3 months old should avoid direct sun exposure<\/div>\r\n<\/div>\r\n<div id=\"product-details-information-tab-4\" class=\"product-details-information-tab-content-panel \" data-action=\"pushable\" data-id=\"product-details-information-4\" data-pusher=\"sc-pushable-xs\">\r\n<div id=\"product-details-information-tab-content-container-4\" class=\"product-details-information-tab-content-container\" data-type=\"information-content-text\"><br \/>\r\n<div id=\"product-details-information-tab-4\" class=\"product-details-information-tab-content-panel  active\" data-action=\"pushable\" data-id=\"product-details-information-4\" data-pusher=\"sc-pushable-xs\">\r\n<div id=\"product-details-information-tab-content-container-4\" class=\"product-details-information-tab-content-container\" data-type=\"information-content-text\"><br \/>For external use only.&nbsp;<br \/>Do not use if seal is broken.&nbsp;<br \/>Discontinue use if irritation occurs.<\/div>\r\n<\/div>\r\n<div id=\"product-details-information-tab-5\" class=\"product-details-information-tab-content-panel \" data-action=\"pushable\" data-id=\"product-details-information-5\" data-pusher=\"sc-pushable-xs\">\r\n<div id=\"product-details-information-tab-content-container-5\" class=\"product-details-information-tab-content-container\" data-type=\"information-content-text\">&nbsp;<\/div>\r\n<div class=\"product-details-information-tab-content-container\" data-type=\"information-content-text\">\r\n<div id=\"product-details-information-tab-0\" class=\"product-details-information-tab-content-panel\" data-action=\"pushable\" data-id=\"product-details-information-0\" data-pusher=\"sc-pushable-xs\">&nbsp;<\/div>\r\n<div id=\"product-details-information-tab-4\" class=\"product-details-information-tab-content-panel\" data-action=\"pushable\" data-id=\"product-details-information-4\" data-pusher=\"sc-pushable-xs\">\r\n<div id=\"product-details-information-tab-content-container-4\" class=\"product-details-information-tab-content-container\" data-type=\"information-content-text\">&nbsp;<\/div>\r\n<\/div>\r\n<div id=\"product-details-information-tab-5\" class=\"product-details-information-tab-content-panel  active\" data-action=\"pushable\" data-id=\"product-details-information-5\" data-pusher=\"sc-pushable-xs\">\r\n<div id=\"product-details-information-tab-content-container-5\" class=\"product-details-information-tab-content-container\" data-type=\"information-content-text\"><br \/>Store below 30&deg;C<\/div>\r\n<\/div>\r\n<\/div>\r\n<\/div>\r\n<\/div>\r\n<\/div>\r\n<div id=\"product-details-information-tab-5\" class=\"product-details-information-tab-content-panel \" data-action=\"pushable\" data-id=\"product-details-information-5\" data-pusher=\"sc-pushable-xs\">\r\n<div id=\"product-details-information-tab-content-container-5\" class=\"product-details-information-tab-content-container\" data-type=\"information-content-text\">&nbsp;<\/div>\r\n<\/div>\r\n<\/div>\r\n<\/div>\r\n<div id=\"product-details-information-tab-3\" class=\"product-details-information-tab-content-panel \" data-action=\"pushable\" data-id=\"product-details-information-3\" data-pusher=\"sc-pushable-xs\">\r\n<div id=\"product-details-information-tab-content-container-3\" class=\"product-details-information-tab-content-container\" data-type=\"information-content-text\">&nbsp;<\/div>\r\n<\/div>\r\n<div id=\"product-details-information-tab-4\" class=\"product-details-information-tab-content-panel \" data-action=\"pushable\" data-id=\"product-details-information-4\" data-pusher=\"sc-pushable-xs\">\r\n<div id=\"product-details-information-tab-content-container-4\" class=\"product-details-information-tab-content-container\" data-type=\"information-content-text\"><br \/><br \/><br \/><\/div>\r\n<\/div>\r\n<div id=\"product-details-information-tab-5\" class=\"product-details-information-tab-content-panel \" data-action=\"pushable\" data-id=\"product-details-information-5\" data-pusher=\"sc-pushable-xs\">\r\n<div id=\"product-details-information-tab-content-container-5\" class=\"product-details-information-tab-content-container\" data-type=\"information-content-text\">&nbsp;<\/div>\r\n<\/div>\r\n<br \/><br \/><\/div>\r\n<\/div>\r\n<div id=\"product-details-information-tab-3\" class=\"product-details-information-tab-content-panel \" data-action=\"pushable\" data-id=\"product-details-information-3\" data-pusher=\"sc-pushable-xs\">\r\n<div id=\"product-details-information-tab-content-container-3\" class=\"product-details-information-tab-content-container\" data-type=\"information-content-text\">&nbsp;<\/div>\r\n<\/div>\r\n<div id=\"product-details-information-tab-4\" class=\"product-details-information-tab-content-panel \" data-action=\"pushable\" data-id=\"product-details-information-4\" data-pusher=\"sc-pushable-xs\">\r\n<div id=\"product-details-information-tab-content-container-4\" class=\"product-details-information-tab-content-container\" data-type=\"information-content-text\"><br \/><br \/><br \/><\/div>\r\n<\/div>\r\n<div id=\"product-details-information-tab-5\" class=\"product-details-information-tab-content-panel \" data-action=\"pushable\" data-id=\"product-details-information-5\" data-pusher=\"sc-pushable-xs\">\r\n<div id=\"product-details-information-tab-content-container-5\" class=\"product-details-information-tab-content-container\" data-type=\"information-content-text\">&nbsp;<\/div>\r\n<\/div>\r\n<br \/><br \/><\/div>\r\n<\/div>\r\n<div id=\"product-details-information-tab-2\" class=\"product-details-information-tab-content-panel \" data-action=\"pushable\" data-id=\"product-details-information-2\" data-pusher=\"sc-pushable-xs\">\r\n<div id=\"product-details-information-tab-content-container-2\" class=\"product-details-information-tab-content-container\" data-type=\"information-content-text\">&nbsp;<\/div>\r\n<\/div>\r\n<div id=\"product-details-information-tab-3\" class=\"product-details-information-tab-content-panel \" data-action=\"pushable\" data-id=\"product-details-information-3\" data-pusher=\"sc-pushable-xs\">\r\n<div id=\"product-details-information-tab-content-container-3\" class=\"product-details-information-tab-content-container\" data-type=\"information-content-text\">&nbsp;<\/div>\r\n<\/div>\r\n<div id=\"product-details-information-tab-4\" class=\"product-details-information-tab-content-panel \" data-action=\"pushable\" data-id=\"product-details-information-4\" data-pusher=\"sc-pushable-xs\">\r\n<div id=\"product-details-information-tab-content-container-4\" class=\"product-details-information-tab-content-container\" data-type=\"information-content-text\"><br \/><br \/><br \/><\/div>\r\n<\/div>\r\n<div id=\"product-details-information-tab-5\" class=\"product-details-information-tab-content-panel \" data-action=\"pushable\" data-id=\"product-details-information-5\" data-pusher=\"sc-pushable-xs\">\r\n<div id=\"product-details-information-tab-content-container-5\" class=\"product-details-information-tab-content-container\" data-type=\"information-content-text\">&nbsp;<\/div>\r\n<\/div>\r\n<br \/><br \/><\/div>\r\n<\/div>\r\n<div id=\"product-details-information-tab-3\" class=\"product-details-information-tab-content-panel \" data-action=\"pushable\" data-id=\"product-details-information-3\" data-pusher=\"sc-pushable-xs\">\r\n<div id=\"product-details-information-tab-content-container-3\" class=\"product-details-information-tab-content-container\" data-type=\"information-content-text\">&nbsp;<\/div>\r\n<\/div>\r\n<div id=\"product-details-information-tab-4\" class=\"product-details-information-tab-content-panel \" data-action=\"pushable\" data-id=\"product-details-information-4\" data-pusher=\"sc-pushable-xs\">\r\n<div id=\"product-details-information-tab-content-container-4\" class=\"product-details-information-tab-content-container\" data-type=\"information-content-text\"><br \/><br \/><br \/><\/div>\r\n<\/div>\r\n<div id=\"product-details-information-tab-5\" class=\"product-details-information-tab-content-panel \" data-action=\"pushable\" data-id=\"product-details-information-5\" data-pusher=\"sc-pushable-xs\">\r\n<div id=\"product-details-information-tab-content-container-5\" class=\"product-details-information-tab-content-container\" data-type=\"information-content-text\">&nbsp;<\/div>\r\n<\/div>\r\n<div class=\"product-details-information-tab-action\" data-type=\"information-content-text-actions\">&nbsp;<\/div>\r\n<div class=\"product-details-information-tab-action\" data-type=\"information-content-text-actions\">&nbsp;<\/div>\r\n<div class=\"product-details-information-tab-action\" data-type=\"information-content-text-actions\">&nbsp;<\/div>\r\n<p><span>&nbsp;<\/span><\/p>","weight":0.15,"width":0,"depth":0,"height":0,"price":19.95,"cost_price":12.5,"retail_price":0,"sale_price":0,"map_price":0,"tax_class_id":0,"product_tax_code":"","calculated_price":19.95,"categories":[1002,843],"brand_id":131,"option_set_id":null,"option_set_display":"right","inventory_level":189,"inventory_warning_level":0,"inventory_tracking":"product","reviews_rating_sum":0,"reviews_count":0,"total_sold":0,"fixed_cost_shipping_price":0,"is_free_shipping":true,"is_visible":true,"is_featured":true,"related_products":[-1],"warranty":"\"{\\\"0\\\": {\\\"tabName\\\": \\\"Features & Benefits\\\", \\\"tabContent\\\": \\\"<br>Wotnot use the finest and most gentle natural extracts. Products are GMO free and are also free from sulphates, petrochemicals, parabens, artificial preservatives and fragrances - they know Wotnot to put in. Wotnot formulas are so close to nature we know your family will love them as much as you do!<BR> <br><b>Why you will love it:<\/b><br><ul><li>Award-winning, high protection for face and body<\/li><li>Zinc without nanoparticles<\/li><li>Certified organic ingredients<\/li><li>Sheer, lightweight formula<\/li><li>Recommended from 3 months<\/li><li>Reef friendly<\/li><\/ul><br><b>Why your skin will love it:<\/b><br><ul><li>Treats and protects skin<\/li><li>For most extreme cases of eczema, psoriasis or other skin sensitivities<\/li><li>Highly moisturising with natural oils<\/li><li>Easy to apply<\/li><\/ul><br\/><br><ul><li>Zinc oxide active <\/li><li>Free from titanium dioxide <\/li><li>Provides broad spectrum protection against UV-A and UV-B <\/li><li>No artificial preservative - our preservative is approved by the ACO (Australian Certified Organic) organisation<\/li><li>Ideal for people with sensitive skin<\/li><li>Beautiful texture, no separation formula and easy to apply<\/li><li>Australian made with recyclable packaging<\/li><\/ul>\\\"}, \\\"1\\\": {\\\"tabName\\\": \\\"Dose & Administration\\\", \\\"tabContent\\\": \\\"<br\/><br>Shake well before use. Apply 20 minutes before exposure to the sun. Reapply at regular intervals, after swimming, towelling dry or perspiring. Use a waterproof sunscreen while swimming. Avoid contact with eyes. Avoid prolonged exposure to the sun and wear protective clothing, hats and eyewear. Babies under 3 months old should avoid direct sun exposure\\\"}, \\\"2\\\": {\\\"tabName\\\": \\\"Ingredients\\\", \\\"tabContent\\\": \\\"<br><b>Active ingredient:<\/b> zinc oxide (250mg\/g)<br>Jojoba oil, beeswax-white, candelilla wax, aloe vera extract, gmo-free vitamin e, grapeseed oil, carnauba wax, safflower oil, sesame oil, shea butter, silica, water-purified, fragrance (natural preservative). \\\"}, \\\"3\\\": {\\\"tabName\\\": \\\"Cautions & Contraindications\\\", \\\"tabContent\\\": \\\"<br>For external use only. <BR>Do not use if seal is broken. <BR>Discontinue use if irritation occurs.\\\"}}\"","bin_picking_number":"","layout_file":"product.html","upc":"9336127000212","mpn":"","gtin":"","search_keywords":"natural, organic, beauty, skincare, baby","availability":"available","availability_description":"","gift_wrapping_options_type":"any","gift_wrapping_options_list":[],"sort_order":0,"condition":"New","is_condition_shown":true,"order_quantity_minimum":1,"order_quantity_maximum":200,"page_title":"","meta_keywords":[],"meta_description":"","date_created":"2021-07-08T09:05:40+00:00","date_modified":"2022-01-26T16:36:51+00:00","view_count":0,"preorder_release_date":null,"preorder_message":"","is_preorder_only":false,"is_price_hidden":false,"price_hidden_label":"","custom_url":{"url":"\/wotnot-natural-sunscreen-30-spf-100g\/","is_customized":true},"base_variant_id":18108,"open_graph_type":"product","open_graph_title":"","open_graph_description":"","open_graph_use_meta_description":true,"open_graph_use_product_name":true,"open_graph_use_image":true},{"id":17719,"name":"Wotnot Natural Sunscreen 30 SPF 150g","type":"physical","sku":"5902","description":"<p><strong>Features and Benefits<\/strong><\/p>\r\n<p><br \/><span>Wotnot Sunscreen provides broad spectrum protection against UV-A and UV-B rays whilst being easy to apply and gentle on the skin. Enriched with certified organic aloe vera and GMO-free vitamin E.&nbsp;Free from chemical UV absorbers, titanium dioxide, sulphates, petrochemicals, PEGs, parabens, caustics, glycols and artificial fragrances and preservatives.&nbsp;<\/span><br \/><br \/><span>So natural your skin will love it as much as you do<\/span><\/p>\r\n<p>&nbsp;<\/p>\r\n<ul>\r\n<li>Zinc oxide active<\/li>\r\n<li>Free from titanium dioxide<\/li>\r\n<li>Provides broad spectrum protection against UV-A and UV-B<\/li>\r\n<li>No artificial preservative - our preservative is approved by the ACO (Australian Certified Organic) organisation.<\/li>\r\n<li>Ideal for people with sensitive skin<\/li>\r\n<li>Beautiful texture, no separation formula and easy to apply<\/li>\r\n<li>Australian made with recyclable packaging.<\/li>\r\n<\/ul>\r\n<p><span>Active ingredient:<\/span><span>&nbsp;zinc oxide (250mg\/g)<\/span><br \/><span>Beeswax-white, candelilla wax,&nbsp;<\/span><em>Aloe barbadensis<\/em><span>&nbsp;extract, d-alpha tocopheryl acetate (gmo-free vitamin e), grapeseed oil, safflower oil, sesame oil, shea butter, silica, water-purified, naticide.<\/span><\/p>\r\n<p>&nbsp;<\/p>\r\n<p><span>Directions for Use<\/span><\/p>\r\n<p><span><span>Shake well before use. Apply 20 minutes before exposure to the sun. Reapply at regular intervals, after swimming, towelling dry or perspiring. Use a waterproof sunscreen while swimming. Avoid contact with eyes. Avoid prolonged exposure to the sun and wear protective clothing, hats and eyewear.<\/span><\/span><\/p>\r\n<p><span><span>For external use only.&nbsp;<\/span><br \/><span>Do not use if seal is broken.&nbsp;<\/span><br \/><span>Discontinue use if irritation occurs.<\/span><\/span><\/p>\r\n<p><span><span><span>Store below 30&deg;C<\/span><\/span><\/span><\/p>\r\n<p>&nbsp;<\/p>","weight":0.15,"width":0,"depth":0,"height":0,"price":28.95,"cost_price":18.1,"retail_price":0,"sale_price":0,"map_price":0,"tax_class_id":0,"product_tax_code":"","calculated_price":28.95,"categories":[1002,843],"brand_id":131,"option_set_id":null,"option_set_display":"right","inventory_level":174,"inventory_warning_level":0,"inventory_tracking":"product","reviews_rating_sum":0,"reviews_count":0,"total_sold":0,"fixed_cost_shipping_price":0,"is_free_shipping":true,"is_visible":true,"is_featured":true,"related_products":[-1],"warranty":"\"{\\\"0\\\": {\\\"tabName\\\": \\\"Features & Benefits\\\", \\\"tabContent\\\": \\\"<br>Wotnot Sunscreen provides broad spectrum protection against UV-A and UV-B rays whilst being easy to apply and gentle on the skin. Enriched with certified organic aloe vera and GMO-free vitamin E. Free from chemical UV absorbers, titanium dioxide, sulphates, petrochemicals, PEGs, parabens, caustics, glycols and artificial fragrances and preservatives. <br><br>So natural your skin will love it as much as you do<br\/><br><ul><li>Zinc oxide active<\/li><li>Free from titanium dioxide<\/li><li>Provides broad spectrum protection against UV-A and UV-B<\/li><li>No artificial preservative - our preservative is approved by the ACO (Australian Certified Organic) organisation.<\/li><li>Ideal for people with sensitive skin<\/li><li>Beautiful texture, no separation formula and easy to apply<\/li><li>Australian made with recyclable packaging.<\/li><\/ul>\\\"}, \\\"1\\\": {\\\"tabName\\\": \\\"Dose & Administration\\\", \\\"tabContent\\\": \\\"<br\/><br>Shake well before use. Apply 20 minutes before exposure to the sun. Reapply at regular intervals, after swimming, towelling dry or perspiring. Use a waterproof sunscreen while swimming. Avoid contact with eyes. Avoid prolonged exposure to the sun and wear protective clothing, hats and eyewear.\\\"}, \\\"2\\\": {\\\"tabName\\\": \\\"Ingredients\\\", \\\"tabContent\\\": \\\"<br><b>Active ingredient:<\/b> zinc oxide (250mg\/g)<BR>Beeswax-white, candelilla wax, <i>Aloe barbadensis<\/i> extract, d-alpha tocopheryl acetate (gmo-free vitamin e), grapeseed oil, safflower oil, sesame oil, shea butter, silica, water-purified, naticide.\\\"}, \\\"3\\\": {\\\"tabName\\\": \\\"Cautions & Contraindications\\\", \\\"tabContent\\\": \\\"<br>For external use only. <BR>Do not use if seal is broken. <BR>Discontinue use if irritation occurs.\\\"}}\"","bin_picking_number":"","layout_file":"product.html","upc":"9336127000335","mpn":"","gtin":"","search_keywords":"natural, organic, beauty, skincare, baby","availability":"available","availability_description":"","gift_wrapping_options_type":"any","gift_wrapping_options_list":[],"sort_order":0,"condition":"New","is_condition_shown":true,"order_quantity_minimum":1,"order_quantity_maximum":200,"page_title":"","meta_keywords":[],"meta_description":"","date_created":"2021-07-08T09:05:41+00:00","date_modified":"2022-01-26T16:36:48+00:00","view_count":0,"preorder_release_date":null,"preorder_message":"","is_preorder_only":false,"is_price_hidden":false,"price_hidden_label":"","custom_url":{"url":"\/wotnot-natural-sunscreen-30-spf-150g\/","is_customized":true},"base_variant_id":18109,"open_graph_type":"product","open_graph_title":"","open_graph_description":"","open_graph_use_meta_description":true,"open_graph_use_product_name":true,"open_graph_use_image":true},{"id":19381,"name":"Wonder Foods Organic Inulin 500g","type":"physical","sku":"7725","description":"<p><strong>Features and Benefits<\/strong><\/p>\r\n<p><span>Wonderfoods&rsquo; certified organic Inulin brings the digestive benefits of Inulin-rich foods to you in powder form, which can easily be added to drinks and smoothies. Inulin is considered a fibre and is not digested,&nbsp;rather it moves through the large intestine, functioning as a prebiotic; acting as a &lsquo;food&rsquo; for the &lsquo;friendly&rsquo; bacteria that live in our large intestines. This activates their growth, allowing them to flourish and multiply, thus creating a healthy intestinal ecosystem.<\/span><\/p>\r\n<ul>\r\n<li>Digestive support<\/li>\r\n<li>Acts as a &lsquo;food&rsquo; for the &lsquo;friendly&rsquo; bacteria that live in our large intestines<\/li>\r\n<li>Supports a&nbsp;healthy intestinal ecosystem<\/li>\r\n<li>Organic<\/li>\r\n<\/ul>\r\n<p><strong>Ingredients<\/strong><\/p>\r\n<p><span>certified organic Inulin (derived from Jerusalem Artichoke (Helianthus tuberosus).<\/span><\/p>","weight":0.55,"width":0,"depth":0,"height":0,"price":39.95,"cost_price":24.97,"retail_price":0,"sale_price":0,"map_price":0,"tax_class_id":0,"product_tax_code":"","calculated_price":39.95,"categories":[693],"brand_id":311,"option_set_id":null,"option_set_display":"right","inventory_level":84,"inventory_warning_level":0,"inventory_tracking":"product","reviews_rating_sum":0,"reviews_count":0,"total_sold":0,"fixed_cost_shipping_price":0,"is_free_shipping":true,"is_visible":true,"is_featured":true,"related_products":[-1],"warranty":"\"{\\\"0\\\": {\\\"tabName\\\": \\\"Features & Benefits\\\", \\\"tabContent\\\": \\\"<br>Wonderfoods' certified organic Inulin brings the digestive benefits of inulin-rich foods to you in powder form, which can be easily added to drinks and smoothies. Inulin is considered a fibre and is not digested, rather it moves through the large intestine, functioning as a prebiotic; acting as a 'food' for the 'friendly' bacteria that live in our large intestines. This activates their growth, allowing them to flourish and multiply, thus creating a healthy intestinal ecosystem.<br\/><br>Advantages of Wonderfoods' Inulin:<BR><ul><li>Digestive support<\/li><li>Acts as a 'food' for the 'friendly' bacteria that live in our large intestines<\/li><li>Supports a healthy intestinal ecosystem<\/li><li>Organic<br><\/li><\/ul>\\\"}, \\\"1\\\": {\\\"tabName\\\": \\\"Dose & Administration\\\", \\\"tabContent\\\": \\\"<br\/>\\\"}, \\\"2\\\": {\\\"tabName\\\": \\\"Ingredients\\\", \\\"tabContent\\\": \\\"<br><b>Ingredients:<\/b><BR>Certified organic inulin (derived from Jerusalem artichoke [Helianthus tuberosus]).<BR><p><br><\/p>No fillers, artificial colours, flavours, sweeteners or preservatives.\\\"}, \\\"3\\\": {\\\"tabName\\\": \\\"Cautions & Contraindications\\\", \\\"tabContent\\\": \\\"\\\"}}\"","bin_picking_number":"","layout_file":"product.html","upc":"9321314243015","mpn":"","gtin":"","search_keywords":"","availability":"available","availability_description":"","gift_wrapping_options_type":"any","gift_wrapping_options_list":[],"sort_order":0,"condition":"New","is_condition_shown":true,"order_quantity_minimum":1,"order_quantity_maximum":200,"page_title":"","meta_keywords":[],"meta_description":"","date_created":"2021-07-08T09:12:37+00:00","date_modified":"2022-01-26T16:36:41+00:00","view_count":0,"preorder_release_date":null,"preorder_message":"","is_preorder_only":false,"is_price_hidden":false,"price_hidden_label":"","custom_url":{"url":"\/wonder-foods-organic-inulin-500g\/","is_customized":true},"base_variant_id":19771,"open_graph_type":"product","open_graph_title":"","open_graph_description":"","open_graph_use_meta_description":true,"open_graph_use_product_name":true,"open_graph_use_image":true},{"id":19383,"name":"Wonder Foods Organic Stevia Powder 25g","type":"physical","sku":"7727","description":"<p><strong>Features and Benefits<\/strong><\/p>\r\n<p><span>Our certified organic Stevia Powder is derived from the leaves of organic stevia rebaudiana plant, which has been described as the sweetest herbal supplement on earth. Stevia has grown in popularity in recent years as an ideal alternative to sugar. Easily sweeten your coffee, baked goods, cereal or favourite dish with this organic powdered stevia. Our Stevia Powder is a water based extract from organic stevia leaf, containing &gt;95% steviosides<\/span><\/p>\r\n<ul>\r\n<li>Natural alternative to sugar<\/li>\r\n<li>Does NOT contain calories<\/li>\r\n<li>Assists in maintaining a healthy digestive system<\/li>\r\n<li>May be used with your toothpaste. Two drops on your toothbrush may help prevent the formation of plaque<\/li>\r\n<\/ul>\r\n<p><strong>Ingredients<\/strong><\/p>\r\n<p><span>Organic Stevia Rebaudiana Extract<\/span><\/p>\r\n<p><strong>Dose and Usage<\/strong><\/p>\r\n<p><span>Approx. 1\/8 teaspoon will supply significant sweetness to beverages. Cooking may require a little more &ndash; for larger amounts<\/span><\/p>","weight":0.05,"width":0,"depth":0,"height":0,"price":19.95,"cost_price":11.42,"retail_price":0,"sale_price":0,"map_price":0,"tax_class_id":0,"product_tax_code":"","calculated_price":19.95,"categories":[693],"brand_id":311,"option_set_id":null,"option_set_display":"right","inventory_level":7,"inventory_warning_level":0,"inventory_tracking":"product","reviews_rating_sum":0,"reviews_count":0,"total_sold":0,"fixed_cost_shipping_price":0,"is_free_shipping":true,"is_visible":true,"is_featured":true,"related_products":[-1],"warranty":"\"{\\\"0\\\": {\\\"tabName\\\": \\\"Features & Benefits\\\", \\\"tabContent\\\": \\\"<p><span >Our certified organic Stevia Powder is derived from the leaves of organic stevia rebaudiana plant, which has been described as the sweetest herbal supplement on earth. Stevia has grown in popularity in recent years as an ideal alternative to sugar. Easily sweeten your coffee, baked goods, cereal or favourite dish with this organic powdered stevia. Our Stevia Powder is a water based extract from organic stevia leaf, containing &gt;95% steviosides.<\/span><\/p><br\/><p><span >Advantages of Wonderfoods' Stevia Powder:<\/span><br data-mce-bogus=\\\"1\\\"><\/p><ul><li><span >Natural alternative to sugar<\/span><\/li><li><span >Does NOT contain calories<\/span><\/li><li><span >Assists in maintaining a healthy digestive system<\/span><\/li><li><span >May be used with your toothpaste. Two drops on your toothbrush may help prevent the formation of plaque<\/span><\/li><\/ul>\\\"}, \\\"1\\\": {\\\"tabName\\\": \\\"Dose & Administration\\\", \\\"tabContent\\\": \\\"<p><span ><B>Suggested Use:<\/B><\/span><\/p><p><span >Approx. 1\/8 teaspoon will supply significant sweetness to beverages. Cooking may require a little more - for larger amounts.<\/span><\/p><br\/>\\\"}, \\\"2\\\": {\\\"tabName\\\": \\\"Ingredients\\\", \\\"tabContent\\\": \\\"<br><b>Ingredients:<\/b><BR>Organic Stevia Rebaudiana Extract.<br><b><\/b>\\\"}, \\\"3\\\": {\\\"tabName\\\": \\\"Cautions & Contraindications\\\", \\\"tabContent\\\": \\\"\\\"}}\"","bin_picking_number":"","layout_file":"product.html","upc":"9321314241981","mpn":"","gtin":"","search_keywords":"","availability":"available","availability_description":"","gift_wrapping_options_type":"any","gift_wrapping_options_list":[],"sort_order":0,"condition":"New","is_condition_shown":true,"order_quantity_minimum":1,"order_quantity_maximum":200,"page_title":"","meta_keywords":[],"meta_description":"","date_created":"2021-07-08T09:12:37+00:00","date_modified":"2022-01-26T16:36:58+00:00","view_count":0,"preorder_release_date":null,"preorder_message":"","is_preorder_only":false,"is_price_hidden":false,"price_hidden_label":"","custom_url":{"url":"\/wonder-foods-organic-stevia-powder-25g\/","is_customized":true},"base_variant_id":19773,"open_graph_type":"product","open_graph_title":"","open_graph_description":"","open_graph_use_meta_description":true,"open_graph_use_product_name":true,"open_graph_use_image":true},{"id":22870,"name":"Wotnot Facial Wipes Deep Cleansing x 25 Pack (soft pack)","type":"physical","sku":"11533","description":"<p><span>Wotnot has produced an organic face wipe so natural your skin will love it as much as you do. Facial skin is so delicate that only the most natural ingredients should be used in your skincare products. This Oily\/Sensitive formula is enriched with all natural ingredients including Australian certified organic extracts of pink grapefruit and paw paw to thoroughly cleanse all grime and makeup. Free from pore clogging oils and harsh drying chemicals.<\/span><br \/><br \/><\/p>\r\n<ul>\r\n<li>Our deep cleansing face wipes for oily\/combination skin oily skin contain certified organic pink grapefruit and papaya<\/li>\r\n<li>All of our face wipes include certified organic Aloe vera<\/li>\r\n<li>100% natural and biodegradable fibre<\/li>\r\n<li>Free from alcohol and artificial perfumes<\/li>\r\n<li>Free from parabens and petrochemicals<\/li>\r\n<li>Ideal for sensitive skin<\/li>\r\n<li>Removes all makeup including waterproof mascara<\/li>\r\n<\/ul>\r\n<p>Ingredients<\/p>\r\n<p><span>Purified water, caprylic\/capric triglyceride (vegetable derived), glycerine (vegetable derived), cetearyl alcohol (plant derived), certified organic paw paw extract*, certified organic pink grapefruit oil*, certified organic aloe vera*, polyaminopropyl biguanide (extra mild preservative).&nbsp;<\/span><span>*certified organic ingredients.<\/span><\/p>","weight":0.1,"width":0,"depth":0,"height":0,"price":8.95,"cost_price":4.59,"retail_price":0,"sale_price":0,"map_price":0,"tax_class_id":0,"product_tax_code":"","calculated_price":8.95,"categories":[1002],"brand_id":131,"option_set_id":null,"option_set_display":"right","inventory_level":56,"inventory_warning_level":0,"inventory_tracking":"product","reviews_rating_sum":0,"reviews_count":0,"total_sold":0,"fixed_cost_shipping_price":0,"is_free_shipping":true,"is_visible":true,"is_featured":true,"related_products":[-1],"warranty":"\"{\\\"0\\\": {\\\"tabName\\\": \\\"Features & Benefits\\\", \\\"tabContent\\\": \\\"<br>Wotnot has produced an organic face wipe so natural your skin will love it as much as you do. Facial skin is so delicate that only the most natural ingredients should be used in your skincare products. This Oily\/Sensitive formula is enriched with all natural ingredients including Australian certified organic extracts of pink grapefruit and paw paw to thoroughly cleanse all grime and makeup. Free from pore clogging oils and harsh drying chemicals.<BR><br><ul><li>Our deep cleansing face wipes for oily\/combination skin oily skin contain certified organic pink grapefruit and papaya<\/li><li>All of our face wipes include certified organic Aloe vera<\/li><li>100% natural and biodegradable fibre<\/li><li>Free from alcohol and artificial perfumes<\/li><li>Free from parabens and petrochemicals<\/li><li>Ideal for sensitive skin<\/li><li>Removes all makeup including waterproof mascara<\/li><\/ul><br\/>\\\"}, \\\"1\\\": {\\\"tabName\\\": \\\"Dose & Administration\\\", \\\"tabContent\\\": \\\"<br\/>\\\"}, \\\"2\\\": {\\\"tabName\\\": \\\"Ingredients\\\", \\\"tabContent\\\": \\\"<br>Purified water, caprylic\/capric triglyceride (vegetable derived), glycerine (vegetable derived), cetearyl alcohol (plant derived), certified organic paw paw extract*, certified organic pink grapefruit oil*, certified organic aloe vera*, polyaminopropyl biguanide (extra mild preservative). <b>*certified organic ingredients.<\/b>\\\"}, \\\"3\\\": {\\\"tabName\\\": \\\"Cautions & Contraindications\\\", \\\"tabContent\\\": \\\"\\\"}}\"","bin_picking_number":"","layout_file":"product.html","upc":"9336127000298","mpn":"","gtin":"","search_keywords":"","availability":"available","availability_description":"","gift_wrapping_options_type":"any","gift_wrapping_options_list":[],"sort_order":0,"condition":"New","is_condition_shown":true,"order_quantity_minimum":1,"order_quantity_maximum":200,"page_title":"","meta_keywords":[],"meta_description":"","date_created":"2021-07-08T09:27:13+00:00","date_modified":"2022-01-26T16:37:01+00:00","view_count":0,"preorder_release_date":null,"preorder_message":"","is_preorder_only":false,"is_price_hidden":false,"price_hidden_label":"","custom_url":{"url":"\/wotnot-facial-wipes-deep-cleansing-x-25-pack-soft-pack\/","is_customized":true},"base_variant_id":23260,"open_graph_type":"product","open_graph_title":"","open_graph_description":"","open_graph_use_meta_description":true,"open_graph_use_product_name":true,"open_graph_use_image":true},{"id":22991,"name":"Zeb Health Activated Coconut Charcoal Powder 150g","type":"physical","sku":"11664","description":"<p><span>Activated charcoal is a potent natural treatment used to trap toxins and chemicals in the body, allowing them to be flushed out so the body doesn&rsquo;t reabsorb them.&nbsp;<\/span><br \/><span>Activated Charcoal is used to whiten teeth, reduce bloating and gas, lower cholesterol and help with bile flow problems safely during pregnancy. It can also be used for a digestive cleanse and as a skin wrap for acne and blackheads and as a poultice to remove environmental toxins, poisons and dirt from the skin.&nbsp;<\/span><br \/><br \/><span>Zeb Health Activated Coconut Charcoal Powder is made from coconut shells.&nbsp;&nbsp;<\/span><\/p>\r\n<p>&nbsp;<\/p>\r\n<p><span><span>Internal: Activated Charcoal works by trapping toxins and chemicals in its millions of tiny pores and removing them from the body. It can adsorb many times its own weight in poisons, toxins, gases, odours and chemicals.<\/span><br \/><br \/><span>External: Activated Charcoal works by targeting toxins and drawing out impurities to clear the pores of the skin.&nbsp;&nbsp;<\/span><\/span><\/p>\r\n<p>&nbsp;<\/p>\r\n<p><span>100% PURE Medical Grade, Steam Activated,&nbsp; coconut shell charcoal powder.<\/span><\/p>\r\n<p>&nbsp;<\/p>\r\n<p><span><span>Internal: Mix 1\/2 to 1 1\/2 teaspoons of Activated Charcoal in a cup of water and drink.&nbsp;<\/span><br \/><br \/><span>External:&nbsp;<\/span><br \/><span>Face Mask - Mix Activated Charcoal with Cornflour or Flaxseed powder at the ratio of 2:1. Add enough hot water to make a paste then apply to skin. Remove when dry.&nbsp;<\/span><br \/><span>Poultice - Add equal quantities of Activated Charcoal and Cornflour or Flaxseed powder into a small pot. Add enough water to form a thick cream. Heat until the mixture thickens.&nbsp; Spoon the warm mixture onto a kitchen paper towel then cover with a second piece of paper towel. Apply the pack directly to the area of infection or inflammation. Cover the pack with kitchen plastic wrap to hold everything in place. Fit a final outside cloth wrap or binder. Change the pack with a new charcoal mix every 6-8 hours.&nbsp;<\/span><\/span><\/p>\r\n<p>&nbsp;<\/p>\r\n<p>&nbsp;<\/p>\r\n<p><span>Use care when opening. Charcoal can be messy.&nbsp;<\/span><br \/><br \/><span>Caution: Use at least two hours before or wait until two hours after using medication.&nbsp;&nbsp;<\/span><\/p>\r\n<p><span><span>For unlimited shelf life, store in a dry place away from chemicals and strong odours with lid tightly secured.&nbsp;<\/span><\/span><\/p>\r\n<p>&nbsp;<\/p>","weight":0.2,"width":0,"depth":0,"height":0,"price":24.95,"cost_price":12.49,"retail_price":0,"sale_price":0,"map_price":0,"tax_class_id":0,"product_tax_code":"","calculated_price":24.95,"categories":[599],"brand_id":499,"option_set_id":null,"option_set_display":"right","inventory_level":7,"inventory_warning_level":0,"inventory_tracking":"product","reviews_rating_sum":0,"reviews_count":0,"total_sold":0,"fixed_cost_shipping_price":0,"is_free_shipping":true,"is_visible":true,"is_featured":true,"related_products":[-1],"warranty":"\"{\\\"0\\\": {\\\"tabName\\\": \\\"Features & Benefits\\\", \\\"tabContent\\\": \\\"Activated charcoal is a potent natural treatment used to trap toxins and chemicals in the body, allowing them to be flushed out so the body doesn't reabsorb them. <BR>Activated Charcoal is used to whiten teeth, reduce bloating and gas, lower cholesterol and help with bile flow problems safely during pregnancy. It can also be used for a digestive cleanse and as a skin wrap for acne and blackheads and as a poultice to remove environmental toxins, poisons and dirt from the skin. <BR><br>Zeb Health Activated Coconut Charcoal Powder is made from coconut shells.  <br\/>Internal: Activated Charcoal works by trapping toxins and chemicals in its millions of tiny pores and removing them from the body. It can adsorb many times its own weight in poisons, toxins, gases, odours and chemicals.<BR><br>External: Activated Charcoal works by targeting toxins and drawing out impurities to clear the pores of the skin.  \\\"}, \\\"1\\\": {\\\"tabName\\\": \\\"Dose & Administration\\\", \\\"tabContent\\\": \\\"<br\/>Internal: Mix 1\/2 to 1 1\/2 teaspoons of Activated Charcoal in a cup of water and drink. <BR><br>External: <BR>Face Mask - Mix Activated Charcoal with Cornflour or Flaxseed powder at the ratio of 2:1. Add enough hot water to make a paste then apply to skin. Remove when dry. <BR>Poultice - Add equal quantities of Activated Charcoal and Cornflour or Flaxseed powder into a small pot. Add enough water to form a thick cream. Heat until the mixture thickens.  Spoon the warm mixture onto a kitchen paper towel then cover with a second piece of paper towel. Apply the pack directly to the area of infection or inflammation. Cover the pack with kitchen plastic wrap to hold everything in place. Fit a final outside cloth wrap or binder. Change the pack with a new charcoal mix every 6-8 hours. \\\"}, \\\"2\\\": {\\\"tabName\\\": \\\"Ingredients\\\", \\\"tabContent\\\": \\\"100% PURE Medical Grade, Steam Activated,  coconut shell charcoal powder.\\\"}, \\\"3\\\": {\\\"tabName\\\": \\\"Cautions & Contraindications\\\", \\\"tabContent\\\": \\\"Use care when opening. Charcoal can be messy. <BR><br>Caution: Use at least two hours before or wait until two hours after using medication.  \\\"}}\"","bin_picking_number":"","layout_file":"product.html","upc":"706502168094","mpn":"","gtin":"","search_keywords":"","availability":"available","availability_description":"","gift_wrapping_options_type":"any","gift_wrapping_options_list":[],"sort_order":0,"condition":"New","is_condition_shown":true,"order_quantity_minimum":1,"order_quantity_maximum":200,"page_title":"","meta_keywords":[],"meta_description":"","date_created":"2021-07-08T09:27:45+00:00","date_modified":"2022-01-26T16:37:05+00:00","view_count":0,"preorder_release_date":null,"preorder_message":"","is_preorder_only":false,"is_price_hidden":false,"price_hidden_label":"","custom_url":{"url":"\/zeb-health-activated-coconut-charcoal-powder-150g\/","is_customized":true},"base_variant_id":23381,"open_graph_type":"product","open_graph_title":"","open_graph_description":"","open_graph_use_meta_description":true,"open_graph_use_product_name":true,"open_graph_use_image":true},{"id":22995,"name":"Zeb Health Diatomaceous Earth Silica Supplement 500g","type":"physical","sku":"11668","description":"<p><span>Zeb Health Diatomaceous Earth has many uses for both humans and animals. It is a Premium Food-Grade Mineral Supplement that may gently detoxify and cleanse your digestive system by thoroughly removing built-up toxins, impurities, harmful bacteria and even parasites from the gut. A clean digestive system is the starting point for optimal health and this product may help you to improve the overall health and function of your gut.<\/span><br \/><br \/><span>Zeb Health Premium Food Grade Diatomaceous Earth is completely Vegan, Non-GMO, Gluten Free and Organic. This powerful digestive cleanser can be used on a daily basis or as part of a detox or cleanse. As its tiny particles move through the stomach and digestive tract, they have the ability to attract and absorb fungi, pathogens, viruses and heavy metals in their tiny pores and carry them out of the body. They may also remove parasites and harmful bacteria, cleansing the digestive system of harmful toxins. Removing these toxins and impurities may improve digestion, allowing for increased nutrient absorption.<\/span><br \/><br \/><span>It is completely free of any additives, preservatives, fillers, sugars or artificial sweeteners. It can also be used to treat parasites and worms and may even aid weight loss by cleansing and healing your digestive system! Zeb Health Premium Food Grade Diatomaceous Earth contains a natural mix of minerals including magnesium, silicon, calcium, iron and zinc. It also has many other trace minerals such as titanium, boron, manganese, copper and zirconium.<\/span><\/p>\r\n<p><span><span>1 to 3 teaspoons twice daily in water or juice. For best results, use on a continual, daily basis. May cause constipation so drink 8 glasses of water a day.<\/span><\/span><\/p>\r\n<p>&nbsp;<\/p>\r\n<p>&nbsp;<\/p>","weight":0.3,"width":0,"depth":0,"height":0,"price":24.95,"cost_price":13.04,"retail_price":0,"sale_price":0,"map_price":0,"tax_class_id":0,"product_tax_code":"","calculated_price":24.95,"categories":[599],"brand_id":499,"option_set_id":null,"option_set_display":"right","inventory_level":40,"inventory_warning_level":0,"inventory_tracking":"product","reviews_rating_sum":0,"reviews_count":0,"total_sold":0,"fixed_cost_shipping_price":0,"is_free_shipping":true,"is_visible":true,"is_featured":true,"related_products":[-1],"warranty":"\"{\\\"0\\\": {\\\"tabName\\\": \\\"Features & Benefits\\\", \\\"tabContent\\\": \\\"Diatomaceous Earth (Fossil Shell Flour) has many uses for both humans and animals. It is a general silica supplement and also a powerful detoxing agent helping to cleanse and eliminate bad bacteria, and toxins from the gut. <BR><br>Other Uses: Dusting plants for pest control. Add at 5% ratio of feed for worming pets and animals.  Soil additive for improving plant health.<br\/>Diatomaceous Earth (Fossil Shell Flour) has many uses for both humans and animals. It is a general silica supplement and also a powerful detoxing agent helping to cleanse and eliminate bad bacteria, and toxins from the gut. <BR><br>Other Uses: Dusting plants for pest control. Add at 5% ratio of feed for worming pets and animals.  Soil additive for improving plant health.\\\"}, \\\"1\\\": {\\\"tabName\\\": \\\"Dose & Administration\\\", \\\"tabContent\\\": \\\"<br\/>Mix 1 to 3 teaspoons daily into a glass of water or juice. For best results, use on a continual, daily basis. May cause constipation so drink 8 glasses of water a day. <BR><br>Other uses: Dusting plants for natural pest control. 5% of feed for worming pets and animals. Soil additive for improving plant health  \\\"}, \\\"2\\\": {\\\"tabName\\\": \\\"Ingredients\\\", \\\"tabContent\\\": \\\"100% Premium Food Grade, Organic, Fresh Water Diatomaceous Earth (amorphous silicon)\\\"}, \\\"3\\\": {\\\"tabName\\\": \\\"Cautions & Contraindications\\\", \\\"tabContent\\\": \\\"\\\"}}\"","bin_picking_number":"","layout_file":"product.html","upc":"793052139421","mpn":"","gtin":"","search_keywords":"","availability":"available","availability_description":"","gift_wrapping_options_type":"any","gift_wrapping_options_list":[],"sort_order":0,"condition":"New","is_condition_shown":true,"order_quantity_minimum":1,"order_quantity_maximum":200,"page_title":"","meta_keywords":[],"meta_description":"","date_created":"2021-07-08T09:27:46+00:00","date_modified":"2022-01-26T16:36:45+00:00","view_count":0,"preorder_release_date":null,"preorder_message":"","is_preorder_only":false,"is_price_hidden":false,"price_hidden_label":"","custom_url":{"url":"\/zeb-health-diatomaceous-earth-silica-supplement-500g\/","is_customized":true},"base_variant_id":23385,"open_graph_type":"product","open_graph_title":"","open_graph_description":"","open_graph_use_meta_description":true,"open_graph_use_product_name":true,"open_graph_use_image":true},{"id":23232,"name":"Wotnot Make Up Brush x 10 Set","type":"physical","sku":"5913","description":"<p><strong>Features and Benefits<\/strong><\/p>\r\n<p><span>Whether you love creating your own beautiful look, or you are a professional makeup artist &ndash; having the right brushes makes applying makeup more fun and so much easier.&nbsp;This handmade make-up brush set features handles made from satin lacquered bamboo, which is eco-friendly and light weight for easy handling - yet strong and waterproof. Cruelty-free synthetic fibres feel luxuriously soft and are designed to help you apply powders, light liquid creams and foundations perfectly. Plus, the brushes contain antibacterial properties, which help keep skin looking its best.<\/span><br \/><br \/><span>This vegan brush set includes:<\/span><br \/><br \/><\/p>\r\n<ul>\r\n<li>Powder\/Bronzer Brush<\/li>\r\n<li>Foundation Brush<\/li>\r\n<li>Blush Brush<\/li>\r\n<li>Eye Shadow Brush<\/li>\r\n<li>Eye Contour Brush<\/li>\r\n<li>Angled Eye Brush&nbsp;<\/li>\r\n<li>Eyelash and Brow Brush<\/li>\r\n<li>Lip Brush<\/li>\r\n<li>Kabuki brush<\/li>\r\n<li>Fan brush<\/li>\r\n<\/ul>","weight":0.2,"width":0,"depth":0,"height":0,"price":59.95,"cost_price":37.2,"retail_price":0,"sale_price":0,"map_price":0,"tax_class_id":0,"product_tax_code":"","calculated_price":59.95,"categories":[1002],"brand_id":131,"option_set_id":null,"option_set_display":"right","inventory_level":8,"inventory_warning_level":0,"inventory_tracking":"product","reviews_rating_sum":0,"reviews_count":0,"total_sold":0,"fixed_cost_shipping_price":0,"is_free_shipping":true,"is_visible":true,"is_featured":true,"related_products":[-1],"warranty":"\"{\\\"0\\\": {\\\"tabName\\\": \\\"Features & Benefits\\\", \\\"tabContent\\\": \\\"<br>Whether you love creating your own beautiful look, or you are a professional makeup artist - having the right brushes makes applying makeup more fun and so much easier. This handmade make-up brush set features handles made from satin lacquered bamboo, which is eco-friendly and light weight for easy handling - yet strong and waterproof. Cruelty-free synthetic fibres feel luxuriously soft and are designed to help you apply powders, light liquid creams and foundations perfectly. Plus, the brushes contain antibacterial properties, which help keep skin looking its best.<br><br>This vegan brush set includes:<br><br><ul><li>Powder\/Bronzer Brush<\/li><li>Foundation Brush<\/li><li>Blush Brush<\/li><li>Eye Shadow Brush<\/li><li>Eye Contour Brush<\/li><li>Angled Eye Brush <\/li><li>Eyelash and Brow Brush<\/li><li>Lip Brush<\/li><li>Kabuki brush<\/li><li>Fan brush<\/li><\/ul><br\/>\\\"}, \\\"1\\\": {\\\"tabName\\\": \\\"Dose & Administration\\\", \\\"tabContent\\\": \\\"<br\/>\\\"}, \\\"2\\\": {\\\"tabName\\\": \\\"Ingredients\\\", \\\"tabContent\\\": \\\"\\\"}, \\\"3\\\": {\\\"tabName\\\": \\\"Cautions & Contraindications\\\", \\\"tabContent\\\": \\\"\\\"}}\"","bin_picking_number":"","layout_file":"product.html","upc":"9336127000199","mpn":"","gtin":"","search_keywords":"natural, organic, beauty, skincare","availability":"available","availability_description":"","gift_wrapping_options_type":"any","gift_wrapping_options_list":[],"sort_order":0,"condition":"New","is_condition_shown":true,"order_quantity_minimum":1,"order_quantity_maximum":200,"page_title":"","meta_keywords":[],"meta_description":"","date_created":"2022-01-11T17:05:10+00:00","date_modified":"2022-01-26T16:36:38+00:00","view_count":1,"preorder_release_date":null,"preorder_message":"","is_preorder_only":false,"is_price_hidden":false,"price_hidden_label":"","custom_url":{"url":"\/wotnot-make-up-brush-x-10-set-1\/","is_customized":false},"base_variant_id":23621,"open_graph_type":"product","open_graph_title":"","open_graph_description":"","open_graph_use_meta_description":true,"open_graph_use_product_name":true,"open_graph_use_image":true}],"meta":{"pagination":{"total":9,"count":9,"per_page":50,"current_page":1,"total_pages":1,"links":{"current":"?date_modified%3Amin=2022-01-25&limit=50&page=1"},"too_many":false}}}
			10:28:09.0 (858016097)|METHOD_ENTRY|[112]|01p2v00000Tr0Kh|WSProductsFromBC.Response.processResponse(System.HttpResponse)
				10:28:09.0 (858132840)|VARIABLE_SCOPE_BEGIN|[63]|this|WSProductsFromBC.Response|true|false
				10:28:09.0 (858656812)|VARIABLE_ASSIGNMENT|[63]|this|{"hasError":false,"request":"System.HttpRequest[Endpoint=https://api.bigcommerce.com/stores/n9dr7ak2qq/v3/catalog/products?date_modified:min=2022-01-25&limit=50, Method=GET]","response":"System.HttpResponse[Status=OK, StatusCode=200]"}|0x45af3cd6
				10:28:09.0 (858677353)|VARIABLE_SCOPE_BEGIN|[63]|response|System.HttpResponse|true|false
				10:28:09.0 (858738534)|VARIABLE_ASSIGNMENT|[63]|response|"System.HttpResponse[Status=OK, StatusCode=200]"|0xb4c5d56
				10:28:09.0 (861703642)|SYSTEM_METHOD_ENTRY|[1]|Type.Type()
				10:28:09.0 (861762001)|SYSTEM_METHOD_EXIT|[1]|Type
				10:28:09.0 (861875262)|VARIABLE_SCOPE_BEGIN|[4]|this|System.Type|true|false
				10:28:09.0 (861974315)|VARIABLE_ASSIGNMENT|[4]|this|{}|0x351ed901
				10:28:09.0 (861985092)|VARIABLE_SCOPE_BEGIN|[4]|apextype|java:common.apex.runtime.ApexObjectType|true|false
				10:28:09.0 (862165001)|VARIABLE_ASSIGNMENT|[4]|apextype|"WSProductsFromBCResponse"|0x50fbd56c
				10:28:09.0 (862326653)|SYSTEM_METHOD_ENTRY|[1]|JSON.JSON()
				10:28:09.0 (862336247)|SYSTEM_METHOD_EXIT|[1]|JSON
				10:28:09.0 (862380778)|METHOD_ENTRY|[65]||System.JSON.deserialize(String, System.Type)
				10:28:09.0 (875135875)|METHOD_EXIT|[65]||System.JSON.deserialize(String, System.Type)
				10:28:09.0 (875178227)|VARIABLE_ASSIGNMENT|[64]|this.productsFromBigCommerce|0xe38ca5d|0x45af3cd6
			10:28:09.0 (875194243)|METHOD_EXIT|[112]|01p2v00000Tr0Kh|WSProductsFromBC.Response.processResponse(System.HttpResponse)
		10:28:09.0 (875212974)|METHOD_EXIT|[31]|01p2v00000SpN2a|RestWS.invoke(WSResult)
	10:28:09.0 (875226852)|METHOD_EXIT|[25]|01p2v00000Tr0Kh|WSProductsFromBC.getProductsFromBC()
	10:28:09.0 (875387713)|VARIABLE_ASSIGNMENT|[25]|response|{"productsFromBigCommerce":"0xe38ca5d","hasError":false,"request":"System.HttpRequest[Endpoint=https://api.bigcommerce.com/stores/n9dr7ak2qq/v3/catalog/products?date_modified:min=2022-01-25&limit=50, Method=GET]","response":"System.HttpResponse[Status=OK, StatusCode=200]"}|0x45af3cd6
	10:28:09.0 (875568342)|VARIABLE_ASSIGNMENT|[EXTERNAL]|this|{"data":"0x43f33036","meta":"0x5efcee54"}|0xe38ca5d
	10:28:09.0 (875611535)|VARIABLE_ASSIGNMENT|[EXTERNAL]|this|{"pagination":"0x3532ece9"}|0x5efcee54
	10:28:09.0 (875677411)|VARIABLE_ASSIGNMENT|[EXTERNAL]|this|{"count":9,"current_page":1,"links":"0x56add500","per_page":50,"too_many":false,"total":9,"total_pages":1}|0x3532ece9
	10:28:09.0 (875694952)|VARIABLE_SCOPE_BEGIN|[41]|totalPages|Integer|false|false
	10:28:09.0 (875711869)|VARIABLE_ASSIGNMENT|[41]|totalPages|1
	10:28:09.0 (875745707)|VARIABLE_ASSIGNMENT|[EXTERNAL]|this|{"data":"0x43f33036","meta":"0x5efcee54"}|0xe38ca5d
	10:28:09.0 (875773197)|VARIABLE_ASSIGNMENT|[EXTERNAL]|this|{"pagination":"0x3532ece9"}|0x5efcee54
	10:28:09.0 (875817735)|VARIABLE_ASSIGNMENT|[EXTERNAL]|this|{"count":9,"current_page":1,"links":"0x56add500","per_page":50,"too_many":false,"total":9,"total_pages":1}|0x3532ece9
	10:28:09.0 (875854962)|VARIABLE_ASSIGNMENT|[EXTERNAL]|this|{"current":"?date_modified%3Amin (27 more) ..."}|0x56add500
	10:28:09.0 (875962698)|VARIABLE_SCOPE_BEGIN|[42]|lastModifiedDate|String|false|false
	10:28:09.0 (875980339)|VARIABLE_ASSIGNMENT|[42]|lastModifiedDate|"2022-01-25"
	10:28:09.0 (876200717)|VARIABLE_SCOPE_BEGIN|[44]|paginationList|List<ProductsFromBCBatch.WrapperPaginationClass>|true|false
	10:28:09.0 (876240486)|VARIABLE_ASSIGNMENT|[44]|paginationList|[]|0x178804ce
	10:28:09.0 (876264111)|VARIABLE_SCOPE_BEGIN|[47]|i|Integer|false|false
	10:28:09.0 (876285681)|VARIABLE_ASSIGNMENT|[47]|i|0
	10:28:09.0 (876374545)|CONSTRUCTOR_ENTRY|[48]|01p2v00000Tr0KR|<init>()|ProductsFromBCBatch.WrapperPaginationClass
	10:28:09.0 (876399577)|VARIABLE_SCOPE_BEGIN|[325]|this|ProductsFromBCBatch.WrapperPaginationClass|true|false
	10:28:09.0 (876430317)|VARIABLE_ASSIGNMENT|[325]|this|{}|0x28ea8b06
	10:28:09.0 (876490469)|VARIABLE_ASSIGNMENT|[326]|this.page|null|0x28ea8b06
	10:28:09.0 (876509203)|VARIABLE_ASSIGNMENT|[327]|this.lastModifiedDateInBC|""|0x28ea8b06
	10:28:09.0 (876519978)|CONSTRUCTOR_EXIT|[48]|01p2v00000Tr0KR|<init>()|ProductsFromBCBatch.WrapperPaginationClass
	10:28:09.0 (876530926)|VARIABLE_SCOPE_BEGIN|[48]|wra|ProductsFromBCBatch.WrapperPaginationClass|true|false
	10:28:09.0 (876554372)|VARIABLE_ASSIGNMENT|[48]|wra|{"lastModifiedDateInBC":""}|0x28ea8b06
	10:28:09.0 (876581347)|VARIABLE_ASSIGNMENT|[49]|this.page|1|0x28ea8b06
	10:28:09.0 (876598392)|VARIABLE_ASSIGNMENT|[50]|this.lastModifiedDateInBC|"2022-01-25"|0x28ea8b06
	10:28:09.0 (876683844)|VARIABLE_ASSIGNMENT|[47]|i|1
10:28:09.0 (919187530)|CODE_UNIT_FINISHED|ProductsFromBCBatch
10:28:09.0 (919222012)|EXECUTION_FINISHED
