45.0 APEX_CODE,FINEST;APEX_PROFILING,NONE;CALLOUT,NONE;DB,INFO;NBA,NONE;SYSTEM,NONE;VALIDATION,NONE;VISUALFORCE,NONE;WAVE,NONE;WORKFLOW,NONE
01:11:02.8 (8726874)|USER_INFO|[EXTERNAL]|0052v00000fQDGY|api@naturalchemist.com.au.sand1|(GMT+11:00) Australian Eastern Daylight Time (Australia/Sydney)|GMT+11:00
01:11:02.8 (8771656)|EXECUTION_STARTED
01:11:02.8 (8777685)|CODE_UNIT_STARTED|[EXTERNAL]|01p2v00000Tr0KR|ProductsFromBCBatch
	01:11:02.8 (43618866)|SYSTEM_METHOD_ENTRY|[15]|BatchableContextImpl.BatchableContextImpl()
	01:11:02.8 (43645852)|SYSTEM_METHOD_EXIT|[15]|BatchableContextImpl
	01:11:02.8 (43674661)|VARIABLE_SCOPE_BEGIN|[31]|this|Database.BatchableContextImpl|true|false
	01:11:02.8 (43754644)|VARIABLE_ASSIGNMENT|[31]|this|{}|0x69ee7e6a
	01:11:02.8 (43766688)|VARIABLE_SCOPE_BEGIN|[31]|jobId|Id|false|false
	01:11:02.8 (43881744)|VARIABLE_ASSIGNMENT|[31]|jobId|"7071y00000MBBMiAAP"
	01:11:02.8 (43892371)|VARIABLE_SCOPE_BEGIN|[31]|childJobId|Id|false|false
	01:11:02.8 (43906442)|VARIABLE_ASSIGNMENT|[31]|childJobId|null
	01:11:02.8 (46129552)|METHOD_ENTRY|[1]|01p2v00000Tr0KR|ProductsFromBCBatch.ProductsFromBCBatch()
	01:11:02.8 (46156636)|METHOD_EXIT|[1]|ProductsFromBCBatch
	01:11:02.8 (46181459)|VARIABLE_SCOPE_BEGIN|[15]|this|ProductsFromBCBatch|true|false
	01:11:02.8 (46225407)|VARIABLE_ASSIGNMENT|[15]|this|{"updateFromProductQuickAction":false}|0x642781e3
	01:11:02.8 (46236489)|VARIABLE_SCOPE_BEGIN|[15]|context|Database.BatchableContext|true|false
	01:11:02.8 (46317551)|VARIABLE_ASSIGNMENT|[15]|context|{"jobId":"7071y00000MBBMiAAP"}|0x69ee7e6a
	01:11:02.8 (47099632)|CONSTRUCTOR_ENTRY|[16]|01p2v00000Tr0Kh|<init>()|WSProductsFromBC.Response
	01:11:02.8 (47137466)|VARIABLE_SCOPE_BEGIN|[60]|this|WSProductsFromBC.Response|true|false
	01:11:02.8 (47182014)|VARIABLE_ASSIGNMENT|[60]|this|{}|0x5068309b
	01:11:02.8 (47200095)|METHOD_ENTRY|[1]|01p2v00000SpN2i|WSResult.WSResult()
	01:11:02.8 (47216879)|METHOD_EXIT|[1]|WSResult
	01:11:02.8 (47224744)|CONSTRUCTOR_ENTRY|[EXTERNAL]|01p2v00000SpN2i|<init>()|WSResult
	01:11:02.8 (47239907)|VARIABLE_SCOPE_BEGIN|[1]|this|WSResult|true|false
	01:11:02.8 (47262689)|VARIABLE_ASSIGNMENT|[1]|this|{}|0x5068309b
	01:11:02.8 (47301138)|CONSTRUCTOR_EXIT|[EXTERNAL]|01p2v00000SpN2i|<init>()|WSResult
	01:11:02.8 (47316763)|CONSTRUCTOR_EXIT|[16]|01p2v00000Tr0Kh|<init>()|WSProductsFromBC.Response
	01:11:02.8 (47327686)|VARIABLE_SCOPE_BEGIN|[16]|response|WSProductsFromBC.Response|true|false
	01:11:02.8 (47350078)|VARIABLE_ASSIGNMENT|[16]|response|{}|0x5068309b
	01:11:02.8 (47405688)|VARIABLE_SCOPE_BEGIN|[4]|WSProductsFromBC.SERVICE_CONFIG|Webservice_endpoint_setting__mdt|true|true
	01:11:02.8 (47752268)|METHOD_ENTRY|[1]|01p2v00000Tr0Kh|WSProductsFromBC.WSProductsFromBC()
		01:11:02.8 (47849498)|VARIABLE_SCOPE_BEGIN|[2]|GenericUtilsHelper.currentOrg|Organization|true|true
		01:11:02.8 (47864076)|VARIABLE_SCOPE_BEGIN|[105]|GenericUtilsHelper.mapRecordTypes|Map<String,RecordType>|true|true
		01:11:02.8 (48033251)|METHOD_ENTRY|[1]|01p2v00000SpN2Y|GenericUtilsHelper.GenericUtilsHelper()
			01:11:02.8 (48127629)|VARIABLE_ASSIGNMENT|[105]|GenericUtilsHelper.mapRecordTypes|{}|0x55c046d
		01:11:02.8 (48136823)|METHOD_EXIT|[1]|GenericUtilsHelper
		01:11:02.8 (48155738)|METHOD_ENTRY|[5]|01p2v00000SpN2Y|GenericUtilsHelper.getWebServiceConfig(String)
			01:11:02.8 (48182953)|VARIABLE_SCOPE_BEGIN|[90]|name|String|false|false
			01:11:02.8 (48203641)|VARIABLE_ASSIGNMENT|[90]|name|"SALESFORCE.BIGCOMMER (2 more) ..."
			01:11:02.8 (48230190)|METHOD_ENTRY|[91]|01p2v00000SpN2Y|GenericUtilsHelper.isSandboxEnviroment()
				01:11:02.8 (55619356)|SOQL_EXECUTE_BEGIN|[85]|Aggregations:0|SELECT Id, Name, IsSandbox FROM Organization LIMIT 1
				01:11:02.8 (58251182)|SOQL_EXECUTE_END|[85]|Rows:1
				01:11:02.8 (58642681)|VARIABLE_ASSIGNMENT|[85]|GenericUtilsHelper.currentOrg|{"Id":"00D1y0000008m7IEAQ","Name":"Natural Chemist","IsSandbox":true}|0x71f2052d
			01:11:02.8 (58719753)|METHOD_EXIT|[91]|01p2v00000SpN2Y|GenericUtilsHelper.isSandboxEnviroment()
			01:11:02.8 (58740682)|VARIABLE_SCOPE_BEGIN|[91]|isProduction|Boolean|false|false
			01:11:02.8 (58778506)|VARIABLE_ASSIGNMENT|[91]|isProduction|false
			01:11:02.8 (59448207)|SOQL_EXECUTE_BEGIN|[92]|Aggregations:0|SELECT Id, URL__c, ClientId__c, ClientSecret__c, ActivateNatualScriptCallout__c, StoreHash__c, AppStoreUrl__c, AccessToken__c, ShipStation_Packing_UserId__c, ShipStation_Admin_UserId__c FROM Webservice_endpoint_setting__mdt WHERE (MasterLabel = :tmpVar1 AND Is_Production__c = :tmpVar2)
			01:11:02.8 (62767618)|SOQL_EXECUTE_END|[92]|Rows:1
			01:11:02.8 (62946344)|VARIABLE_SCOPE_BEGIN|[92]|result|List<Webservice_endpoint_setting__mdt>|true|false
			01:11:02.8 (63011298)|VARIABLE_ASSIGNMENT|[92]|result|[{"Id":"m002v000000yiYYAAY","URL__c":"https://api.bigcomme (26 more) ...","ClientId__c":"qgoe1p6a5xvhgkkvsiu5 (11 more) ...","ClientSecret__c":"d6631082dbbca140cafb (44 more) ...","ActivateNatualScriptCallout__c":false,"StoreHash__c":"n9dr7ak2qq","AppStoreUrl__c":"https://natural-chem (30 more) ...","AccessToken__c":"64so0mrm0qmlsrl3dl8l (11 more) ..."}]|0x4b805a47
		01:11:02.8 (63167117)|METHOD_EXIT|[5]|01p2v00000SpN2Y|GenericUtilsHelper.getWebServiceConfig(String)
		01:11:02.8 (63210409)|VARIABLE_ASSIGNMENT|[4]|WSProductsFromBC.SERVICE_CONFIG|{"Id":"m002v000000yiYYAAY","URL__c":"https://api.bigcomme (26 more) ...","ClientId__c":"qgoe1p6a5xvhgkkvsiu5 (11 more) ...","ClientSecret__c":"d6631082dbbca140cafb (44 more) ...","ActivateNatualScriptCallout__c":false,"StoreHash__c":"n9dr7ak2qq","AppStoreUrl__c":"https://natural-chem (30 more) ...","AccessToken__c":"64so0mrm0qmlsrl3dl8l (11 more) ..."}|0x25d9e4c6
	01:11:02.8 (63234679)|METHOD_EXIT|[1]|WSProductsFromBC
	01:11:02.8 (63251479)|METHOD_ENTRY|[25]|01p2v00000Tr0Kh|WSProductsFromBC.getProductsFromBC()
		01:11:02.8 (65264513)|SOQL_EXECUTE_BEGIN|[8]|Aggregations:0|SELECT Id, BC_Date_Modified__c FROM Product2 WHERE BC_Date_Modified__c != NULL ORDER BY BC_Date_Modified__c DESC NULLS FIRST LIMIT 1
		01:11:02.8 (109640386)|SOQL_EXECUTE_END|[8]|Rows:1
		01:11:02.8 (109917305)|VARIABLE_SCOPE_BEGIN|[8]|dateModifiedList|List<Product2>|true|false
		01:11:02.8 (110003444)|VARIABLE_ASSIGNMENT|[8]|dateModifiedList|[{"Id":"01t1y000001f35cAAA","BC_Date_Modified__c":"2022-03-29T00:00:00.000Z"}]|0x6dc3f2cb
		01:11:02.8 (110840958)|VARIABLE_SCOPE_BEGIN|[16]|lastModifiedDate|String|false|false
		01:11:02.8 (110874688)|VARIABLE_ASSIGNMENT|[16]|lastModifiedDate|"2022-03-28"
		01:11:02.8 (111041730)|METHOD_ENTRY|[1]|01p2v00000SpN2a|RestWS.RestWS()
		01:11:02.8 (111068871)|METHOD_EXIT|[1]|RestWS
		01:11:02.8 (111288077)|CONSTRUCTOR_ENTRY|[22]|01p2v00000SpN2a|<init>(String,String,List<WSParameter>)|RestWS
		01:11:02.8 (111334464)|VARIABLE_SCOPE_BEGIN|[23]|this|RestWS|true|false
		01:11:02.8 (111397729)|VARIABLE_ASSIGNMENT|[23]|this|{}|0x27293bc4
		01:11:02.8 (111410349)|VARIABLE_SCOPE_BEGIN|[23]|endpoint|String|false|false
		01:11:02.8 (111439650)|VARIABLE_ASSIGNMENT|[23]|endpoint|"https://api.bigcomme (83 more) ..."
		01:11:02.8 (111451128)|VARIABLE_SCOPE_BEGIN|[23]|method|String|false|false
		01:11:02.8 (111480821)|VARIABLE_ASSIGNMENT|[23]|method|"GET"
		01:11:02.8 (111491559)|VARIABLE_SCOPE_BEGIN|[23]|urlParameters|List<WSParameter>|true|false
		01:11:02.8 (111510788)|VARIABLE_ASSIGNMENT|[23]|urlParameters|null|
		01:11:02.8 (111546359)|CONSTRUCTOR_ENTRY|[24]|01p2v00000SpN2a|<init>(String,String,List<WSParameter>,String)|RestWS
		01:11:02.8 (111577190)|VARIABLE_SCOPE_BEGIN|[19]|this|RestWS|true|false
		01:11:02.8 (111619390)|VARIABLE_ASSIGNMENT|[19]|this|{}|0x27293bc4
		01:11:02.8 (111631155)|VARIABLE_SCOPE_BEGIN|[19]|endpoint|String|false|false
		01:11:02.8 (111657624)|VARIABLE_ASSIGNMENT|[19]|endpoint|"https://api.bigcomme (83 more) ..."
		01:11:02.8 (111667436)|VARIABLE_SCOPE_BEGIN|[19]|method|String|false|false
		01:11:02.8 (111688380)|VARIABLE_ASSIGNMENT|[19]|method|"GET"
		01:11:02.8 (111698406)|VARIABLE_SCOPE_BEGIN|[19]|urlParameters|List<WSParameter>|true|false
		01:11:02.8 (111716342)|VARIABLE_ASSIGNMENT|[19]|urlParameters|null|
		01:11:02.8 (111727968)|VARIABLE_SCOPE_BEGIN|[19]|bodyParameter|String|false|false
		01:11:02.8 (111746905)|VARIABLE_ASSIGNMENT|[19]|bodyParameter|""
		01:11:02.8 (111798386)|METHOD_ENTRY|[1]|01p2v00000SpN2h|WSParameter.WSParameter()
		01:11:02.8 (111822389)|METHOD_EXIT|[1]|WSParameter
		01:11:02.8 (111866288)|CONSTRUCTOR_ENTRY|[20]|01p2v00000SpN2h|<init>(String,String,Boolean,Boolean)|WSParameter
		01:11:02.8 (111896777)|VARIABLE_SCOPE_BEGIN|[11]|this|WSParameter|true|false
		01:11:02.8 (111937714)|VARIABLE_ASSIGNMENT|[11]|this|{}|0x76ba09ce
		01:11:02.8 (111952866)|VARIABLE_SCOPE_BEGIN|[11]|name|String|false|false
		01:11:02.8 (111972325)|VARIABLE_ASSIGNMENT|[11]|name|"body"
		01:11:02.8 (111984308)|VARIABLE_SCOPE_BEGIN|[11]|value|String|false|false
		01:11:02.8 (112002587)|VARIABLE_ASSIGNMENT|[11]|value|""
		01:11:02.8 (112017547)|VARIABLE_SCOPE_BEGIN|[11]|isRequired|Boolean|false|false
		01:11:02.8 (112039959)|VARIABLE_ASSIGNMENT|[11]|isRequired|false
		01:11:02.8 (112050846)|VARIABLE_SCOPE_BEGIN|[11]|urlEncoding|Boolean|false|false
		01:11:02.8 (112069142)|VARIABLE_ASSIGNMENT|[11]|urlEncoding|false
		01:11:02.8 (112141927)|VARIABLE_ASSIGNMENT|[12]|this.name|"body"|0x76ba09ce
		01:11:02.8 (112177292)|VARIABLE_ASSIGNMENT|[13]|this.isRequired|false|0x76ba09ce
		01:11:02.8 (112200511)|VARIABLE_ASSIGNMENT|[14]|this.value|""|0x76ba09ce
		01:11:02.8 (112232499)|VARIABLE_ASSIGNMENT|[15]|this.urlEncoding|false|0x76ba09ce
		01:11:02.8 (112255379)|CONSTRUCTOR_EXIT|[20]|01p2v00000SpN2h|<init>(String,String,Boolean,Boolean)|WSParameter
		01:11:02.8 (112279823)|CONSTRUCTOR_ENTRY|[20]|01p2v00000SpN2a|<init>(String,String,List<WSParameter>,WSParameter)|RestWS
		01:11:02.8 (112296548)|VARIABLE_SCOPE_BEGIN|[10]|this|RestWS|true|false
		01:11:02.8 (112334276)|VARIABLE_ASSIGNMENT|[10]|this|{}|0x27293bc4
		01:11:02.8 (112345391)|VARIABLE_SCOPE_BEGIN|[10]|endpoint|String|false|false
		01:11:02.8 (112369633)|VARIABLE_ASSIGNMENT|[10]|endpoint|"https://api.bigcomme (83 more) ..."
		01:11:02.8 (112379263)|VARIABLE_SCOPE_BEGIN|[10]|method|String|false|false
		01:11:02.8 (112401610)|VARIABLE_ASSIGNMENT|[10]|method|"GET"
		01:11:02.8 (112411358)|VARIABLE_SCOPE_BEGIN|[10]|urlParameters|List<WSParameter>|true|false
		01:11:02.8 (112434091)|VARIABLE_ASSIGNMENT|[10]|urlParameters|null|
		01:11:02.8 (112443294)|VARIABLE_SCOPE_BEGIN|[10]|bodyParameter|WSParameter|true|false
		01:11:02.8 (112489196)|VARIABLE_ASSIGNMENT|[10]|bodyParameter|{"isRequired":false,"name":"body","urlEncoding":false,"value":""}|0x76ba09ce
		01:11:02.8 (112519447)|VARIABLE_ASSIGNMENT|[2]|this.endpoint|""|0x27293bc4
		01:11:02.8 (112563254)|VARIABLE_ASSIGNMENT|[7]|this.hasError|false|0x27293bc4
		01:11:02.8 (112585577)|VARIABLE_ASSIGNMENT|[8]|this.errorMessage|""|0x27293bc4
		01:11:02.8 (112743522)|VARIABLE_ASSIGNMENT|[11]|this.request|"System.HttpRequest[Endpoint=null, Method=null]"|0x27293bc4
		01:11:02.8 (112882386)|VARIABLE_ASSIGNMENT|[14]|this.bodyParameter|0x76ba09ce|0x27293bc4
		01:11:02.8 (112912197)|VARIABLE_ASSIGNMENT|[15]|this.endpoint|"https://api.bigcomme (83 more) ..."|0x27293bc4
		01:11:02.8 (112936090)|VARIABLE_ASSIGNMENT|[16]|this.parameters|null|0x27293bc4
		01:11:02.8 (112962573)|CONSTRUCTOR_EXIT|[20]|01p2v00000SpN2a|<init>(String,String,List<WSParameter>,WSParameter)|RestWS
		01:11:02.8 (112986289)|CONSTRUCTOR_EXIT|[24]|01p2v00000SpN2a|<init>(String,String,List<WSParameter>,String)|RestWS
		01:11:02.8 (113008564)|CONSTRUCTOR_EXIT|[22]|01p2v00000SpN2a|<init>(String,String,List<WSParameter>)|RestWS
		01:11:02.8 (113024415)|VARIABLE_SCOPE_BEGIN|[22]|ws|RestWS|true|false
		01:11:02.8 (113173117)|VARIABLE_ASSIGNMENT|[22]|ws|{"bodyParameter":"0x76ba09ce","endpoint":"https://api.bigcommerce.com/stores/n9dr7ak2qq/v3/catalog/products?date_modified:min=2022-03-28&limit=50","errorMessage":"","hasError":false,"request":"System.HttpRequest[Endpoint=null, Method=GET]"}|0x27293bc4
		01:11:02.8 (113466770)|CONSTRUCTOR_ENTRY|[31]|01p2v00000Tr0Kh|<init>()|WSProductsFromBC.Response
		01:11:02.8 (113503247)|VARIABLE_SCOPE_BEGIN|[60]|this|WSProductsFromBC.Response|true|false
		01:11:02.8 (113553244)|VARIABLE_ASSIGNMENT|[60]|this|{}|0x15c8ee1a
		01:11:02.8 (113571401)|CONSTRUCTOR_ENTRY|[EXTERNAL]|01p2v00000SpN2i|<init>()|WSResult
		01:11:02.8 (113588753)|VARIABLE_SCOPE_BEGIN|[1]|this|WSResult|true|false
		01:11:02.8 (113619838)|VARIABLE_ASSIGNMENT|[1]|this|{}|0x15c8ee1a
		01:11:02.8 (113674096)|CONSTRUCTOR_EXIT|[EXTERNAL]|01p2v00000SpN2i|<init>()|WSResult
		01:11:02.8 (113696952)|CONSTRUCTOR_EXIT|[31]|01p2v00000Tr0Kh|<init>()|WSProductsFromBC.Response
		01:11:02.8 (113732756)|METHOD_ENTRY|[31]|01p2v00000SpN2a|RestWS.invoke(WSResult)
			01:11:02.8 (113745005)|VARIABLE_SCOPE_BEGIN|[78]|this|RestWS|true|false
			01:11:02.8 (113863547)|VARIABLE_ASSIGNMENT|[78]|this|{"bodyParameter":"0x76ba09ce","endpoint":"https://api.bigcommerce.com/stores/n9dr7ak2qq/v3/catalog/products?date_modified:min=2022-03-28&limit=50","errorMessage":"","hasError":false,"request":"System.HttpRequest[Endpoint=null, Method=GET]"}|0x27293bc4
			01:11:02.8 (113879511)|VARIABLE_SCOPE_BEGIN|[78]|result|WSResult|true|false
			01:11:02.8 (113909278)|VARIABLE_ASSIGNMENT|[78]|result|{}|0x15c8ee1a
			01:11:02.8 (113952522)|METHOD_ENTRY|[88]|01p2v00000SpN2a|RestWS.getMissingParametersMessage()
				01:11:02.8 (113979249)|VARIABLE_SCOPE_BEGIN|[27]|this|RestWS|true|false
				01:11:02.8 (114076594)|VARIABLE_ASSIGNMENT|[27]|this|{"bodyParameter":"0x76ba09ce","endpoint":"https://api.bigcommerce.com/stores/n9dr7ak2qq/v3/catalog/products?date_modified:min=2022-03-28&limit=50","errorMessage":"","hasError":false,"request":"System.HttpRequest[Endpoint=null, Method=GET]"}|0x27293bc4
				01:11:02.8 (114225051)|VARIABLE_SCOPE_BEGIN|[32]|parametersToCheck|List<WSParameter>|true|false
				01:11:02.8 (114283943)|VARIABLE_ASSIGNMENT|[32]|parametersToCheck|[]|0x3bf9767e
				01:11:02.8 (114420750)|VARIABLE_SCOPE_BEGIN|[40]|missingParms|List<String>|true|false
				01:11:02.8 (114470135)|VARIABLE_ASSIGNMENT|[40]|missingParms|[]|0x73b20ad5
				01:11:02.8 (114698643)|VARIABLE_SCOPE_BEGIN|[41]|parameter|WSParameter|true|false
				01:11:02.8 (114750247)|VARIABLE_ASSIGNMENT|[41]|parameter|{"isRequired":false,"name":"body","urlEncoding":false,"value":""}|0x76ba09ce
				01:11:02.8 (114804088)|VARIABLE_ASSIGNMENT|[41]|parameter|null|
			01:11:02.8 (114862431)|METHOD_EXIT|[88]|01p2v00000SpN2a|RestWS.getMissingParametersMessage()
			01:11:02.8 (114877160)|VARIABLE_SCOPE_BEGIN|[88]|missingParamsMessage|String|false|false
			01:11:02.8 (114896618)|VARIABLE_ASSIGNMENT|[88]|missingParamsMessage|""
			01:11:02.8 (114968916)|METHOD_ENTRY|[96]|01p2v00000SpN2a|RestWS.formatEndpoint()
				01:11:02.8 (114986161)|VARIABLE_SCOPE_BEGIN|[58]|this|RestWS|true|false
				01:11:02.8 (115113998)|VARIABLE_ASSIGNMENT|[58]|this|{"bodyParameter":"0x76ba09ce","endpoint":"https://api.bigcommerce.com/stores/n9dr7ak2qq/v3/catalog/products?date_modified:min=2022-03-28&limit=50","errorMessage":"","hasError":false,"request":"System.HttpRequest[Endpoint=null, Method=GET]"}|0x27293bc4
			01:11:02.8 (115157628)|METHOD_EXIT|[96]|01p2v00000SpN2a|RestWS.formatEndpoint()
			01:11:02.8 (115208016)|METHOD_ENTRY|[97]|01p2v00000SpN2a|RestWS.getBody()
				01:11:02.8 (115231994)|VARIABLE_SCOPE_BEGIN|[69]|this|RestWS|true|false
				01:11:02.8 (115340338)|VARIABLE_ASSIGNMENT|[69]|this|{"bodyParameter":"0x76ba09ce","endpoint":"https://api.bigcommerce.com/stores/n9dr7ak2qq/v3/catalog/products?date_modified:min=2022-03-28&limit=50","errorMessage":"","hasError":false,"request":"System.HttpRequest[Endpoint=https://api.bigcommerce.com/stores/n9dr7ak2qq/v3/catalog/products?date_modified:min=2022-03-28&limit=50, Method=GET]"}|0x27293bc4
			01:11:02.8 (115459098)|METHOD_EXIT|[97]|01p2v00000SpN2a|RestWS.getBody()
			01:11:02.8 (115480364)|VARIABLE_SCOPE_BEGIN|[97]|body|String|false|false
			01:11:02.8 (115500827)|VARIABLE_ASSIGNMENT|[97]|body|""
			01:11:02.8 (806623245)|VARIABLE_SCOPE_BEGIN|[104]|response|System.HttpResponse|true|false
			01:11:02.8 (806697086)|VARIABLE_ASSIGNMENT|[104]|response|"System.HttpResponse[Status=OK, StatusCode=200]"|0x51624a54
			01:11:02.8 (810081606)|USER_DEBUG|[107]|DEBUG|{"data":[{"id":14353,"name":"Weleda Night Cream Evening Primrose (Mature) Age Rev 30ml","type":"physical","sku":"3028","description":"<p><span style=\"font-family: arial, helvetica, sans-serif; font-size: medium;\">Evening Primrose Age Revitalising Night Cream 30ml promotes the regenerative powers of the skin and gives it revitalising impulses. Gotu Kola extract strengthens the skin and plumps it from the inside. Your skin is full of elasticity and vitality in the morning.<\/span><\/p> <p><span style=\"font-family: arial, helvetica, sans-serif; font-size: medium;\"><strong>Directions<\/strong><\/span><\/p> <p><span style=\"font-family: arial, helvetica, sans-serif; font-size: medium;\">Apply to the face, neck and decolletage every evening after cleansing.<\/span><\/p> <p><span style=\"font-family: arial, helvetica, sans-serif; font-size: medium;\"><strong>Ingredients<\/strong><\/span><\/p> <p><span style=\"font-family: arial, helvetica, sans-serif; font-size: medium;\">(INCI): Water (Aqua), Macadamia Ternifolia Seed Oil, Sesamum Indicum (Sesame) Seed Oil, Alcohol, Theobroma Cacao (Cocoa) Seed Butter, Glyceryl Stearate Citrate, Simmondsia Chinensis (Jojoba) Seed Oil, Triticum Vulgare (Wheat) Germ Oil, Glycerin, Cetearyl Alcohol, Olea Europaea (Olive) Oil Unsaponifiables, Butyrospermum Parkii (Shea) Butter, Plukenetia Volubilis Seed Oil, Oenothera Biennis (Evening Primrose) Oil, Centella Asiatica Flower\/Leaf\/Stem Extract, Beeswax (Cera Alba), Chondrus Crispus (Carrageenan) Extract, Xanthan Gum, Arginine, Glyceryl Caprylate, Fragrance (Parfum)*, Limonene*, Linalool*, Benzyl Benzoate*, Benzyl Salicylate*, Geraniol*, Citral*, Farnesol*. *from natural essential oils<\/span><\/p>","weight":0.06,"width":0,"depth":0,"height":0,"price":43.95,"cost_price":24.5,"retail_price":43.95,"sale_price":0,"map_price":0,"tax_class_id":0,"product_tax_code":"","calculated_price":43.95,"categories":[1036],"brand_id":86,"option_set_id":null,"option_set_display":"right","inventory_level":17,"inventory_warning_level":0,"inventory_tracking":"product","reviews_rating_sum":0,"reviews_count":0,"total_sold":0,"fixed_cost_shipping_price":0,"is_free_shipping":false,"is_visible":true,"is_featured":false,"related_products":[-1],"warranty":"\"{\\\"0\\\": {\\\"tabName\\\": \\\"Features & Benefits\\\", \\\"tabContent\\\": \\\"<br\/>Intensive nourishing formula strengthens, improves skin resilience and bounce, helps restore skin with improved moisture and plumpness. Clinically tested for efficacy and skin tolerance.\\\"}, \\\"1\\\": {\\\"tabName\\\": \\\"Dose & Administration\\\", \\\"tabContent\\\": \\\"<br\/>Massage gently into clean skin on the face, neck and d\\u00e9colletage, every night before sleep\\\"}, \\\"2\\\": {\\\"tabName\\\": \\\"Ingredients\\\", \\\"tabContent\\\": \\\"Water, Macadamia Ternifolia Seed Oil, Sesamum Indicum Seed Oil, Alcohol, Theobroma Cacao Seed Butter, Glyceryl Stearate Citrate, Simmondsia Chinensis Seed Oil, Triticum Vulgare Germ Oil, Glycerin, Cetearyl Alcohol, Olea Europaea Oil Unsaponifiables, Butyrospermum Parkii Butter, Plukenetia Volubilis Seed Oil, Oenothera Biennis Oil, Centella Asiatica Flower\/Leaf\/Stem Extract, Cera Alba, Chondrus Crispus Extract, Xanthan Gum, Arginine, Glyceryl Caprylate, Fragrance*, Limonene*, Linalool*, Benzyl Benzoate*, Benzyl Salicylate*, Geraniol*, Citral*, Farnesol**from natural essential oils\\\"}, \\\"3\\\": {\\\"tabName\\\": \\\"Cautions & Contraindications\\\", \\\"tabContent\\\": \\\"\\\"}}\"","bin_picking_number":"","layout_file":"product.html","upc":"4001638086585","mpn":"","gtin":"4001638086585","search_keywords":"magnesium phosphate,","availability":"available","availability_description":"","gift_wrapping_options_type":"any","gift_wrapping_options_list":[],"sort_order":0,"condition":"New","is_condition_shown":false,"order_quantity_minimum":1,"order_quantity_maximum":200,"page_title":"","meta_keywords":[],"meta_description":"","date_created":"2021-07-08T08:52:39+00:00","date_modified":"2022-03-29T16:36:40+00:00","view_count":0,"preorder_release_date":null,"preorder_message":"","is_preorder_only":false,"is_price_hidden":false,"price_hidden_label":"","custom_url":{"url":"\/blackmores-professional-celloids-m-p-65-84-tablets\/","is_customized":true},"base_variant_id":14743,"open_graph_type":"product","open_graph_title":"","open_graph_description":"","open_graph_use_meta_description":true,"open_graph_use_product_name":true,"open_graph_use_image":true},{"id":16301,"name":"Weleda Day Cream Wild Rose (Fine Line) Smoothing 30ml","type":"physical","sku":"3017","description":"<p><span style=\"font-family: arial, helvetica, sans-serif; font-size: medium;\">Rich, smoothing moisturiser for dry skin that counteracts fine lines, dryness and dull skin. Contains pure plant extracts of sedum, myrrh and horsetail, which have strengthening and vitalising effects on the skin. Cold-pressed wild rose seed oil, rich in essential fatty acids, has a strengthening effect on the skin&rsquo;s protective barrier and provides extra nourishment. The skin&rsquo;s elasticity is improved and its surface looks softer and more even, with a healthy natural glow. Is a richer alternative to Wild Rose Smoothing Facial Lotion and is excellent under make up.<\/span><\/p>\r\n<p><span style=\"font-family: arial, helvetica, sans-serif; font-size: medium;\"><strong>Directions<\/strong><\/span><\/p>\r\n<p><span style=\"font-family: arial, helvetica, sans-serif; font-size: medium;\">Apply to the face, neck and decolletage every morning\/evening after cleansing.<\/span><\/p>\r\n<p><span style=\"font-family: arial, helvetica, sans-serif; font-size: medium;\"><strong>Ingredients<\/strong><\/span><\/p>\r\n<p><span style=\"font-family: arial, helvetica, sans-serif; font-size: medium;\">Water (Aqua), Prunus Persica (Peach) Kernel Oil, Prunus Amygdalus Dulcis (Sweet Almond) Oil, Alcohol, Glyceryl Stearate SE, Rosa Moschata Seed Oil, Hydrolyzed Beeswax, Lysolecithin, Sedum Purpureum Extract, Equisetum Arvense Extract, Commiphora Myrrha Extract, Xanthan Gum, Fragrance (Parfum)*, Limonene*, Linalool*, Citronellol*, Benzyl Alcohol*, Geraniol*, Citral*, Eugenol*, Farnesol*.<\/span><\/p>\r\n<p><span style=\"font-family: arial, helvetica, sans-serif; font-size: medium;\">*from natural essential oils<\/span><\/p>","weight":0.06,"width":0,"depth":0,"height":0,"price":36.95,"cost_price":21.67,"retail_price":0,"sale_price":0,"map_price":0,"tax_class_id":0,"product_tax_code":"","calculated_price":36.95,"categories":[1036],"brand_id":86,"option_set_id":null,"option_set_display":"right","inventory_level":26,"inventory_warning_level":0,"inventory_tracking":"product","reviews_rating_sum":0,"reviews_count":0,"total_sold":0,"fixed_cost_shipping_price":0,"is_free_shipping":false,"is_visible":true,"is_featured":false,"related_products":[-1],"warranty":"\"{\\\"0\\\": {\\\"tabName\\\": \\\"Features & Benefits\\\", \\\"tabContent\\\": \\\"<br\/>Benefits \\u2013 aids skin growth, helps to stimulate cell renewal,moisturises, softens first lines and smoothes the skin. Preserves elasticity and vitality, effectively defending against the first signs of ageing. For daytime use - can be worn under make-up.\\\"}, \\\"1\\\": {\\\"tabName\\\": \\\"Dose & Administration\\\", \\\"tabContent\\\": \\\"<br\/>\\\"}, \\\"2\\\": {\\\"tabName\\\": \\\"Ingredients\\\", \\\"tabContent\\\": \\\"Water, Prunus Persica Kernel Oil, Prunus Amygdalus Dulcis Oil, Alcohol, Glyceryl Stearate SE, Rosa Moschata Seed Oil, Hydrolyzed Beeswax, Lysolecithin, Sedum Purpureum Extract, Equisetum Arvense Extract, Commiphora Myrrah Extract, Xanthan Gum, Fragrance*, Limonene*, Linalool*, Citronellol*, Benzyl Alcohol*, Geraniol*, Citral*, Eugenol*, Farnesol**from natural essential oils\\\"}, \\\"3\\\": {\\\"tabName\\\": \\\"Cautions & Contraindications\\\", \\\"tabContent\\\": \\\"\\\"}}\"","bin_picking_number":"","layout_file":"product.html","upc":"4001638089654","mpn":"","gtin":"","search_keywords":"fomo-ignore, camellia sinensis, green tea, bacopa monnierri, ginko bilboba, withania somnifera, withania, tyrosine","availability":"available","availability_description":"","gift_wrapping_options_type":"any","gift_wrapping_options_list":[],"sort_order":0,"condition":"New","is_condition_shown":false,"order_quantity_minimum":1,"order_quantity_maximum":200,"page_title":"","meta_keywords":[],"meta_description":"","date_created":"2021-07-08T09:00:08+00:00","date_modified":"2022-03-29T16:36:47+00:00","view_count":0,"preorder_release_date":null,"preorder_message":"","is_preorder_only":false,"is_price_hidden":false,"price_hidden_label":"","custom_url":{"url":"\/metagenics-brahmi-tone-60-tablets\/","is_customized":true},"base_variant_id":16691,"open_graph_type":"product","open_graph_title":"","open_graph_description":"","open_graph_use_meta_description":true,"open_graph_use_product_name":true,"open_graph_use_image":true},{"id":17718,"name":"Wotnot Natural Sunscreen 30 SPF 100g","type":"physical","sku":"5901","description":"<p><strong>Features and Benefits<\/strong><\/p>\r\n<div id=\"product-details-information-tab-0\" class=\"product-details-information-tab-content-panel active\" data-action=\"pushable\" data-id=\"product-details-information-0\" data-pusher=\"sc-pushable-xs\">\r\n<div id=\"product-details-information-tab-content-container-0\" class=\"product-details-information-tab-content-container\" data-type=\"information-content-text\">Wotnot use the finest and most gentle natural extracts. Products are GMO free and are also free from sulphates, petrochemicals, parabens, artificial preservatives and fragrances - they know Wotnot to put in. Wotnot formulas are so close to nature we know your family will love them as much as you do!<br \/>&nbsp;<br \/><span>Why you will love it:<\/span><br \/>\r\n<ul>\r\n<li>Award-winning, high protection for face and body<\/li>\r\n<li>Zinc without nanoparticles<\/li>\r\n<li>Certified organic ingredients<\/li>\r\n<li>Sheer, lightweight formula<\/li>\r\n<li>Recommended from 3 months<\/li>\r\n<li>Reef friendly<\/li>\r\n<\/ul>\r\n<br \/><span>Why your skin will love it:<\/span><br \/>\r\n<ul>\r\n<li>Treats and protects skin<\/li>\r\n<li>For most extreme cases of eczema, psoriasis or other skin sensitivities<\/li>\r\n<li>Highly moisturising with natural oils<\/li>\r\n<li>Easy to apply<\/li>\r\n<\/ul>\r\n<\/div>\r\n<\/div>\r\n<div id=\"product-details-information-tab-1\" class=\"product-details-information-tab-content-panel \" data-action=\"pushable\" data-id=\"product-details-information-1\" data-pusher=\"sc-pushable-xs\">\r\n<div id=\"product-details-information-tab-content-container-1\" class=\"product-details-information-tab-content-container\" data-type=\"information-content-text\">&nbsp;<\/div>\r\n<\/div>\r\n<div id=\"product-details-information-tab-2\" class=\"product-details-information-tab-content-panel \" data-action=\"pushable\" data-id=\"product-details-information-2\" data-pusher=\"sc-pushable-xs\">\r\n<div id=\"product-details-information-tab-content-container-2\" class=\"product-details-information-tab-content-container\" data-type=\"information-content-text\">\r\n<div id=\"product-details-information-tab-0\" class=\"product-details-information-tab-content-panel\" data-action=\"pushable\" data-id=\"product-details-information-0\" data-pusher=\"sc-pushable-xs\">\r\n<div id=\"product-details-information-tab-content-container-0\" class=\"product-details-information-tab-content-container\" data-type=\"information-content-text\">\r\n<div id=\"product-details-information-tab-1\" class=\"product-details-information-tab-content-panel  active\" data-action=\"pushable\" data-id=\"product-details-information-1\" data-pusher=\"sc-pushable-xs\">\r\n<div id=\"product-details-information-tab-content-container-1\" class=\"product-details-information-tab-content-container\" data-type=\"information-content-text\">\r\n<ul>\r\n<li>Zinc oxide active&nbsp;<\/li>\r\n<li>Free from titanium dioxide&nbsp;<\/li>\r\n<li>Provides broad spectrum protection against UV-A and UV-B&nbsp;<\/li>\r\n<li>No artificial preservative - our preservative is approved by the ACO (Australian Certified Organic) organisation<\/li>\r\n<li>Ideal for people with sensitive skin<\/li>\r\n<li>Beautiful texture, no separation formula and easy to apply<\/li>\r\n<li>Australian made with recyclable packaging<\/li>\r\n<\/ul>\r\n<p>&nbsp;<\/p>\r\n<\/div>\r\n<\/div>\r\n<div id=\"product-details-information-tab-2\" class=\"product-details-information-tab-content-panel \" data-action=\"pushable\" data-id=\"product-details-information-2\" data-pusher=\"sc-pushable-xs\">\r\n<div id=\"product-details-information-tab-content-container-2\" class=\"product-details-information-tab-content-container\" data-type=\"information-content-text\">\r\n<div id=\"product-details-information-tab-0\" class=\"product-details-information-tab-content-panel\" data-action=\"pushable\" data-id=\"product-details-information-0\" data-pusher=\"sc-pushable-xs\">\r\n<div id=\"product-details-information-tab-content-container-0\" class=\"product-details-information-tab-content-container\" data-type=\"information-content-text\">Ingredients<\/div>\r\n<\/div>\r\n<div id=\"product-details-information-tab-2\" class=\"product-details-information-tab-content-panel  active\" data-action=\"pushable\" data-id=\"product-details-information-2\" data-pusher=\"sc-pushable-xs\">\r\n<div id=\"product-details-information-tab-content-container-2\" class=\"product-details-information-tab-content-container\" data-type=\"information-content-text\"><span>Active ingredient:<\/span>&nbsp;zinc oxide (250mg\/g)<br \/>Jojoba oil, beeswax-white, candelilla wax, aloe vera extract, gmo-free vitamin e, grapeseed oil, carnauba wax, safflower oil, sesame oil, shea butter, silica, water-purified, fragrance (natural preservative).&nbsp;<\/div>\r\n<div class=\"product-details-information-tab-content-container\" data-type=\"information-content-text\">&nbsp;<\/div>\r\n<div class=\"product-details-information-tab-content-container\" data-type=\"information-content-text\">&nbsp;<\/div>\r\n<div class=\"product-details-information-tab-content-container\" data-type=\"information-content-text\">\r\n<div id=\"product-details-information-tab-0\" class=\"product-details-information-tab-content-panel\" data-action=\"pushable\" data-id=\"product-details-information-0\" data-pusher=\"sc-pushable-xs\">\r\n<div id=\"product-details-information-tab-content-container-0\" class=\"product-details-information-tab-content-container\" data-type=\"information-content-text\">&nbsp;<\/div>\r\n<\/div>\r\n<div id=\"product-details-information-tab-3\" class=\"product-details-information-tab-content-panel  active\" data-action=\"pushable\" data-id=\"product-details-information-3\" data-pusher=\"sc-pushable-xs\">\r\n<div id=\"product-details-information-tab-content-container-3\" class=\"product-details-information-tab-content-container\" data-type=\"information-content-text\">Shake well before use. Apply 20 minutes before exposure to the sun. Reapply at regular intervals, after swimming, towelling dry or perspiring. Use a waterproof sunscreen while swimming. Avoid contact with eyes. Avoid prolonged exposure to the sun and wear protective clothing, hats and eyewear.&nbsp;Babies under 3 months old should avoid direct sun exposure<\/div>\r\n<\/div>\r\n<div id=\"product-details-information-tab-4\" class=\"product-details-information-tab-content-panel \" data-action=\"pushable\" data-id=\"product-details-information-4\" data-pusher=\"sc-pushable-xs\">\r\n<div id=\"product-details-information-tab-content-container-4\" class=\"product-details-information-tab-content-container\" data-type=\"information-content-text\"><br \/>\r\n<div id=\"product-details-information-tab-4\" class=\"product-details-information-tab-content-panel  active\" data-action=\"pushable\" data-id=\"product-details-information-4\" data-pusher=\"sc-pushable-xs\">\r\n<div id=\"product-details-information-tab-content-container-4\" class=\"product-details-information-tab-content-container\" data-type=\"information-content-text\"><br \/>For external use only.&nbsp;<br \/>Do not use if seal is broken.&nbsp;<br \/>Discontinue use if irritation occurs.<\/div>\r\n<\/div>\r\n<div id=\"product-details-information-tab-5\" class=\"product-details-information-tab-content-panel \" data-action=\"pushable\" data-id=\"product-details-information-5\" data-pusher=\"sc-pushable-xs\">\r\n<div id=\"product-details-information-tab-content-container-5\" class=\"product-details-information-tab-content-container\" data-type=\"information-content-text\">&nbsp;<\/div>\r\n<div class=\"product-details-information-tab-content-container\" data-type=\"information-content-text\">\r\n<div id=\"product-details-information-tab-0\" class=\"product-details-information-tab-content-panel\" data-action=\"pushable\" data-id=\"product-details-information-0\" data-pusher=\"sc-pushable-xs\">&nbsp;<\/div>\r\n<div id=\"product-details-information-tab-4\" class=\"product-details-information-tab-content-panel\" data-action=\"pushable\" data-id=\"product-details-information-4\" data-pusher=\"sc-pushable-xs\">\r\n<div id=\"product-details-information-tab-content-container-4\" class=\"product-details-information-tab-content-container\" data-type=\"information-content-text\">&nbsp;<\/div>\r\n<\/div>\r\n<div id=\"product-details-information-tab-5\" class=\"product-details-information-tab-content-panel  active\" data-action=\"pushable\" data-id=\"product-details-information-5\" data-pusher=\"sc-pushable-xs\">\r\n<div id=\"product-details-information-tab-content-container-5\" class=\"product-details-information-tab-content-container\" data-type=\"information-content-text\"><br \/>Store below 30&deg;C<\/div>\r\n<\/div>\r\n<\/div>\r\n<\/div>\r\n<\/div>\r\n<\/div>\r\n<div id=\"product-details-information-tab-5\" class=\"product-details-information-tab-content-panel \" data-action=\"pushable\" data-id=\"product-details-information-5\" data-pusher=\"sc-pushable-xs\">\r\n<div id=\"product-details-information-tab-content-container-5\" class=\"product-details-information-tab-content-container\" data-type=\"information-content-text\">&nbsp;<\/div>\r\n<\/div>\r\n<\/div>\r\n<\/div>\r\n<div id=\"product-details-information-tab-3\" class=\"product-details-information-tab-content-panel \" data-action=\"pushable\" data-id=\"product-details-information-3\" data-pusher=\"sc-pushable-xs\">\r\n<div id=\"product-details-information-tab-content-container-3\" class=\"product-details-information-tab-content-container\" data-type=\"information-content-text\">&nbsp;<\/div>\r\n<\/div>\r\n<div id=\"product-details-information-tab-4\" class=\"product-details-information-tab-content-panel \" data-action=\"pushable\" data-id=\"product-details-information-4\" data-pusher=\"sc-pushable-xs\">\r\n<div id=\"product-details-information-tab-content-container-4\" class=\"product-details-information-tab-content-container\" data-type=\"information-content-text\"><br \/><br \/><br \/><\/div>\r\n<\/div>\r\n<div id=\"product-details-information-tab-5\" class=\"product-details-information-tab-content-panel \" data-action=\"pushable\" data-id=\"product-details-information-5\" data-pusher=\"sc-pushable-xs\">\r\n<div id=\"product-details-information-tab-content-container-5\" class=\"product-details-information-tab-content-container\" data-type=\"information-content-text\">&nbsp;<\/div>\r\n<\/div>\r\n<br \/><br \/><\/div>\r\n<\/div>\r\n<div id=\"product-details-information-tab-3\" class=\"product-details-information-tab-content-panel \" data-action=\"pushable\" data-id=\"product-details-information-3\" data-pusher=\"sc-pushable-xs\">\r\n<div id=\"product-details-information-tab-content-container-3\" class=\"product-details-information-tab-content-container\" data-type=\"information-content-text\">&nbsp;<\/div>\r\n<\/div>\r\n<div id=\"product-details-information-tab-4\" class=\"product-details-information-tab-content-panel \" data-action=\"pushable\" data-id=\"product-details-information-4\" data-pusher=\"sc-pushable-xs\">\r\n<div id=\"product-details-information-tab-content-container-4\" class=\"product-details-information-tab-content-container\" data-type=\"information-content-text\"><br \/><br \/><br \/><\/div>\r\n<\/div>\r\n<div id=\"product-details-information-tab-5\" class=\"product-details-information-tab-content-panel \" data-action=\"pushable\" data-id=\"product-details-information-5\" data-pusher=\"sc-pushable-xs\">\r\n<div id=\"product-details-information-tab-content-container-5\" class=\"product-details-information-tab-content-container\" data-type=\"information-content-text\">&nbsp;<\/div>\r\n<\/div>\r\n<br \/><br \/><\/div>\r\n<\/div>\r\n<div id=\"product-details-information-tab-2\" class=\"product-details-information-tab-content-panel \" data-action=\"pushable\" data-id=\"product-details-information-2\" data-pusher=\"sc-pushable-xs\">\r\n<div id=\"product-details-information-tab-content-container-2\" class=\"product-details-information-tab-content-container\" data-type=\"information-content-text\">&nbsp;<\/div>\r\n<\/div>\r\n<div id=\"product-details-information-tab-3\" class=\"product-details-information-tab-content-panel \" data-action=\"pushable\" data-id=\"product-details-information-3\" data-pusher=\"sc-pushable-xs\">\r\n<div id=\"product-details-information-tab-content-container-3\" class=\"product-details-information-tab-content-container\" data-type=\"information-content-text\">&nbsp;<\/div>\r\n<\/div>\r\n<div id=\"product-details-information-tab-4\" class=\"product-details-information-tab-content-panel \" data-action=\"pushable\" data-id=\"product-details-information-4\" data-pusher=\"sc-pushable-xs\">\r\n<div id=\"product-details-information-tab-content-container-4\" class=\"product-details-information-tab-content-container\" data-type=\"information-content-text\"><br \/><br \/><br \/><\/div>\r\n<\/div>\r\n<div id=\"product-details-information-tab-5\" class=\"product-details-information-tab-content-panel \" data-action=\"pushable\" data-id=\"product-details-information-5\" data-pusher=\"sc-pushable-xs\">\r\n<div id=\"product-details-information-tab-content-container-5\" class=\"product-details-information-tab-content-container\" data-type=\"information-content-text\">&nbsp;<\/div>\r\n<\/div>\r\n<br \/><br \/><\/div>\r\n<\/div>\r\n<div id=\"product-details-information-tab-3\" class=\"product-details-information-tab-content-panel \" data-action=\"pushable\" data-id=\"product-details-information-3\" data-pusher=\"sc-pushable-xs\">\r\n<div id=\"product-details-information-tab-content-container-3\" class=\"product-details-information-tab-content-container\" data-type=\"information-content-text\">&nbsp;<\/div>\r\n<\/div>\r\n<div id=\"product-details-information-tab-4\" class=\"product-details-information-tab-content-panel \" data-action=\"pushable\" data-id=\"product-details-information-4\" data-pusher=\"sc-pushable-xs\">\r\n<div id=\"product-details-information-tab-content-container-4\" class=\"product-details-information-tab-content-container\" data-type=\"information-content-text\"><br \/><br \/><br \/><\/div>\r\n<\/div>\r\n<div id=\"product-details-information-tab-5\" class=\"product-details-information-tab-content-panel \" data-action=\"pushable\" data-id=\"product-details-information-5\" data-pusher=\"sc-pushable-xs\">\r\n<div id=\"product-details-information-tab-content-container-5\" class=\"product-details-information-tab-content-container\" data-type=\"information-content-text\">&nbsp;<\/div>\r\n<\/div>\r\n<div class=\"product-details-information-tab-action\" data-type=\"information-content-text-actions\">&nbsp;<\/div>\r\n<div class=\"product-details-information-tab-action\" data-type=\"information-content-text-actions\">&nbsp;<\/div>\r\n<div class=\"product-details-information-tab-action\" data-type=\"information-content-text-actions\">&nbsp;<\/div>\r\n<p><span>&nbsp;<\/span><\/p>","weight":0.15,"width":0,"depth":0,"height":0,"price":19.95,"cost_price":12.5,"retail_price":0,"sale_price":0,"map_price":0,"tax_class_id":0,"product_tax_code":"","calculated_price":19.95,"categories":[1036],"brand_id":131,"option_set_id":null,"option_set_display":"right","inventory_level":231,"inventory_warning_level":0,"inventory_tracking":"product","reviews_rating_sum":0,"reviews_count":0,"total_sold":0,"fixed_cost_shipping_price":0,"is_free_shipping":false,"is_visible":true,"is_featured":false,"related_products":[-1],"warranty":"\"{\\\"0\\\": {\\\"tabName\\\": \\\"Features & Benefits\\\", \\\"tabContent\\\": \\\"<br\/>\\\"}, \\\"1\\\": {\\\"tabName\\\": \\\"Dose & Administration\\\", \\\"tabContent\\\": \\\"<br\/>\\\"}, \\\"2\\\": {\\\"tabName\\\": \\\"Ingredients\\\", \\\"tabContent\\\": \\\"<br><b>Active ingredient:<\/b> zinc oxide (250mg\/g)<br>Jojoba oil, beeswax-white, candelilla wax, aloe vera extract, gmo-free vitamin e, grapeseed oil, carnauba wax, safflower oil, sesame oil, shea butter, silica, water-purified, fragrance (natural preservative). \\\"}, \\\"3\\\": {\\\"tabName\\\": \\\"Cautions & Contraindications\\\", \\\"tabContent\\\": \\\" For external use only.  Do not use if seal is broken.  Discontinue use if irritation occurs.\\\"}}\"","bin_picking_number":"","layout_file":"product.html","upc":"9336127000212","mpn":"","gtin":"","search_keywords":"natural, organic, beauty, skincare, baby","availability":"available","availability_description":"","gift_wrapping_options_type":"any","gift_wrapping_options_list":[],"sort_order":0,"condition":"New","is_condition_shown":false,"order_quantity_minimum":1,"order_quantity_maximum":200,"page_title":"","meta_keywords":[],"meta_description":"","date_created":"2021-07-08T09:05:40+00:00","date_modified":"2022-03-29T16:35:52+00:00","view_count":0,"preorder_release_date":null,"preorder_message":"","is_preorder_only":false,"is_price_hidden":false,"price_hidden_label":"","custom_url":{"url":"\/wotnot-natural-sunscreen-30-spf-100g\/","is_customized":true},"base_variant_id":18108,"open_graph_type":"product","open_graph_title":"","open_graph_description":"","open_graph_use_meta_description":true,"open_graph_use_product_name":true,"open_graph_use_image":true},{"id":17719,"name":"Wotnot Natural Sunscreen 30 SPF 150g","type":"physical","sku":"5902","description":"<p><strong>Features and Benefits<\/strong><\/p>\r\n<p><br \/><span>Wotnot Sunscreen provides broad spectrum protection against UV-A and UV-B rays whilst being easy to apply and gentle on the skin. Enriched with certified organic aloe vera and GMO-free vitamin E.&nbsp;Free from chemical UV absorbers, titanium dioxide, sulphates, petrochemicals, PEGs, parabens, caustics, glycols and artificial fragrances and preservatives.&nbsp;<\/span><br \/><br \/><span>So natural your skin will love it as much as you do<\/span><\/p>\r\n<p>&nbsp;<\/p>\r\n<ul>\r\n<li>Zinc oxide active<\/li>\r\n<li>Free from titanium dioxide<\/li>\r\n<li>Provides broad spectrum protection against UV-A and UV-B<\/li>\r\n<li>No artificial preservative - our preservative is approved by the ACO (Australian Certified Organic) organisation.<\/li>\r\n<li>Ideal for people with sensitive skin<\/li>\r\n<li>Beautiful texture, no separation formula and easy to apply<\/li>\r\n<li>Australian made with recyclable packaging.<\/li>\r\n<\/ul>\r\n<p><span>Active ingredient:<\/span><span>&nbsp;zinc oxide (250mg\/g)<\/span><br \/><span>Beeswax-white, candelilla wax,&nbsp;<\/span><em>Aloe barbadensis<\/em><span>&nbsp;extract, d-alpha tocopheryl acetate (gmo-free vitamin e), grapeseed oil, safflower oil, sesame oil, shea butter, silica, water-purified, naticide.<\/span><\/p>\r\n<p>&nbsp;<\/p>\r\n<p><span>Directions for Use<\/span><\/p>\r\n<p><span><span>Shake well before use. Apply 20 minutes before exposure to the sun. Reapply at regular intervals, after swimming, towelling dry or perspiring. Use a waterproof sunscreen while swimming. Avoid contact with eyes. Avoid prolonged exposure to the sun and wear protective clothing, hats and eyewear.<\/span><\/span><\/p>\r\n<p><span><span>For external use only.&nbsp;<\/span><br \/><span>Do not use if seal is broken.&nbsp;<\/span><br \/><span>Discontinue use if irritation occurs.<\/span><\/span><\/p>\r\n<p><span><span><span>Store below 30&deg;C<\/span><\/span><\/span><\/p>\r\n<p>&nbsp;<\/p>","weight":0.15,"width":0,"depth":0,"height":0,"price":28.95,"cost_price":18.1,"retail_price":0,"sale_price":0,"map_price":0,"tax_class_id":0,"product_tax_code":"","calculated_price":28.95,"categories":[1036],"brand_id":131,"option_set_id":null,"option_set_display":"right","inventory_level":211,"inventory_warning_level":0,"inventory_tracking":"product","reviews_rating_sum":0,"reviews_count":0,"total_sold":0,"fixed_cost_shipping_price":0,"is_free_shipping":false,"is_visible":true,"is_featured":false,"related_products":[-1],"warranty":"\"{\\\"0\\\": {\\\"tabName\\\": \\\"Features & Benefits\\\", \\\"tabContent\\\": \\\"<br\/>\\\"}, \\\"1\\\": {\\\"tabName\\\": \\\"Dose & Administration\\\", \\\"tabContent\\\": \\\"<br\/>\\\"}, \\\"2\\\": {\\\"tabName\\\": \\\"Ingredients\\\", \\\"tabContent\\\": \\\"  Active ingredient:  zinc oxide (250mg\/g) Beeswax-white, candelilla wax,  Aloe barbadensis  extract, d-alpha tocopheryl acetate (gmo-free vitamin e), grapeseed oil, safflower oil, sesame oil, shea butter, silica, water-purified, naticide.\\\"}, \\\"3\\\": {\\\"tabName\\\": \\\"Cautions & Contraindications\\\", \\\"tabContent\\\": \\\" For external use only.  Do not use if seal is broken.  Discontinue use if irritation occurs.\\\"}}\"","bin_picking_number":"","layout_file":"product.html","upc":"9336127000335","mpn":"","gtin":"","search_keywords":"natural, organic, beauty, skincare, baby","availability":"available","availability_description":"","gift_wrapping_options_type":"any","gift_wrapping_options_list":[],"sort_order":0,"condition":"New","is_condition_shown":false,"order_quantity_minimum":1,"order_quantity_maximum":200,"page_title":"","meta_keywords":[],"meta_description":"","date_created":"2021-07-08T09:05:41+00:00","date_modified":"2022-03-29T16:36:35+00:00","view_count":0,"preorder_release_date":null,"preorder_message":"","is_preorder_only":false,"is_price_hidden":false,"price_hidden_label":"","custom_url":{"url":"\/wotnot-natural-sunscreen-30-spf-150g\/","is_customized":true},"base_variant_id":18109,"open_graph_type":"product","open_graph_title":"","open_graph_description":"","open_graph_use_meta_description":true,"open_graph_use_product_name":true,"open_graph_use_image":true},{"id":19381,"name":"Wonder Foods Organic Inulin 500g","type":"physical","sku":"7725","description":"<p><strong>Features and Benefits<\/strong><\/p>\r\n<p><span>Wonderfoods&rsquo; certified organic Inulin brings the digestive benefits of Inulin-rich foods to you in powder form, which can easily be added to drinks and smoothies. Inulin is considered a fibre and is not digested,&nbsp;rather it moves through the large intestine, functioning as a prebiotic; acting as a &lsquo;food&rsquo; for the &lsquo;friendly&rsquo; bacteria that live in our large intestines. This activates their growth, allowing them to flourish and multiply, thus creating a healthy intestinal ecosystem.<\/span><\/p>\r\n<ul>\r\n<li>Digestive support<\/li>\r\n<li>Acts as a &lsquo;food&rsquo; for the &lsquo;friendly&rsquo; bacteria that live in our large intestines<\/li>\r\n<li>Supports a&nbsp;healthy intestinal ecosystem<\/li>\r\n<li>Organic<\/li>\r\n<\/ul>\r\n<p><strong>Ingredients<\/strong><\/p>\r\n<p><span>certified organic Inulin (derived from Jerusalem Artichoke (Helianthus tuberosus).<\/span><\/p>","weight":0.55,"width":0,"depth":0,"height":0,"price":39.95,"cost_price":24.97,"retail_price":0,"sale_price":0,"map_price":0,"tax_class_id":0,"product_tax_code":"","calculated_price":39.95,"categories":[1037],"brand_id":311,"option_set_id":null,"option_set_display":"right","inventory_level":7,"inventory_warning_level":0,"inventory_tracking":"product","reviews_rating_sum":0,"reviews_count":0,"total_sold":0,"fixed_cost_shipping_price":0,"is_free_shipping":false,"is_visible":true,"is_featured":false,"related_products":[-1],"warranty":"\"{\\\"0\\\": {\\\"tabName\\\": \\\"Features & Benefits\\\", \\\"tabContent\\\": \\\"<br\/> Advantages of Wonderfoods' Inulin:   Digestive support  Acts as a 'food' for the 'friendly' bacteria that live in our large intestines  Supports a healthy intestinal ecosystem  Organic   \\\"}, \\\"1\\\": {\\\"tabName\\\": \\\"Dose & Administration\\\", \\\"tabContent\\\": \\\"<br\/>\\\"}, \\\"2\\\": {\\\"tabName\\\": \\\"Ingredients\\\", \\\"tabContent\\\": \\\"  Ingredients:  Certified organic inulin (derived from Jerusalem artichoke [Helianthus tuberosus]).    No fillers, artificial colours, flavours, sweeteners or preservatives.\\\"}, \\\"3\\\": {\\\"tabName\\\": \\\"Cautions & Contraindications\\\", \\\"tabContent\\\": \\\"\\\"}}\"","bin_picking_number":"","layout_file":"product.html","upc":"9321314243015","mpn":"","gtin":"","search_keywords":"","availability":"available","availability_description":"","gift_wrapping_options_type":"any","gift_wrapping_options_list":[],"sort_order":0,"condition":"New","is_condition_shown":false,"order_quantity_minimum":1,"order_quantity_maximum":200,"page_title":"","meta_keywords":[],"meta_description":"","date_created":"2021-07-08T09:12:37+00:00","date_modified":"2022-03-29T16:36:21+00:00","view_count":0,"preorder_release_date":null,"preorder_message":"","is_preorder_only":false,"is_price_hidden":false,"price_hidden_label":"","custom_url":{"url":"\/wonder-foods-organic-inulin-500g\/","is_customized":true},"base_variant_id":19771,"open_graph_type":"product","open_graph_title":"","open_graph_description":"","open_graph_use_meta_description":true,"open_graph_use_product_name":true,"open_graph_use_image":true},{"id":21069,"name":"Wonder Foods Partially Hydrolysed Guar Gum 300g","type":"physical","sku":"9636","description":"<p><span>Derived from the guar beans, this functional food powder is a water soluble fibre that acts as a prebiotic in the intestinal tract to help support a healthy intestinal ecosystem. PHGG is a naturally derived ingredient that is taste free, odour free and easily dissolves on liquids and can be added to cooking and baking.<\/span><\/p>\r\n<p>A unique functional food to support digestive health, partially hydrolysed guar gum (PHGG) is a natural water-soluble dietary fibre derived from guar gum.<\/p>\r\n<ul>\r\n<li>Extracted from guar beans from the&nbsp;<em>Cyamopsis tetragonolobus<\/em>&nbsp;plant.<\/li>\r\n<li>100% natural, taste free, odour free, gluten free and GMO free. It easily dissolves in liquid and can be added to cooking and baking.<\/li>\r\n<li>IBS and FODMAPs friendly<\/li>\r\n<\/ul>\r\n<p>&nbsp;<\/p>\r\n<p><strong>Features and Benefits<\/strong><\/p>\r\n<p>PHGG is indicated for:<\/p>\r\n<ul>\r\n<li>Poor digestive function<\/li>\r\n<li>Helps with constipation<\/li>\r\n<li>Promotes a healthy intestinal eco system<\/li>\r\n<\/ul>\r\n<p>&nbsp;<\/p>\r\n<p><strong><strong>Suggested Use:<\/strong><span>&nbsp;<\/span><\/strong><\/p>\r\n<p>Take 4 rounded teaspoons (~6g)&nbsp; in a glass of water. Can be added to smoothies, juices or food. Maintain adequate hydration.<\/p>\r\n<p>&nbsp;<\/p>\r\n<p><strong>Ingredients<\/strong><span><br \/><\/span><\/p>\r\n<p><span>Partially Hydrolysed Guar Gum.<\/span><\/p>\r\n<table style=\"width: 250px;\">\r\n<tbody>\r\n<tr>\r\n<td colspan=\"3\"><strong>NUTRITION INFORMATION<\/strong><br \/>SERVING SIZE: 6g (4 rounded teaspoons)<\/td>\r\n<\/tr>\r\n<tr>\r\n<td>&nbsp;<\/td>\r\n<td>Amount per serving<\/td>\r\n<td>Amount per 100g<\/td>\r\n<\/tr>\r\n<tr>\r\n<td>Energy<\/td>\r\n<td>48kJ (12Cal)<\/td>\r\n<td>800kJ (191Cal)<\/td>\r\n<\/tr>\r\n<tr>\r\n<td>Protein<\/td>\r\n<td>less than 0.1g<\/td>\r\n<td>0.5g<\/td>\r\n<\/tr>\r\n<tr>\r\n<td>Fat, Total<\/td>\r\n<td>0.0g<\/td>\r\n<td>0.0g<\/td>\r\n<\/tr>\r\n<tr>\r\n<td>-Saturated<\/td>\r\n<td>0.0g<\/td>\r\n<td>0.0g<\/td>\r\n<\/tr>\r\n<tr>\r\n<td>Carbohydrates<\/td>\r\n<td>0.4g<\/td>\r\n<td>6.8g<\/td>\r\n<\/tr>\r\n<tr>\r\n<td>-Sugars<\/td>\r\n<td>0.4g<\/td>\r\n<td>6.8g<\/td>\r\n<\/tr>\r\n<tr>\r\n<td>Fibre<\/td>\r\n<td>5.2g<\/td>\r\n<td>87.0g<\/td>\r\n<\/tr>\r\n<tr>\r\n<td>Sodium<\/td>\r\n<td>7mg<\/td>\r\n<td>120mg<\/td>\r\n<\/tr>\r\n<\/tbody>\r\n<\/table>","weight":0.5,"width":0,"depth":0,"height":0,"price":37.95,"cost_price":20.99,"retail_price":0,"sale_price":0,"map_price":0,"tax_class_id":0,"product_tax_code":"","calculated_price":37.95,"categories":[1037],"brand_id":311,"option_set_id":null,"option_set_display":"right","inventory_level":18,"inventory_warning_level":0,"inventory_tracking":"product","reviews_rating_sum":0,"reviews_count":0,"total_sold":0,"fixed_cost_shipping_price":0,"is_free_shipping":false,"is_visible":true,"is_featured":false,"related_products":[-1],"warranty":"\"{\\\"0\\\": {\\\"tabName\\\": \\\"Features & Benefits\\\", \\\"tabContent\\\": \\\"<br\/>\\\"}, \\\"1\\\": {\\\"tabName\\\": \\\"Dose & Administration\\\", \\\"tabContent\\\": \\\"<br\/>\\\"}, \\\"2\\\": {\\\"tabName\\\": \\\"Ingredients\\\", \\\"tabContent\\\": \\\"  Ingredients:  Partially hydrolysed guar gum.\\\"}, \\\"3\\\": {\\\"tabName\\\": \\\"Cautions & Contraindications\\\", \\\"tabContent\\\": \\\"\\\"}}\"","bin_picking_number":"","layout_file":"product.html","upc":"9321314243275","mpn":"","gtin":"","search_keywords":"","availability":"available","availability_description":"","gift_wrapping_options_type":"any","gift_wrapping_options_list":[],"sort_order":0,"condition":"New","is_condition_shown":false,"order_quantity_minimum":1,"order_quantity_maximum":200,"page_title":"","meta_keywords":[],"meta_description":"","date_created":"2021-07-08T09:19:38+00:00","date_modified":"2022-03-29T16:36:14+00:00","view_count":56,"preorder_release_date":null,"preorder_message":"","is_preorder_only":false,"is_price_hidden":false,"price_hidden_label":"","custom_url":{"url":"\/wonder-foods-partially-hydrolysed-guar-gum-300g\/","is_customized":true},"base_variant_id":21459,"open_graph_type":"product","open_graph_title":"","open_graph_description":"","open_graph_use_meta_description":true,"open_graph_use_product_name":true,"open_graph_use_image":true},{"id":22870,"name":"Wotnot Facial Wipes Deep Cleansing x 25 Pack (soft pack)","type":"physical","sku":"11533","description":"<p><span>Wotnot has produced an organic face wipe so natural your skin will love it as much as you do. Facial skin is so delicate that only the most natural ingredients should be used in your skincare products. This Oily\/Sensitive formula is enriched with all natural ingredients including Australian certified organic extracts of pink grapefruit and paw paw to thoroughly cleanse all grime and makeup. Free from pore clogging oils and harsh drying chemicals.<\/span><br \/><br \/><\/p>\r\n<ul>\r\n<li>Our deep cleansing face wipes for oily\/combination skin oily skin contain certified organic pink grapefruit and papaya<\/li>\r\n<li>All of our face wipes include certified organic Aloe vera<\/li>\r\n<li>100% natural and biodegradable fibre<\/li>\r\n<li>Free from alcohol and artificial perfumes<\/li>\r\n<li>Free from parabens and petrochemicals<\/li>\r\n<li>Ideal for sensitive skin<\/li>\r\n<li>Removes all makeup including waterproof mascara<\/li>\r\n<\/ul>\r\n<p>Ingredients<\/p>\r\n<p><span>Purified water, caprylic\/capric triglyceride (vegetable derived), glycerine (vegetable derived), cetearyl alcohol (plant derived), certified organic paw paw extract*, certified organic pink grapefruit oil*, certified organic aloe vera*, polyaminopropyl biguanide (extra mild preservative).&nbsp;<\/span><span>*certified organic ingredients.<\/span><\/p>","weight":0.1,"width":0,"depth":0,"height":0,"price":8.95,"cost_price":4.59,"retail_price":0,"sale_price":0,"map_price":0,"tax_class_id":0,"product_tax_code":"","calculated_price":8.95,"categories":[1036],"brand_id":131,"option_set_id":null,"option_set_display":"right","inventory_level":4,"inventory_warning_level":0,"inventory_tracking":"product","reviews_rating_sum":0,"reviews_count":0,"total_sold":0,"fixed_cost_shipping_price":0,"is_free_shipping":false,"is_visible":true,"is_featured":false,"related_products":[-1],"warranty":"\"{\\\"0\\\": {\\\"tabName\\\": \\\"Features & Benefits\\\", \\\"tabContent\\\": \\\"<br\/>\\\"}, \\\"1\\\": {\\\"tabName\\\": \\\"Dose & Administration\\\", \\\"tabContent\\\": \\\"<br\/>\\\"}, \\\"2\\\": {\\\"tabName\\\": \\\"Ingredients\\\", \\\"tabContent\\\": \\\"<br>Purified water, caprylic\/capric triglyceride (vegetable derived), glycerine (vegetable derived), cetearyl alcohol (plant derived), certified organic paw paw extract*, certified organic pink grapefruit oil*, certified organic aloe vera*, polyaminopropyl biguanide (extra mild preservative). <b>*certified organic ingredients.<\/b>\\\"}, \\\"3\\\": {\\\"tabName\\\": \\\"Cautions & Contraindications\\\", \\\"tabContent\\\": \\\"\\\"}}\"","bin_picking_number":"","layout_file":"product.html","upc":"9336127000298","mpn":"","gtin":"","search_keywords":"","availability":"available","availability_description":"","gift_wrapping_options_type":"any","gift_wrapping_options_list":[],"sort_order":0,"condition":"New","is_condition_shown":false,"order_quantity_minimum":1,"order_quantity_maximum":200,"page_title":"","meta_keywords":[],"meta_description":"","date_created":"2021-07-08T09:27:13+00:00","date_modified":"2022-03-29T16:36:27+00:00","view_count":0,"preorder_release_date":null,"preorder_message":"","is_preorder_only":false,"is_price_hidden":false,"price_hidden_label":"","custom_url":{"url":"\/wotnot-facial-wipes-deep-cleansing-x-25-pack-soft-pack\/","is_customized":true},"base_variant_id":23260,"open_graph_type":"product","open_graph_title":"","open_graph_description":"","open_graph_use_meta_description":true,"open_graph_use_product_name":true,"open_graph_use_image":true},{"id":22991,"name":"Zeb Health Activated Coconut Charcoal Powder 150g","type":"physical","sku":"11664","description":"<p><span>Activated charcoal is a potent natural treatment used to trap toxins and chemicals in the body, allowing them to be flushed out so the body doesn&rsquo;t reabsorb them.&nbsp;<\/span><br \/><span>Activated Charcoal is used to whiten teeth, reduce bloating and gas, lower cholesterol and help with bile flow problems safely during pregnancy. It can also be used for a digestive cleanse and as a skin wrap for acne and blackheads and as a poultice to remove environmental toxins, poisons and dirt from the skin.&nbsp;<\/span><br \/><br \/><span>Zeb Health Activated Coconut Charcoal Powder is made from coconut shells.&nbsp;&nbsp;<\/span><\/p>\r\n<p>&nbsp;<\/p>\r\n<p><span><span>Internal: Activated Charcoal works by trapping toxins and chemicals in its millions of tiny pores and removing them from the body. It can adsorb many times its own weight in poisons, toxins, gases, odours and chemicals.<\/span><br \/><br \/><span>External: Activated Charcoal works by targeting toxins and drawing out impurities to clear the pores of the skin.&nbsp;&nbsp;<\/span><\/span><\/p>\r\n<p>&nbsp;<\/p>\r\n<p><span>100% PURE Medical Grade, Steam Activated,&nbsp; coconut shell charcoal powder.<\/span><\/p>\r\n<p>&nbsp;<\/p>\r\n<p><span><span>Internal: Mix 1\/2 to 1 1\/2 teaspoons of Activated Charcoal in a cup of water and drink.&nbsp;<\/span><br \/><br \/><span>External:&nbsp;<\/span><br \/><span>Face Mask - Mix Activated Charcoal with Cornflour or Flaxseed powder at the ratio of 2:1. Add enough hot water to make a paste then apply to skin. Remove when dry.&nbsp;<\/span><br \/><span>Poultice - Add equal quantities of Activated Charcoal and Cornflour or Flaxseed powder into a small pot. Add enough water to form a thick cream. Heat until the mixture thickens.&nbsp; Spoon the warm mixture onto a kitchen paper towel then cover with a second piece of paper towel. Apply the pack directly to the area of infection or inflammation. Cover the pack with kitchen plastic wrap to hold everything in place. Fit a final outside cloth wrap or binder. Change the pack with a new charcoal mix every 6-8 hours.&nbsp;<\/span><\/span><\/p>\r\n<p>&nbsp;<\/p>\r\n<p>&nbsp;<\/p>\r\n<p><span>Use care when opening. Charcoal can be messy.&nbsp;<\/span><br \/><br \/><span>Caution: Use at least two hours before or wait until two hours after using medication.&nbsp;&nbsp;<\/span><\/p>\r\n<p><span><span>For unlimited shelf life, store in a dry place away from chemicals and strong odours with lid tightly secured.&nbsp;<\/span><\/span><\/p>\r\n<p>&nbsp;<\/p>","weight":0.2,"width":0,"depth":0,"height":0,"price":24.95,"cost_price":12.49,"retail_price":0,"sale_price":0,"map_price":0,"tax_class_id":0,"product_tax_code":"","calculated_price":24.95,"categories":[599],"brand_id":499,"option_set_id":null,"option_set_display":"right","inventory_level":34,"inventory_warning_level":0,"inventory_tracking":"product","reviews_rating_sum":0,"reviews_count":0,"total_sold":0,"fixed_cost_shipping_price":0,"is_free_shipping":false,"is_visible":true,"is_featured":false,"related_products":[-1],"warranty":"\"{\\\"0\\\": {\\\"tabName\\\": \\\"Features & Benefits\\\", \\\"tabContent\\\": \\\"<br\/>\\\"}, \\\"1\\\": {\\\"tabName\\\": \\\"Dose & Administration\\\", \\\"tabContent\\\": \\\"<br\/>\\\"}, \\\"2\\\": {\\\"tabName\\\": \\\"Ingredients\\\", \\\"tabContent\\\": \\\"100% PURE Medical Grade, Steam Activated,  coconut shell charcoal powder.\\\"}, \\\"3\\\": {\\\"tabName\\\": \\\"Cautions & Contraindications\\\", \\\"tabContent\\\": \\\"Use care when opening. Charcoal can be messy.   Caution: Use at least two hours before or wait until two hours after using medication.  \\\"}}\"","bin_picking_number":"","layout_file":"product.html","upc":"706502168094","mpn":"","gtin":"","search_keywords":"","availability":"available","availability_description":"","gift_wrapping_options_type":"any","gift_wrapping_options_list":[],"sort_order":0,"condition":"New","is_condition_shown":false,"order_quantity_minimum":1,"order_quantity_maximum":200,"page_title":"","meta_keywords":[],"meta_description":"","date_created":"2021-07-08T09:27:45+00:00","date_modified":"2022-03-29T16:36:04+00:00","view_count":0,"preorder_release_date":null,"preorder_message":"","is_preorder_only":false,"is_price_hidden":false,"price_hidden_label":"","custom_url":{"url":"\/zeb-health-activated-coconut-charcoal-powder-150g\/","is_customized":true},"base_variant_id":23381,"open_graph_type":"product","open_graph_title":"","open_graph_description":"","open_graph_use_meta_description":true,"open_graph_use_product_name":true,"open_graph_use_image":true},{"id":22995,"name":"Zeb Health Diatomaceous Earth Silica Supplement 500g","type":"physical","sku":"11668","description":"<p><span>Zeb Health Diatomaceous Earth has many uses for both humans and animals. It is a Premium Food-Grade Mineral Supplement that may gently detoxify and cleanse your digestive system by thoroughly removing built-up toxins, impurities, harmful bacteria and even parasites from the gut. A clean digestive system is the starting point for optimal health and this product may help you to improve the overall health and function of your gut.<\/span><br \/><br \/><span>Zeb Health Premium Food Grade Diatomaceous Earth is completely Vegan, Non-GMO, Gluten Free and Organic. This powerful digestive cleanser can be used on a daily basis or as part of a detox or cleanse. As its tiny particles move through the stomach and digestive tract, they have the ability to attract and absorb fungi, pathogens, viruses and heavy metals in their tiny pores and carry them out of the body. They may also remove parasites and harmful bacteria, cleansing the digestive system of harmful toxins. Removing these toxins and impurities may improve digestion, allowing for increased nutrient absorption.<\/span><br \/><br \/><span>It is completely free of any additives, preservatives, fillers, sugars or artificial sweeteners. It can also be used to treat parasites and worms and may even aid weight loss by cleansing and healing your digestive system! Zeb Health Premium Food Grade Diatomaceous Earth contains a natural mix of minerals including magnesium, silicon, calcium, iron and zinc. It also has many other trace minerals such as titanium, boron, manganese, copper and zirconium.<\/span><\/p>\r\n<p><span><span>1 to 3 teaspoons twice daily in water or juice. For best results, use on a continual, daily basis. May cause constipation so drink 8 glasses of water a day.<\/span><\/span><\/p>\r\n<p>&nbsp;<\/p>\r\n<p>&nbsp;<\/p>","weight":0.3,"width":0,"depth":0,"height":0,"price":24.95,"cost_price":13.04,"retail_price":0,"sale_price":0,"map_price":0,"tax_class_id":0,"product_tax_code":"","calculated_price":24.95,"categories":[599],"brand_id":499,"option_set_id":null,"option_set_display":"right","inventory_level":11,"inventory_warning_level":0,"inventory_tracking":"product","reviews_rating_sum":0,"reviews_count":0,"total_sold":0,"fixed_cost_shipping_price":0,"is_free_shipping":false,"is_visible":true,"is_featured":false,"related_products":[-1],"warranty":"\"{\\\"0\\\": {\\\"tabName\\\": \\\"Features & Benefits\\\", \\\"tabContent\\\": \\\"<br\/>\\\"}, \\\"1\\\": {\\\"tabName\\\": \\\"Dose & Administration\\\", \\\"tabContent\\\": \\\"<br\/>\\\"}, \\\"2\\\": {\\\"tabName\\\": \\\"Ingredients\\\", \\\"tabContent\\\": \\\"100% Premium Food Grade, Organic, Fresh Water Diatomaceous Earth (amorphous silicon)\\\"}, \\\"3\\\": {\\\"tabName\\\": \\\"Cautions & Contraindications\\\", \\\"tabContent\\\": \\\"\\\"}}\"","bin_picking_number":"","layout_file":"product.html","upc":"793052139421","mpn":"","gtin":"","search_keywords":"","availability":"available","availability_description":"","gift_wrapping_options_type":"any","gift_wrapping_options_list":[],"sort_order":0,"condition":"New","is_condition_shown":false,"order_quantity_minimum":1,"order_quantity_maximum":200,"page_title":"","meta_keywords":[],"meta_description":"","date_created":"2021-07-08T09:27:46+00:00","date_modified":"2022-03-29T16:35:58+00:00","view_count":0,"preorder_release_date":null,"preorder_message":"","is_preorder_only":false,"is_price_hidden":false,"price_hidden_label":"","custom_url":{"url":"\/zeb-health-diatomaceous-earth-silica-supplement-500g\/","is_customized":true},"base_variant_id":23385,"open_graph_type":"product","open_graph_title":"","open_graph_description":"","open_graph_use_meta_description":true,"open_graph_use_product_name":true,"open_graph_use_image":true},{"id":23232,"name":"Wotnot Make Up Brush x 10 Set","type":"physical","sku":"5913","description":"<p><strong>Features and Benefits<\/strong><\/p>\r\n<p><span>Whether you love creating your own beautiful look, or you are a professional makeup artist &ndash; having the right brushes makes applying makeup more fun and so much easier.&nbsp;This handmade make-up brush set features handles made from satin lacquered bamboo, which is eco-friendly and light weight for easy handling - yet strong and waterproof. Cruelty-free synthetic fibres feel luxuriously soft and are designed to help you apply powders, light liquid creams and foundations perfectly. Plus, the brushes contain antibacterial properties, which help keep skin looking its best.<\/span><br \/><br \/><span>This vegan brush set includes:<\/span><br \/><br \/><\/p>\r\n<ul>\r\n<li>Powder\/Bronzer Brush<\/li>\r\n<li>Foundation Brush<\/li>\r\n<li>Blush Brush<\/li>\r\n<li>Eye Shadow Brush<\/li>\r\n<li>Eye Contour Brush<\/li>\r\n<li>Angled Eye Brush&nbsp;<\/li>\r\n<li>Eyelash and Brow Brush<\/li>\r\n<li>Lip Brush<\/li>\r\n<li>Kabuki brush<\/li>\r\n<li>Fan brush<\/li>\r\n<\/ul>","weight":0.2,"width":0,"depth":0,"height":0,"price":59.95,"cost_price":37.2,"retail_price":0,"sale_price":0,"map_price":0,"tax_class_id":0,"product_tax_code":"","calculated_price":59.95,"categories":[1036],"brand_id":131,"option_set_id":null,"option_set_display":"right","inventory_level":7,"inventory_warning_level":0,"inventory_tracking":"product","reviews_rating_sum":0,"reviews_count":0,"total_sold":0,"fixed_cost_shipping_price":0,"is_free_shipping":false,"is_visible":true,"is_featured":false,"related_products":[-1],"warranty":"\"{\\\"0\\\": {\\\"tabName\\\": \\\"Features & Benefits\\\", \\\"tabContent\\\": \\\"<br\/>\\\"}, \\\"1\\\": {\\\"tabName\\\": \\\"Dose & Administration\\\", \\\"tabContent\\\": \\\"<br\/>\\\"}, \\\"2\\\": {\\\"tabName\\\": \\\"Ingredients\\\", \\\"tabContent\\\": \\\"\\\"}, \\\"3\\\": {\\\"tabName\\\": \\\"Cautions & Contraindications\\\", \\\"tabContent\\\": \\\"\\\"}}\"","bin_picking_number":"","layout_file":"product.html","upc":"9336127000199","mpn":"","gtin":"","search_keywords":"natural, organic, beauty, skincare","availability":"available","availability_description":"","gift_wrapping_options_type":"any","gift_wrapping_options_list":[],"sort_order":0,"condition":"New","is_condition_shown":false,"order_quantity_minimum":1,"order_quantity_maximum":200,"page_title":"","meta_keywords":[],"meta_description":"","date_created":"2022-01-11T17:05:10+00:00","date_modified":"2022-03-29T16:35:44+00:00","view_count":1,"preorder_release_date":null,"preorder_message":"","is_preorder_only":false,"is_price_hidden":false,"price_hidden_label":"","custom_url":{"url":"\/wotnot-make-up-brush-x-10-set-1\/","is_customized":false},"base_variant_id":23621,"open_graph_type":"product","open_graph_title":"","open_graph_description":"","open_graph_use_meta_description":true,"open_graph_use_product_name":true,"open_graph_use_image":true},{"id":23238,"name":"Wotnot Glow Organic Tan Mousse Medium 150ml","type":"physical","sku":"2262096","description":"","weight":0.2,"width":0,"depth":0,"height":0,"price":29.95,"cost_price":17.04,"retail_price":0,"sale_price":0,"map_price":0,"tax_class_id":0,"product_tax_code":"","calculated_price":29.95,"categories":[1036],"brand_id":131,"option_set_id":null,"option_set_display":"right","inventory_level":13,"inventory_warning_level":0,"inventory_tracking":"product","reviews_rating_sum":0,"reviews_count":0,"total_sold":0,"fixed_cost_shipping_price":0,"is_free_shipping":false,"is_visible":true,"is_featured":false,"related_products":[-1],"warranty":"\"{\\\"0\\\": {\\\"tabName\\\": \\\"Features & Benefits\\\", \\\"tabContent\\\": \\\"<br\/>\\\"}, \\\"1\\\": {\\\"tabName\\\": \\\"Dose & Administration\\\", \\\"tabContent\\\": \\\"<br\/>\\\"}, \\\"2\\\": {\\\"tabName\\\": \\\"Ingredients\\\", \\\"tabContent\\\": \\\"Aloe barbadensis (aloe vera) leaf juice*, dihydroxyacetone, caramel, alcohol**, decyl glucoside, glycerin, althaea offcinalis (marshmallow) root extract*, camellia oleifera (camellia) seed oil*, rosa damascena (rose otto) flower oil*, cananga odorata (ylang ylang) flower oil*, pogostemon cablin (patchouli) oil*, terminalia ferdinandiana (Kakadu plum) fruit extract*, camellia sinensis (green tea) leaf extract*, citrus aurantium dulcis (orange) peel oil*, citrus aurantifolia (lime) oil*, pelargonium graveolens (geranium) flower oil*, citric acid, sodium anisate, sodium levulinate, erythrulose, jojoba esters, iron oxides, ipomoea batatas tuber (sweet potato) extract, acacia senegal gum, maltodextrin, trehalose, spirulina platensis extract *From organic agriculture. <BR><br>**Made using organic ingredients. 78% organic of total, 100% natural of total.\\\"}, \\\"3\\\": {\\\"tabName\\\": \\\"Cautions & Contraindications\\\", \\\"tabContent\\\": \\\"\\\"}}\"","bin_picking_number":"","layout_file":"","upc":"29336127000827","mpn":"","gtin":"","search_keywords":"","availability":"available","availability_description":"","gift_wrapping_options_type":"any","gift_wrapping_options_list":[],"sort_order":0,"condition":"New","is_condition_shown":false,"order_quantity_minimum":1,"order_quantity_maximum":200,"page_title":"","meta_keywords":[],"meta_description":"","date_created":"2022-03-03T16:36:31+00:00","date_modified":"2022-03-29T16:35:42+00:00","view_count":0,"preorder_release_date":null,"preorder_message":"","is_preorder_only":false,"is_price_hidden":false,"price_hidden_label":"","custom_url":{"url":"\/wotnot-glow-organic-tan-mousse-medium-150ml\/","is_customized":false},"base_variant_id":23627,"open_graph_type":"product","open_graph_title":"","open_graph_description":"","open_graph_use_meta_description":true,"open_graph_use_product_name":true,"open_graph_use_image":true},{"id":23241,"name":"Liquid Herbs for Reg Oneil - 25ml  - Test drooper (NC0E2AF3DF3B)","type":"physical","sku":"0E2AF3DF3B","description":"Custom poured liquid herbs for Reg Oneil <br> Prescribed by Jane Johnson <br> Dose Instructions: *awaiting instructions <br> Directions: null","weight":0,"width":0,"depth":0,"height":0,"price":27.9,"cost_price":18,"retail_price":27.9,"sale_price":0,"map_price":0,"tax_class_id":0,"product_tax_code":"Non-Taxable Products","calculated_price":27.9,"categories":[693],"brand_id":421,"option_set_id":null,"option_set_display":"right","inventory_level":0,"inventory_warning_level":0,"inventory_tracking":"none","reviews_rating_sum":0,"reviews_count":0,"total_sold":0,"fixed_cost_shipping_price":0,"is_free_shipping":false,"is_visible":true,"is_featured":false,"related_products":[-1],"warranty":"","bin_picking_number":"","layout_file":"","upc":"","mpn":"","gtin":"","search_keywords":"","availability":"available","availability_description":"","gift_wrapping_options_type":"any","gift_wrapping_options_list":[],"sort_order":0,"condition":"New","is_condition_shown":false,"order_quantity_minimum":0,"order_quantity_maximum":0,"page_title":"","meta_keywords":[],"meta_description":"","date_created":"2022-03-29T01:59:08+00:00","date_modified":"2022-03-29T01:59:08+00:00","view_count":0,"preorder_release_date":null,"preorder_message":"","is_preorder_only":false,"is_price_hidden":false,"price_hidden_label":"","custom_url":{"url":"\/liquid-herbs-for-reg-oneil-25ml-test-drooper-nc0e2af3df3b\/","is_customized":false},"base_variant_id":23630,"open_graph_type":"product","open_graph_title":"","open_graph_description":"","open_graph_use_meta_description":true,"open_graph_use_product_name":true,"open_graph_use_image":true},{"id":23242,"name":"Liquid Herbs for Reg Oneil - 200ml  - dropper overfill test (NC118376FD57)","type":"physical","sku":"118376FD57","description":"Custom poured liquid herbs for Reg Oneil <br> Prescribed by Jane Johnson <br> Dose Instructions: 1mls  twice a day <br> Directions: dg dsg","weight":0.03,"width":0,"depth":0,"height":0,"price":34.41,"cost_price":22.2,"retail_price":34.41,"sale_price":0,"map_price":0,"tax_class_id":0,"product_tax_code":"Non-Taxable Products","calculated_price":34.41,"categories":[693],"brand_id":421,"option_set_id":null,"option_set_display":"right","inventory_level":0,"inventory_warning_level":0,"inventory_tracking":"none","reviews_rating_sum":0,"reviews_count":0,"total_sold":0,"fixed_cost_shipping_price":0,"is_free_shipping":false,"is_visible":true,"is_featured":false,"related_products":[-1],"warranty":"","bin_picking_number":"","layout_file":"","upc":"","mpn":"","gtin":"","search_keywords":"","availability":"available","availability_description":"","gift_wrapping_options_type":"any","gift_wrapping_options_list":[],"sort_order":0,"condition":"New","is_condition_shown":false,"order_quantity_minimum":0,"order_quantity_maximum":0,"page_title":"","meta_keywords":[],"meta_description":"","date_created":"2022-03-29T02:00:47+00:00","date_modified":"2022-03-29T02:00:47+00:00","view_count":0,"preorder_release_date":null,"preorder_message":"","is_preorder_only":false,"is_price_hidden":false,"price_hidden_label":"","custom_url":{"url":"\/liquid-herbs-for-reg-oneil-200ml-dropper-overfill-test-nc118376fd57\/","is_customized":false},"base_variant_id":23631,"open_graph_type":"product","open_graph_title":"","open_graph_description":"","open_graph_use_meta_description":true,"open_graph_use_product_name":true,"open_graph_use_image":true},{"id":23243,"name":"Liquid Herbs for Reg Oneil - 25ml  - dropper overfill test 2 (NC7F88C1C500)","type":"physical","sku":"7F88C1C500","description":"Custom poured liquid herbs for Reg Oneil <br> Prescribed by Jane Johnson <br> Dose Instructions: 2mls  once a day <br> Directions: null","weight":0.026,"width":0,"depth":0,"height":0,"price":33.54,"cost_price":21.64,"retail_price":33.54,"sale_price":0,"map_price":0,"tax_class_id":0,"product_tax_code":"Non-Taxable Products","calculated_price":33.54,"categories":[693],"brand_id":421,"option_set_id":null,"option_set_display":"right","inventory_level":0,"inventory_warning_level":0,"inventory_tracking":"none","reviews_rating_sum":0,"reviews_count":0,"total_sold":0,"fixed_cost_shipping_price":0,"is_free_shipping":false,"is_visible":true,"is_featured":false,"related_products":[-1],"warranty":"","bin_picking_number":"","layout_file":"","upc":"","mpn":"","gtin":"","search_keywords":"","availability":"available","availability_description":"","gift_wrapping_options_type":"any","gift_wrapping_options_list":[],"sort_order":0,"condition":"New","is_condition_shown":false,"order_quantity_minimum":0,"order_quantity_maximum":0,"page_title":"","meta_keywords":[],"meta_description":"","date_created":"2022-03-29T02:03:00+00:00","date_modified":"2022-03-29T02:03:00+00:00","view_count":0,"preorder_release_date":null,"preorder_message":"","is_preorder_only":false,"is_price_hidden":false,"price_hidden_label":"","custom_url":{"url":"\/liquid-herbs-for-reg-oneil-25ml-dropper-overfill-test-2-nc7f88c1c500\/","is_customized":false},"base_variant_id":23632,"open_graph_type":"product","open_graph_title":"","open_graph_description":"","open_graph_use_meta_description":true,"open_graph_use_product_name":true,"open_graph_use_image":true}],"meta":{"pagination":{"total":14,"count":14,"per_page":50,"current_page":1,"total_pages":1,"links":{"current":"?date_modified%3Amin=2022-03-28&limit=50&page=1"},"too_many":false}}}
			01:11:02.8 (810860741)|METHOD_ENTRY|[112]|01p2v00000Tr0Kh|WSProductsFromBC.Response.processResponse(System.HttpResponse)
				01:11:02.8 (810885580)|VARIABLE_SCOPE_BEGIN|[63]|this|WSProductsFromBC.Response|true|false
				01:11:02.8 (811031468)|VARIABLE_ASSIGNMENT|[63]|this|{"hasError":false,"request":"System.HttpRequest[Endpoint=https://api.bigcommerce.com/stores/n9dr7ak2qq/v3/catalog/products?date_modified:min=2022-03-28&limit=50, Method=GET]","response":"System.HttpResponse[Status=OK, StatusCode=200]"}|0x15c8ee1a
				01:11:02.8 (811045684)|VARIABLE_SCOPE_BEGIN|[63]|response|System.HttpResponse|true|false
				01:11:02.8 (811075519)|VARIABLE_ASSIGNMENT|[63]|response|"System.HttpResponse[Status=OK, StatusCode=200]"|0x51624a54
				01:11:02.8 (814928214)|SYSTEM_METHOD_ENTRY|[1]|Type.Type()
				01:11:02.8 (814947529)|SYSTEM_METHOD_EXIT|[1]|Type
				01:11:02.8 (814986969)|VARIABLE_SCOPE_BEGIN|[4]|this|System.Type|true|false
				01:11:02.8 (815019484)|VARIABLE_ASSIGNMENT|[4]|this|{}|0x1c0d2a12
				01:11:02.8 (815031741)|VARIABLE_SCOPE_BEGIN|[4]|apextype|java:common.apex.runtime.ApexObjectType|true|false
				01:11:02.8 (815091144)|VARIABLE_ASSIGNMENT|[4]|apextype|"WSProductsFromBCResponse"|0x76b92e3
				01:11:02.8 (815184426)|SYSTEM_METHOD_ENTRY|[1]|JSON.JSON()
				01:11:02.8 (815193986)|SYSTEM_METHOD_EXIT|[1]|JSON
				01:11:02.8 (815209355)|METHOD_ENTRY|[65]||System.JSON.deserialize(String, System.Type)
				01:11:02.8 (833618167)|METHOD_EXIT|[65]||System.JSON.deserialize(String, System.Type)
				01:11:02.8 (833643733)|VARIABLE_ASSIGNMENT|[64]|this.productsFromBigCommerce|0x41f0238a|0x15c8ee1a
			01:11:02.8 (833660123)|METHOD_EXIT|[112]|01p2v00000Tr0Kh|WSProductsFromBC.Response.processResponse(System.HttpResponse)
		01:11:02.8 (833680927)|METHOD_EXIT|[31]|01p2v00000SpN2a|RestWS.invoke(WSResult)
	01:11:02.8 (833694821)|METHOD_EXIT|[25]|01p2v00000Tr0Kh|WSProductsFromBC.getProductsFromBC()
	01:11:02.8 (833818402)|VARIABLE_ASSIGNMENT|[25]|response|{"productsFromBigCommerce":"0x41f0238a","hasError":false,"request":"System.HttpRequest[Endpoint=https://api.bigcommerce.com/stores/n9dr7ak2qq/v3/catalog/products?date_modified:min=2022-03-28&limit=50, Method=GET]","response":"System.HttpResponse[Status=OK, StatusCode=200]"}|0x15c8ee1a
	01:11:02.8 (833946666)|VARIABLE_ASSIGNMENT|[EXTERNAL]|this|{"data":"0x1dae3438","meta":"0x6886d025"}|0x41f0238a
	01:11:02.8 (833989302)|VARIABLE_ASSIGNMENT|[EXTERNAL]|this|{"pagination":"0x30b6dfba"}|0x6886d025
	01:11:02.8 (834046408)|VARIABLE_ASSIGNMENT|[EXTERNAL]|this|{"count":14,"current_page":1,"links":"0x709a5655","per_page":50,"too_many":false,"total":14,"total_pages":1}|0x30b6dfba
	01:11:02.8 (834063805)|VARIABLE_SCOPE_BEGIN|[41]|totalPages|Integer|false|false
	01:11:02.8 (834081093)|VARIABLE_ASSIGNMENT|[41]|totalPages|1
	01:11:02.8 (834112593)|VARIABLE_ASSIGNMENT|[EXTERNAL]|this|{"data":"0x1dae3438","meta":"0x6886d025"}|0x41f0238a
	01:11:02.8 (834140512)|VARIABLE_ASSIGNMENT|[EXTERNAL]|this|{"pagination":"0x30b6dfba"}|0x6886d025
	01:11:02.8 (834184164)|VARIABLE_ASSIGNMENT|[EXTERNAL]|this|{"count":14,"current_page":1,"links":"0x709a5655","per_page":50,"too_many":false,"total":14,"total_pages":1}|0x30b6dfba
	01:11:02.8 (834223342)|VARIABLE_ASSIGNMENT|[EXTERNAL]|this|{"current":"?date_modified%3Amin (27 more) ..."}|0x709a5655
	01:11:02.8 (834316415)|VARIABLE_SCOPE_BEGIN|[42]|lastModifiedDate|String|false|false
	01:11:02.8 (834335133)|VARIABLE_ASSIGNMENT|[42]|lastModifiedDate|"2022-03-28"
	01:11:02.8 (834470561)|VARIABLE_SCOPE_BEGIN|[44]|paginationList|List<ProductsFromBCBatch.WrapperPaginationClass>|true|false
	01:11:02.8 (834518039)|VARIABLE_ASSIGNMENT|[44]|paginationList|[]|0x1cf9a38a
	01:11:02.8 (834534478)|VARIABLE_SCOPE_BEGIN|[47]|i|Integer|false|false
	01:11:02.8 (834562001)|VARIABLE_ASSIGNMENT|[47]|i|0
	01:11:02.8 (834614593)|CONSTRUCTOR_ENTRY|[48]|01p2v00000Tr0KR|<init>()|ProductsFromBCBatch.WrapperPaginationClass
	01:11:02.8 (834633104)|VARIABLE_SCOPE_BEGIN|[325]|this|ProductsFromBCBatch.WrapperPaginationClass|true|false
	01:11:02.8 (834661763)|VARIABLE_ASSIGNMENT|[325]|this|{}|0x42a05fc8
	01:11:02.8 (834710995)|VARIABLE_ASSIGNMENT|[326]|this.page|null|0x42a05fc8
	01:11:02.8 (834731189)|VARIABLE_ASSIGNMENT|[327]|this.lastModifiedDateInBC|""|0x42a05fc8
	01:11:02.8 (834743278)|CONSTRUCTOR_EXIT|[48]|01p2v00000Tr0KR|<init>()|ProductsFromBCBatch.WrapperPaginationClass
	01:11:02.8 (834754127)|VARIABLE_SCOPE_BEGIN|[48]|wra|ProductsFromBCBatch.WrapperPaginationClass|true|false
	01:11:02.8 (834780416)|VARIABLE_ASSIGNMENT|[48]|wra|{"lastModifiedDateInBC":""}|0x42a05fc8
	01:11:02.8 (834806509)|VARIABLE_ASSIGNMENT|[49]|this.page|1|0x42a05fc8
	01:11:02.8 (834826238)|VARIABLE_ASSIGNMENT|[50]|this.lastModifiedDateInBC|"2022-03-28"|0x42a05fc8
	01:11:02.8 (834898398)|VARIABLE_ASSIGNMENT|[47]|i|1
01:11:02.8 (865914116)|CODE_UNIT_FINISHED|ProductsFromBCBatch
01:11:02.8 (865935482)|EXECUTION_FINISHED
